 ====================================================
       1 层楼面主梁计算结果文件
 ====================================================
砼等级： 25;   纵筋:HRB(F)335         ;  箍筋:HPB300            间距=100mm
梁总数：  38
荷载基本组合：      永久荷载控制1.35D+1.4ΨcL
活荷载组合值系数Ψc:      0.70
活荷载准永久值系数Ψq:    0.40
弯矩调幅系数:    1.00
  
梁编号   1
B*H(mm)=260*300   L(mm)= 5960
                    -I-     -1-     -2-     -3-     -4-     -5-     -6-     -7-     -J-
基本组合+M(kN.m)     0.00    0.00   13.12   31.79   39.09   35.04   19.63    0.00    0.00
基本组合-M(kN.m)   -70.70  -42.22  -18.80   -3.98    0.00    0.00  -10.06  -29.10  -53.10
标准组合+M(kN.m)     0.00    0.00   14.46   29.51   35.32   31.90   19.25    0.00    0.00
标准组合-M(kN.m)   -57.08  -35.60  -18.10   -6.98   -2.10   -3.45  -11.04  -25.00  -42.83
准永久组合+M(kN.m)    0.00    0.00    4.08   16.45   21.38   18.88    8.94    0.00    0.00
准永久组合-M(kN.m)  -46.77  -26.12   -8.95    0.00    0.00    0.00   -3.17  -17.46  -35.17
-As(mm2)             1022.    556.    233.    156.      0.      0.    156.    370.    722.
+As(mm2)                0.      0.    161.    407.    510.    452.    244.      0.      0.
基本组合Q(kN)        53.97   48.34   35.52   20.27    5.03  -15.13  -30.38  -43.21  -48.83
Asv(mm2)               28.     28.     28.     28.     28.     28.     28.     28.     28.
标准恒载M(kN.m)     -39.90  -19.80   -2.84    7.74   12.09   10.20    2.07  -12.42  -30.07
标准恒载Q(kN)        28.87   25.51   18.39   10.02    1.65   -6.72  -15.09  -22.21  -25.57
  
梁编号   2
B*H(mm)=260*300   L(mm)= 5960
                    -I-     -1-     -2-     -3-     -4-     -5-     -6-     -7-     -J-
基本组合+M(kN.m)     0.00   24.16   56.68   76.29   83.19   77.38   58.87   27.44    0.00
基本组合-M(kN.m)   -30.21    0.00    0.00    0.00    0.00    0.00    0.00    0.00  -22.55
标准组合+M(kN.m)     0.00   21.03   47.15   62.88   68.39   63.66   48.71   23.35    0.00
标准组合-M(kN.m)   -25.81    0.00    0.00    0.00    0.00    0.00    0.00    0.00  -19.37
准永久组合+M(kN.m)    0.00   14.17   35.84   48.92   53.58   49.78   37.55   16.73    0.00
准永久组合-M(kN.m)  -18.29    0.00    0.00    0.00    0.00    0.00    0.00    0.00  -13.53
-As(mm2)              385.      0.      0.      0.      0.      0.      0.      0.    282.
+As(mm2)                0.    304.    780.   1127.   1268.   1149.    816.    347.      0.
基本组合Q(kN)        59.45   52.00   37.34   20.26    3.19  -18.24  -35.32  -49.98  -57.43
Asv(mm2)               28.     28.     28.     28.     28.     28.     28.     28.     28.
标准恒载M(kN.m)     -13.27    9.59   28.30   39.62   43.70   40.53   30.11   12.31   -9.65
标准恒载Q(kN)        33.25   28.53   20.06   10.34    0.61   -9.12  -18.85  -27.32  -32.03
  
梁编号   3
B*H(mm)=260*300   L(mm)= 5960
                    -I-     -1-     -2-     -3-     -4-     -5-     -6-     -7-     -J-
基本组合+M(kN.m)     0.00    0.00    0.00    0.00    0.00    0.00    0.00    0.00    0.00
基本组合-M(kN.m)   -41.03  -34.35  -29.36  -25.85  -23.84  -23.35  -24.38  -26.88  -31.07
标准组合+M(kN.m)     0.00    0.00    0.00    0.00    0.00    0.00    0.00    0.00    0.00
标准组合-M(kN.m)   -33.80  -28.66  -24.84  -22.11  -20.52  -20.06  -20.74  -22.52  -25.62
准永久组合+M(kN.m)    0.00    0.00    0.00    0.00    0.00    0.00    0.00    0.00    0.00
准永久组合-M(kN.m)  -26.35  -21.62  -18.08  -15.62  -14.26  -14.01  -14.86  -16.80  -19.92
-As(mm2)              539.    443.    374.    326.    299.    293.    306.    340.    397.
+As(mm2)                0.      0.      0.      0.      0.      0.      0.      0.      0.
基本组合Q(kN)        10.99    9.02    7.06    5.10    3.14   -2.32   -4.28   -6.24   -8.21
Asv(mm2)               28.     28.     28.     28.     28.     28.     28.     28.     28.
标准恒载M(kN.m)     -21.38  -16.93  -13.57  -11.29  -10.09   -9.98  -10.95  -13.00  -16.13
标准恒载Q(kN)         6.69    5.24    3.79    2.33    0.88   -0.57   -2.02   -3.48   -4.93
  
梁编号   4
B*H(mm)=260*300   L(mm)= 5960
                    -I-     -1-     -2-     -3-     -4-     -5-     -6-     -7-     -J-
基本组合+M(kN.m)     0.00    0.00    0.00    0.00    0.00    0.00    0.00    0.00    0.00
基本组合-M(kN.m)   -44.57  -36.56  -30.25  -25.54  -22.48  -20.92  -20.84  -22.22  -25.30
标准组合+M(kN.m)     0.00    0.00    0.00    0.00    0.00    0.00    0.00    0.00    0.00
标准组合-M(kN.m)   -36.46  -30.27  -25.41  -21.77  -19.41  -18.17  -18.03  -18.97  -21.24
准永久组合+M(kN.m)    0.00    0.00    0.00    0.00    0.00    0.00    0.00    0.00    0.00
准永久组合-M(kN.m)  -28.92  -23.29  -18.84  -15.52  -13.37  -12.31  -12.35  -13.47  -15.76
-As(mm2)              591.    474.    386.    322.    281.    261.    260.    278.    319.
+As(mm2)                0.      0.      0.      0.      0.      0.      0.      0.      0.
基本组合Q(kN)        12.79   10.83    8.87    6.91    4.95    2.99   -2.71   -4.67   -6.64
Asv(mm2)               28.     28.     28.     28.     28.     28.     28.     28.     28.
标准恒载M(kN.m)     -23.90  -18.64  -14.46  -11.36   -9.34   -8.41   -8.56   -9.80  -12.11
标准恒载Q(kN)         7.79    6.34    4.88    3.43    1.98    0.52   -0.93   -2.38   -3.83
  
梁编号   5
B*H(mm)=260*300   L(mm)= 5960
                    -I-     -1-     -2-     -3-     -4-     -5-     -6-     -7-     -J-
基本组合+M(kN.m)    87.13  102.91  116.14  117.81  108.15   87.14   54.82   11.20    0.00
基本组合-M(kN.m)     0.00    0.00    0.00    0.00    0.00    0.00    0.00   -4.03  -47.78
标准组合+M(kN.m)    72.47   84.70   95.51   96.92   89.14   72.14   45.93   10.62    0.00
标准组合-M(kN.m)     0.00    0.00    0.00    0.00    0.00    0.00    0.00   -4.92  -39.19
准永久组合+M(kN.m)   55.11   66.16   74.76   75.77   69.36   55.52   34.26    5.54    0.00
准永久组合-M(kN.m)    0.00    0.00    0.00    0.00    0.00    0.00    0.00   -0.68  -30.88
-As(mm2)                0.      0.      0.      0.      0.      0.      0.    156.    639.
+As(mm2)             1353.   1669.   1838.   1860.   1736.   1353.    750.    156.      0.
基本组合Q(kN)        35.14   29.51   16.69  -10.66  -21.97  -37.22  -52.46  -65.29  -70.92
Asv(mm2)               28.     28.     28.     28.     28.     28.     28.     28.     28.
标准恒载M(kN.m)      43.54   53.81   60.92   61.67   56.18   44.45   26.48    2.15  -25.34
标准恒载Q(kN)        15.66   12.30    5.19   -3.18  -11.56  -19.93  -28.30  -35.41  -38.78
  
梁编号   6
B*H(mm)=260*300   L(mm)= 5960
                    -I-     -1-     -2-     -3-     -4-     -5-     -6-     -7-     -J-
基本组合+M(kN.m)     0.00    0.00    0.00    0.00    7.84   20.51   20.79    8.41    0.00
基本组合-M(kN.m)  -212.59 -157.90 -109.09  -69.96  -40.31  -20.15   -9.50   -8.53  -19.31
标准组合+M(kN.m)     0.00    0.00    0.00    0.00   12.02   20.95   19.89    8.61    0.00
标准组合-M(kN.m)  -171.42 -129.11  -91.32  -60.70  -37.10  -20.53  -11.01   -8.67  -16.83
准永久组合+M(kN.m)    0.00    0.00    0.00    0.00    0.00    8.34   10.06    3.39    0.00
准永久组合-M(kN.m) -140.87 -102.50  -68.30  -41.26  -21.24   -8.26   -2.31   -3.52  -11.30
-As(mm2)            99999.  99999.   1748.   1008.    528.    251.    156.    156.    240.
+As(mm2)                0.      0.      0.      0.    156.    255.    259.    156.      0.
基本组合Q(kN)        89.01   81.95   67.70   51.02   34.67   21.94   -9.24  -23.50  -30.55
Asv(mm2)               32.     29.     29.     28.     28.     28.     28.     28.     28.
标准恒载M(kN.m)    -120.51  -84.76  -52.95  -28.30  -10.67   -0.08    3.50   -0.09   -7.61
标准恒载Q(kN)        50.39   45.97   37.80   28.37   18.94    9.51    0.08   -8.09  -12.51
  
梁编号   7
B*H(mm)=260*300   L(mm)= 3960
                    -I-     -1-     -2-     -3-     -4-     -5-     -6-     -7-     -J-
基本组合+M(kN.m)     0.00   14.02   25.39   34.10   39.17   34.10   25.39   14.02    0.00
基本组合-M(kN.m)     0.00    0.00    0.00    0.00    0.00    0.00    0.00    0.00    0.00
标准组合+M(kN.m)     0.00   11.36   20.59   27.69   31.83   27.69   20.59   11.36    0.00
标准组合-M(kN.m)     0.00    0.00    0.00    0.00    0.00    0.00    0.00    0.00    0.00
准永久组合+M(kN.m)    0.00    9.23   16.68   22.37   25.65   22.37   16.68    9.23    0.00
准永久组合-M(kN.m)    0.00    0.00    0.00    0.00    0.00    0.00    0.00    0.00    0.00
-As(mm2)                0.      0.      0.      0.      0.      0.      0.      0.      0.
+As(mm2)                0.    172.    320.    439.    511.    439.    320.    172.      0.
基本组合Q(kN)        31.02   28.09   21.94   12.54    0.00  -12.54  -21.94  -28.09  -31.02
Asv(mm2)               28.     28.     28.     28.     28.     28.     28.     28.     28.
标准恒载M(kN.m)       0.00    7.80   14.08   18.83   21.54   18.83   14.08    7.80    0.00
标准恒载Q(kN)        17.30   15.49   12.00    6.82    0.00   -6.82  -12.00  -15.49  -17.30
  
梁编号   8
B*H(mm)=260*300   L(mm)= 1750
                    -I-     -1-     -2-     -3-     -4-     -5-     -6-     -7-     -J-
基本组合+M(kN.m)     0.03    0.97    1.70    2.21    2.50    2.20    1.68    0.95    0.00
基本组合-M(kN.m)     0.00    0.00    0.00    0.00    0.00    0.00    0.00    0.00    0.00
标准组合+M(kN.m)     0.02    0.76    1.34    1.74    1.97    1.73    1.32    0.75    0.00
标准组合-M(kN.m)     0.00    0.00    0.00    0.00    0.00    0.00    0.00    0.00    0.00
准永久组合+M(kN.m)    0.02    0.67    1.16    1.51    1.70    1.51    1.16    0.65    0.00
准永久组合-M(kN.m)    0.00    0.00    0.00    0.00    0.00    0.00    0.00    0.00    0.00
-As(mm2)                0.      0.      0.      0.      0.      0.      0.      0.      0.
+As(mm2)              156.    156.    156.    156.    156.    156.    156.    156.      0.
基本组合Q(kN)         4.82    4.09    3.04    1.67   -0.02   -1.70   -3.06   -4.11   -4.85
Asv(mm2)               28.     28.     28.     28.     28.     28.     28.     28.     28.
标准恒载M(kN.m)       0.01    0.60    1.05    1.36    1.52    1.35    1.04    0.59    0.00
标准恒载Q(kN)         3.01    2.51    1.83    0.99   -0.01   -1.01   -1.85   -2.52   -3.03
  
梁编号   9
B*H(mm)=150*150   L(mm)= 2700
                    -I-     -1-     -2-     -3-     -4-     -5-     -6-     -7-     -J-
基本组合+M(kN.m)     0.38    0.00    0.00    0.00    0.00    0.00    0.00    0.00    0.00
基本组合-M(kN.m)     0.00   -1.46   -3.53   -6.07   -9.45  -13.58  -18.54  -23.95  -29.68
标准组合+M(kN.m)     0.30    0.00    0.00    0.00    0.00    0.00    0.00    0.00    0.00
标准组合-M(kN.m)     0.00   -1.15   -2.78   -4.79   -7.48  -10.78  -14.77  -19.12  -23.72
准永久组合+M(kN.m)    0.25    0.00    0.00    0.00    0.00    0.00    0.00    0.00    0.00
准永久组合-M(kN.m)    0.00   -1.00   -2.42   -4.15   -6.43   -9.19  -12.50  -16.11  -19.92
-As(mm2)                0.     45.     96.    176.    300.    472.  99999.  99999.  99999.
+As(mm2)               45.      0.      0.      0.      0.      0.      0.      0.      0.
基本组合Q(kN)        -4.82   -5.45   -6.84   -8.91  -11.12  -13.32  -15.40  -16.78  -17.41
Asv(mm2)               28.     28.     28.     28.     28.     28.     28.     28.     28.
标准恒载M(kN.m)       0.21   -0.90   -2.18   -3.72   -5.72   -8.13  -10.98  -14.10  -17.40
标准恒载Q(kN)        -3.01   -3.40   -4.18   -5.31   -6.52   -7.73   -8.86   -9.64  -10.03
  
梁编号  10
B*H(mm)=260*300   L(mm)= 1750
                    -I-     -1-     -2-     -3-     -4-     -5-     -6-     -7-     -J-
基本组合+M(kN.m)     0.25    1.16    1.86    2.34    2.60    2.27    1.73    0.97    0.00
基本组合-M(kN.m)     0.00    0.00    0.00    0.00    0.00    0.00    0.00    0.00   -0.01
标准组合+M(kN.m)     0.20    0.92    1.47    1.85    2.06    1.79    1.36    0.76    0.00
标准组合-M(kN.m)     0.00    0.00    0.00    0.00    0.00    0.00    0.00    0.00   -0.01
准永久组合+M(kN.m)    0.16    0.79    1.27    1.60    1.77    1.56    1.19    0.67    0.00
准永久组合-M(kN.m)    0.00    0.00    0.00    0.00    0.00    0.00    0.00    0.00   -0.01
-As(mm2)                0.      0.      0.      0.      0.      0.      0.      0.    156.
+As(mm2)              156.    156.    156.    156.    156.    156.    156.    156.      0.
基本组合Q(kN)         4.72    3.99    2.94    1.57   -0.14   -1.82   -3.19   -4.24   -4.97
Asv(mm2)               28.     28.     28.     28.     28.     28.     28.     28.     28.
标准恒载M(kN.m)       0.14    0.71    1.14    1.43    1.58    1.40    1.07    0.60   -0.01
标准恒载Q(kN)         2.95    2.44    1.76    0.92   -0.08   -1.08   -1.92   -2.59   -3.10
  
梁编号  11
B*H(mm)=260*300   L(mm)= 1500
                    -I-     -1-     -2-     -3-     -4-     -5-     -6-     -7-     -J-
基本组合+M(kN.m)     0.00    0.65    1.14    1.49    1.68    1.49    1.16    0.67    0.03
基本组合-M(kN.m)     0.00    0.00    0.00    0.00    0.00    0.00    0.00    0.00    0.00
标准组合+M(kN.m)     0.00    0.51    0.89    1.17    1.32    1.17    0.91    0.52    0.02
标准组合-M(kN.m)     0.00    0.00    0.00    0.00    0.00    0.00    0.00    0.00    0.00
准永久组合+M(kN.m)    0.00    0.45    0.79    1.02    1.15    1.03    0.80    0.46    0.02
准永久组合-M(kN.m)    0.00    0.00    0.00    0.00    0.00    0.00    0.00    0.00    0.00
-As(mm2)                0.      0.      0.      0.      0.      0.      0.      0.      0.
+As(mm2)                0.    156.    156.    156.    156.    156.    156.    156.    156.
基本组合Q(kN)         3.85    3.24    2.40    1.32    0.02   -1.29   -2.37   -3.21   -3.82
Asv(mm2)               28.     28.     28.     28.     28.     28.     28.     28.     28.
标准恒载M(kN.m)       0.00    0.41    0.72    0.93    1.04    0.93    0.72    0.42    0.01
标准恒载Q(kN)         2.44    2.01    1.47    0.80    0.01   -0.78   -1.45   -1.99   -2.42
  
梁编号  12
B*H(mm)=150*150   L(mm)= 2700
                    -I-     -1-     -2-     -3-     -4-     -5-     -6-     -7-     -J-
基本组合+M(kN.m)     0.00    0.00    0.00    0.00    0.00    0.00    0.00    0.00    0.00
基本组合-M(kN.m)   -29.51  -25.28  -21.38  -17.82  -14.87  -12.47  -10.69   -9.26   -8.68
标准组合+M(kN.m)     0.00    0.00    0.00    0.00    0.00    0.00    0.00    0.00    0.00
标准组合-M(kN.m)   -23.59  -20.31  -17.30  -14.54  -12.24  -10.35   -8.91   -7.72   -7.35
准永久组合+M(kN.m)    0.00    0.00    0.00    0.00    0.00    0.00    0.00    0.00    0.00
准永久组合-M(kN.m)  -19.81  -16.84  -14.09  -11.60   -9.56   -7.92   -6.75   -5.83   -5.34
-As(mm2)            99999.  99999.  99999.  99999.    512.    439.    356.    292.    269.
+As(mm2)                0.      0.      0.      0.      0.      0.      0.      0.      0.
基本组合Q(kN)        15.66   15.03   13.65   11.57    9.50    7.87    6.34    5.29    4.77
Asv(mm2)               28.     28.     28.     28.     28.     28.     28.     28.     28.
标准恒载M(kN.m)     -17.29  -14.53  -11.95   -9.63   -7.77   -6.31   -5.31   -4.56   -3.99
标准恒载Q(kN)         8.43    8.04    7.27    6.13    4.92    3.72    2.58    1.80    1.42
  
梁编号  13
B*H(mm)=260*300   L(mm)= 1750
                    -I-     -1-     -2-     -3-     -4-     -5-     -6-     -7-     -J-
基本组合+M(kN.m)     0.00    0.00    0.00    0.00    0.00    0.00    0.00    0.00    0.00
基本组合-M(kN.m)    -0.02   -7.40  -15.09  -23.09  -31.40  -40.76  -50.43  -60.41  -70.70
标准组合+M(kN.m)     0.00    0.00    0.00    0.00    0.00    0.00    0.00    0.00    0.00
标准组合-M(kN.m)    -0.02   -5.99  -12.20  -18.66  -25.37  -32.93  -40.73  -48.78  -57.08
准永久组合+M(kN.m)    0.00    0.00    0.00    0.00    0.00    0.00    0.00    0.00    0.00
准永久组合-M(kN.m)   -0.01   -4.88   -9.96  -15.25  -20.75  -26.94  -33.34  -39.95  -46.77
-As(mm2)              156.    156.    186.    289.    402.    535.    680.    841.   1022.
+As(mm2)                0.      0.      0.      0.      0.      0.      0.      0.      0.
基本组合Q(kN)       -33.08  -33.92  -35.45  -37.60  -40.39  -43.18  -45.33  -46.86  -47.75
Asv(mm2)               28.     28.     28.     28.     28.     28.     28.     28.     28.
标准恒载M(kN.m)      -0.01   -4.14   -8.47  -12.98  -17.68  -22.95  -28.41  -34.06  -39.90
标准恒载Q(kN)       -18.46  -19.05  -19.97  -21.22  -22.80  -24.37  -25.62  -26.54  -27.14
  
梁编号  14
B*H(mm)=150*150   L(mm)= 2700
                    -I-     -1-     -2-     -3-     -4-     -5-     -6-     -7-     -J-
基本组合+M(kN.m)     0.00    0.00    0.06    1.61    2.38    2.42    1.88    1.06    0.31
基本组合-M(kN.m)    -8.71   -6.00   -3.89   -2.14   -1.05   -0.52   -0.88   -1.75   -3.24
标准组合+M(kN.m)     0.00    0.00    0.53    1.71    2.27    2.24    1.79    1.15    0.66
标准组合-M(kN.m)    -7.37   -5.17   -3.51   -2.11   -1.22   -0.76   -1.02   -1.71   -2.96
准永久组合+M(kN.m)    0.00    0.00    0.00    0.58    1.16    1.25    0.92    0.34    0.00
准永久组合-M(kN.m)   -5.36   -3.59   -2.14   -0.95   -0.24    0.00   -0.21   -0.80   -1.73
-As(mm2)              270.    173.    107.     57.     45.     45.     45.     46.     88.
+As(mm2)                0.      0.     45.     45.     64.     65.     50.     45.     45.
基本组合Q(kN)         9.33    8.70    7.31    5.24    3.03   -1.66   -3.73   -5.12   -5.75
Asv(mm2)               28.     28.     28.     28.     28.     28.     28.     28.     28.
标准恒载M(kN.m)      -4.02   -2.53   -1.23   -0.18    0.41    0.60    0.33   -0.20   -0.90
标准恒载Q(kN)         4.66    4.27    3.50    2.36    1.15   -0.05   -1.19   -1.97   -2.35
  
梁编号  15
B*H(mm)=260*300   L(mm)= 1750
                    -I-     -1-     -2-     -3-     -4-     -5-     -6-     -7-     -J-
基本组合+M(kN.m)     0.00    0.00    0.00    0.00    0.00    0.00    0.00    0.00    0.00
基本组合-M(kN.m)    -0.01   -2.35   -4.96   -7.90  -11.15  -15.45  -20.06  -24.98  -30.21
标准组合+M(kN.m)     0.00    0.01    0.00    0.00    0.00    0.00    0.00    0.00    0.00
标准组合-M(kN.m)    -0.01   -2.10   -4.38   -6.93   -9.73  -13.38  -17.28  -21.42  -25.81
准永久组合+M(kN.m)    0.00    0.00    0.00    0.00    0.00    0.00    0.00    0.00    0.00
准永久组合-M(kN.m)   -0.01   -1.32   -2.83   -4.56   -6.51   -9.13  -11.97  -15.02  -18.29
-As(mm2)              156.    156.    156.    156.    156.    190.    250.    314.    385.
+As(mm2)                0.      0.      0.      0.      0.      0.      0.      0.      0.
基本组合Q(kN)       -10.14  -10.94  -12.31  -14.47  -17.26  -20.04  -22.20  -23.72  -24.62
Asv(mm2)               28.     28.     28.     28.     28.     28.     28.     28.     28.
标准恒载M(kN.m)      -0.01   -0.81   -1.80   -2.98   -4.36   -6.30   -8.44  -10.76  -13.27
标准恒载Q(kN)        -3.24   -3.83   -4.75   -6.00   -7.58   -9.16  -10.41  -11.33  -11.92
  
梁编号  16
B*H(mm)=150*150   L(mm)= 3600
                    -I-     -1-     -2-     -3-     -4-     -5-     -6-     -7-     -J-
基本组合+M(kN.m)     0.26    3.33    6.88    9.16   10.15    9.84    8.24    5.34    2.86
基本组合-M(kN.m)    -3.28    0.00    0.00    0.00    0.00    0.00    0.00    0.00   -1.13
标准组合+M(kN.m)     0.61    2.87    5.74    7.58    8.39    8.14    6.85    4.50    2.71
标准组合-M(kN.m)    -3.00    0.00    0.00    0.00    0.00    0.00    0.00    0.00   -1.36
准永久组合+M(kN.m)    0.00    1.98    4.33    5.83    6.48    6.27    5.22    3.30    1.41
准永久组合-M(kN.m)   -1.76    0.00    0.00    0.00    0.00    0.00    0.00    0.00   -0.22
-As(mm2)               89.      0.      0.      0.      0.      0.      0.      0.     45.
+As(mm2)               45.     91.    203.    288.    331.    317.    252.    152.     77.
基本组合Q(kN)        10.66    9.65    7.30    4.36    1.42   -3.04   -5.98   -8.33   -9.34
Asv(mm2)               28.     28.     28.     28.     28.     28.     28.     28.     28.
标准恒载M(kN.m)      -0.93    1.39    3.39    4.66    5.21    5.03    4.13    2.50    0.54
标准恒载Q(kN)         5.52    4.92    3.63    2.02    0.41   -1.20   -2.80   -4.10   -4.70
  
梁编号  17
B*H(mm)=260*300   L(mm)= 1750
                    -I-     -1-     -2-     -3-     -4-     -5-     -6-     -7-     -J-
基本组合+M(kN.m)     0.01    0.00    0.00    0.00    0.00    0.00    0.00    0.00    0.00
基本组合-M(kN.m)     0.00   -3.69   -7.66  -11.95  -16.56  -22.21  -28.17  -34.45  -41.03
标准组合+M(kN.m)     0.00    0.00    0.00    0.00    0.00    0.00    0.00    0.00    0.00
标准组合-M(kN.m)     0.00   -3.08   -6.37   -9.92  -13.72  -18.37  -23.27  -28.41  -33.80
准永久组合+M(kN.m)    0.00    0.00    0.00    0.00    0.00    0.00    0.00    0.00    0.00
准永久组合-M(kN.m)    0.00   -2.32   -4.84   -7.58  -10.53  -14.17  -18.01  -22.07  -26.35
-As(mm2)                0.    156.    156.    156.    204.    278.    357.    444.    539.
+As(mm2)              156.      0.      0.      0.      0.      0.      0.      0.      0.
基本组合Q(kN)       -16.32  -17.12  -18.51  -20.66  -23.45  -26.24  -28.39  -29.92  -30.81
Asv(mm2)               28.     28.     28.     28.     28.     28.     28.     28.     28.
标准恒载M(kN.m)       0.00   -1.82   -3.82   -6.02   -8.40  -11.36  -14.51  -17.85  -21.38
标准恒载Q(kN)        -7.88   -8.47   -9.39  -10.64  -12.22  -13.80  -15.05  -15.97  -16.56
  
梁编号  18
B*H(mm)=150*150   L(mm)= 2700
                    -I-     -1-     -2-     -3-     -4-     -5-     -6-     -7-     -J-
基本组合+M(kN.m)     2.92    4.98    7.08    8.85   10.04   10.51   10.19    9.42    8.70
基本组合-M(kN.m)    -1.08    0.00    0.00    0.00    0.00    0.00    0.00    0.00    0.00
标准组合+M(kN.m)     2.76    4.31    5.97    7.38    8.38    8.79    8.57    7.99    7.53
标准组合-M(kN.m)    -1.32    0.00    0.00    0.00    0.00    0.00    0.00    0.00    0.00
准永久组合+M(kN.m)    1.45    2.95    4.39    5.58    6.32    6.59    6.33    5.77    5.15
准永久组合-M(kN.m)   -0.18    0.00    0.00    0.00    0.00    0.00    0.00    0.00    0.00
-As(mm2)               45.      0.      0.      0.      0.      0.      0.      0.      0.
+As(mm2)               79.    140.    210.    276.    326.    347.    332.    299.    270.
基本组合Q(kN)         9.35    8.72    7.33    5.26    3.05   -2.02   -4.10   -5.48   -6.11
Asv(mm2)               28.     28.     28.     28.     28.     28.     28.     28.     28.
标准恒载M(kN.m)       0.58    2.05    3.34    4.37    4.95    5.12    4.83    4.29    3.57
标准恒载Q(kN)         4.62    4.23    3.45    2.31    1.11   -0.10   -1.23   -2.01   -2.40
  
梁编号  19
B*H(mm)=260*300   L(mm)= 1750
                    -I-     -1-     -2-     -3-     -4-     -5-     -6-     -7-     -J-
基本组合+M(kN.m)     0.01    0.00    0.00    0.00    0.00    0.00    0.00    0.00    0.00
基本组合-M(kN.m)     0.00   -4.13   -8.54  -13.28  -18.32  -24.42  -30.83  -37.55  -44.57
标准组合+M(kN.m)     0.01    0.00    0.00    0.00    0.00    0.00    0.00    0.00    0.00
标准组合-M(kN.m)     0.00   -3.41   -7.03  -10.92  -15.05  -20.03  -25.26  -30.74  -36.46
准永久组合+M(kN.m)    0.01    0.00    0.00    0.00    0.00    0.00    0.00    0.00    0.00
准永久组合-M(kN.m)    0.00   -2.64   -5.48   -8.54  -11.82  -15.78  -19.95  -24.33  -28.92
-As(mm2)                0.    156.    156.    163.    227.    307.    394.    488.    591.
+As(mm2)              156.      0.      0.      0.      0.      0.      0.      0.      0.
基本组合Q(kN)       -18.35  -19.15  -20.53  -22.69  -25.48  -28.26  -30.42  -31.94  -32.84
Asv(mm2)               28.     28.     28.     28.     28.     28.     28.     28.     28.
标准恒载M(kN.m)       0.01   -2.13   -4.45   -6.96   -9.66  -12.94  -16.40  -20.05  -23.90
标准恒载Q(kN)        -9.32   -9.91  -10.83  -12.08  -13.66  -15.24  -16.49  -17.41  -18.00
  
梁编号  20
B*H(mm)=150*150   L(mm)= 2700
                    -I-     -1-     -2-     -3-     -4-     -5-     -6-     -7-     -J-
基本组合+M(kN.m)     8.86    0.00    0.00    0.00    0.00    0.00    0.00    0.00    0.00
基本组合-M(kN.m)     0.00  -13.99  -33.33  -53.02  -73.32  -94.16 -115.63 -137.44 -159.59
标准组合+M(kN.m)     7.66    0.00    0.00    0.00    0.00    0.00    0.00    0.00    0.00
标准组合-M(kN.m)     0.00  -11.60  -27.20  -43.06  -59.37  -76.09  -93.27 -110.70 -128.42
准永久组合+M(kN.m)    5.26    0.00    0.00    0.00    0.00    0.00    0.00    0.00    0.00
准永久组合-M(kN.m)    0.00   -8.90  -21.70  -34.76  -48.28  -62.20  -76.58  -91.22 -106.08
-As(mm2)                0.    485.  99999.  99999.  99999.  99999.  99999.  99999.  99999.
+As(mm2)              276.      0.      0.      0.      0.      0.      0.      0.      0.
基本组合Q(kN)       -57.65  -58.17  -59.22  -60.75  -62.38  -64.46  -66.53  -67.92  -68.55
Asv(mm2)               65.     66.     70.     76.     83.     88.     92.     95.     96.
标准恒载M(kN.m)       3.67   -7.10  -18.04  -29.23  -40.89  -52.95  -65.46  -78.23  -91.18
标准恒载Q(kN)       -31.62  -32.01  -32.79  -33.92  -35.13  -36.34  -37.47  -38.25  -38.64
  
梁编号  21
B*H(mm)=260*300   L(mm)= 1750
                    -I-     -1-     -2-     -3-     -4-     -5-     -6-     -7-     -J-
基本组合+M(kN.m)     0.00   12.05   23.82   35.35   46.63   57.14   67.39   77.39   87.13
基本组合-M(kN.m)    -0.03    0.00    0.00    0.00    0.00    0.00    0.00    0.00    0.00
标准组合+M(kN.m)     0.00    9.92   19.62   29.16   38.51   47.28   55.86   64.26   72.47
标准组合-M(kN.m)    -0.02    0.00    0.00    0.00    0.00    0.00    0.00    0.00    0.00
准永久组合+M(kN.m)    0.00    7.74   15.28   22.65   29.83   36.43   42.85   49.07   55.11
准永久组合-M(kN.m)   -0.02    0.00    0.00    0.00    0.00    0.00    0.00    0.00    0.00
-As(mm2)              156.      0.      0.      0.      0.      0.      0.      0.      0.
+As(mm2)                0.    156.    299.    457.    622.    787.    962.   1149.   1353.
基本组合Q(kN)        55.90   55.01   53.62   51.93   49.80   47.67   45.98   44.74   43.94
Asv(mm2)               28.     28.     28.     28.     28.     28.     28.     28.     28.
标准恒载M(kN.m)      -0.01    6.28   12.39   18.31   24.04   29.20   34.17   38.95   43.54
标准恒载Q(kN)        29.23   28.64   27.72   26.47   24.89   23.31   22.06   21.14   20.55
  
梁编号  22
B*H(mm)=150*150   L(mm)= 2700
                    -I-     -1-     -2-     -3-     -4-     -5-     -6-     -7-     -J-
基本组合+M(kN.m)     0.00    0.00    0.00    0.00    0.00    0.00    0.00    0.00    0.00
基本组合-M(kN.m)  -160.51 -145.29 -130.38 -115.93 -102.31  -89.44  -77.41  -65.89  -54.77
标准组合+M(kN.m)     0.00    0.00    0.00    0.00    0.00    0.00    0.00    0.00    0.00
标准组合-M(kN.m)  -129.15 -116.88 -104.86  -93.21  -82.24  -71.88  -62.19  -52.94  -44.02
准永久组合+M(kN.m)    0.00    0.00    0.00    0.00    0.00    0.00    0.00    0.00    0.00
准永久组合-M(kN.m) -106.69  -96.60  -86.72  -77.14  -68.11  -59.56  -51.56  -43.89  -36.46
-As(mm2)            99999.  99999.  99999.  99999.  99999.  99999.  99999.  99999.  99999.
+As(mm2)                0.      0.      0.      0.      0.      0.      0.      0.      0.
基本组合Q(kN)        45.54   44.91   43.52   41.45   39.24   37.03   34.96   33.57   32.94
Asv(mm2)               80.     79.     75.     69.     62.     56.     50.     46.     44.
标准恒载M(kN.m)     -91.71  -83.08  -74.63  -66.43  -58.69  -51.36  -44.48  -37.85  -31.41
标准恒载Q(kN)        25.84   25.45   24.68   23.54   22.33   21.13   19.99   19.21   18.83
  
梁编号  23
B*H(mm)=260*300   L(mm)= 1750
                    -I-     -1-     -2-     -3-     -4-     -5-     -6-     -7-     -J-
基本组合+M(kN.m)     0.00    0.00    0.00    0.00    0.00    0.00    0.00    0.00    0.00
基本组合-M(kN.m)    -0.14  -25.24  -50.65  -76.37 -102.40 -129.48 -156.87 -184.57 -212.59
标准组合+M(kN.m)     0.00    0.00    0.00    0.00    0.00    0.00    0.00    0.00    0.00
标准组合-M(kN.m)    -0.11  -20.36  -40.86  -61.60  -82.59 -104.43 -126.51 -148.84 -171.42
准永久组合+M(kN.m)    0.00    0.00    0.00    0.00    0.00    0.00    0.00    0.00    0.00
准永久组合-M(kN.m)   -0.09  -16.71  -33.54  -50.58  -67.84  -85.78 -103.93 -122.30 -140.87
-As(mm2)              156.    318.    684.   1129.   1662.  99999.  99999.  99999.  99999.
+As(mm2)                0.      0.      0.      0.      0.      0.      0.      0.      0.
基本组合Q(kN)      -114.09 -114.93 -116.46 -118.61 -121.40 -124.19 -126.35 -127.87 -128.76
Asv(mm2)               29.     29.     31.     33.     36.     39.     41.     43.     44.
标准恒载M(kN.m)      -0.08  -14.28  -28.66  -43.24  -58.01  -73.35  -88.88 -104.60 -120.51
标准恒载Q(kN)       -64.48  -65.07  -65.99  -67.24  -68.82  -70.39  -71.64  -72.56  -73.16
  
梁编号  24
B*H(mm)=150*150   L(mm)= 3960
                    -I-     -1-     -2-     -3-     -4-     -5-     -6-     -7-     -J-
基本组合+M(kN.m)     0.00    0.00    0.00    0.00    0.00    0.00    0.00    0.51    2.91
基本组合-M(kN.m)   -57.13  -44.81  -33.28  -23.39  -15.10   -8.41   -3.47   -0.27    0.00
标准组合+M(kN.m)     0.00    0.00    0.00    0.00    0.00    0.00    0.00    0.51    2.34
标准组合-M(kN.m)   -45.90  -35.96  -26.65  -18.68  -12.02   -6.66   -2.75   -0.27    0.00
准永久组合+M(kN.m)    0.00    0.00    0.00    0.00    0.00    0.00    0.00    0.21    1.93
准永久组合-M(kN.m)  -38.05  -29.90  -22.26  -15.70  -10.19   -5.72   -2.36   -0.11    0.00
-As(mm2)            99999.  99999.  99999.  99999.    519.    259.     95.     45.      0.
+As(mm2)                0.      0.      0.      0.      0.      0.      0.     45.     79.
基本组合Q(kN)        25.55   24.36   21.60   18.36   15.13   11.89    8.66    5.90    4.73
Asv(mm2)               23.     20.     17.     17.     28.     28.     28.     28.     28.
标准恒载M(kN.m)     -32.83  -25.86  -19.34  -13.71   -8.96   -5.09   -2.09    0.01    1.66
标准恒载Q(kN)        14.46   13.77   12.25   10.48    8.71    6.94    5.17    3.65    2.95
  
梁编号  25
B*H(mm)=260*300   L(mm)= 1750
                    -I-     -1-     -2-     -3-     -4-     -5-     -6-     -7-     -J-
基本组合+M(kN.m)     0.00    1.40    2.55    3.39    3.93    3.41    2.58    1.44    0.00
基本组合-M(kN.m)    -0.08    0.00    0.00    0.00    0.00    0.00    0.00    0.00    0.00
标准组合+M(kN.m)     0.00    1.12    2.04    2.72    3.15    2.73    2.07    1.15    0.00
标准组合-M(kN.m)    -0.06    0.00    0.00    0.00    0.00    0.00    0.00    0.00    0.00
准永久组合+M(kN.m)    0.00    0.94    1.71    2.27    2.62    2.28    1.73    0.97    0.00
准永久组合-M(kN.m)   -0.05    0.00    0.00    0.00    0.00    0.00    0.00    0.00    0.00
-As(mm2)              156.      0.      0.      0.      0.      0.      0.      0.    156.
+As(mm2)                0.    156.    156.    156.    156.    156.    156.    156.      0.
基本组合Q(kN)         7.41    6.51    4.99    2.83    0.05   -2.75   -4.91   -6.43   -7.32
Asv(mm2)               28.     28.     28.     28.     28.     28.     28.     28.     28.
标准恒载M(kN.m)      -0.05    0.81    1.49    1.97    2.26    1.98    1.51    0.85    0.00
标准恒载Q(kN)         4.37    3.78    2.85    1.61    0.03   -1.55   -2.80   -3.72   -4.31
  
梁编号  26
B*H(mm)=260*300   L(mm)= 1500
                    -I-     -1-     -2-     -3-     -4-     -5-     -6-     -7-     -J-
基本组合+M(kN.m)     0.00    0.00    0.00    0.00    0.00    0.00    0.00    0.00    0.00
基本组合-M(kN.m)   -53.10  -45.50  -38.11  -30.93  -23.96  -17.66  -11.57   -5.69   -0.02
标准组合+M(kN.m)     0.00    0.00    0.00    0.00    0.00    0.00    0.00    0.00    0.00
标准组合-M(kN.m)   -42.83  -36.71  -30.76  -24.97  -19.34  -14.27   -9.35   -4.60   -0.02
准永久组合+M(kN.m)    0.00    0.00    0.00    0.00    0.00    0.00    0.00    0.00    0.00
准永久组合-M(kN.m)  -35.17  -30.13  -25.23  -20.47  -15.85  -11.68   -7.65   -3.76   -0.01
-As(mm2)              722.    605.    496.    395.    301.    219.    156.    156.    156.
+As(mm2)                0.      0.      0.      0.      0.      0.      0.      0.      0.
基本组合Q(kN)        41.08   40.35   39.16   37.51   35.39   33.27   31.61   30.42   29.73
Asv(mm2)               28.     28.     28.     28.     28.     28.     28.     28.     28.
标准恒载M(kN.m)     -30.07  -25.74  -21.54  -17.47  -13.53   -9.95   -6.51   -3.20   -0.01
标准恒载Q(kN)        23.44   22.95   22.22   21.25   20.04   18.83   17.86   17.13   16.64
  
梁编号  27
B*H(mm)=260*300   L(mm)= 1500
                    -I-     -1-     -2-     -3-     -4-     -5-     -6-     -7-     -J-
基本组合+M(kN.m)     0.00    0.00    0.00    0.00    0.00    0.00    0.00    0.00    0.00
基本组合-M(kN.m)   -22.55  -18.77  -15.20  -11.83   -8.68   -6.20   -3.93   -1.87   -0.01
标准组合+M(kN.m)     0.00    0.00    0.00    0.00    0.00    0.00    0.00    0.03    0.00
标准组合-M(kN.m)   -19.37  -16.18  -13.16  -10.30   -7.61   -5.46   -3.48   -1.67   -0.01
准永久组合+M(kN.m)    0.00    0.00    0.00    0.00    0.00    0.00    0.00    0.00    0.00
准永久组合-M(kN.m)  -13.53  -11.19   -9.00   -6.94   -5.03   -3.56   -2.23   -1.05   -0.01
-As(mm2)              282.    233.    187.    156.    156.    156.    156.    156.    156.
+As(mm2)                0.      0.      0.      0.      0.      0.      0.      0.      0.
基本组合Q(kN)        20.72   19.99   18.80   17.15   15.03   12.91   11.25   10.14    9.48
Asv(mm2)               28.     28.     28.     28.     28.     28.     28.     28.     28.
标准恒载M(kN.m)      -9.65   -7.87   -6.22   -4.70   -3.31   -2.29   -1.40   -0.64    0.00
标准恒载Q(kN)         9.83    9.34    8.61    7.64    6.43    5.22    4.25    3.52    3.03
  
梁编号  28
B*H(mm)=260*300   L(mm)= 1500
                    -I-     -1-     -2-     -3-     -4-     -5-     -6-     -7-     -J-
基本组合+M(kN.m)     0.00    0.00    0.00    0.00    0.00    0.00    0.00    0.00    0.01
基本组合-M(kN.m)   -31.07  -26.23  -21.59  -17.16  -12.94   -9.39   -6.05   -2.93    0.00
标准组合+M(kN.m)     0.00    0.00    0.00    0.00    0.00    0.00    0.00    0.00    0.00
标准组合-M(kN.m)   -25.62  -21.65  -17.84  -14.20  -10.73   -7.80   -5.03   -2.44    0.00
准永久组合+M(kN.m)    0.00    0.00    0.00    0.00    0.00    0.00    0.00    0.00    0.00
准永久组合-M(kN.m)  -19.92  -16.78  -13.79  -10.93   -8.22   -5.95   -3.82   -1.84    0.00
-As(mm2)              397.    331.    270.    212.    158.    156.    156.    156.      0.
+As(mm2)                0.      0.      0.      0.      0.      0.      0.      0.    156.
基本组合Q(kN)        26.41   25.68   24.49   22.84   20.72   18.60   16.95   15.82   15.17
Asv(mm2)               28.     28.     28.     28.     28.     28.     28.     28.     28.
标准恒载M(kN.m)     -16.13  -13.54  -11.08   -8.75   -6.55   -4.72   -3.01   -1.44    0.00
标准恒载Q(kN)        14.15   13.66   12.94   11.97   10.75    9.54    8.57    7.84    7.36
  
梁编号  29
B*H(mm)=260*300   L(mm)= 1500
                    -I-     -1-     -2-     -3-     -4-     -5-     -6-     -7-     -J-
基本组合+M(kN.m)     0.00    0.00    0.00    0.00    0.00    0.00    0.00    0.00    0.00
基本组合-M(kN.m)   -25.30  -21.17  -17.26  -13.55  -10.05   -7.22   -4.61   -2.21    0.00
标准组合+M(kN.m)     0.00    0.00    0.00    0.00    0.00    0.00    0.00    0.00    0.00
标准组合-M(kN.m)   -21.24  -17.82  -14.56  -11.47   -8.54   -6.16   -3.94   -1.90    0.00
准永久组合+M(kN.m)    0.00    0.00    0.00    0.00    0.00    0.00    0.00    0.00    0.00
准永久组合-M(kN.m)  -15.76  -13.14  -10.66   -8.33   -6.14   -4.39   -2.78   -1.32    0.00
-As(mm2)              319.    264.    213.    166.    156.    156.    156.    156.      0.
+As(mm2)                0.      0.      0.      0.      0.      0.      0.      0.    156.
基本组合Q(kN)        22.56   21.83   20.64   18.99   16.87   14.75   13.09   11.97   11.31
Asv(mm2)               28.     28.     28.     28.     28.     28.     28.     28.     28.
标准恒载M(kN.m)     -12.11  -10.02   -8.07   -6.24   -4.54   -3.21   -2.01   -0.94    0.00
标准恒载Q(kN)        11.47   10.99   10.26    9.29    8.07    6.86    5.89    5.16    4.68
  
梁编号  30
B*H(mm)=260*300   L(mm)= 1500
                    -I-     -1-     -2-     -3-     -4-     -5-     -6-     -7-     -J-
基本组合+M(kN.m)     0.00    0.00    0.00    0.00    0.00    0.00    0.00    0.00    0.00
基本组合-M(kN.m)   -47.78  -40.85  -34.12  -27.61  -21.30  -15.66  -10.24   -5.03   -0.01
标准组合+M(kN.m)     0.00    0.00    0.00    0.00    0.00    0.00    0.00    0.00    0.00
标准组合-M(kN.m)   -39.19  -33.53  -28.03  -22.69  -17.52  -12.90   -8.43   -4.16   -0.01
准永久组合+M(kN.m)    0.00    0.00    0.00    0.00    0.00    0.00    0.00    0.00    0.00
准永久组合-M(kN.m)  -30.88  -26.37  -22.00  -17.78  -13.70  -10.06   -6.57   -3.22   -0.01
-As(mm2)              639.    536.    440.    350.    266.    193.    156.    156.    156.
+As(mm2)                0.      0.      0.      0.      0.      0.      0.      0.      0.
基本组合Q(kN)        37.54   36.81   35.62   33.97   31.85   29.73   28.08   27.00   26.34
Asv(mm2)               28.     28.     28.     28.     28.     28.     28.     28.     28.
标准恒载M(kN.m)     -25.34  -21.60  -17.99  -14.51  -11.15   -8.17   -5.32   -2.60    0.00
标准恒载Q(kN)        20.29   19.80   19.07   18.10   16.89   15.68   14.71   13.98   13.49
  
梁编号  31
B*H(mm)=260*300   L(mm)= 1500
                    -I-     -1-     -2-     -3-     -4-     -5-     -6-     -7-     -J-
基本组合+M(kN.m)     0.00    0.00    0.00    0.00    0.03    0.29    0.37    0.28    0.01
基本组合-M(kN.m)   -19.31  -15.94  -12.77   -9.81   -7.06   -4.98   -3.11   -1.46    0.00
标准组合+M(kN.m)     0.00    0.00    0.08    0.56    0.90    0.87    0.71    0.43    0.01
标准组合-M(kN.m)   -16.83  -13.96  -11.26   -8.71   -6.34   -4.51   -2.84   -1.35    0.00
准永久组合+M(kN.m)    0.00    0.00    0.00    0.00    0.00    0.00    0.00    0.00    0.00
准永久组合-M(kN.m)  -11.30   -9.24   -7.32   -5.54   -3.91   -2.72   -1.67   -0.76    0.00
-As(mm2)              240.    196.    156.    156.    156.    156.    156.    156.      0.
+As(mm2)                0.      0.      0.      0.    156.    156.    156.    156.    156.
基本组合Q(kN)        18.57   17.84   16.65   15.00   12.88   10.76    9.10    7.99    7.34
Asv(mm2)               28.     28.     28.     28.     28.     28.     28.     28.     28.
标准恒载M(kN.m)      -7.61   -6.09   -4.69   -3.42   -2.29   -1.52   -0.88   -0.38    0.00
标准恒载Q(kN)         8.47    7.99    7.26    6.29    5.08    3.86    2.89    2.16    1.68
  
梁编号  32
B*H(mm)=150*150   L(mm)= 2700
                    -I-     -1-     -2-     -3-     -4-     -5-     -6-     -7-     -J-
基本组合+M(kN.m)     0.37    0.00    0.00    0.00    0.00    0.00    0.00    0.00    0.00
基本组合-M(kN.m)     0.00   -1.12   -2.80   -5.05   -7.99  -11.58  -15.85  -20.68  -25.78
标准组合+M(kN.m)     0.30    0.00    0.00    0.00    0.00    0.00    0.00    0.00    0.00
标准组合-M(kN.m)     0.00   -0.88   -2.19   -3.97   -6.32   -9.18  -12.61  -16.49  -20.58
准永久组合+M(kN.m)    0.24    0.00    0.00    0.00    0.00    0.00    0.00    0.00    0.00
准永久组合-M(kN.m)    0.00   -0.77   -1.93   -3.46   -5.44   -7.85  -10.71  -13.93  -17.33
-As(mm2)                0.     45.     75.    143.    243.    400.  99999.  99999.  99999.
+As(mm2)               45.      0.      0.      0.      0.      0.      0.      0.      0.
基本组合Q(kN)        -3.82   -4.45   -5.83   -7.74   -9.67  -11.60  -13.51  -14.89  -15.53
Asv(mm2)               28.     28.     28.     28.     28.     28.     28.     28.     28.
标准恒载M(kN.m)       0.21   -0.69   -1.75   -3.12   -4.86   -6.96   -9.44  -12.22  -15.17
标准恒载Q(kN)        -2.42   -2.81   -3.58   -4.63   -5.70   -6.76   -7.81   -8.58   -8.97
  
梁编号  33
B*H(mm)=150*150   L(mm)= 2700
                    -I-     -1-     -2-     -3-     -4-     -5-     -6-     -7-     -J-
基本组合+M(kN.m)     0.00    0.00    0.00    0.00    0.00    0.00    0.00    0.00    0.00
基本组合-M(kN.m)   -25.63  -21.78  -18.23  -15.09  -12.47  -10.33   -8.70   -7.48   -7.35
标准组合+M(kN.m)     0.00    0.00    0.00    0.00    0.00    0.00    0.00    0.00    0.00
标准组合-M(kN.m)   -20.46  -17.48  -14.75  -12.32  -10.27   -8.58   -7.26   -6.25   -6.30
准永久组合+M(kN.m)    0.00    0.00    0.00    0.00    0.00    0.00    0.00    0.00    0.00
准永久组合-M(kN.m)  -17.22  -14.52  -12.02   -9.83   -8.01   -6.55   -5.47   -4.69   -4.43
-As(mm2)            99999.  99999.  99999.    519.    439.    339.    270.    224.    220.
+As(mm2)                0.      0.      0.      0.      0.      0.      0.      0.      0.
基本组合Q(kN)        14.20   13.57   12.18   10.27    8.49    7.05    5.64    4.59    4.07
Asv(mm2)               28.     28.     28.     28.     28.     28.     28.     28.     28.
标准恒载M(kN.m)     -15.06  -12.56  -10.21   -8.17   -6.51   -5.20   -4.27   -3.65   -3.19
标准恒载Q(kN)         7.67    7.29    6.51    5.46    4.40    3.34    2.29    1.51    1.12
  
梁编号  34
B*H(mm)=150*150   L(mm)= 2700
                    -I-     -1-     -2-     -3-     -4-     -5-     -6-     -7-     -J-
基本组合+M(kN.m)     0.00    0.00    0.68    1.89    2.45    2.38    1.88    0.97    0.19
基本组合-M(kN.m)    -7.38   -4.90   -3.00   -1.52   -0.59   -0.15   -0.49   -1.38   -2.90
标准组合+M(kN.m)     0.00    0.00    0.97    1.89    2.27    2.16    1.75    1.03    0.51
标准组合-M(kN.m)    -6.32   -4.29   -2.79   -1.60   -0.82   -0.43   -0.67   -1.37   -2.64
准永久组合+M(kN.m)    0.00    0.00    0.00    0.82    1.27    1.29    0.97    0.34    0.00
准永久组合-M(kN.m)   -4.46   -2.85   -1.56   -0.57    0.00    0.00    0.00   -0.62   -1.56
-As(mm2)              221.    138.     81.     45.     45.     45.     45.     45.     78.
+As(mm2)                0.      0.     45.     50.     66.     64.     50.     45.     45.
基本组合Q(kN)         8.45    7.82    6.43    4.52    2.60   -1.77   -3.68   -5.07   -5.70
Asv(mm2)               28.     28.     28.     28.     28.     28.     28.     28.     28.
标准恒载M(kN.m)      -3.22   -1.89   -0.74    0.12    0.59    0.71    0.45   -0.12   -0.84
标准恒载Q(kN)         4.15    3.77    2.99    1.94    0.88   -0.18   -1.23   -2.01   -2.40
  
梁编号  35
B*H(mm)=150*150   L(mm)= 3600
                    -I-     -1-     -2-     -3-     -4-     -5-     -6-     -7-     -J-
基本组合+M(kN.m)     0.14    2.84    5.95    7.87    8.67    8.33    6.86    4.22    1.92
基本组合-M(kN.m)    -2.94    0.00    0.00    0.00    0.00    0.00    0.00    0.00   -1.56
标准组合+M(kN.m)     0.47    2.44    4.96    6.51    7.16    6.89    5.71    3.58    1.93
标准组合-M(kN.m)    -2.67    0.00    0.00    0.00    0.00    0.00    0.00    0.00   -1.62
准永久组合+M(kN.m)    0.00    1.71    3.75    5.02    5.54    5.31    4.34    2.60    0.83
准永久组合-M(kN.m)   -1.59    0.00    0.00    0.00    0.00    0.00    0.00    0.00   -0.59
-As(mm2)               79.      0.      0.      0.      0.      0.      0.      0.     45.
+As(mm2)               45.     77.    171.    238.    269.    256.    202.    117.     51.
基本组合Q(kN)         9.51    8.50    6.23    3.66    1.09   -2.78   -5.35   -7.62   -8.63
Asv(mm2)               28.     28.     28.     28.     28.     28.     28.     28.     28.
标准恒载M(kN.m)      -0.87    1.21    2.95    4.02    4.46    4.26    3.43    1.94    0.10
标准恒载Q(kN)         4.96    4.36    3.10    1.68    0.27   -1.14   -2.56   -3.82   -4.42
  
梁编号  36
B*H(mm)=150*150   L(mm)= 2700
                    -I-     -1-     -2-     -3-     -4-     -5-     -6-     -7-     -J-
基本组合+M(kN.m)     1.98    1.47    1.12    0.65    0.00    0.00    0.00    0.00    0.00
基本组合-M(kN.m)    -1.50   -0.99   -1.12   -2.11   -3.83   -6.06   -8.83  -12.01  -15.78
标准组合+M(kN.m)     1.97    1.45    1.15    0.84    0.21    0.00    0.00    0.00    0.00
标准组合-M(kN.m)    -1.59   -1.06   -1.14   -1.97   -3.41   -5.23   -7.46  -10.00  -13.07
准永久组合+M(kN.m)    0.87    0.66    0.45    0.05    0.00    0.00    0.00    0.00    0.00
准永久组合-M(kN.m)   -0.55   -0.34   -0.47   -1.08   -2.15   -3.60   -5.44   -7.58  -10.04
-As(mm2)               45.     45.     45.     56.    105.    175.    275.    424.  99999.
+As(mm2)               53.     45.     45.     45.      0.      0.      0.      0.      0.
基本组合Q(kN)         2.71   -2.49   -3.54   -4.96   -6.40   -8.32  -10.23  -11.62  -12.25
Asv(mm2)               28.     28.     28.     28.     28.     28.     28.     28.     28.
标准恒载M(kN.m)       0.13    0.14   -0.02   -0.48   -1.32   -2.51   -4.09   -5.97   -8.01
标准恒载Q(kN)         0.26   -0.13   -0.91   -1.96   -3.02   -4.08   -5.13   -5.91   -6.29
  
梁编号  37
B*H(mm)=150*150   L(mm)= 2700
                    -I-     -1-     -2-     -3-     -4-     -5-     -6-     -7-     -J-
基本组合+M(kN.m)     0.00    0.00    0.00    0.00    1.02    3.05    4.70    5.86    7.13
基本组合-M(kN.m)   -15.79  -11.28   -7.34   -3.89   -1.38    0.00    0.00    0.00    0.00
标准组合+M(kN.m)     0.00    0.00    0.00    0.00    1.08    2.72    4.11    5.12    6.30
标准组合-M(kN.m)   -13.08   -9.37   -6.18   -3.36   -1.38   -0.22    0.00    0.00   -0.09
准永久组合+M(kN.m)    0.00    0.00    0.00    0.00    0.37    1.72    2.74    3.42    4.07
准永久组合-M(kN.m)  -10.04   -7.15   -4.56   -2.30   -0.61    0.00    0.00    0.00    0.00
-As(mm2)            99999.    384.    219.    107.     45.      0.      0.      0.      0.
+As(mm2)                0.      0.      0.      0.     45.     83.    132.    169.    212.
基本组合Q(kN)        14.15   13.52   12.13   10.22    8.30    6.86    5.45    4.40    3.87
Asv(mm2)               28.     28.     28.     28.     28.     28.     28.     28.     28.
标准恒载M(kN.m)      -8.01   -5.67   -3.48   -1.60   -0.10    1.05    1.82    2.28    2.58
标准恒载Q(kN)         7.20    6.81    6.04    4.98    3.92    2.86    1.81    1.03    0.65
  
梁编号  38
B*H(mm)=150*150   L(mm)= 2700
                    -I-     -1-     -2-     -3-     -4-     -5-     -6-     -7-     -J-
基本组合+M(kN.m)     7.09    7.78    8.50    8.66    8.14    6.96    5.10    2.69    0.00
基本组合-M(kN.m)     0.00    0.00    0.00    0.00    0.00    0.00    0.00    0.00    0.00
标准组合+M(kN.m)     6.27    6.71    7.23    7.31    6.83    5.82    4.25    2.23    0.00
标准组合-M(kN.m)    -0.11    0.00    0.00    0.00    0.00    0.00    0.00    0.00    0.00
准永久组合+M(kN.m)    4.04    4.64    5.18    5.35    5.07    4.37    3.22    1.70    0.00
准永久组合-M(kN.m)    0.00    0.00    0.00    0.00    0.00    0.00    0.00    0.00    0.00
-As(mm2)                0.      0.      0.      0.      0.      0.      0.      0.      0.
+As(mm2)              210.    235.    262.    269.    248.    206.    144.     72.      0.
基本组合Q(kN)         5.54    4.91    3.53    1.62   -2.62   -4.44   -6.35   -7.74   -8.37
Asv(mm2)               28.     28.     28.     28.     28.     28.     28.     28.     28.
标准恒载M(kN.m)       2.56    3.26    3.81    4.04    3.90    3.40    2.53    1.34    0.00
标准恒载Q(kN)         2.33    1.94    1.16    0.11   -0.95   -2.01   -3.06   -3.84   -4.22
