 ====================================================
       2 层楼面主梁计算结果文件
 ====================================================
砼等级： 25;   纵筋:HRB(F)335         ;  箍筋:HPB300            间距=100mm
梁总数：  38
荷载基本组合：      永久荷载控制1.35D+1.4ΨcL
活荷载组合值系数Ψc:      0.70
活荷载准永久值系数Ψq:    0.40
弯矩调幅系数:    1.00
  
梁编号   1
B*H(mm)=260*300   L(mm)= 5960
                    -I-     -1-     -2-     -3-     -4-     -5-     -6-     -7-     -J-
基本组合+M(kN.m)     0.00    0.00   21.04   41.75   49.75   45.03   27.58    0.00    0.00
基本组合-M(kN.m)   -70.98  -37.72  -10.88    0.00    0.00    0.00   -2.11  -24.56  -53.32
标准组合+M(kN.m)     0.00    0.00   20.32   36.89   43.22   39.30   25.14    0.52    0.00
标准组合-M(kN.m)   -57.29  -32.27  -12.24    0.00    0.00    0.00   -5.16  -21.64  -42.99
准永久组合+M(kN.m)    0.00    0.00    9.94   23.83   29.28   26.28   14.83    0.00    0.00
准永久组合-M(kN.m)  -46.98  -22.79   -3.08    0.00    0.00    0.00    0.00  -14.09  -35.34
-As(mm2)             1027.    491.    156.      0.      0.      0.    156.    309.    726.
+As(mm2)                0.      0.    262.    549.    670.    598.    349.      0.      0.
基本组合Q(kN)        61.30   53.85   39.19   22.11    5.04  -16.95  -34.03  -48.69  -56.14
Asv(mm2)               28.     28.     28.     28.     28.     28.     28.     28.     28.
标准恒载M(kN.m)     -40.11  -16.47    3.02   15.13   19.98   17.60    7.96   -9.06  -30.23
标准恒载Q(kN)        34.30   29.58   21.11   11.39    1.66   -8.07  -17.80  -26.27  -30.99
  
梁编号   2
B*H(mm)=260*300   L(mm)= 5960
                    -I-     -1-     -2-     -3-     -4-     -5-     -6-     -7-     -J-
基本组合+M(kN.m)     0.00   24.71   57.21   76.80   83.69   77.87   59.35   27.90    0.00
基本组合-M(kN.m)   -29.64    0.00    0.00    0.00    0.00    0.00    0.00    0.00  -22.11
标准组合+M(kN.m)     0.00   21.44   47.54   63.26   68.76   64.02   49.05   23.69    0.00
标准组合-M(kN.m)   -25.39    0.00    0.00    0.00    0.00    0.00    0.00    0.00  -19.04
准永久组合+M(kN.m)    0.00   14.57   36.23   49.31   53.95   50.14   37.90   17.07    0.00
准永久组合-M(kN.m)  -17.87    0.00    0.00    0.00    0.00    0.00    0.00    0.00  -13.21
-As(mm2)              377.      0.      0.      0.      0.      0.      0.      0.    276.
+As(mm2)                0.    311.    788.   1138.   1278.   1159.    823.    354.      0.
基本组合Q(kN)        59.43   51.98   37.32   20.24    3.17  -18.26  -35.34  -50.00  -57.45
Asv(mm2)               28.     28.     28.     28.     28.     28.     28.     28.     28.
标准恒载M(kN.m)     -12.86   10.00   28.69   40.00   44.07   40.89   30.46   12.65   -9.32
标准恒载Q(kN)        33.24   28.52   20.05   10.32    0.59   -9.13  -18.86  -27.33  -32.05
  
梁编号   3
B*H(mm)=260*300   L(mm)= 5960
                    -I-     -1-     -2-     -3-     -4-     -5-     -6-     -7-     -J-
基本组合+M(kN.m)     0.00    0.00    0.00    0.00    0.00    0.00    0.00    0.00    0.00
基本组合-M(kN.m)   -41.31  -34.62  -29.63  -26.11  -24.10  -23.59  -24.62  -27.11  -31.30
标准组合+M(kN.m)     0.00    0.00    0.00    0.00    0.00    0.00    0.00    0.00    0.00
标准组合-M(kN.m)   -34.00  -28.86  -25.03  -22.30  -20.70  -20.24  -20.92  -22.69  -25.79
准永久组合+M(kN.m)    0.00    0.00    0.00    0.00    0.00    0.00    0.00    0.00    0.00
准永久组合-M(kN.m)  -26.55  -21.82  -18.27  -15.81  -14.45  -14.19  -15.04  -16.98  -20.09
-As(mm2)              543.    447.    377.    330.    303.    296.    310.    343.    400.
+As(mm2)                0.      0.      0.      0.      0.      0.      0.      0.      0.
基本组合Q(kN)        10.99    9.03    7.07    5.11    3.15   -2.31   -4.27   -6.24   -8.20
Asv(mm2)               28.     28.     28.     28.     28.     28.     28.     28.     28.
标准恒载M(kN.m)     -21.58  -17.13  -13.77  -11.48  -10.28  -10.16  -11.12  -13.17  -16.30
标准恒载Q(kN)         6.70    5.25    3.79    2.34    0.89   -0.57   -2.02   -3.47   -4.92
  
梁编号   4
B*H(mm)=260*300   L(mm)= 5960
                    -I-     -1-     -2-     -3-     -4-     -5-     -6-     -7-     -J-
基本组合+M(kN.m)     0.00    0.00    0.00    0.00    0.00    0.00    0.00    0.00    0.00
基本组合-M(kN.m)   -44.58  -36.57  -30.26  -25.54  -22.49  -20.92  -20.84  -22.22  -25.29
标准组合+M(kN.m)     0.00    0.00    0.00    0.00    0.00    0.00    0.00    0.00    0.00
标准组合-M(kN.m)   -36.47  -30.28  -25.41  -21.77  -19.41  -18.17  -18.03  -18.97  -21.24
准永久组合+M(kN.m)    0.00    0.00    0.00    0.00    0.00    0.00    0.00    0.00    0.00
准永久组合-M(kN.m)  -28.93  -23.30  -18.84  -15.53  -13.37  -12.32  -12.35  -13.47  -15.76
-As(mm2)              591.    474.    386.    322.    281.    261.    260.    278.    319.
+As(mm2)                0.      0.      0.      0.      0.      0.      0.      0.      0.
基本组合Q(kN)        12.79   10.83    8.87    6.91    4.95    2.99   -2.71   -4.67   -6.63
Asv(mm2)               28.     28.     28.     28.     28.     28.     28.     28.     28.
标准恒载M(kN.m)     -23.90  -18.64  -14.46  -11.36   -9.35   -8.41   -8.56   -9.79  -12.11
标准恒载Q(kN)         7.79    6.34    4.88    3.43    1.98    0.53   -0.93   -2.38   -3.83
  
梁编号   5
B*H(mm)=260*300   L(mm)= 5960
                    -I-     -1-     -2-     -3-     -4-     -5-     -6-     -7-     -J-
基本组合+M(kN.m)    87.14  102.92  116.15  117.81  108.15   87.15   54.82   11.21    0.00
基本组合-M(kN.m)     0.00    0.00    0.00    0.00    0.00    0.00    0.00   -4.02  -47.78
标准组合+M(kN.m)    72.47   84.70   95.51   96.93   89.14   72.14   45.94   10.62    0.00
标准组合-M(kN.m)     0.00    0.00    0.00    0.00    0.00    0.00    0.00   -4.92  -39.19
准永久组合+M(kN.m)   55.11   66.17   74.76   75.78   69.37   55.53   34.27    5.54    0.00
准永久组合-M(kN.m)    0.00    0.00    0.00    0.00    0.00    0.00    0.00   -0.67  -30.87
-As(mm2)                0.      0.      0.      0.      0.      0.      0.    156.    639.
+As(mm2)             1353.   1669.   1839.   1860.   1736.   1354.    750.    156.      0.
基本组合Q(kN)        35.14   29.51   16.69  -10.66  -21.97  -37.22  -52.46  -65.29  -70.92
Asv(mm2)               28.     28.     28.     28.     28.     28.     28.     28.     28.
标准恒载M(kN.m)      43.54   53.81   60.93   61.67   56.18   44.45   26.49    2.15  -25.33
标准恒载Q(kN)        15.66   12.30    5.19   -3.18  -11.56  -19.93  -28.30  -35.41  -38.78
  
梁编号   6
B*H(mm)=260*300   L(mm)= 5960
                    -I-     -1-     -2-     -3-     -4-     -5-     -6-     -7-     -J-
基本组合+M(kN.m)     0.00    0.00    0.00    0.00    7.84   20.51   20.79    8.41    0.00
基本组合-M(kN.m)  -212.59 -157.90 -109.09  -69.96  -40.31  -20.15   -9.50   -8.53  -19.31
标准组合+M(kN.m)     0.00    0.00    0.00    0.00   12.02   20.95   19.89    8.61    0.00
标准组合-M(kN.m)  -171.42 -129.11  -91.32  -60.70  -37.10  -20.53  -11.01   -8.67  -16.83
准永久组合+M(kN.m)    0.00    0.00    0.00    0.00    0.00    8.34   10.06    3.39    0.00
准永久组合-M(kN.m) -140.87 -102.50  -68.30  -41.26  -21.25   -8.26   -2.31   -3.52  -11.30
-As(mm2)            99999.  99999.   1748.   1008.    528.    251.    156.    156.    240.
+As(mm2)                0.      0.      0.      0.    156.    255.    259.    156.      0.
基本组合Q(kN)        89.01   81.95   67.70   51.02   34.67   21.94   -9.24  -23.50  -30.55
Asv(mm2)               32.     29.     29.     28.     28.     28.     28.     28.     28.
标准恒载M(kN.m)    -120.51  -84.76  -52.95  -28.30  -10.68   -0.08    3.50   -0.09   -7.61
标准恒载Q(kN)        50.39   45.97   37.80   28.37   18.94    9.51    0.08   -8.09  -12.51
  
梁编号   7
B*H(mm)=260*300   L(mm)= 3960
                    -I-     -1-     -2-     -3-     -4-     -5-     -6-     -7-     -J-
基本组合+M(kN.m)     0.00   14.28   25.91   34.88   39.80   34.88   25.91   14.28    0.00
基本组合-M(kN.m)     0.00    0.00    0.00    0.00    0.00    0.00    0.00    0.00    0.00
标准组合+M(kN.m)     0.00   11.55   20.97   28.26   32.30   28.26   20.97   11.55    0.00
标准组合-M(kN.m)     0.00    0.00    0.00    0.00    0.00    0.00    0.00    0.00    0.00
准永久组合+M(kN.m)    0.00    9.42   17.07   22.95   26.13   22.95   17.07    9.42    0.00
准永久组合-M(kN.m)    0.00    0.00    0.00    0.00    0.00    0.00    0.00    0.00    0.00
-As(mm2)                0.      0.      0.      0.      0.      0.      0.      0.      0.
+As(mm2)                0.    175.    327.    450.    521.    450.    327.    175.      0.
基本组合Q(kN)        31.54   28.58   22.30   12.72    0.00  -12.72  -22.30  -28.58  -31.54
Asv(mm2)               28.     28.     28.     28.     28.     28.     28.     28.     28.
标准恒载M(kN.m)       0.00    8.00   14.46   19.41   22.01   19.41   14.46    8.00    0.00
标准恒载Q(kN)        17.69   15.86   12.28    6.95    0.00   -6.95  -12.28  -15.86  -17.69
  
梁编号   8
B*H(mm)=260*300   L(mm)= 1750
                    -I-     -1-     -2-     -3-     -4-     -5-     -6-     -7-     -J-
基本组合+M(kN.m)     0.03    0.97    1.70    2.21    2.50    2.20    1.68    0.95    0.00
基本组合-M(kN.m)     0.00    0.00    0.00    0.00    0.00    0.00    0.00    0.00    0.00
标准组合+M(kN.m)     0.02    0.76    1.34    1.74    1.97    1.73    1.32    0.75    0.00
标准组合-M(kN.m)     0.00    0.00    0.00    0.00    0.00    0.00    0.00    0.00    0.00
准永久组合+M(kN.m)    0.02    0.67    1.16    1.51    1.70    1.51    1.16    0.65    0.00
准永久组合-M(kN.m)    0.00    0.00    0.00    0.00    0.00    0.00    0.00    0.00    0.00
-As(mm2)                0.      0.      0.      0.      0.      0.      0.      0.      0.
+As(mm2)              156.    156.    156.    156.    156.    156.    156.    156.      0.
基本组合Q(kN)         4.82    4.09    3.04    1.67   -0.02   -1.70   -3.06   -4.11   -4.85
Asv(mm2)               28.     28.     28.     28.     28.     28.     28.     28.     28.
标准恒载M(kN.m)       0.01    0.60    1.05    1.36    1.52    1.35    1.04    0.59    0.00
标准恒载Q(kN)         3.01    2.51    1.83    0.99   -0.01   -1.01   -1.85   -2.52   -3.03
  
梁编号   9
B*H(mm)=150*150   L(mm)= 2700
                    -I-     -1-     -2-     -3-     -4-     -5-     -6-     -7-     -J-
基本组合+M(kN.m)     0.37    0.00    0.00    0.00    0.00    0.00    0.00    0.00    0.00
基本组合-M(kN.m)     0.00   -1.46   -3.53   -6.08   -9.46  -13.58  -18.54  -23.96  -29.68
标准组合+M(kN.m)     0.30    0.00    0.00    0.00    0.00    0.00    0.00    0.00    0.00
标准组合-M(kN.m)     0.00   -1.15   -2.78   -4.79   -7.49  -10.79  -14.77  -19.12  -23.72
准永久组合+M(kN.m)    0.24    0.00    0.00    0.00    0.00    0.00    0.00    0.00    0.00
准永久组合-M(kN.m)    0.00   -1.00   -2.42   -4.15   -6.43   -9.19  -12.50  -16.11  -19.93
-As(mm2)                0.     45.     97.    176.    301.    473.  99999.  99999.  99999.
+As(mm2)               45.      0.      0.      0.      0.      0.      0.      0.      0.
基本组合Q(kN)        -4.82   -5.45   -6.84   -8.91  -11.12  -13.32  -15.40  -16.78  -17.41
Asv(mm2)               28.     28.     28.     28.     28.     28.     28.     28.     28.
标准恒载M(kN.m)       0.21   -0.90   -2.19   -3.73   -5.73   -8.13  -10.99  -14.11  -17.40
标准恒载Q(kN)        -3.01   -3.40   -4.18   -5.32   -6.52   -7.73   -8.86   -9.64  -10.03
  
梁编号  10
B*H(mm)=260*300   L(mm)= 1750
                    -I-     -1-     -2-     -3-     -4-     -5-     -6-     -7-     -J-
基本组合+M(kN.m)     0.24    1.16    1.86    2.34    2.60    2.27    1.73    0.97    0.00
基本组合-M(kN.m)     0.00    0.00    0.00    0.00    0.00    0.00    0.00    0.00   -0.01
标准组合+M(kN.m)     0.20    0.91    1.46    1.84    2.06    1.79    1.36    0.76    0.00
标准组合-M(kN.m)     0.00    0.00    0.00    0.00    0.00    0.00    0.00    0.00   -0.01
准永久组合+M(kN.m)    0.16    0.79    1.27    1.60    1.77    1.56    1.19    0.67    0.00
准永久组合-M(kN.m)    0.00    0.00    0.00    0.00    0.00    0.00    0.00    0.00   -0.01
-As(mm2)                0.      0.      0.      0.      0.      0.      0.      0.    156.
+As(mm2)              156.    156.    156.    156.    156.    156.    156.    156.      0.
基本组合Q(kN)         4.72    3.99    2.94    1.58   -0.13   -1.82   -3.18   -4.23   -4.97
Asv(mm2)               28.     28.     28.     28.     28.     28.     28.     28.     28.
标准恒载M(kN.m)       0.14    0.71    1.14    1.43    1.58    1.40    1.07    0.60   -0.01
标准恒载Q(kN)         2.95    2.44    1.76    0.93   -0.08   -1.08   -1.92   -2.59   -3.10
  
梁编号  11
B*H(mm)=150*150   L(mm)= 2700
                    -I-     -1-     -2-     -3-     -4-     -5-     -6-     -7-     -J-
基本组合+M(kN.m)     0.36    0.00    0.00    0.00    0.00    0.00    0.00    0.00    0.00
基本组合-M(kN.m)     0.00   -1.12   -2.80   -5.05   -7.99  -11.58  -15.86  -20.69  -25.79
标准组合+M(kN.m)     0.29    0.00    0.00    0.00    0.00    0.00    0.00    0.00    0.00
标准组合-M(kN.m)     0.00   -0.88   -2.20   -3.98   -6.32   -9.19  -12.62  -16.49  -20.59
准永久组合+M(kN.m)    0.24    0.00    0.00    0.00    0.00    0.00    0.00    0.00    0.00
准永久组合-M(kN.m)    0.00   -0.77   -1.93   -3.46   -5.45   -7.85  -10.71  -13.93  -17.34
-As(mm2)                0.     45.     76.    143.    243.    400.  99999.  99999.  99999.
+As(mm2)               45.      0.      0.      0.      0.      0.      0.      0.      0.
基本组合Q(kN)        -3.82   -4.45   -5.83   -7.74   -9.67  -11.60  -13.51  -14.89  -15.53
Asv(mm2)               28.     28.     28.     28.     28.     28.     28.     28.     28.
标准恒载M(kN.m)       0.20   -0.69   -1.75   -3.12   -4.86   -6.97   -9.44  -12.23  -15.17
标准恒载Q(kN)        -2.42   -2.81   -3.58   -4.63   -5.70   -6.76   -7.81   -8.58   -8.97
  
梁编号  12
B*H(mm)=260*300   L(mm)= 1500
                    -I-     -1-     -2-     -3-     -4-     -5-     -6-     -7-     -J-
基本组合+M(kN.m)     0.00    0.65    1.14    1.49    1.68    1.49    1.16    0.67    0.03
基本组合-M(kN.m)     0.00    0.00    0.00    0.00    0.00    0.00    0.00    0.00    0.00
标准组合+M(kN.m)     0.00    0.51    0.89    1.17    1.32    1.17    0.91    0.52    0.02
标准组合-M(kN.m)     0.00    0.00    0.00    0.00    0.00    0.00    0.00    0.00    0.00
准永久组合+M(kN.m)    0.00    0.45    0.79    1.02    1.15    1.03    0.80    0.46    0.02
准永久组合-M(kN.m)    0.00    0.00    0.00    0.00    0.00    0.00    0.00    0.00    0.00
-As(mm2)                0.      0.      0.      0.      0.      0.      0.      0.      0.
+As(mm2)                0.    156.    156.    156.    156.    156.    156.    156.    156.
基本组合Q(kN)         3.85    3.24    2.40    1.32    0.02   -1.29   -2.37   -3.21   -3.82
Asv(mm2)               28.     28.     28.     28.     28.     28.     28.     28.     28.
标准恒载M(kN.m)       0.00    0.41    0.72    0.93    1.04    0.93    0.72    0.42    0.01
标准恒载Q(kN)         2.44    2.01    1.47    0.80    0.01   -0.78   -1.45   -1.99   -2.42
  
梁编号  13
B*H(mm)=150*150   L(mm)= 2700
                    -I-     -1-     -2-     -3-     -4-     -5-     -6-     -7-     -J-
基本组合+M(kN.m)     0.00    0.00    0.00    0.00    0.00    0.00    0.00    0.00    0.00
基本组合-M(kN.m)   -25.64  -21.74  -18.14  -14.96  -12.29  -10.09   -8.41   -7.15   -6.97
标准组合+M(kN.m)     0.00    0.00    0.00    0.00    0.00    0.00    0.00    0.00    0.00
标准组合-M(kN.m)   -20.47  -17.45  -14.68  -12.22  -10.13   -8.40   -7.05   -6.00   -6.02
准永久组合+M(kN.m)    0.00    0.00    0.00    0.00    0.00    0.00    0.00    0.00    0.00
准永久组合-M(kN.m)  -17.23  -14.50  -11.96   -9.73   -7.87   -6.38   -5.26   -4.45   -4.15
-As(mm2)            99999.  99999.  99999.    514.    433.    328.    259.    212.    206.
+As(mm2)                0.      0.      0.      0.      0.      0.      0.      0.      0.
基本组合Q(kN)        14.35   13.71   12.33   10.42    8.63    7.20    5.78    4.73    4.21
Asv(mm2)               28.     28.     28.     28.     28.     28.     28.     28.     28.
标准恒载M(kN.m)     -15.07  -12.53  -10.15   -8.07   -6.37   -5.03   -4.06   -3.41   -2.91
标准恒载Q(kN)         7.78    7.39    6.62    5.57    4.51    3.44    2.39    1.62    1.23
  
梁编号  14
B*H(mm)=260*300   L(mm)= 1500
                    -I-     -1-     -2-     -3-     -4-     -5-     -6-     -7-     -J-
基本组合+M(kN.m)     0.00    0.00    0.00    0.00    0.00    0.00    0.00    0.00    0.00
基本组合-M(kN.m)   -53.32  -45.70  -38.28  -31.07  -24.07  -17.75  -11.63   -5.72   -0.02
标准组合+M(kN.m)     0.00    0.00    0.00    0.00    0.00    0.00    0.00    0.00    0.00
标准组合-M(kN.m)   -42.99  -36.85  -30.88  -25.07  -19.43  -14.33   -9.39   -4.62   -0.02
准永久组合+M(kN.m)    0.00    0.00    0.00    0.00    0.00    0.00    0.00    0.00    0.00
准永久组合-M(kN.m)  -35.34  -30.27  -25.35  -20.57  -15.93  -11.74   -7.69   -3.78   -0.01
-As(mm2)              726.    608.    499.    397.    302.    220.    156.    156.    156.
+As(mm2)                0.      0.      0.      0.      0.      0.      0.      0.      0.
基本组合Q(kN)        41.22   40.50   39.31   37.65   35.53   33.41   31.76   30.57   29.87
Asv(mm2)               28.     28.     28.     28.     28.     28.     28.     28.     28.
标准恒载M(kN.m)     -30.23  -25.88  -21.66  -17.57  -13.61  -10.02   -6.55   -3.22   -0.01
标准恒载Q(kN)        23.55   23.06   22.33   21.36   20.15   18.94   17.97   17.24   16.75
  
梁编号  15
B*H(mm)=150*150   L(mm)= 2700
                    -I-     -1-     -2-     -3-     -4-     -5-     -6-     -7-     -J-
基本组合+M(kN.m)     0.00    0.00    0.96    2.12    2.63    2.51    1.96    1.00    0.17
基本组合-M(kN.m)    -7.01   -4.57   -2.73   -1.29   -0.41   -0.03   -0.41   -1.35   -2.92
标准组合+M(kN.m)     0.00    0.00    1.18    2.06    2.41    2.25    1.80    1.05    0.49
标准组合-M(kN.m)    -6.04   -4.04   -2.58   -1.43   -0.69   -0.33   -0.61   -1.35   -2.65
准永久组合+M(kN.m)    0.00    0.00    0.15    0.99    1.40    1.38    1.03    0.36    0.00
准永久组合-M(kN.m)   -4.18   -2.61   -1.35   -0.40    0.00    0.00    0.00   -0.60   -1.58
-As(mm2)              207.    128.     73.     45.     45.     45.     45.     45.     79.
+As(mm2)                0.      0.     45.     56.     71.     67.     52.     45.     45.
基本组合Q(kN)         8.30    7.67    6.29    4.38    2.45   -1.92   -3.83   -5.22   -5.85
Asv(mm2)               28.     28.     28.     28.     28.     28.     28.     28.     28.
标准恒载M(kN.m)      -2.93   -1.65   -0.53    0.29    0.72    0.81    0.51   -0.09   -0.86
标准恒载Q(kN)         4.04    3.66    2.88    1.83    0.77   -0.29   -1.34   -2.12   -2.51
  
梁编号  16
B*H(mm)=260*300   L(mm)= 1500
                    -I-     -1-     -2-     -3-     -4-     -5-     -6-     -7-     -J-
基本组合+M(kN.m)     0.00    0.00    0.00    0.00    0.00    0.00    0.00    0.00    0.00
基本组合-M(kN.m)   -22.11  -18.38  -14.87  -11.56   -8.46   -6.03   -3.82   -1.82   -0.01
标准组合+M(kN.m)     0.00    0.00    0.00    0.00    0.00    0.00    0.00    0.07    0.00
标准组合-M(kN.m)   -19.04  -15.89  -12.91  -10.10   -7.44   -5.34   -3.40   -1.63   -0.01
准永久组合+M(kN.m)    0.00    0.00    0.00    0.00    0.00    0.00    0.00    0.00    0.00
准永久组合-M(kN.m)  -13.21  -10.91   -8.75   -6.74   -4.87   -3.44   -2.15   -1.01   -0.01
-As(mm2)              276.    228.    183.    156.    156.    156.    156.    156.    156.
+As(mm2)                0.      0.      0.      0.      0.      0.      0.      0.      0.
基本组合Q(kN)        20.42   19.70   18.51   16.85   14.73   12.62   10.96    9.84    9.19
Asv(mm2)               28.     28.     28.     28.     28.     28.     28.     28.     28.
标准恒载M(kN.m)      -9.32   -7.58   -5.98   -4.50   -3.15   -2.17   -1.32   -0.60    0.00
标准恒载Q(kN)         9.61    9.12    8.39    7.42    6.21    5.00    4.03    3.30    2.81
  
梁编号  17
B*H(mm)=150*150   L(mm)= 3600
                    -I-     -1-     -2-     -3-     -4-     -5-     -6-     -7-     -J-
基本组合+M(kN.m)     0.12    2.83    5.93    7.86    8.66    8.32    6.85    4.22    1.92
基本组合-M(kN.m)    -2.96    0.00    0.00    0.00    0.00    0.00    0.00    0.00   -1.56
标准组合+M(kN.m)     0.45    2.43    4.94    6.50    7.15    6.88    5.70    3.57    1.92
标准组合-M(kN.m)    -2.68    0.00    0.00    0.00    0.00    0.00    0.00    0.00   -1.63
准永久组合+M(kN.m)    0.00    1.69    3.74    5.01    5.53    5.31    4.33    2.59    0.82
准永久组合-M(kN.m)   -1.61    0.00    0.00    0.00    0.00    0.00    0.00    0.00   -0.60
-As(mm2)               80.      0.      0.      0.      0.      0.      0.      0.     45.
+As(mm2)               45.     76.    171.    238.    268.    255.    202.    117.     51.
基本组合Q(kN)         9.52    8.51    6.23    3.66    1.09   -2.78   -5.35   -7.62   -8.63
Asv(mm2)               28.     28.     28.     28.     28.     28.     28.     28.     28.
标准恒载M(kN.m)      -0.89    1.20    2.93    4.01    4.45    4.26    3.42    1.94    0.09
标准恒载Q(kN)         4.96    4.36    3.10    1.69    0.27   -1.14   -2.56   -3.81   -4.42
  
梁编号  18
B*H(mm)=260*300   L(mm)= 1500
                    -I-     -1-     -2-     -3-     -4-     -5-     -6-     -7-     -J-
基本组合+M(kN.m)     0.00    0.00    0.00    0.00    0.00    0.00    0.00    0.00    0.01
基本组合-M(kN.m)   -31.30  -26.43  -21.76  -17.30  -13.05   -9.47   -6.11   -2.95    0.00
标准组合+M(kN.m)     0.00    0.00    0.00    0.00    0.00    0.00    0.00    0.00    0.00
标准组合-M(kN.m)   -25.79  -21.80  -17.97  -14.31  -10.81   -7.86   -5.08   -2.46    0.00
准永久组合+M(kN.m)    0.00    0.00    0.00    0.00    0.00    0.00    0.00    0.00    0.00
准永久组合-M(kN.m)  -20.09  -16.93  -13.91  -11.04   -8.30   -6.01   -3.86   -1.86    0.00
-As(mm2)              400.    334.    272.    214.    160.    156.    156.    156.      0.
+As(mm2)                0.      0.      0.      0.      0.      0.      0.      0.    156.
基本组合Q(kN)        26.56   25.83   24.64   22.99   20.87   18.75   17.10   15.97   15.32
Asv(mm2)               28.     28.     28.     28.     28.     28.     28.     28.     28.
标准恒载M(kN.m)     -16.30  -13.69  -11.20   -8.85   -6.63   -4.78   -3.06   -1.46    0.00
标准恒载Q(kN)        14.26   13.78   13.05   12.08   10.87    9.65    8.68    7.95    7.47
  
梁编号  19
B*H(mm)=150*150   L(mm)= 2700
                    -I-     -1-     -2-     -3-     -4-     -5-     -6-     -7-     -J-
基本组合+M(kN.m)     1.98    1.47    1.11    0.65    0.00    0.00    0.00    0.00    0.00
基本组合-M(kN.m)    -1.51   -0.99   -1.13   -2.11   -3.83   -6.06   -8.83  -12.01  -15.78
标准组合+M(kN.m)     1.97    1.44    1.14    0.84    0.21    0.00    0.00    0.00    0.00
标准组合-M(kN.m)    -1.59   -1.06   -1.14   -1.98   -3.41   -5.23   -7.46  -10.00  -13.07
准永久组合+M(kN.m)    0.87    0.66    0.45    0.05    0.00    0.00    0.00    0.00    0.00
准永久组合-M(kN.m)   -0.56   -0.34   -0.47   -1.08   -2.16   -3.60   -5.44   -7.58  -10.04
-As(mm2)               45.     45.     45.     56.    105.    175.    275.    424.  99999.
+As(mm2)               53.     45.     45.     45.      0.      0.      0.      0.      0.
基本组合Q(kN)         2.72   -2.49   -3.54   -4.96   -6.39   -8.32  -10.23  -11.62  -12.25
Asv(mm2)               28.     28.     28.     28.     28.     28.     28.     28.     28.
标准恒载M(kN.m)       0.13    0.14   -0.02   -0.48   -1.32   -2.52   -4.09   -5.97   -8.01
标准恒载Q(kN)         0.26   -0.13   -0.90   -1.95   -3.02   -4.08   -5.13   -5.90   -6.29
  
梁编号  20
B*H(mm)=260*300   L(mm)= 1500
                    -I-     -1-     -2-     -3-     -4-     -5-     -6-     -7-     -J-
基本组合+M(kN.m)     0.00    0.00    0.00    0.00    0.00    0.00    0.00    0.00    0.00
基本组合-M(kN.m)   -25.29  -21.17  -17.25  -13.55  -10.05   -7.22   -4.60   -2.20    0.00
标准组合+M(kN.m)     0.00    0.00    0.00    0.00    0.00    0.00    0.00    0.00    0.00
标准组合-M(kN.m)   -21.24  -17.82  -14.56  -11.47   -8.54   -6.16   -3.94   -1.90    0.00
准永久组合+M(kN.m)    0.00    0.00    0.00    0.00    0.00    0.00    0.00    0.00    0.00
准永久组合-M(kN.m)  -15.76  -13.14  -10.66   -8.33   -6.14   -4.39   -2.78   -1.32    0.00
-As(mm2)              319.    264.    213.    166.    156.    156.    156.    156.      0.
+As(mm2)                0.      0.      0.      0.      0.      0.      0.      0.    156.
基本组合Q(kN)        22.55   21.83   20.64   18.98   16.87   14.75   13.09   11.97   11.31
Asv(mm2)               28.     28.     28.     28.     28.     28.     28.     28.     28.
标准恒载M(kN.m)     -12.11  -10.02   -8.06   -6.24   -4.54   -3.21   -2.01   -0.94    0.00
标准恒载Q(kN)        11.47   10.98   10.26    9.29    8.07    6.86    5.89    5.16    4.68
  
梁编号  21
B*H(mm)=150*150   L(mm)= 2700
                    -I-     -1-     -2-     -3-     -4-     -5-     -6-     -7-     -J-
基本组合+M(kN.m)     0.00    0.00    0.00    0.00    1.02    3.05    4.70    5.86    7.13
基本组合-M(kN.m)   -15.79  -11.28   -7.34   -3.88   -1.38    0.00    0.00    0.00    0.00
标准组合+M(kN.m)     0.00    0.00    0.00    0.00    1.08    2.72    4.11    5.12    6.30
标准组合-M(kN.m)   -13.08   -9.37   -6.18   -3.36   -1.38   -0.22    0.00    0.00   -0.09
准永久组合+M(kN.m)    0.00    0.00    0.00    0.00    0.37    1.72    2.74    3.42    4.07
准永久组合-M(kN.m)  -10.04   -7.15   -4.56   -2.30   -0.61    0.00    0.00    0.00    0.00
-As(mm2)            99999.    384.    219.    107.     45.      0.      0.      0.      0.
+As(mm2)                0.      0.      0.      0.     45.     83.    132.    169.    212.
基本组合Q(kN)        14.15   13.52   12.13   10.22    8.30    6.86    5.45    4.40    3.87
Asv(mm2)               28.     28.     28.     28.     28.     28.     28.     28.     28.
标准恒载M(kN.m)      -8.01   -5.67   -3.48   -1.60   -0.10    1.05    1.82    2.28    2.58
标准恒载Q(kN)         7.20    6.81    6.04    4.98    3.92    2.86    1.81    1.03    0.65
  
梁编号  22
B*H(mm)=260*300   L(mm)= 1500
                    -I-     -1-     -2-     -3-     -4-     -5-     -6-     -7-     -J-
基本组合+M(kN.m)     0.00    0.00    0.00    0.00    0.00    0.00    0.00    0.00    0.00
基本组合-M(kN.m)   -47.78  -40.84  -34.12  -27.60  -21.30  -15.66  -10.23   -5.03   -0.01
标准组合+M(kN.m)     0.00    0.00    0.00    0.00    0.00    0.00    0.00    0.00    0.00
标准组合-M(kN.m)   -39.19  -33.52  -28.02  -22.69  -17.52  -12.89   -8.43   -4.15   -0.01
准永久组合+M(kN.m)    0.00    0.00    0.00    0.00    0.00    0.00    0.00    0.00    0.00
准永久组合-M(kN.m)  -30.87  -26.37  -22.00  -17.78  -13.70  -10.06   -6.57   -3.22   -0.01
-As(mm2)              639.    536.    440.    350.    266.    193.    156.    156.    156.
+As(mm2)                0.      0.      0.      0.      0.      0.      0.      0.      0.
基本组合Q(kN)        37.54   36.81   35.62   33.97   31.85   29.73   28.07   26.99   26.34
Asv(mm2)               28.     28.     28.     28.     28.     28.     28.     28.     28.
标准恒载M(kN.m)     -25.33  -21.59  -17.99  -14.50  -11.15   -8.17   -5.32   -2.60    0.00
标准恒载Q(kN)        20.28   19.80   19.07   18.10   16.89   15.67   14.70   13.98   13.49
  
梁编号  23
B*H(mm)=150*150   L(mm)= 2700
                    -I-     -1-     -2-     -3-     -4-     -5-     -6-     -7-     -J-
基本组合+M(kN.m)     7.09    7.78    8.50    8.66    8.14    6.96    5.10    2.69    0.00
基本组合-M(kN.m)     0.00    0.00    0.00    0.00    0.00    0.00    0.00    0.00    0.00
标准组合+M(kN.m)     6.27    6.71    7.23    7.31    6.83    5.82    4.25    2.23    0.00
标准组合-M(kN.m)    -0.11    0.00    0.00    0.00    0.00    0.00    0.00    0.00    0.00
准永久组合+M(kN.m)    4.04    4.64    5.18    5.35    5.07    4.37    3.22    1.70    0.00
准永久组合-M(kN.m)    0.00    0.00    0.00    0.00    0.00    0.00    0.00    0.00    0.00
-As(mm2)                0.      0.      0.      0.      0.      0.      0.      0.      0.
+As(mm2)              210.    235.    262.    269.    248.    206.    144.     72.      0.
基本组合Q(kN)         5.54    4.91    3.53    1.62   -2.62   -4.44   -6.35   -7.74   -8.37
Asv(mm2)               28.     28.     28.     28.     28.     28.     28.     28.     28.
标准恒载M(kN.m)       2.56    3.26    3.81    4.04    3.90    3.40    2.53    1.34    0.00
标准恒载Q(kN)         2.33    1.94    1.16    0.11   -0.95   -2.01   -3.06   -3.84   -4.22
  
梁编号  24
B*H(mm)=260*300   L(mm)= 1500
                    -I-     -1-     -2-     -3-     -4-     -5-     -6-     -7-     -J-
基本组合+M(kN.m)     0.00    0.00    0.00    0.00    0.03    0.29    0.37    0.28    0.01
基本组合-M(kN.m)   -19.31  -15.94  -12.77   -9.81   -7.06   -4.98   -3.11   -1.46    0.00
标准组合+M(kN.m)     0.00    0.00    0.08    0.56    0.90    0.87    0.71    0.43    0.01
标准组合-M(kN.m)   -16.83  -13.96  -11.26   -8.71   -6.34   -4.51   -2.84   -1.35    0.00
准永久组合+M(kN.m)    0.00    0.00    0.00    0.00    0.00    0.00    0.00    0.00    0.00
准永久组合-M(kN.m)  -11.30   -9.24   -7.32   -5.54   -3.91   -2.72   -1.67   -0.76    0.00
-As(mm2)              240.    196.    156.    156.    156.    156.    156.    156.      0.
+As(mm2)                0.      0.      0.      0.    156.    156.    156.    156.    156.
基本组合Q(kN)        18.57   17.84   16.65   15.00   12.88   10.76    9.10    7.99    7.34
Asv(mm2)               28.     28.     28.     28.     28.     28.     28.     28.     28.
标准恒载M(kN.m)      -7.61   -6.09   -4.69   -3.42   -2.29   -1.52   -0.88   -0.38    0.00
标准恒载Q(kN)         8.47    7.99    7.26    6.29    5.08    3.86    2.89    2.16    1.68
  
梁编号  25
B*H(mm)=150*150   L(mm)= 2700
                    -I-     -1-     -2-     -3-     -4-     -5-     -6-     -7-     -J-
基本组合+M(kN.m)     0.00    0.00    0.00    0.00    0.00    0.00    0.00    0.00    0.00
基本组合-M(kN.m)  -160.51 -145.29 -130.38 -115.93 -102.31  -89.44  -77.41  -65.89  -54.77
标准组合+M(kN.m)     0.00    0.00    0.00    0.00    0.00    0.00    0.00    0.00    0.00
标准组合-M(kN.m)  -129.15 -116.88 -104.86  -93.21  -82.24  -71.88  -62.19  -52.94  -44.02
准永久组合+M(kN.m)    0.00    0.00    0.00    0.00    0.00    0.00    0.00    0.00    0.00
准永久组合-M(kN.m) -106.69  -96.60  -86.72  -77.14  -68.11  -59.56  -51.56  -43.89  -36.46
-As(mm2)            99999.  99999.  99999.  99999.  99999.  99999.  99999.  99999.  99999.
+As(mm2)                0.      0.      0.      0.      0.      0.      0.      0.      0.
基本组合Q(kN)        45.54   44.91   43.52   41.45   39.24   37.03   34.96   33.57   32.94
Asv(mm2)               80.     79.     75.     69.     62.     56.     50.     46.     44.
标准恒载M(kN.m)     -91.71  -83.08  -74.63  -66.43  -58.69  -51.36  -44.48  -37.85  -31.41
标准恒载Q(kN)        25.84   25.45   24.68   23.54   22.33   21.13   19.99   19.21   18.83
  
梁编号  26
B*H(mm)=260*300   L(mm)= 1750
                    -I-     -1-     -2-     -3-     -4-     -5-     -6-     -7-     -J-
基本组合+M(kN.m)     0.00    0.00    0.00    0.00    0.00    0.00    0.00    0.00    0.00
基本组合-M(kN.m)    -0.13  -25.24  -50.65  -76.37 -102.40 -129.48 -156.87 -184.58 -212.59
标准组合+M(kN.m)     0.00    0.00    0.00    0.00    0.00    0.00    0.00    0.00    0.00
标准组合-M(kN.m)    -0.11  -20.36  -40.86  -61.60  -82.59 -104.43 -126.51 -148.84 -171.42
准永久组合+M(kN.m)    0.00    0.00    0.00    0.00    0.00    0.00    0.00    0.00    0.00
准永久组合-M(kN.m)   -0.09  -16.71  -33.54  -50.59  -67.84  -85.78 -103.93 -122.30 -140.87
-As(mm2)              156.    318.    684.   1129.   1662.  99999.  99999.  99999.  99999.
+As(mm2)                0.      0.      0.      0.      0.      0.      0.      0.      0.
基本组合Q(kN)      -114.09 -114.93 -116.46 -118.61 -121.40 -124.19 -126.35 -127.87 -128.76
Asv(mm2)               29.     29.     31.     33.     36.     39.     41.     43.     44.
标准恒载M(kN.m)      -0.08  -14.28  -28.66  -43.24  -58.01  -73.35  -88.88 -104.60 -120.51
标准恒载Q(kN)       -64.48  -65.07  -65.99  -67.24  -68.82  -70.40  -71.64  -72.57  -73.16
  
梁编号  27
B*H(mm)=150*150   L(mm)= 2700
                    -I-     -1-     -2-     -3-     -4-     -5-     -6-     -7-     -J-
基本组合+M(kN.m)     8.86    0.00    0.00    0.00    0.00    0.00    0.00    0.00    0.00
基本组合-M(kN.m)     0.00  -13.99  -33.33  -53.02  -73.31  -94.16 -115.63 -137.44 -159.59
标准组合+M(kN.m)     7.66    0.00    0.00    0.00    0.00    0.00    0.00    0.00    0.00
标准组合-M(kN.m)     0.00  -11.60  -27.20  -43.06  -59.37  -76.09  -93.27 -110.70 -128.42
准永久组合+M(kN.m)    5.26    0.00    0.00    0.00    0.00    0.00    0.00    0.00    0.00
准永久组合-M(kN.m)    0.00   -8.90  -21.70  -34.76  -48.28  -62.20  -76.58  -91.22 -106.08
-As(mm2)                0.    485.  99999.  99999.  99999.  99999.  99999.  99999.  99999.
+As(mm2)              276.      0.      0.      0.      0.      0.      0.      0.      0.
基本组合Q(kN)       -57.65  -58.17  -59.22  -60.75  -62.38  -64.46  -66.53  -67.92  -68.55
Asv(mm2)               65.     66.     70.     76.     83.     88.     92.     95.     96.
标准恒载M(kN.m)       3.67   -7.09  -18.04  -29.23  -40.89  -52.95  -65.46  -78.23  -91.18
标准恒载Q(kN)       -31.62  -32.01  -32.79  -33.92  -35.13  -36.34  -37.47  -38.25  -38.64
  
梁编号  28
B*H(mm)=260*300   L(mm)= 1750
                    -I-     -1-     -2-     -3-     -4-     -5-     -6-     -7-     -J-
基本组合+M(kN.m)     0.00   12.05   23.82   35.36   46.64   57.15   67.40   77.40   87.14
基本组合-M(kN.m)    -0.03    0.00    0.00    0.00    0.00    0.00    0.00    0.00    0.00
标准组合+M(kN.m)     0.00    9.92   19.62   29.16   38.51   47.28   55.87   64.27   72.47
标准组合-M(kN.m)    -0.02    0.00    0.00    0.00    0.00    0.00    0.00    0.00    0.00
准永久组合+M(kN.m)    0.00    7.74   15.29   22.65   29.83   36.44   42.85   49.08   55.11
准永久组合-M(kN.m)   -0.02    0.00    0.00    0.00    0.00    0.00    0.00    0.00    0.00
-As(mm2)              156.      0.      0.      0.      0.      0.      0.      0.      0.
+As(mm2)                0.    156.    299.    457.    622.    787.    962.   1149.   1353.
基本组合Q(kN)        55.91   55.02   53.63   51.94   49.81   47.68   45.99   44.75   43.95
Asv(mm2)               28.     28.     28.     28.     28.     28.     28.     28.     28.
标准恒载M(kN.m)      -0.01    6.28   12.39   18.32   24.05   29.21   34.17   38.95   43.54
标准恒载Q(kN)        29.23   28.64   27.72   26.47   24.89   23.31   22.06   21.14   20.55
  
梁编号  29
B*H(mm)=150*150   L(mm)= 2700
                    -I-     -1-     -2-     -3-     -4-     -5-     -6-     -7-     -J-
基本组合+M(kN.m)     2.91    4.97    7.08    8.85   10.04   10.50   10.18    9.42    8.70
基本组合-M(kN.m)    -1.09    0.00    0.00    0.00    0.00    0.00    0.00    0.00    0.00
标准组合+M(kN.m)     2.75    4.30    5.96    7.38    8.37    8.78    8.57    7.99    7.53
标准组合-M(kN.m)    -1.33    0.00    0.00    0.00    0.00    0.00    0.00    0.00    0.00
准永久组合+M(kN.m)    1.44    2.94    4.38    5.57    6.32    6.58    6.33    5.77    5.15
准永久组合-M(kN.m)   -0.19    0.00    0.00    0.00    0.00    0.00    0.00    0.00    0.00
-As(mm2)               45.      0.      0.      0.      0.      0.      0.      0.      0.
+As(mm2)               78.    140.    210.    276.    326.    347.    332.    299.    270.
基本组合Q(kN)         9.35    8.72    7.34    5.26    3.06   -2.02   -4.09   -5.48   -6.11
Asv(mm2)               28.     28.     28.     28.     28.     28.     28.     28.     28.
标准恒载M(kN.m)       0.57    2.04    3.33    4.36    4.94    5.12    4.83    4.29    3.57
标准恒载Q(kN)         4.62    4.23    3.46    2.32    1.11   -0.09   -1.23   -2.01   -2.39
  
梁编号  30
B*H(mm)=260*300   L(mm)= 1750
                    -I-     -1-     -2-     -3-     -4-     -5-     -6-     -7-     -J-
基本组合+M(kN.m)     0.01    0.00    0.00    0.00    0.00    0.00    0.00    0.00    0.00
基本组合-M(kN.m)     0.00   -4.13   -8.54  -13.28  -18.33  -24.43  -30.84  -37.55  -44.58
标准组合+M(kN.m)     0.01    0.00    0.00    0.00    0.00    0.00    0.00    0.00    0.00
标准组合-M(kN.m)     0.00   -3.41   -7.03  -10.92  -15.05  -20.04  -25.27  -30.75  -36.47
准永久组合+M(kN.m)    0.01    0.00    0.00    0.00    0.00    0.00    0.00    0.00    0.00
准永久组合-M(kN.m)    0.00   -2.64   -5.48   -8.55  -11.82  -15.78  -19.95  -24.33  -28.93
-As(mm2)                0.    156.    156.    163.    227.    307.    394.    488.    591.
+As(mm2)              156.      0.      0.      0.      0.      0.      0.      0.      0.
基本组合Q(kN)       -18.36  -19.15  -20.54  -22.69  -25.48  -28.27  -30.43  -31.95  -32.84
Asv(mm2)               28.     28.     28.     28.     28.     28.     28.     28.     28.
标准恒载M(kN.m)       0.01   -2.13   -4.45   -6.96   -9.67  -12.94  -16.41  -20.06  -23.90
标准恒载Q(kN)        -9.32   -9.91  -10.83  -12.08  -13.66  -15.24  -16.49  -17.41  -18.00
  
梁编号  31
B*H(mm)=150*150   L(mm)= 3600
                    -I-     -1-     -2-     -3-     -4-     -5-     -6-     -7-     -J-
基本组合+M(kN.m)     0.25    3.32    6.87    9.15   10.14    9.83    8.23    5.33    2.85
基本组合-M(kN.m)    -3.29    0.00    0.00    0.00    0.00    0.00    0.00    0.00   -1.15
标准组合+M(kN.m)     0.61    2.86    5.73    7.58    8.39    8.13    6.84    4.50    2.70
标准组合-M(kN.m)    -3.00    0.00    0.00    0.00    0.00    0.00    0.00    0.00   -1.37
准永久组合+M(kN.m)    0.00    1.98    4.32    5.82    6.47    6.27    5.21    3.29    1.40
准永久组合-M(kN.m)   -1.77    0.00    0.00    0.00    0.00    0.00    0.00    0.00   -0.23
-As(mm2)               90.      0.      0.      0.      0.      0.      0.      0.     45.
+As(mm2)               45.     90.    203.    288.    330.    316.    252.    151.     77.
基本组合Q(kN)        10.66    9.65    7.30    4.36    1.42   -3.04   -5.98   -8.33   -9.34
Asv(mm2)               28.     28.     28.     28.     28.     28.     28.     28.     28.
标准恒载M(kN.m)      -0.94    1.39    3.39    4.65    5.20    5.02    4.12    2.49    0.54
标准恒载Q(kN)         5.52    4.92    3.63    2.02    0.41   -1.20   -2.81   -4.10   -4.70
  
梁编号  32
B*H(mm)=260*300   L(mm)= 1750
                    -I-     -1-     -2-     -3-     -4-     -5-     -6-     -7-     -J-
基本组合+M(kN.m)     0.01    0.00    0.00    0.00    0.00    0.00    0.00    0.00    0.00
基本组合-M(kN.m)     0.00   -3.73   -7.72  -12.05  -16.70  -22.38  -28.38  -34.69  -41.31
标准组合+M(kN.m)     0.00    0.00    0.00    0.00    0.00    0.00    0.00    0.00    0.00
标准组合-M(kN.m)     0.00   -3.11   -6.42  -10.00  -13.82  -18.50  -23.42  -28.59  -34.00
准永久组合+M(kN.m)    0.00    0.00    0.00    0.00    0.00    0.00    0.00    0.00    0.00
准永久组合-M(kN.m)    0.00   -2.35   -4.89   -7.66  -10.63  -14.30  -18.17  -22.25  -26.55
-As(mm2)                0.    156.    156.    156.    206.    280.    360.    448.    543.
+As(mm2)              156.      0.      0.      0.      0.      0.      0.      0.      0.
基本组合Q(kN)       -16.48  -17.28  -18.66  -20.82  -23.61  -26.40  -28.55  -30.08  -30.97
Asv(mm2)               28.     28.     28.     28.     28.     28.     28.     28.     28.
标准恒载M(kN.m)       0.00   -1.84   -3.87   -6.10   -8.51  -11.49  -14.67  -18.03  -21.58
标准恒载Q(kN)        -7.99   -8.59   -9.51  -10.76  -12.33  -13.91  -15.16  -16.08  -16.67
  
梁编号  33
B*H(mm)=150*150   L(mm)= 2700
                    -I-     -1-     -2-     -3-     -4-     -5-     -6-     -7-     -J-
基本组合+M(kN.m)     0.00    0.00    0.38    1.87    2.58    2.57    1.98    1.10    0.30
基本组合-M(kN.m)    -8.29   -5.64   -3.58   -1.88   -0.84   -0.37   -0.78   -1.70   -3.25
标准组合+M(kN.m)     0.00    0.00    0.76    1.91    2.42    2.35    1.87    1.19    0.65
标准组合-M(kN.m)    -7.06   -4.90   -3.28   -1.92   -1.07   -0.65   -0.94   -1.67   -2.97
准永久组合+M(kN.m)    0.00    0.00    0.00    0.77    1.31    1.37    0.99    0.38    0.00
准永久组合-M(kN.m)   -5.05   -3.32   -1.91   -0.76   -0.09    0.00   -0.14   -0.77   -1.73
-As(mm2)              254.    161.     98.     50.     45.     45.     45.     45.     88.
+As(mm2)                0.      0.     45.     50.     69.     69.     53.     45.     45.
基本组合Q(kN)         9.17    8.54    7.15    5.08    2.87   -1.82   -3.89   -5.27   -5.91
Asv(mm2)               28.     28.     28.     28.     28.     28.     28.     28.     28.
标准恒载M(kN.m)      -3.70   -2.26   -1.00    0.01    0.56    0.71    0.40   -0.16   -0.91
标准恒载Q(kN)         4.54    4.16    3.38    2.24    1.04   -0.17   -1.31   -2.08   -2.47
  
梁编号  34
B*H(mm)=260*300   L(mm)= 1750
                    -I-     -1-     -2-     -3-     -4-     -5-     -6-     -7-     -J-
基本组合+M(kN.m)     0.00    0.00    0.00    0.00    0.00    0.00    0.00    0.00    0.00
基本组合-M(kN.m)    -0.01   -2.28   -4.82   -7.69  -10.87  -15.10  -19.64  -24.49  -29.64
标准组合+M(kN.m)     0.00    0.06    0.00    0.00    0.00    0.00    0.00    0.00    0.00
标准组合-M(kN.m)    -0.01   -2.04   -4.27   -6.78   -9.52  -13.12  -16.97  -21.06  -25.39
准永久组合+M(kN.m)    0.00    0.00    0.00    0.00    0.00    0.00    0.00    0.00    0.00
准永久组合-M(kN.m)   -0.01   -1.27   -2.73   -4.41   -6.30   -8.87  -11.66  -14.66  -17.87
-As(mm2)              156.    156.    156.    156.    156.    186.    244.    308.    377.
+As(mm2)                0.      0.      0.      0.      0.      0.      0.      0.      0.
基本组合Q(kN)        -9.82  -10.62  -11.99  -14.15  -16.94  -19.72  -21.88  -23.40  -24.30
Asv(mm2)               28.     28.     28.     28.     28.     28.     28.     28.     28.
标准恒载M(kN.m)       0.00   -0.76   -1.70   -2.83   -4.15   -6.04   -8.12  -10.40  -12.86
标准恒载Q(kN)        -3.00   -3.60   -4.52   -5.77   -7.34   -8.92  -10.17  -11.09  -11.68
  
梁编号  35
B*H(mm)=150*150   L(mm)= 2700
                    -I-     -1-     -2-     -3-     -4-     -5-     -6-     -7-     -J-
基本组合+M(kN.m)     0.00    0.00    0.00    0.00    0.00    0.00    0.00    0.00    0.00
基本组合-M(kN.m)   -29.53  -25.24  -21.28  -17.67  -14.67  -12.21  -10.38   -8.89   -8.26
标准组合+M(kN.m)     0.00    0.00    0.00    0.00    0.00    0.00    0.00    0.00    0.00
标准组合-M(kN.m)   -23.60  -20.28  -17.23  -14.43  -12.09  -10.15   -8.67   -7.45   -7.03
准永久组合+M(kN.m)    0.00    0.00    0.00    0.00    0.00    0.00    0.00    0.00    0.00
准永久组合-M(kN.m)  -19.82  -16.81  -14.02  -11.49   -9.41   -7.73   -6.51   -5.55   -5.02
-As(mm2)            99999.  99999.  99999.  99999.    506.    431.    341.    278.    253.
+As(mm2)                0.      0.      0.      0.      0.      0.      0.      0.      0.
基本组合Q(kN)        15.83   15.19   13.81   11.73    9.66    8.03    6.50    5.45    4.93
Asv(mm2)               28.     28.     28.     28.     28.     28.     28.     28.     28.
标准恒载M(kN.m)     -17.30  -14.50  -11.88   -9.52   -7.62   -6.12   -5.07   -4.29   -3.68
标准恒载Q(kN)         8.55    8.16    7.39    6.25    5.04    3.84    2.70    1.92    1.54
  
梁编号  36
B*H(mm)=260*300   L(mm)= 1750
                    -I-     -1-     -2-     -3-     -4-     -5-     -6-     -7-     -J-
基本组合+M(kN.m)     0.00    0.00    0.00    0.00    0.00    0.00    0.00    0.00    0.00
基本组合-M(kN.m)    -0.02   -7.44  -15.16  -23.20  -31.55  -40.94  -50.64  -60.66  -70.98
标准组合+M(kN.m)     0.00    0.00    0.00    0.00    0.00    0.00    0.00    0.00    0.00
标准组合-M(kN.m)    -0.02   -6.01  -12.26  -18.74  -25.48  -33.06  -40.89  -48.97  -57.29
准永久组合+M(kN.m)    0.00    0.00    0.00    0.00    0.00    0.00    0.00    0.00    0.00
准永久组合-M(kN.m)   -0.01   -4.91  -10.01  -15.33  -20.86  -27.07  -33.50  -40.13  -46.98
-As(mm2)              156.    156.    187.    291.    404.    537.    684.    845.   1027.
+As(mm2)                0.      0.      0.      0.      0.      0.      0.      0.      0.
基本组合Q(kN)       -33.24  -34.08  -35.61  -37.76  -40.55  -43.34  -45.50  -47.02  -47.91
Asv(mm2)               28.     28.     28.     28.     28.     28.     28.     28.     28.
标准恒载M(kN.m)      -0.01   -4.17   -8.52  -13.05  -17.78  -23.08  -28.57  -34.25  -40.11
标准恒载Q(kN)       -18.58  -19.17  -20.09  -21.34  -22.92  -24.49  -25.74  -26.66  -27.26
  
梁编号  37
B*H(mm)=150*150   L(mm)= 3960
                    -I-     -1-     -2-     -3-     -4-     -5-     -6-     -7-     -J-
基本组合+M(kN.m)     0.00    0.00    0.00    0.00    0.00    0.00    0.00    0.51    2.91
基本组合-M(kN.m)   -57.13  -44.81  -33.28  -23.39  -15.10   -8.41   -3.47   -0.27    0.00
标准组合+M(kN.m)     0.00    0.00    0.00    0.00    0.00    0.00    0.00    0.51    2.34
标准组合-M(kN.m)   -45.90  -35.96  -26.65  -18.68  -12.02   -6.66   -2.75   -0.27    0.00
准永久组合+M(kN.m)    0.00    0.00    0.00    0.00    0.00    0.00    0.00    0.21    1.93
准永久组合-M(kN.m)  -38.05  -29.90  -22.26  -15.70  -10.19   -5.72   -2.36   -0.11    0.00
-As(mm2)            99999.  99999.  99999.  99999.    519.    259.     95.     45.      0.
+As(mm2)                0.      0.      0.      0.      0.      0.      0.     45.     79.
基本组合Q(kN)        25.55   24.36   21.60   18.36   15.13   11.89    8.66    5.90    4.73
Asv(mm2)               23.     20.     17.     17.     28.     28.     28.     28.     28.
标准恒载M(kN.m)     -32.83  -25.86  -19.34  -13.71   -8.96   -5.09   -2.09    0.01    1.66
标准恒载Q(kN)        14.46   13.77   12.25   10.48    8.71    6.94    5.17    3.65    2.95
  
梁编号  38
B*H(mm)=260*300   L(mm)= 1750
                    -I-     -1-     -2-     -3-     -4-     -5-     -6-     -7-     -J-
基本组合+M(kN.m)     0.00    1.40    2.55    3.39    3.93    3.41    2.58    1.44    0.00
基本组合-M(kN.m)    -0.08    0.00    0.00    0.00    0.00    0.00    0.00    0.00    0.00
标准组合+M(kN.m)     0.00    1.12    2.04    2.72    3.15    2.73    2.07    1.15    0.00
标准组合-M(kN.m)    -0.06    0.00    0.00    0.00    0.00    0.00    0.00    0.00    0.00
准永久组合+M(kN.m)    0.00    0.94    1.71    2.27    2.62    2.28    1.73    0.97    0.00
准永久组合-M(kN.m)   -0.05    0.00    0.00    0.00    0.00    0.00    0.00    0.00    0.00
-As(mm2)              156.      0.      0.      0.      0.      0.      0.      0.    156.
+As(mm2)                0.    156.    156.    156.    156.    156.    156.    156.      0.
基本组合Q(kN)         7.41    6.51    4.99    2.83    0.05   -2.75   -4.91   -6.43   -7.32
Asv(mm2)               28.     28.     28.     28.     28.     28.     28.     28.     28.
标准恒载M(kN.m)      -0.05    0.81    1.49    1.97    2.26    1.98    1.51    0.85    0.00
标准恒载Q(kN)         4.37    3.78    2.85    1.61    0.03   -1.55   -2.80   -3.72   -4.31
