 ====================================================
       3 层楼面主梁计算结果文件
 ====================================================
砼等级： 25;   纵筋:HRB(F)335         ;  箍筋:HPB300            间距=100mm
梁总数：  39
荷载基本组合：      永久荷载控制1.35D+1.4ΨcL
活荷载组合值系数Ψc:      0.70
活荷载准永久值系数Ψq:    0.40
弯矩调幅系数:    1.00
  
梁编号   1
B*H(mm)=260*300   L(mm)= 5960
                    -I-     -1-     -2-     -3-     -4-     -5-     -6-     -7-     -J-
基本组合+M(kN.m)     0.00    0.00    0.00    0.00    0.94    0.62    0.00    0.00    0.00
基本组合-M(kN.m)   -18.53  -12.76   -8.49   -5.69   -4.35   -4.47   -6.05   -9.10  -13.64
标准组合+M(kN.m)     0.00    0.00    0.00    0.22    1.06    0.82    0.00    0.00    0.00
标准组合-M(kN.m)   -15.02  -10.69   -7.49   -5.37   -4.33   -4.38   -5.51   -7.72  -11.06
准永久组合+M(kN.m)    0.00    0.00    0.00    0.00    0.26    0.04    0.00    0.00    0.00
准永久组合-M(kN.m)  -12.18   -7.98   -4.87   -2.84   -1.90   -2.04   -3.26   -5.57   -8.97
-As(mm2)              230.    156.    156.    156.    156.    156.    156.    156.    167.
+As(mm2)                0.      0.      0.      0.    156.    156.      0.      0.      0.
基本组合Q(kN)         9.17    7.21    5.25    3.29    1.33   -1.91   -3.87   -5.83   -7.79
Asv(mm2)               28.     28.     28.     28.     28.     28.     28.     28.     28.
标准恒载M(kN.m)     -10.30   -6.17   -3.12   -1.16   -0.28   -0.48   -1.77   -4.13   -7.58
标准恒载Q(kN)         6.27    4.81    3.36    1.91    0.46   -1.00   -2.45   -3.90   -5.36
  
梁编号   2
B*H(mm)=260*300   L(mm)= 5960
                    -I-     -1-     -2-     -3-     -4-     -5-     -6-     -7-     -J-
基本组合+M(kN.m)     0.00    6.18   38.05   57.38   64.47   59.31   41.89   11.93    0.00
基本组合-M(kN.m)   -43.00  -10.63    0.00    0.00    0.00    0.00    0.00   -3.32  -32.70
标准组合+M(kN.m)     0.00    6.93   32.61   48.15   53.82   49.60   35.47   11.21    0.00
标准组合-M(kN.m)   -35.10  -10.21    0.00    0.00    0.00    0.00    0.00   -4.35  -26.72
准永久组合+M(kN.m)    0.00    1.77   22.92   35.78   40.54   37.20   25.75    6.01    0.00
准永久组合-M(kN.m)  -27.98   -5.09    0.00    0.00    0.00    0.00    0.00   -0.22  -21.25
-As(mm2)              567.    156.      0.      0.      0.      0.      0.    156.    420.
+As(mm2)                0.    156.    495.    791.    910.    823.    551.    156.      0.
基本组合Q(kN)        55.63   49.67   35.84   19.37    2.91  -16.36  -32.83  -46.65  -52.62
Asv(mm2)               28.     28.     28.     28.     28.     28.     28.     28.     28.
标准恒载M(kN.m)     -23.22   -1.67   16.46   27.53   31.69   28.93   19.26    2.54  -17.61
标准恒载Q(kN)        30.96   27.35   19.50   10.22    0.94   -8.34  -17.61  -25.47  -29.08
  
梁编号   3
B*H(mm)=260*300   L(mm)= 5960
                    -I-     -1-     -2-     -3-     -4-     -5-     -6-     -7-     -J-
基本组合+M(kN.m)     0.00    5.43   37.29   56.66   63.82   58.74   41.43   11.61    0.00
基本组合-M(kN.m)   -44.16  -11.16    0.00    0.00    0.00    0.00    0.00   -3.51  -33.35
标准组合+M(kN.m)     0.00    6.31   31.96   47.53   53.25   49.09   35.06   10.94    0.00
标准组合-M(kN.m)   -36.13  -10.61    0.00    0.00    0.00    0.00    0.00   -4.49  -27.35
准永久组合+M(kN.m)    0.00    1.29   22.46   35.35   40.16   36.87   25.48    5.82    0.00
准永久组合-M(kN.m)  -28.64   -5.47    0.00    0.00    0.00    0.00    0.00   -0.35  -21.56
-As(mm2)              585.    156.      0.      0.      0.      0.      0.    156.    429.
+As(mm2)                0.    156.    484.    779.    899.    813.    544.    156.      0.
基本组合Q(kN)        55.79   49.83   36.00   19.53    3.07  -16.34  -32.81  -46.63  -52.60
Asv(mm2)               28.     28.     28.     28.     28.     28.     28.     28.     28.
标准恒载M(kN.m)     -23.64   -2.05   16.12   27.23   31.43   28.71   19.09    2.40  -17.71
标准恒载Q(kN)        31.02   27.40   19.55   10.27    1.00   -8.28  -17.56  -25.41  -29.02
  
梁编号   4
B*H(mm)=260*300   L(mm)= 5960
                    -I-     -1-     -2-     -3-     -4-     -5-     -6-     -7-     -J-
基本组合+M(kN.m)     0.00    0.00    0.00    0.00    0.00    0.00    0.00    0.00    0.00
基本组合-M(kN.m)   -45.55  -38.69  -33.51  -29.81  -27.61  -26.90  -27.67  -29.91  -33.84
标准组合+M(kN.m)     0.00    0.00    0.00    0.00    0.00    0.00    0.00    0.00    0.00
标准组合-M(kN.m)   -37.11  -31.84  -27.89  -25.03  -23.29  -22.67  -23.15  -24.72  -27.61
准永久组合+M(kN.m)    0.00    0.00    0.00    0.00    0.00    0.00    0.00    0.00    0.00
准永久组合-M(kN.m)  -29.73  -24.86  -21.18  -18.57  -17.07  -16.66  -17.34  -19.11  -22.05
-As(mm2)              605.    504.    431.    380.    350.    340.    351.    381.    436.
+As(mm2)                0.      0.      0.      0.      0.      0.      0.      0.      0.
基本组合Q(kN)        11.20    9.24    7.28    5.32    3.35   -1.96   -3.92   -5.88   -7.85
Asv(mm2)               28.     28.     28.     28.     28.     28.     28.     28.     28.
标准恒载M(kN.m)     -24.81  -20.21  -16.70  -14.27  -12.92  -12.65  -13.47  -15.37  -18.35
标准恒载Q(kN)         6.90    5.44    3.99    2.54    1.08   -0.37   -1.82   -3.27   -4.73
  
梁编号   5
B*H(mm)=260*300   L(mm)= 5960
                    -I-     -1-     -2-     -3-     -4-     -5-     -6-     -7-     -J-
基本组合+M(kN.m)     0.00    0.00    0.00    0.00    0.00    0.00    0.00    0.00    0.00
基本组合-M(kN.m)   -46.44  -38.27  -31.81  -26.94  -23.73  -22.02  -21.78  -23.01  -25.93
标准组合+M(kN.m)     0.00    0.00    0.00    0.00    0.00    0.00    0.00    0.00    0.00
标准组合-M(kN.m)   -37.81  -31.51  -26.53  -22.78  -20.31  -18.95  -18.70  -19.54  -21.69
准永久组合+M(kN.m)    0.00    0.00    0.00    0.00    0.00    0.00    0.00    0.00    0.00
准永久组合-M(kN.m)  -30.35  -24.60  -20.03  -16.60  -14.33  -13.16  -13.08  -14.08  -16.26
-As(mm2)              619.    499.    407.    341.    298.    275.    272.    288.    327.
+As(mm2)                0.      0.      0.      0.      0.      0.      0.      0.      0.
基本组合Q(kN)        13.00   11.04    9.08    7.12    5.15    3.19   -2.50   -4.46   -6.42
Asv(mm2)               28.     28.     28.     28.     28.     28.     28.     28.     28.
标准恒载M(kN.m)     -25.37  -19.99  -15.69  -12.48  -10.35   -9.30   -9.33  -10.44  -12.64
标准恒载Q(kN)         7.95    6.50    5.04    3.59    2.14    0.68   -0.77   -2.22   -3.67
  
梁编号   6
B*H(mm)=260*300   L(mm)= 5960
                    -I-     -1-     -2-     -3-     -4-     -5-     -6-     -7-     -J-
基本组合+M(kN.m)    91.81  109.15  123.58  125.51  115.20   92.64   57.84   10.83    0.00
基本组合-M(kN.m)     0.00    0.00    0.00    0.00    0.00    0.00    0.00   -4.40  -51.92
标准组合+M(kN.m)    75.93   89.31  101.01  102.62   94.36   76.20   48.17   10.34    0.00
标准组合-M(kN.m)     0.00    0.00    0.00    0.00    0.00    0.00    0.00   -5.20  -42.25
准永久组合+M(kN.m)   58.58   70.79   80.27   81.48   74.59   59.60   36.51    5.26    0.00
准永久组合-M(kN.m)    0.00    0.00    0.00    0.00    0.00    0.00    0.00   -0.95  -33.94
-As(mm2)                0.      0.      0.      0.      0.      0.      0.    156.    703.
+As(mm2)             1461.   1749.  99999.  99999.   1826.   1481.    799.    156.      0.
基本组合Q(kN)        37.44   31.48   17.65  -10.91  -23.45  -39.92  -56.39  -70.21  -76.18
Asv(mm2)               28.     28.     28.     28.     28.     28.     28.     28.     28.
标准恒载M(kN.m)      47.01   58.44   66.44   67.38   61.41   48.53   28.73    1.88  -28.40
标准恒载Q(kN)        17.37   13.76    5.90   -3.38  -12.65  -21.93  -31.21  -39.06  -42.67
  
梁编号   7
B*H(mm)=260*300   L(mm)= 5960
                    -I-     -1-     -2-     -3-     -4-     -5-     -6-     -7-     -J-
基本组合+M(kN.m)     0.00    0.00    0.00    0.00    0.00   13.36   15.73    5.56    0.00
基本组合-M(kN.m)  -227.37 -171.89 -121.58  -80.82  -49.39  -27.30  -14.56  -11.37  -19.24
标准组合+M(kN.m)     0.00    0.00    0.00    0.00    5.29   15.65   16.14    6.50    0.00
标准组合-M(kN.m)  -182.37 -139.48 -100.57  -68.74  -43.83  -25.82  -14.76  -10.77  -16.78
准永久组合+M(kN.m)    0.00    0.00    0.00    0.00    0.00    3.04    6.31    1.29    0.00
准永久组合-M(kN.m) -151.82 -112.86  -77.55  -49.31  -27.97  -13.55   -6.06   -5.62  -11.24
-As(mm2)            99999.  99999.   1908.   1218.    664.    346.    179.    156.    239.
+As(mm2)                0.      0.      0.      0.      0.    164.    194.    156.      0.
基本组合Q(kN)        89.57   83.61   69.78   53.31   37.17   24.64   12.12  -20.16  -26.13
Asv(mm2)               33.     29.     29.     28.     28.     28.     28.     28.     28.
标准恒载M(kN.m)    -131.46  -95.12  -62.20  -36.35  -17.40   -5.37   -0.25   -2.19   -7.55
标准恒载Q(kN)        50.81   47.20   39.34   30.07   20.79   11.51    2.23   -5.62   -9.23
  
梁编号   8
B*H(mm)=260*300   L(mm)= 3960
                    -I-     -1-     -2-     -3-     -4-     -5-     -6-     -7-     -J-
基本组合+M(kN.m)     0.00   15.40   27.96   37.67   43.01   37.67   27.96   15.40    0.00
基本组合-M(kN.m)     0.00    0.00    0.00    0.00    0.00    0.00    0.00    0.00    0.00
标准组合+M(kN.m)     0.00   12.38   22.49   30.33   34.68   30.33   22.49   12.38    0.00
标准组合-M(kN.m)     0.00    0.00    0.00    0.00    0.00    0.00    0.00    0.00    0.00
准永久组合+M(kN.m)    0.00   10.25   18.59   25.02   28.51   25.02   18.59   10.25    0.00
准永久组合-M(kN.m)    0.00    0.00    0.00    0.00    0.00    0.00    0.00    0.00    0.00
-As(mm2)                0.      0.      0.      0.      0.      0.      0.      0.      0.
+As(mm2)                0.    190.    354.    490.    568.    490.    354.    190.      0.
基本组合Q(kN)        33.98   30.87   24.13   13.78    0.00  -13.78  -24.13  -30.87  -33.98
Asv(mm2)               28.     28.     28.     28.     28.     28.     28.     28.     28.
标准恒载M(kN.m)       0.00    8.82   15.98   21.48   24.39   21.48   15.98    8.82    0.00
标准恒载Q(kN)        19.50   17.55   13.63    7.74    0.00   -7.74  -13.63  -17.55  -19.50
  
梁编号   9
B*H(mm)=260*300   L(mm)= 1750
                    -I-     -1-     -2-     -3-     -4-     -5-     -6-     -7-     -J-
基本组合+M(kN.m)     0.00    0.00    0.00    0.00    0.00    0.00    0.00    0.00    0.00
基本组合-M(kN.m)     0.00   -1.32   -2.87   -4.64   -6.64   -9.27  -12.13  -15.21  -18.53
标准组合+M(kN.m)     0.00    0.00    0.00    0.00    0.00    0.00    0.00    0.00    0.00
标准组合-M(kN.m)     0.00   -1.10   -2.37   -3.82   -5.45   -7.57   -9.88  -12.36  -15.02
准永久组合+M(kN.m)    0.00    0.00    0.00    0.00    0.00    0.00    0.00    0.00    0.00
准永久组合-M(kN.m)    0.00   -0.84   -1.83   -2.98   -4.30   -6.03   -7.92   -9.97  -12.18
-As(mm2)                0.    156.    156.    156.    156.    156.    156.    187.    230.
+As(mm2)              156.      0.      0.      0.      0.      0.      0.      0.      0.
基本组合Q(kN)        -5.55   -6.27   -7.36   -8.80  -10.59  -12.37  -13.81  -14.90  -15.65
Asv(mm2)               28.     28.     28.     28.     28.     28.     28.     28.     28.
标准恒载M(kN.m)       0.00   -0.66   -1.47   -2.43   -3.53   -5.00   -6.62   -8.38  -10.30
标准恒载Q(kN)        -2.69   -3.21   -3.91   -4.81   -5.88   -6.96   -7.85   -8.56   -9.08
  
梁编号  10
B*H(mm)=150*150   L(mm)= 2700
                    -I-     -1-     -2-     -3-     -4-     -5-     -6-     -7-     -J-
基本组合+M(kN.m)     0.02    1.70    3.09    3.98    3.96    3.14    1.42    0.00    0.00
基本组合-M(kN.m)    -0.01    0.00    0.00    0.00    0.00   -0.19   -2.02   -4.23   -7.07
标准组合+M(kN.m)     0.02    1.43    2.61    3.39    3.44    2.84    1.51    0.00    0.00
标准组合-M(kN.m)    -0.01    0.00    0.00    0.00    0.00   -0.56   -2.00   -3.72   -6.01
准永久组合+M(kN.m)    0.01    1.06    1.90    2.42    2.33    1.72    0.51    0.00    0.00
准永久组合-M(kN.m)    0.00    0.00    0.00    0.00    0.00    0.00   -0.89   -2.43   -4.31
-As(mm2)               45.      0.      0.      0.      0.     45.     54.    117.    209.
+As(mm2)               45.     45.     84.    110.    109.     85.     45.      0.      0.
基本组合Q(kN)         5.55    4.88    3.39    1.15   -2.62   -5.01   -7.25   -8.74   -9.40
Asv(mm2)               28.     28.     28.     28.     28.     28.     28.     28.     28.
标准恒载M(kN.m)       0.00    0.81    1.43    1.77    1.59    0.97   -0.16   -1.57   -3.17
标准恒载Q(kN)         2.69    2.28    1.42    0.16   -1.18   -2.52   -3.78   -4.63   -5.04
  
梁编号  11
B*H(mm)=260*300   L(mm)= 1750
                    -I-     -1-     -2-     -3-     -4-     -5-     -6-     -7-     -J-
基本组合+M(kN.m)     0.25    1.22    1.95    2.46    2.74    2.40    1.82    1.02    0.00
基本组合-M(kN.m)     0.00    0.00    0.00    0.00    0.00    0.00    0.00    0.00    0.00
标准组合+M(kN.m)     0.20    0.96    1.53    1.94    2.16    1.88    1.43    0.80    0.00
标准组合-M(kN.m)     0.00    0.00    0.00    0.00    0.00    0.00    0.00    0.00    0.00
准永久组合+M(kN.m)    0.17    0.83    1.34    1.69    1.88    1.65    1.25    0.71    0.00
准永久组合-M(kN.m)    0.00    0.00    0.00    0.00    0.00    0.00    0.00    0.00    0.00
-As(mm2)                0.      0.      0.      0.      0.      0.      0.      0.    156.
+As(mm2)              156.    156.    156.    156.    156.    156.    156.    156.      0.
基本组合Q(kN)         4.95    4.21    3.11    1.67   -0.14   -1.92   -3.36   -4.45   -5.20
Asv(mm2)               28.     28.     28.     28.     28.     28.     28.     28.     28.
标准恒载M(kN.m)       0.15    0.75    1.21    1.52    1.69    1.49    1.14    0.64    0.00
标准恒载Q(kN)         3.12    2.60    1.89    1.00   -0.08   -1.16   -2.05   -2.75   -3.27
  
梁编号  12
B*H(mm)=150*150   L(mm)= 2700
                    -I-     -1-     -2-     -3-     -4-     -5-     -6-     -7-     -J-
基本组合+M(kN.m)     0.02    1.57    2.86    3.55    3.50    2.75    1.25    0.00    0.00
基本组合-M(kN.m)     0.00    0.00    0.00    0.00    0.00   -0.22   -1.83   -3.89   -6.58
标准组合+M(kN.m)     0.02    1.32    2.41    3.03    3.04    2.49    1.33    0.00    0.00
标准组合-M(kN.m)    -0.01    0.00    0.00    0.00    0.00   -0.54   -1.80   -3.41   -5.59
准永久组合+M(kN.m)    0.01    0.98    1.77    2.16    2.06    1.50    0.44    0.00    0.00
准永久组合-M(kN.m)    0.00    0.00    0.00    0.00    0.00    0.00   -0.81   -2.25   -4.03
-As(mm2)               45.      0.      0.      0.      0.     45.     48.    107.    193.
+As(mm2)               45.     45.     77.     97.     96.     74.     45.      0.      0.
基本组合Q(kN)         5.11    4.44    2.95    0.89   -2.44   -4.52   -6.59   -8.07   -8.74
Asv(mm2)               28.     28.     28.     28.     28.     28.     28.     28.     28.
标准恒载M(kN.m)       0.00    0.76    1.34    1.58    1.41    0.84   -0.15   -1.48   -2.98
标准恒载Q(kN)         2.50    2.09    1.23    0.07   -1.11   -2.28   -3.44   -4.30   -4.71
  
梁编号  13
B*H(mm)=260*300   L(mm)= 1500
                    -I-     -1-     -2-     -3-     -4-     -5-     -6-     -7-     -J-
基本组合+M(kN.m)     0.00    0.00    0.00    0.00    0.00    0.00    0.00    0.00    0.00
基本组合-M(kN.m)   -13.64  -11.26   -9.04   -6.98   -5.07   -3.57   -2.22   -1.03    0.00
标准组合+M(kN.m)     0.00    0.00    0.00    0.00    0.00    0.00    0.00    0.00    0.00
标准组合-M(kN.m)   -11.06   -9.15   -7.36   -5.70   -4.15   -2.93   -1.83   -0.86    0.00
准永久组合+M(kN.m)    0.00    0.00    0.00    0.00    0.00    0.00    0.00    0.00    0.00
准永久组合-M(kN.m)   -8.97   -7.38   -5.90   -4.54   -3.28   -2.29   -1.42   -0.65    0.00
-As(mm2)              167.    156.    156.    156.    156.    156.    156.    156.      0.
+As(mm2)                0.      0.      0.      0.      0.      0.      0.      0.    156.
基本组合Q(kN)        13.10   12.48   11.60   10.48    9.10    7.71    6.59    5.71    5.11
Asv(mm2)               28.     28.     28.     28.     28.     28.     28.     28.     28.
标准恒载M(kN.m)      -7.58   -6.20   -4.93   -3.76   -2.69   -1.87   -1.14   -0.52    0.00
标准恒载Q(kN)         7.61    7.18    6.61    5.90    5.05    4.21    3.50    2.93    2.50
  
梁编号  14
B*H(mm)=150*150   L(mm)= 2700
                    -I-     -1-     -2-     -3-     -4-     -5-     -6-     -7-     -J-
基本组合+M(kN.m)     0.00    0.00    0.00    0.29    0.52    0.08    0.00    0.00    0.00
基本组合-M(kN.m)    -6.57   -4.44   -2.93   -1.97   -1.82   -2.23   -3.49   -5.26   -7.63
标准组合+M(kN.m)     0.00    0.00    0.00    0.48    0.67    0.32    0.00    0.00    0.00
标准组合-M(kN.m)    -5.58   -3.81   -2.59   -1.82   -1.71   -2.03   -3.05   -4.47   -6.44
准永久组合+M(kN.m)    0.00    0.00    0.00    0.00    0.04    0.00    0.00    0.00    0.00
准永久组合-M(kN.m)   -4.02   -2.68   -1.66   -1.03   -0.91   -1.20   -2.03   -3.21   -4.72
-As(mm2)              192.    124.     79.     52.     48.     60.     95.    149.    230.
+As(mm2)                0.      0.      0.     45.     45.     45.      0.      0.      0.
基本组合Q(kN)         7.19    6.52    5.04    2.97   -1.59   -3.68   -5.74   -7.23   -7.89
Asv(mm2)               28.     28.     28.     28.     28.     28.     28.     28.     28.
标准恒载M(kN.m)      -2.97   -1.92   -1.04   -0.50   -0.38   -0.65   -1.34   -2.37   -3.58
标准恒载Q(kN)         3.38    2.97    2.11    0.95   -0.22   -1.40   -2.56   -3.42   -3.83
  
梁编号  15
B*H(mm)=260*300   L(mm)= 1500
                    -I-     -1-     -2-     -3-     -4-     -5-     -6-     -7-     -J-
基本组合+M(kN.m)     0.00    0.00    0.00    0.00    0.00    0.00    0.00    0.00    0.00
基本组合-M(kN.m)   -32.70  -27.59  -22.70  -18.03  -13.58   -9.86   -6.35   -3.08    0.00
标准组合+M(kN.m)     0.00    0.00    0.00    0.00    0.00    0.00    0.00    0.00    0.00
标准组合-M(kN.m)   -26.72  -22.57  -18.59  -14.79  -11.15   -8.11   -5.23   -2.54    0.00
准永久组合+M(kN.m)    0.00    0.00    0.00    0.00    0.00    0.00    0.00    0.00    0.00
准永久组合-M(kN.m)  -21.25  -17.90  -14.71  -11.66   -8.76   -6.34   -4.08   -1.97    0.00
-As(mm2)              420.    350.    284.    223.    166.    156.    156.    156.    156.
+As(mm2)                0.      0.      0.      0.      0.      0.      0.      0.      0.
基本组合Q(kN)        27.83   27.08   25.83   24.07   21.80   19.53   17.77   16.59   15.91
Asv(mm2)               28.     28.     28.     28.     28.     28.     28.     28.     28.
标准恒载M(kN.m)     -17.61  -14.79  -12.11   -9.57   -7.16   -5.17   -3.31   -1.59    0.00
标准恒载Q(kN)        15.39   14.89   14.11   13.06   11.74   10.42    9.37    8.59    8.09
  
梁编号  16
B*H(mm)=150*150   L(mm)= 2700
                    -I-     -1-     -2-     -3-     -4-     -5-     -6-     -7-     -J-
基本组合+M(kN.m)     0.00    0.00    0.00    1.26    1.82    1.71    1.07    0.00    0.00
基本组合-M(kN.m)    -7.65   -5.15   -3.24   -1.80   -0.95   -0.67   -1.17   -2.26   -3.93
标准组合+M(kN.m)     0.00    0.00    0.37    1.34    1.75    1.62    1.11    0.26    0.00
标准组合-M(kN.m)    -6.45   -4.41   -2.92   -1.77   -1.08   -0.80   -1.17   -2.01   -3.39
准永久组合+M(kN.m)    0.00    0.00    0.00    0.44    0.87    0.84    0.41    0.00    0.00
准永久组合-M(kN.m)   -4.73   -3.10   -1.78   -0.81   -0.26   -0.13   -0.50   -1.26   -2.34
-As(mm2)              230.    146.     88.     47.     45.     45.     45.     60.    108.
+As(mm2)                0.      0.      0.     45.     48.     45.     45.      0.      0.
基本组合Q(kN)         8.55    7.88    6.39    4.33    2.25   -1.99   -4.05   -5.54   -6.20
Asv(mm2)               28.     28.     28.     28.     28.     28.     28.     28.     28.
标准恒载M(kN.m)      -3.59   -2.22   -1.02   -0.16    0.28    0.32   -0.05   -0.76   -1.65
标准恒载Q(kN)         4.32    3.91    3.06    1.89    0.72   -0.45   -1.62   -2.47   -2.88
  
梁编号  17
B*H(mm)=260*300   L(mm)= 1500
                    -I-     -1-     -2-     -3-     -4-     -5-     -6-     -7-     -J-
基本组合+M(kN.m)     0.00    0.00    0.00    0.00    0.00    0.00    0.00    0.00    0.00
基本组合-M(kN.m)   -33.35  -28.16  -23.19  -18.44  -13.91  -10.10   -6.52   -3.17    0.00
标准组合+M(kN.m)     0.00    0.00    0.00    0.00    0.00    0.00    0.00    0.00    0.00
标准组合-M(kN.m)   -27.35  -23.12  -19.06  -15.18  -11.47   -8.34   -5.39   -2.63    0.00
准永久组合+M(kN.m)    0.00    0.00    0.00    0.00    0.00    0.00    0.00    0.00    0.00
准永久组合-M(kN.m)  -21.56  -18.17  -14.94  -11.85   -8.91   -6.46   -4.16   -2.01    0.00
-As(mm2)              429.    357.    291.    229.    171.    156.    156.    156.    156.
+As(mm2)                0.      0.      0.      0.      0.      0.      0.      0.      0.
基本组合Q(kN)        28.26   27.52   26.26   24.50   22.23   19.96   18.20   17.06   16.38
Asv(mm2)               28.     28.     28.     28.     28.     28.     28.     28.     28.
标准恒载M(kN.m)     -17.71  -14.88  -12.19   -9.63   -7.21   -5.20   -3.33   -1.60    0.00
标准恒载Q(kN)        15.45   14.95   14.18   13.13   11.80   10.48    9.43    8.65    8.15
  
梁编号  18
B*H(mm)=150*150   L(mm)= 3600
                    -I-     -1-     -2-     -3-     -4-     -5-     -6-     -7-     -J-
基本组合+M(kN.m)     0.00    2.05    5.57    7.82    8.84    8.64    7.21    4.52    2.10
基本组合-M(kN.m)    -3.97    0.00    0.00    0.00    0.00    0.00    0.00    0.00   -1.36
标准组合+M(kN.m)     0.00    1.82    4.64    6.44    7.27    7.10    5.96    3.79    2.06
标准组合-M(kN.m)    -3.42    0.00    0.00    0.00    0.00    0.00    0.00    0.00   -1.48
准永久组合+M(kN.m)    0.00    1.17    3.51    5.01    5.69    5.56    4.61    2.81    0.96
准永久组合-M(kN.m)   -2.37    0.00    0.00    0.00    0.00    0.00    0.00    0.00   -0.45
-As(mm2)              110.      0.      0.      0.      0.      0.      0.      0.     45.
+As(mm2)                0.     55.    159.    236.    276.    268.    215.    126.     56.
基本组合Q(kN)        10.50    9.43    6.98    4.20    1.43   -2.59   -5.36   -7.81   -8.89
Asv(mm2)               28.     28.     28.     28.     28.     28.     28.     28.     28.
标准恒载M(kN.m)      -1.67    0.74    2.76    4.05    4.64    4.53    3.71    2.16    0.23
标准恒载Q(kN)         5.70    5.05    3.66    2.09    0.53   -1.04   -2.60   -4.00   -4.64
  
梁编号  19
B*H(mm)=260*300   L(mm)= 1500
                    -I-     -1-     -2-     -3-     -4-     -5-     -6-     -7-     -J-
基本组合+M(kN.m)     0.00    0.00    0.00    0.00    0.00    0.00    0.00    0.00    0.00
基本组合-M(kN.m)   -33.84  -28.59  -23.56  -18.74  -14.15  -10.28   -6.63   -3.21    0.00
标准组合+M(kN.m)     0.00    0.00    0.00    0.00    0.00    0.00    0.00    0.00    0.00
标准组合-M(kN.m)   -27.61  -23.34  -19.26  -15.34  -11.60   -8.44   -5.45   -2.65    0.00
准永久组合+M(kN.m)    0.00    0.00    0.00    0.00    0.00    0.00    0.00    0.00    0.00
准永久组合-M(kN.m)  -22.05  -18.60  -15.30  -12.15   -9.16   -6.64   -4.27   -2.06    0.00
-As(mm2)              436.    363.    296.    232.    174.    156.    156.    156.      0.
+As(mm2)                0.      0.      0.      0.      0.      0.      0.      0.    156.
基本组合Q(kN)        28.59   27.85   26.59   24.83   22.56   20.30   18.53   17.35   16.67
Asv(mm2)               28.     28.     28.     28.     28.     28.     28.     28.     28.
标准恒载M(kN.m)     -18.35  -15.44  -12.66  -10.03   -7.53   -5.44   -3.49   -1.68    0.00
标准恒载Q(kN)        15.88   15.38   14.60   13.55   12.23   10.91    9.86    9.08    8.58
  
梁编号  20
B*H(mm)=150*150   L(mm)= 2700
                    -I-     -1-     -2-     -3-     -4-     -5-     -6-     -7-     -J-
基本组合+M(kN.m)     2.17    1.59    1.15    0.56    0.00    0.00    0.00    0.00    0.00
基本组合-M(kN.m)    -1.31   -0.86   -1.08   -2.19   -4.09   -6.56   -9.61  -13.13  -17.25
标准组合+M(kN.m)     2.11    1.53    1.17    0.77    0.00    0.00    0.00    0.00    0.00
标准组合-M(kN.m)    -1.43   -0.96   -1.10   -2.03   -3.60   -5.60   -8.04  -10.83  -14.16
准永久组合+M(kN.m)    1.00    0.75    0.47    0.00    0.00    0.00    0.00    0.00    0.00
准永久组合-M(kN.m)   -0.41   -0.25   -0.44   -1.14   -2.35   -3.97   -6.02   -8.42  -11.13
-As(mm2)               45.     45.     45.     58.    113.    192.    307.    459.  99999.
+As(mm2)               58.     45.     45.     45.      0.      0.      0.      0.      0.
基本组合Q(kN)         2.54   -2.70   -3.85   -5.42   -7.01   -9.09  -11.15  -12.64  -13.31
Asv(mm2)               28.     28.     28.     28.     28.     28.     28.     28.     28.
标准恒载M(kN.m)       0.27    0.22    0.01   -0.55   -1.52   -2.89   -4.68   -6.80   -9.10
标准恒载Q(kN)         0.13   -0.28   -1.13   -2.30   -3.47   -4.65   -5.81   -6.66   -7.07
  
梁编号  21
B*H(mm)=260*300   L(mm)= 1500
                    -I-     -1-     -2-     -3-     -4-     -5-     -6-     -7-     -J-
基本组合+M(kN.m)     0.00    0.00    0.00    0.00    0.00    0.00    0.00    0.00    0.00
基本组合-M(kN.m)   -25.93  -21.67  -17.62  -13.80  -10.20   -7.32   -4.66   -2.23    0.00
标准组合+M(kN.m)     0.00    0.00    0.00    0.00    0.00    0.00    0.00    0.00    0.00
标准组合-M(kN.m)   -21.69  -18.17  -14.82  -11.64   -8.64   -6.22   -3.97   -1.91    0.00
准永久组合+M(kN.m)    0.00    0.00    0.00    0.00    0.00    0.00    0.00    0.00    0.00
准永久组合-M(kN.m)  -16.26  -13.53  -10.96   -8.53   -6.26   -4.47   -2.83   -1.34    0.00
-As(mm2)              327.    271.    218.    169.    156.    156.    156.    156.      0.
+As(mm2)                0.      0.      0.      0.      0.      0.      0.      0.    156.
基本组合Q(kN)        23.32   22.57   21.32   19.56   17.29   15.02   13.26   12.07   11.40
Asv(mm2)               28.     28.     28.     28.     28.     28.     28.     28.     28.
标准恒载M(kN.m)     -12.64  -10.44   -8.38   -6.46   -4.67   -3.30   -2.06   -0.96    0.00
标准恒载Q(kN)        12.08   11.57   10.80    9.75    8.43    7.10    6.05    5.28    4.78
  
梁编号  22
B*H(mm)=150*150   L(mm)= 2700
                    -I-     -1-     -2-     -3-     -4-     -5-     -6-     -7-     -J-
基本组合+M(kN.m)     0.00    0.00    0.00    0.00    1.15    3.46    5.34    6.68    8.12
基本组合-M(kN.m)   -17.26  -12.30   -7.94   -4.09   -1.26    0.00    0.00    0.00    0.00
标准组合+M(kN.m)     0.00    0.00    0.00    0.00    1.17    3.02    4.58    5.73    7.03
标准组合-M(kN.m)   -14.17  -10.13   -6.62   -3.51   -1.28    0.00    0.00    0.00    0.00
准永久组合+M(kN.m)    0.00    0.00    0.00    0.00    0.47    2.02    3.21    4.03    4.80
准永久组合-M(kN.m)  -11.14   -7.91   -5.00   -2.46   -0.51    0.00    0.00    0.00    0.00
-As(mm2)            99999.    434.    241.    113.     45.      0.      0.      0.      0.
+As(mm2)                0.      0.      0.      0.     45.     95.    152.    196.    248.
基本组合Q(kN)        15.51   14.84   13.35   11.29    9.21    7.62    6.05    4.90    4.34
Asv(mm2)               28.     28.     28.     28.     28.     28.     28.     28.     28.
标准恒载M(kN.m)      -9.11   -6.43   -3.92   -1.75    0.00    1.35    2.29    2.89    3.31
标准恒载Q(kN)         8.20    7.79    6.94    5.78    4.60    3.43    2.26    1.41    1.00
  
梁编号  23
B*H(mm)=260*300   L(mm)= 1500
                    -I-     -1-     -2-     -3-     -4-     -5-     -6-     -7-     -J-
基本组合+M(kN.m)     0.00    0.00    0.00    0.00    0.00    0.00    0.00    0.00    0.00
基本组合-M(kN.m)   -51.92  -44.41  -37.12  -30.05  -23.20  -17.07  -11.16   -5.49   -0.01
标准组合+M(kN.m)     0.00    0.00    0.00    0.00    0.00    0.00    0.00    0.00    0.00
标准组合-M(kN.m)   -42.25  -36.16  -30.25  -24.50  -18.93  -13.94   -9.12   -4.50   -0.01
准永久组合+M(kN.m)    0.00    0.00    0.00    0.00    0.00    0.00    0.00    0.00    0.00
准永久组合-M(kN.m)  -33.94  -29.01  -24.22  -19.59  -15.11  -11.10   -7.25   -3.56   -0.01
-As(mm2)              703.    588.    482.    383.    291.    211.    156.    156.    156.
+As(mm2)                0.      0.      0.      0.      0.      0.      0.      0.      0.
基本组合Q(kN)        40.64   39.89   38.64   36.88   34.61   32.34   30.58   29.43   28.76
Asv(mm2)               28.     28.     28.     28.     28.     28.     28.     28.     28.
标准恒载M(kN.m)     -28.40  -24.24  -20.21  -16.31  -12.56   -9.22   -6.01   -2.94    0.00
标准恒载Q(kN)        22.58   22.08   21.30   20.25   18.93   17.61   16.56   15.78   15.28
  
梁编号  24
B*H(mm)=150*150   L(mm)= 2700
                    -I-     -1-     -2-     -3-     -4-     -5-     -6-     -7-     -J-
基本组合+M(kN.m)     8.07    8.79    9.50    9.62    9.00    7.68    5.61    2.95    0.00
基本组合-M(kN.m)     0.00    0.00    0.00    0.00    0.00    0.00    0.00    0.00    0.00
标准组合+M(kN.m)     6.99    7.45    7.98    8.02    7.47    6.35    4.63    2.43    0.00
标准组合-M(kN.m)     0.00    0.00    0.00    0.00    0.00    0.00    0.00    0.00    0.00
准永久组合+M(kN.m)    4.77    5.39    5.92    6.06    5.71    4.90    3.60    1.90    0.00
准永久组合-M(kN.m)    0.00    0.00    0.00    0.00    0.00    0.00    0.00    0.00    0.00
-As(mm2)                0.      0.      0.      0.      0.      0.      0.      0.      0.
+As(mm2)              246.    273.    303.    308.    282.    231.    160.     80.      0.
基本组合Q(kN)         5.62    4.96    3.47    1.41   -2.99   -4.96   -7.02   -8.51   -9.18
Asv(mm2)               28.     28.     28.     28.     28.     28.     28.     28.     28.
标准恒载M(kN.m)       3.29    4.01    4.55    4.76    4.54    3.93    2.91    1.54    0.00
标准恒载Q(kN)         2.39    1.97    1.12   -0.04   -1.22   -2.39   -3.56   -4.41   -4.82
  
梁编号  25
B*H(mm)=260*300   L(mm)= 1500
                    -I-     -1-     -2-     -3-     -4-     -5-     -6-     -7-     -J-
基本组合+M(kN.m)     0.00    0.00    0.00    0.00    0.24    0.46    0.49    0.35    0.01
基本组合-M(kN.m)   -19.24  -15.81  -12.60   -9.62   -6.85   -4.81   -2.98   -1.39    0.00
标准组合+M(kN.m)     0.00    0.00    0.20    0.69    1.05    0.99    0.80    0.48    0.01
标准组合-M(kN.m)   -16.78  -13.87  -11.14   -8.57   -6.18   -4.38   -2.75   -1.30    0.00
准永久组合+M(kN.m)    0.00    0.00    0.00    0.00    0.00    0.00    0.00    0.00    0.00
准永久组合-M(kN.m)  -11.24   -9.14   -7.20   -5.40   -3.75   -2.59   -1.57   -0.71    0.00
-As(mm2)              239.    195.    156.    156.    156.    156.    156.    156.      0.
+As(mm2)                0.      0.      0.      0.    156.    156.    156.    156.    156.
基本组合Q(kN)        18.86   18.11   16.86   15.10   12.83   10.56    8.80    7.62    6.95
Asv(mm2)               28.     28.     28.     28.     28.     28.     28.     28.     28.
标准恒载M(kN.m)      -7.55   -5.99   -4.57   -3.28   -2.13   -1.39   -0.79   -0.33    0.00
标准恒载Q(kN)         8.69    8.19    7.41    6.36    5.04    3.72    2.67    1.89    1.39
  
梁编号  26
B*H(mm)=150*150   L(mm)= 2700
                    -I-     -1-     -2-     -3-     -4-     -5-     -6-     -7-     -J-
基本组合+M(kN.m)     0.00    0.00    0.00    0.42    0.66    0.12    0.00    0.00    0.00
基本组合-M(kN.m)    -7.05   -4.85   -3.27   -2.22   -2.10   -2.60   -4.06   -6.02   -8.58
标准组合+M(kN.m)     0.00    0.00    0.00    0.63    0.83    0.41    0.00    0.00    0.00
标准组合-M(kN.m)    -6.00   -4.17   -2.90   -2.07   -1.98   -2.37   -3.55   -5.11   -7.23
准永久组合+M(kN.m)    0.00    0.00    0.00    0.00    0.08    0.00    0.00    0.00    0.00
准永久组合-M(kN.m)   -4.30   -2.91   -1.85   -1.15   -1.04   -1.40   -2.37   -3.68   -5.31
-As(mm2)              209.    136.     89.     59.     56.     70.    112.    174.    265.
+As(mm2)                0.      0.      0.     45.     45.     45.      0.      0.      0.
基本组合Q(kN)         7.63    6.96    5.47    3.23   -1.85   -4.24   -6.48   -7.97   -8.63
Asv(mm2)               28.     28.     28.     28.     28.     28.     28.     28.     28.
标准恒载M(kN.m)      -3.16   -2.06   -1.16   -0.54   -0.42   -0.75   -1.59   -2.72   -4.03
标准恒载Q(kN)         3.54    3.13    2.28    1.02   -0.32   -1.66   -2.92   -3.78   -4.19
  
梁编号  27
B*H(mm)=260*300   L(mm)= 1750
                    -I-     -1-     -2-     -3-     -4-     -5-     -6-     -7-     -J-
基本组合+M(kN.m)     0.00    0.00    0.00    0.00    0.00    0.00    0.00    0.00    0.00
基本组合-M(kN.m)     0.00   -3.85   -7.98  -12.46  -17.27  -23.21  -29.48  -36.07  -43.00
标准组合+M(kN.m)     0.00    0.00    0.00    0.00    0.00    0.00    0.00    0.00    0.00
标准组合-M(kN.m)     0.00   -3.19   -6.57  -10.25  -14.18  -19.02  -24.12  -29.49  -35.10
准永久组合+M(kN.m)    0.00    0.00    0.00    0.00    0.00    0.00    0.00    0.00    0.00
准永久组合-M(kN.m)    0.00   -2.46   -5.13   -8.02  -11.15  -15.02  -19.11  -23.43  -27.98
-As(mm2)              156.    156.    156.    156.    213.    291.    375.    467.    567.
+As(mm2)                0.      0.      0.      0.      0.      0.      0.      0.      0.
基本组合Q(kN)       -16.99  -17.82  -19.28  -21.58  -24.57  -27.56  -29.86  -31.47  -32.39
Asv(mm2)               28.     28.     28.     28.     28.     28.     28.     28.     28.
标准恒载M(kN.m)       0.00   -1.98   -4.16   -6.54   -9.13  -12.35  -15.77  -19.40  -23.22
标准恒载Q(kN)        -8.59   -9.20  -10.18  -11.54  -13.27  -15.00  -16.36  -17.34  -17.96
  
梁编号  28
B*H(mm)=150*150   L(mm)= 3600
                    -I-     -1-     -2-     -3-     -4-     -5-     -6-     -7-     -J-
基本组合+M(kN.m)     0.00    2.23    6.29    8.96   10.25   10.11    8.60    5.68    3.09
基本组合-M(kN.m)    -4.67    0.00    0.00    0.00    0.00    0.00    0.00    0.00   -0.87
标准组合+M(kN.m)     0.00    2.01    5.26    7.40    8.43    8.32    7.11    4.75    2.89
标准组合-M(kN.m)    -4.02   -0.13    0.00    0.00    0.00    0.00    0.00    0.00   -1.16
准永久组合+M(kN.m)    0.00    1.24    3.95    5.73    6.59    6.50    5.50    3.55    1.58
准永久组合-M(kN.m)   -2.80    0.00    0.00    0.00    0.00    0.00    0.00    0.00   -0.03
-As(mm2)              131.      0.      0.      0.      0.      0.      0.      0.     45.
+As(mm2)                0.     60.    183.    281.    335.    329.    266.    163.     84.
基本组合Q(kN)        11.84   10.76    8.23    5.05    1.87   -2.76   -5.94   -8.47   -9.54
Asv(mm2)               28.     28.     28.     28.     28.     28.     28.     28.     28.
标准恒载M(kN.m)      -1.98    0.72    3.08    4.62    5.36    5.29    4.43    2.75    0.72
标准恒载Q(kN)         6.40    5.75    4.32    2.53    0.75   -1.03   -2.82   -4.25   -4.90
  
梁编号  29
B*H(mm)=260*300   L(mm)= 1750
                    -I-     -1-     -2-     -3-     -4-     -5-     -6-     -7-     -J-
基本组合+M(kN.m)     0.00    0.00    0.00    0.00    0.00    0.00    0.00    0.00    0.00
基本组合-M(kN.m)     0.00   -4.17   -8.62  -13.42  -18.54  -24.80  -31.39  -38.31  -45.55
标准组合+M(kN.m)     0.00    0.00    0.00    0.00    0.00    0.00    0.00    0.00    0.00
标准组合-M(kN.m)     0.00   -3.43   -7.07  -10.99  -15.18  -20.27  -25.63  -31.24  -37.11
准永久组合+M(kN.m)    0.00    0.00    0.00    0.00    0.00    0.00    0.00    0.00    0.00
准永久组合-M(kN.m)    0.00   -2.68   -5.56   -8.68  -12.02  -16.11  -20.43  -24.96  -29.73
-As(mm2)                0.    156.    156.    164.    230.    312.    402.    499.    605.
+As(mm2)              156.      0.      0.      0.      0.      0.      0.      0.      0.
基本组合Q(kN)       -18.44  -19.27  -20.74  -23.04  -26.03  -29.02  -31.32  -32.93  -33.85
Asv(mm2)               28.     28.     28.     28.     28.     28.     28.     28.     28.
标准恒载M(kN.m)       0.00   -2.18   -4.55   -7.14   -9.92  -13.34  -16.96  -20.78  -24.81
标准恒载Q(kN)        -9.49  -10.10  -11.09  -12.45  -14.18  -15.91  -17.26  -18.25  -18.86
  
梁编号  30
B*H(mm)=150*150   L(mm)= 2700
                    -I-     -1-     -2-     -3-     -4-     -5-     -6-     -7-     -J-
基本组合+M(kN.m)     3.16    5.34    7.56    9.40   10.59   11.00   10.55    9.62    8.72
基本组合-M(kN.m)    -0.82    0.00    0.00    0.00    0.00    0.00    0.00    0.00    0.00
标准组合+M(kN.m)     2.94    4.58    6.32    7.79    8.79    9.15    8.84    8.14    7.54
标准组合-M(kN.m)    -1.12    0.00    0.00    0.00    0.00    0.00    0.00    0.00    0.00
准永久组合+M(kN.m)    1.63    3.22    4.74    5.98    6.73    6.95    6.60    5.92    5.17
准永久组合-M(kN.m)    0.00    0.00    0.00    0.00    0.00    0.00    0.00    0.00    0.00
-As(mm2)               45.      0.      0.      0.      0.      0.      0.      0.      0.
+As(mm2)               86.    152.    227.    298.    351.    370.    349.    308.    271.
基本组合Q(kN)         9.75    9.08    7.59    5.35    2.97   -2.28   -4.52   -6.01   -6.68
Asv(mm2)               28.     28.     28.     28.     28.     28.     28.     28.     28.
标准恒载M(kN.m)       0.75    2.32    3.69    4.77    5.35    5.48    5.11    4.45    3.59
标准恒载Q(kN)         4.92    4.51    3.65    2.39    1.05   -0.29   -1.55   -2.40   -2.81
  
梁编号  31
B*H(mm)=260*300   L(mm)= 1750
                    -I-     -1-     -2-     -3-     -4-     -5-     -6-     -7-     -J-
基本组合+M(kN.m)     0.01    0.00    0.00    0.00    0.00    0.00    0.00    0.00    0.00
基本组合-M(kN.m)     0.00   -4.27   -8.83  -13.75  -18.99  -25.36  -32.06  -39.08  -46.44
标准组合+M(kN.m)     0.01    0.00    0.00    0.00    0.00    0.00    0.00    0.00    0.00
标准组合-M(kN.m)     0.00   -3.51   -7.24  -11.25  -15.52  -20.71  -26.15  -31.85  -37.81
准永久组合+M(kN.m)    0.01    0.00    0.00    0.00    0.00    0.00    0.00    0.00    0.00
准永久组合-M(kN.m)    0.00   -2.75   -5.71   -8.91  -12.33  -16.50  -20.89  -25.50  -30.35
-As(mm2)                0.    156.    156.    169.    236.    319.    411.    510.    619.
+As(mm2)              156.      0.      0.      0.      0.      0.      0.      0.      0.
基本组合Q(kN)       -18.95  -19.78  -21.25  -23.55  -26.54  -29.53  -31.83  -33.45  -34.37
Asv(mm2)               28.     28.     28.     28.     28.     28.     28.     28.     28.
标准恒载M(kN.m)       0.01   -2.24   -4.69   -7.35  -10.20  -13.69  -17.38  -21.28  -25.37
标准恒载Q(kN)        -9.82  -10.43  -11.41  -12.77  -14.50  -16.23  -17.59  -18.57  -19.19
  
梁编号  32
B*H(mm)=150*150   L(mm)= 2700
                    -I-     -1-     -2-     -3-     -4-     -5-     -6-     -7-     -J-
基本组合+M(kN.m)     8.90    0.00    0.00    0.00    0.00    0.00    0.00    0.00    0.00
基本组合-M(kN.m)     0.00  -15.21  -35.83  -56.83  -78.52 -100.81 -123.79 -147.15 -170.88
标准组合+M(kN.m)     7.68    0.00    0.00    0.00    0.00    0.00    0.00    0.00    0.00
标准组合-M(kN.m)     0.00  -12.50  -29.05  -45.88  -63.22  -81.02  -99.31 -117.89 -136.78
准永久组合+M(kN.m)    5.29    0.00    0.00    0.00    0.00    0.00    0.00    0.00    0.00
准永久组合-M(kN.m)    0.00   -9.80  -23.56  -37.59  -52.14  -67.13  -82.63  -98.41 -114.43
-As(mm2)                0.  99999.  99999.  99999.  99999.  99999.  99999.  99999.  99999.
+As(mm2)              278.      0.      0.      0.      0.      0.      0.      0.      0.
基本组合Q(kN)       -61.36  -61.91  -63.06  -64.77  -66.57  -68.83  -71.07  -72.56  -73.23
Asv(mm2)               75.     77.     81.     88.     95.    100.    105.    108.    110.
标准恒载M(kN.m)       3.69   -8.00  -19.89  -32.06  -44.74  -57.87  -71.51  -85.43  -99.54
标准恒载Q(kN)       -34.37  -34.78  -35.64  -36.90  -38.24  -39.57  -40.83  -41.69  -42.10
  
梁编号  33
B*H(mm)=260*300   L(mm)= 1750
                    -I-     -1-     -2-     -3-     -4-     -5-     -6-     -7-     -J-
基本组合+M(kN.m)     0.00   12.72   25.15   37.33   49.24   60.29   71.07   81.58   91.81
基本组合-M(kN.m)    -0.03    0.00    0.00    0.00    0.00    0.00    0.00    0.00    0.00
标准组合+M(kN.m)     0.00   10.42   20.61   30.63   40.44   49.61   58.59   67.36   75.93
标准组合-M(kN.m)    -0.02    0.00    0.00    0.00    0.00    0.00    0.00    0.00    0.00
准永久组合+M(kN.m)    0.00    8.24   16.28   24.12   31.76   38.77   45.57   52.18   58.58
准永久组合-M(kN.m)   -0.02    0.00    0.00    0.00    0.00    0.00    0.00    0.00    0.00
-As(mm2)              156.      0.      0.      0.      0.      0.      0.      0.      0.
+As(mm2)                0.    156.    317.    485.    662.    839.   1029.   1234.   1461.
基本组合Q(kN)        59.04   58.12   56.64   54.81   52.48   50.14   48.31   46.98   46.15
Asv(mm2)               28.     28.     28.     28.     28.     28.     28.     28.     28.
标准恒载M(kN.m)      -0.02    6.79   13.39   19.78   25.98   31.54   36.90   42.05   47.01
标准恒载Q(kN)        31.56   30.94   29.96   28.60   26.87   25.14   23.78   22.80   22.19
  
梁编号  34
B*H(mm)=150*150   L(mm)= 3960
                    -I-     -1-     -2-     -3-     -4-     -5-     -6-     -7-     -J-
基本组合+M(kN.m)     0.00    0.00    0.00    0.00    0.00    0.00    0.00    0.58    3.11
基本组合-M(kN.m)   -61.05  -47.84  -35.45  -24.85  -15.98   -8.84   -3.59   -0.19    0.00
标准组合+M(kN.m)     0.00    0.00    0.00    0.00    0.00    0.00    0.00    0.57    2.49
标准组合-M(kN.m)   -48.81  -38.20  -28.27  -19.77  -12.67   -6.98   -2.84   -0.22    0.00
准永久组合+M(kN.m)    0.00    0.00    0.00    0.00    0.00    0.00    0.00    0.26    2.08
准永久组合-M(kN.m)  -40.96  -32.14  -23.88  -16.79  -10.84   -6.04   -2.44   -0.05    0.00
-As(mm2)            99999.  99999.  99999.  99999.  99999.    276.     98.     45.      0.
+As(mm2)                0.      0.      0.      0.      0.      0.      0.     45.     84.
基本组合Q(kN)        27.41   26.15   23.17   19.67   16.17   12.67    9.17    6.19    4.95
Asv(mm2)               29.     25.     17.     17.     28.     28.     28.     28.     28.
标准恒载M(kN.m)     -35.73  -28.10  -20.95  -14.80   -9.62   -5.41   -2.18    0.06    1.81
标准恒载Q(kN)        15.84   15.09   13.41   11.44    9.48    7.52    5.55    3.87    3.12
  
梁编号  35
B*H(mm)=260*300   L(mm)= 1750
                    -I-     -1-     -2-     -3-     -4-     -5-     -6-     -7-     -J-
基本组合+M(kN.m)     0.00    1.49    2.72    3.62    4.19    3.64    2.75    1.54    0.00
基本组合-M(kN.m)    -0.08    0.00    0.00    0.00    0.00    0.00    0.00    0.00    0.00
标准组合+M(kN.m)     0.00    1.19    2.17    2.89    3.35    2.90    2.19    1.22    0.00
标准组合-M(kN.m)    -0.07    0.00    0.00    0.00    0.00    0.00    0.00    0.00    0.00
准永久组合+M(kN.m)    0.00    1.00    1.83    2.44    2.82    2.45    1.86    1.04    0.00
准永久组合-M(kN.m)   -0.05    0.00    0.00    0.00    0.00    0.00    0.00    0.00    0.00
-As(mm2)              156.      0.      0.      0.      0.      0.      0.      0.    156.
+As(mm2)                0.    156.    156.    156.    156.    156.    156.    156.      0.
基本组合Q(kN)         7.87    6.95    5.34    3.04    0.05   -2.95   -5.26   -6.87   -7.79
Asv(mm2)               28.     28.     28.     28.     28.     28.     28.     28.     28.
标准恒载M(kN.m)      -0.05    0.88    1.61    2.13    2.46    2.15    1.63    0.92    0.00
标准恒载Q(kN)         4.71    4.10    3.11    1.76    0.03   -1.70   -3.06   -4.04   -4.66
  
梁编号  36
B*H(mm)=150*150   L(mm)= 2700
                    -I-     -1-     -2-     -3-     -4-     -5-     -6-     -7-     -J-
基本组合+M(kN.m)     0.00    0.00    0.00    0.00    0.00    0.00    0.00    0.00    0.00
基本组合-M(kN.m)  -171.86 -155.54 -139.54 -124.04 -109.45  -95.65  -82.77  -70.44  -58.51
标准组合+M(kN.m)     0.00    0.00    0.00    0.00    0.00    0.00    0.00    0.00    0.00
标准组合-M(kN.m)  -137.56 -124.47 -111.65  -99.22  -87.52  -76.48  -66.16  -56.31  -46.80
准永久组合+M(kN.m)    0.00    0.00    0.00    0.00    0.00    0.00    0.00    0.00    0.00
准永久组合-M(kN.m) -115.10 -104.19  -93.51  -83.15  -73.39  -64.16  -55.53  -47.26  -39.23
-As(mm2)            99999.  99999.  99999.  99999.  99999.  99999.  99999.  99999.  99999.
+As(mm2)                0.      0.      0.      0.      0.      0.      0.      0.      0.
基本组合Q(kN)        48.84   48.17   46.68   44.44   42.06   39.67   37.43   35.94   35.28
Asv(mm2)               90.     88.     84.     77.     70.     64.     57.     53.     51.
标准恒载M(kN.m)    -100.12  -90.67  -81.42  -72.44  -63.97  -55.96  -48.45  -41.22  -34.19
标准恒载Q(kN)        28.29   27.88   27.02   25.76   24.42   23.08   21.82   20.97   20.56
  
梁编号  37
B*H(mm)=260*300   L(mm)= 1750
                    -I-     -1-     -2-     -3-     -4-     -5-     -6-     -7-     -J-
基本组合+M(kN.m)     0.00    0.00    0.00    0.00    0.00    0.00    0.00    0.00    0.00
基本组合-M(kN.m)    -0.14  -27.00  -54.18  -81.69 -109.53 -138.50 -167.80 -197.42 -227.37
标准组合+M(kN.m)     0.00    0.00    0.00    0.00    0.00    0.00    0.00    0.00    0.00
标准组合-M(kN.m)    -0.12  -21.67  -43.48  -65.54  -87.87 -111.11 -134.60 -158.36 -182.37
准永久组合+M(kN.m)    0.00    0.00    0.00    0.00    0.00    0.00    0.00    0.00    0.00
准永久组合-M(kN.m)   -0.10  -18.02  -36.16  -54.53  -73.12  -92.46 -112.02 -131.81 -151.82
-As(mm2)              156.    342.    739.   1236.   1754.  99999.  99999.  99999.  99999.
+As(mm2)                0.      0.      0.      0.      0.      0.      0.      0.      0.
基本组合Q(kN)      -122.07 -122.94 -124.55 -126.85 -129.84 -132.84 -135.14 -136.75 -137.67
Asv(mm2)               39.     40.     42.     44.     47.     50.     53.     54.     56.
标准恒载M(kN.m)      -0.08  -15.58  -31.28  -47.18  -63.29  -80.03  -96.97 -114.11 -131.46
标准恒载Q(kN)       -70.39  -71.00  -71.98  -73.34  -75.07  -76.80  -78.16  -79.14  -79.76
  
梁编号  38
B*H(mm)=150*150   L(mm)= 2700
                    -I-     -1-     -2-     -3-     -4-     -5-     -6-     -7-     -J-
基本组合+M(kN.m)     0.00    0.00    0.00    1.27    1.91    1.77    0.95    0.00    0.00
基本组合-M(kN.m)    -8.60   -5.95   -3.91   -2.26   -1.34   -1.06   -1.68   -2.84   -4.63
标准组合+M(kN.m)     0.00    0.00    0.26    1.41    1.88    1.73    1.06    0.16    0.00
标准组合-M(kN.m)    -7.24   -5.09   -3.50   -2.19   -1.44   -1.16   -1.62   -2.52   -3.98
准永久组合+M(kN.m)    0.00    0.00    0.00    0.38    0.86    0.82    0.27    0.00    0.00
准永久组合-M(kN.m)   -5.32   -3.58   -2.18   -1.06   -0.47   -0.34   -0.80   -1.61   -2.77
-As(mm2)              266.    171.    108.     60.     45.     45.     45.     77.    129.
+As(mm2)                0.      0.      0.     45.     51.     47.     45.      0.      0.
基本组合Q(kN)         9.20    8.54    7.05    4.81    2.42   -2.29   -4.53   -6.02   -6.69
Asv(mm2)               28.     28.     28.     28.     28.     28.     28.     28.     28.
标准恒载M(kN.m)      -4.05   -2.58   -1.30   -0.31    0.18    0.21   -0.26   -1.01   -1.96
标准恒载Q(kN)         4.64    4.23    3.37    2.11    0.77   -0.57   -1.83   -2.68   -3.09
  
梁编号  39
B*H(mm)=260*300   L(mm)= 1750
                    -I-     -1-     -2-     -3-     -4-     -5-     -6-     -7-     -J-
基本组合+M(kN.m)     0.00    0.00    0.00    0.00    0.00    0.00    0.00    0.00    0.00
基本组合-M(kN.m)     0.00   -4.01   -8.29  -12.90  -17.85  -23.94  -30.35  -37.09  -44.16
标准组合+M(kN.m)     0.00    0.00    0.00    0.00    0.00    0.00    0.00    0.00    0.00
标准组合-M(kN.m)     0.00   -3.33   -6.85  -10.63  -14.69  -19.67  -24.90  -30.39  -36.13
准永久组合+M(kN.m)    0.00    0.00    0.00    0.00    0.00    0.00    0.00    0.00    0.00
准永久组合-M(kN.m)    0.00   -2.55   -5.30   -8.27  -11.48  -15.43  -19.61  -24.01  -28.64
-As(mm2)              156.    156.    156.    158.    221.    301.    387.    482.    585.
+As(mm2)                0.      0.      0.      0.      0.      0.      0.      0.      0.
基本组合Q(kN)       -17.71  -18.53  -19.94  -22.24  -25.23  -28.22  -30.53  -32.14  -33.06
Asv(mm2)               28.     28.     28.     28.     28.     28.     28.     28.     28.
标准恒载M(kN.m)       0.00   -2.03   -4.27   -6.70   -9.34  -12.61  -16.09  -19.77  -23.64
标准恒载Q(kN)        -8.83   -9.44  -10.42  -11.78  -13.51  -15.24  -16.60  -17.58  -18.19
