///////////////////////////////////////////////////////////////////////////
/                                                                         /
/                       SPAS_SATWE截面与构件校对文件                      /
/                                                                         /
///////////////////////////////////////////////////////////////////////////
 
 ***********************截面信息*********************
 编号     截面类型      B          H          U          T          D          F     STEEL_GRADE
   1          1        240        240          0          0          0          0          0
   2          1        260        300          0          0          0          0          0
   3          1        150        150          0          0          0          0          0
 
*******************************************************
*                 第  1层构件信息                     *
*******************************************************
 
 梁总数=   38   柱总数=   19   支撑总数=    0   墙总数=   30   板总数=   24
 梁编号    塔号    截面号     转角    材料    强度等级    起点铰信息    终点铰信息    调幅    连梁    转换梁   门式钢梁   耗能梁
     1      1         3       0.000    1         25           0             0          0        0        0        0        0
     2      1         3       0.000    1         25           0             0          0        0        0        0        0
     3      1         3       0.000    1         25           0             0          0        0        0        0        0
     4      1         3       0.000    1         25           0             0          0        0        0        0        0
     5      1         3       0.000    1         25           0             0          0        0        0        0        0
     6      1         3       0.000    1         25           0             0          0        0        0        0        0
     7      1         3       0.000    1         25           0             0          0        0        0        0        0
     8      1         3       0.000    1         25           0             0          0        0        0        0        0
     9      1         2       0.000    1         25           0             0          0        0        0        0        0
    10      1         2       0.000    1         25           0             0          0        0        0        0        0
    11      1         2       0.000    1         25           0             0          0        0        0        0        0
    12      1         2       0.000    1         25           0             0          0        0        0        0        0
    13      1         2       0.000    1         25           0             0          0        0        0        0        0
    14      1         2       0.000    1         25           0             0          0        0        0        0        0
    15      1         2       0.000    1         25           0             0          0        0        0        0        0
    16      1         2       0.000    1         25           0             0          0        0        0        0        0
    17      1         2       0.000    1         25           0             0          0        0        0        0        0
    18      1         2       0.000    1         25           0             0          1        0        0        0        0
    19      1         2       0.000    1         25           0             0          1        0        0        0        0
    20      1         2       0.000    1         25           0             0          1        0        0        0        0
    21      1         2       0.000    1         25           0             0          1        0        0        0        0
    22      1         2       0.000    1         25           0             0          1        0        0        0        0
    23      1         2       0.000    1         25           0             0          1        0        0        0        0
    24      1         2       0.000    1         25           0             0          1        0        0        0        0
    25      1         2       0.000    1         25           0             0          1        0        0        0        0
    26      1         2       0.000    1         25           0             0          0        0        0        0        0
    27      1         2       0.000    1         25           0             0          0        0        0        0        0
    28      1         2       0.000    1         25           0             0          0        0        0        0        0
    29      1         2       0.000    1         25           0             0          0        0        0        0        0
    30      1         2       0.000    1         25           0             0          0        0        0        0        0
    31      1         2       0.000    1         25           0             0          0        0        0        0        0
    32      1         3       0.000    1         25           0             0          1        0        0        0        0
    33      1         3       0.000    1         25           0             0          1        0        0        0        0
    34      1         3       0.000    1         25           0             0          1        0        0        0        0
    35      1         3       0.000    1         25           0             0          1        0        0        0        0
    36      1         3       0.000    1         25           0             0          1        0        0        0        0
    37      1         3       0.000    1         25           0             0          1        0        0        0        0
    38      1         3       0.000    1         25           0             0          1        0        0        0        0
 
 柱编号    塔号    截面号     转角    材料    强度等级    起点铰信息    终点铰信息    角柱    框支柱  门式钢柱  组合截面    上端刚域  下端刚域
     1      1         1       0.000    1         25           0             0          0        0        0        0           0.00      0.00
     2      1         1       0.000    1         25           0             0          0        0        0        0           0.00      0.00
     3      1         1       0.000    1         25           0             0          0        0        0        0           0.00      0.00
     4      1         1       0.000    1         25           0             0          0        0        0        0           0.00      0.00
     5      1         1       0.000    1         25           0             0          0        0        0        0           0.00      0.00
     6      1         1       0.000    1         25           0             0          0        0        0        0           0.00      0.00
     7      1         1       0.000    1         25           0             0          0        0        0        0           0.00      0.00
     8      1         1       0.000    1         25           0             0          0        0        0        0           0.00      0.00
     9      1         1       0.000    1         25           0             0          0        0        0        0           0.00      0.00
    10      1         1       0.000    1         25           0             0          0        0        0        0           0.00      0.00
    11      1         1       0.000    1         25           0             0          0        0        0        0           0.00      0.00
    12      1         1       0.000    1         25           0             0          0        0        0        0           0.00      0.00
    13      1         1       0.000    1         25           0             0          0        0        0        0           0.00      0.00
    14      1         1       0.000    1         25           0             0          0        0        0        0           0.00      0.00
    15      1         1       0.000    1         25           0             0          0        0        0        0           0.00      0.00
    16      1         1       0.000    1         25           0             0          0        0        0        0           0.00      0.00
    17      1         1       0.000    1         25           0             0          0        0        0        0           0.00      0.00
    18      1         1       0.000    1         25           0             0          0        0        0        0           0.00      0.00
    19      1         1       0.000    1         25           0             0          0        0        0        0           0.00      0.00
 
 支撑编号  塔号    截面号    转角    材料    强度等级    起点铰信息    终点铰信息
 
 墙编号    塔号      厚度    材料  强度等级     B1           H1            B2         H2
     1      1       0.240    -1       25       1.93         0.00          1.80       2.40
     2      1       0.240    -1       25       0.00         0.00          0.00       0.00
     3      1       0.240    -1       25       0.00         0.00          0.00       0.00
     4      1       0.240    -1       25       0.00         0.00          0.00       0.00
     5      1       0.240    -1       25       0.93         0.00          1.50       2.40
     6      1       0.240    -1       25       0.89         0.00          1.00       2.40
     7      1       0.240    -1       25       0.60         0.00          1.50       2.40
     8      1       0.240    -1       25       0.81         0.00          1.00       2.40
     9      1       0.240    -1       25       1.05         0.00          1.50       2.40
    10      1       0.240    -1       25       0.89         0.00          1.00       2.40
    11      1       0.240    -1       25       0.60         0.00          1.50       2.40
    12      1       0.240    -1       25       0.81         0.00          1.00       2.40
    13      1       0.240    -1       25       0.00         0.00          0.00       0.00
    14      1       0.240    -1       25       0.23         0.00          0.90       2.40
    15      1       0.240    -1       25       0.28         0.00          0.90       2.40
    16      1       0.240    -1       25       0.60         0.00          1.50       2.40
    17      1       0.240    -1       25       0.57         0.90          0.50       1.50
    18      1       0.240    -1       25       1.05         0.00          0.75       2.40
    19      1       0.240    -1       25       0.00         0.00          0.75       2.40
    20      1       0.240    -1       25       0.23         0.00          0.90       2.40
    21      1       0.240    -1       25       0.60         0.00          1.50       2.40
    22      1       0.240    -1       25       0.57         0.90          0.50       1.50
    23      1       0.240    -1       25       1.23         0.00          1.50       2.40
    24      1       0.240    -1       25       0.28         0.90          0.50       1.50
    25      1       0.240    -1       25       0.22         0.00          0.90       2.40
    26      1       0.240    -1       25       0.22         0.00          0.90       2.40
    27      1       0.240    -1       25       0.28         0.90          0.50       1.50
    28      1       0.240    -1       25       1.30         0.90          1.50       1.50
    29      1       0.240    -1       25       0.00         0.00          0.00       0.00
    30      1       0.120    -1       25       0.00         0.00          0.00       0.00
 
 板编号    塔号      厚度    模式  强度等级
     1      1       0.100    -1       20
     2      1       0.100    -1       20
     3      1       0.100    -1       20
     4      1       0.100    -1       20
     5      1       0.100    -1       20
     6      1       0.100    -1       20
     7      1       0.100    -1       20
     8      1       0.100    -1       20
     9      1       0.100    -1       20
    10      1       0.100    -1       20
    11      1       0.100    -1       20
    12      1       0.100    -1       20
    13      1       0.100    -1       20
    14      1       0.100    -1       20
    15      1       0.100    -1       20
    16      1       0.100    -1       20
    17      1       0.100    -1       20
    18      1       0.100    -1       20
    19      1       0.100    -1       20
    20      1       0.100    -1       20
    21      1       0.100    -1       20
    22      1       0.100    -1       20
    23      1       0.100    -1       20
    24      1       0.100    -1       20
 
*******************************************************
*                 第  2层构件信息                     *
*******************************************************
 
 梁总数=   38   柱总数=   20   支撑总数=    0   墙总数=   41   板总数=   24
 梁编号    塔号    截面号     转角    材料    强度等级    起点铰信息    终点铰信息    调幅    连梁    转换梁   门式钢梁   耗能梁
     1      1         3       0.000    1         25           0             0          0        0        0        0        0
     2      1         3       0.000    1         25           0             0          0        0        0        0        0
     3      1         3       0.000    1         25           0             0          0        0        0        0        0
     4      1         3       0.000    1         25           0             0          0        0        0        0        0
     5      1         3       0.000    1         25           0             0          0        0        0        0        0
     6      1         3       0.000    1         25           0             0          0        0        0        0        0
     7      1         3       0.000    1         25           0             0          0        0        0        0        0
     8      1         3       0.000    1         25           0             0          0        0        0        0        0
     9      1         2       0.000    1         25           0             0          0        0        0        0        0
    10      1         2       0.000    1         25           0             0          0        0        0        0        0
    11      1         2       0.000    1         25           0             0          0        0        0        0        0
    12      1         2       0.000    1         25           0             0          0        0        0        0        0
    13      1         2       0.000    1         25           0             0          0        0        0        0        0
    14      1         2       0.000    1         25           0             0          0        0        0        0        0
    15      1         2       0.000    1         25           0             0          0        0        0        0        0
    16      1         2       0.000    1         25           0             0          0        0        0        0        0
    17      1         2       0.000    1         25           0             0          0        0        0        0        0
    18      1         2       0.000    1         25           0             0          1        0        0        0        0
    19      1         2       0.000    1         25           0             0          1        0        0        0        0
    20      1         2       0.000    1         25           0             0          1        0        0        0        0
    21      1         2       0.000    1         25           0             0          1        0        0        0        0
    22      1         2       0.000    1         25           0             0          1        0        0        0        0
    23      1         2       0.000    1         25           0             0          1        0        0        0        0
    24      1         2       0.000    1         25           0             0          1        0        0        0        0
    25      1         2       0.000    1         25           0             0          1        0        0        0        0
    26      1         2       0.000    1         25           0             0          1        0        0        0        0
    27      1         2       0.000    1         25           0             0          1        0        0        0        0
    28      1         2       0.000    1         25           0             0          1        0        0        0        0
    29      1         2       0.000    1         25           0             0          1        0        0        0        0
    30      1         2       0.000    1         25           0             0          1        0        0        0        0
    31      1         2       0.000    1         25           0             0          1        0        0        0        0
    32      1         3       0.000    1         25           0             0          1        0        0        0        0
    33      1         3       0.000    1         25           0             0          1        0        0        0        0
    34      1         3       0.000    1         25           0             0          1        0        0        0        0
    35      1         3       0.000    1         25           0             0          1        0        0        0        0
    36      1         3       0.000    1         25           0             0          1        0        0        0        0
    37      1         3       0.000    1         25           0             0          1        0        0        0        0
    38      1         3       0.000    1         25           0             0          1        0        0        0        0
 
 柱编号    塔号    截面号     转角    材料    强度等级    起点铰信息    终点铰信息    角柱    框支柱  门式钢柱  组合截面    上端刚域  下端刚域
     1      1         1       0.000    1         25           0             0          0        0        0        0           0.00      0.00
     2      1         1       0.000    1         25           0             0          0        0        0        0           0.00      0.00
     3      1         1       0.000    1         25           0             0          0        0        0        0           0.00      0.00
     4      1         1       0.000    1         25           0             0          0        0        0        0           0.00      0.00
     5      1         1       0.000    1         25           0             0          0        0        0        0           0.00      0.00
     6      1         1       0.000    1         25           0             0          0        0        0        0           0.00      0.00
     7      1         1       0.000    1         25           0             0          0        0        0        0           0.00      0.00
     8      1         1       0.000    1         25           0             0          0        0        0        0           0.00      0.00
     9      1         1       0.000    1         25           0             0          0        0        0        0           0.00      0.00
    10      1         1       0.000    1         25           0             0          0        0        0        0           0.00      0.00
    11      1         1       0.000    1         25           0             0          0        0        0        0           0.00      0.00
    12      1         1       0.000    1         25           0             0          0        0        0        0           0.00      0.00
    13      1         1       0.000    1         25           0             0          0        0        0        0           0.00      0.00
    14      1         1       0.000    1         25           0             0          0        0        0        0           0.00      0.00
    15      1         1       0.000    1         25           0             0          0        0        0        0           0.00      0.00
    16      1         1       0.000    1         25           0             0          0        0        0        0           0.00      0.00
    17      1         1       0.000    1         25           0             0          0        0        0        0           0.00      0.00
    18      1         1       0.000    1         25           0             0          0        0        0        0           0.00      0.00
    19      1         1       0.000    1         25           0             0          0        0        0        0           0.00      0.00
    20      1         1       0.000    1         25           0             0          0        0        0        0           0.00      0.00
 
 支撑编号  塔号    截面号    转角    材料    强度等级    起点铰信息    终点铰信息
 
 墙编号    塔号      厚度    材料  强度等级     B1           H1            B2         H2
     1      1       0.240    -1       25       0.00         0.00          0.00       0.00
     2      1       0.240    -1       25       0.00         0.00          0.00       0.00
     3      1       0.240    -1       25       0.00         0.00          0.00       0.00
     4      1       0.240    -1       25       0.00         0.00          0.00       0.00
     5      1       0.240    -1       25       0.93         0.00          1.50       2.40
     6      1       0.240    -1       25       0.89         0.00          0.90       2.40
     7      1       0.240    -1       25       0.60         0.00          0.75       2.40
     8      1       0.240    -1       25       0.81         0.00          0.54       2.40
     9      1       0.240    -1       25       0.00         0.00          0.00       0.00
    10      1       0.240    -1       25       0.89         0.00          0.46       2.40
    11      1       0.240    -1       25       0.60         0.90          1.50       1.50
    12      1       0.240    -1       25       0.81         0.00          0.54       2.40
    13      1       0.240    -1       25       0.00         0.00          0.00       0.00
    14      1       0.240    -1       25       0.23         0.00          0.90       2.40
    15      1       0.240    -1       25       0.28         0.00          0.90       2.40
    16      1       0.240    -1       25       0.33         0.90          0.50       1.50
    17      1       0.240    -1       25       0.57         0.90          0.50       1.50
    18      1       0.240    -1       25       0.23         0.00          0.90       2.40
    19      1       0.240    -1       25       0.60         0.90          1.50       1.50
    20      1       0.240    -1       25       0.57         0.90          0.50       1.50
    21      1       0.240    -1       25       1.23         0.90          1.50       1.50
    22      1       0.240    -1       25       1.42         0.90          1.50       1.50
    23      1       0.240    -1       25       0.25         0.90          0.50       1.50
    24      1       0.240    -1       25       0.00         0.00          0.75       2.40
    25      1       0.240    -1       25       0.22         0.00          0.90       2.40
    26      1       0.240    -1       25       0.00         0.00          0.46       2.40
    27      1       0.240    -1       25       0.28         0.90          0.50       1.50
    28      1       0.240    -1       25       0.00         0.00          0.54       2.40
    29      1       0.240    -1       25       0.22         0.00          0.90       2.40
    30      1       0.240    -1       25       0.00         0.00          0.46       2.40
    31      1       0.240    -1       25       0.00         0.00          0.00       0.00
    32      1       0.240    -1       25       0.00         0.00          1.80       2.40
    33      1       0.240    -1       25       0.00         0.00          0.00       0.00
    34      1       0.240    -1       25       0.62         0.00          0.90       2.40
    35      1       0.120    -1       25       0.00         0.00          0.00       0.00
    36      1       0.120    -1       25       0.00         0.00          0.00       0.00
    37      1       0.120    -1       25       0.00         0.00          0.00       0.00
    38      1       0.120    -1       25       0.00         0.00          0.00       0.00
    39      1       0.120    -1       25       0.00         0.00          0.00       0.00
    40      1       0.120    -1       25       0.00         0.00          0.00       0.00
    41      1       0.120    -1       25       0.00         0.00          0.00       0.00
 
 板编号    塔号      厚度    模式  强度等级
     1      1       0.100    -1       20
     2      1       0.100    -1       20
     3      1       0.100    -1       20
     4      1       0.100    -1       20
     5      1       0.100    -1       20
     6      1       0.100    -1       20
     7      1       0.100    -1       20
     8      1       0.100    -1       20
     9      1       0.100    -1       20
    10      1       0.100    -1       20
    11      1       0.100    -1       20
    12      1       0.100    -1       20
    13      1       0.100    -1       20
    14      1       0.100    -1       20
    15      1       0.100    -1       20
    16      1       0.100    -1       20
    17      1       0.100    -1       20
    18      1       0.100    -1       20
    19      1       0.100    -1       20
    20      1       0.100    -1       20
    21      1       0.100    -1       20
    22      1       0.100    -1       20
    23      1       0.100    -1       20
    24      1       0.100    -1       20
 
*******************************************************
*                 第  3层构件信息                     *
*******************************************************
 
 梁总数=   39   柱总数=   12   支撑总数=    0   墙总数=   41   板总数=   24
 梁编号    塔号    截面号     转角    材料    强度等级    起点铰信息    终点铰信息    调幅    连梁    转换梁   门式钢梁   耗能梁
     1      1         3       0.000    1         25           0             0          0        0        0        0        0
     2      1         3       0.000    1         25           0             0          0        0        0        0        0
     3      1         3       0.000    1         25           0             0          0        0        0        0        0
     4      1         3       0.000    1         25           0             0          0        0        0        0        0
     5      1         3       0.000    1         25           0             0          0        0        0        0        0
     6      1         3       0.000    1         25           0             0          0        0        0        0        0
     7      1         3       0.000    1         25           0             0          0        0        0        0        0
     8      1         3       0.000    1         25           0             0          0        0        0        0        0
     9      1         2       0.000    1         25           0             0          0        0        0        0        0
    10      1         2       0.000    1         25           0             0          0        0        0        0        0
    11      1         2       0.000    1         25           0             0          0        0        0        0        0
    12      1         2       0.000    1         25           0             0          0        0        0        0        0
    13      1         2       0.000    1         25           0             0          0        0        0        0        0
    14      1         2       0.000    1         25           0             0          0        0        0        0        0
    15      1         2       0.000    1         25           0             0          0        0        0        0        0
    16      1         2       0.000    1         25           0             0          0        0        0        0        0
    17      1         2       0.000    1         25           0             0          0        0        0        0        0
    18      1         2       0.000    1         25           0             0          1        0        0        0        0
    19      1         2       0.000    1         25           0             0          1        0        0        0        0
    20      1         2       0.000    1         25           0             0          1        0        0        0        0
    21      1         2       0.000    1         25           0             0          1        0        0        0        0
    22      1         2       0.000    1         25           0             0          1        0        0        0        0
    23      1         2       0.000    1         25           0             0          1        0        0        0        0
    24      1         2       0.000    1         25           0             0          1        0        0        0        0
    25      1         2       0.000    1         25           0             0          1        0        0        0        0
    26      1         2       0.000    1         25           0             0          1        0        0        0        0
    27      1         2       0.000    1         25           0             0          1        0        0        0        0
    28      1         2       0.000    1         25           0             0          1        0        0        0        0
    29      1         2       0.000    1         25           0             0          1        0        0        0        0
    30      1         2       0.000    1         25           0             0          1        0        0        0        0
    31      1         2       0.000    1         25           0             0          1        0        0        0        0
    32      1         2       0.000    1         25           0             0          1        0        0        0        0
    33      1         3       0.000    1         25           0             0          1        0        0        0        0
    34      1         3       0.000    1         25           0             0          1        0        0        0        0
    35      1         3       0.000    1         25           0             0          1        0        0        0        0
    36      1         3       0.000    1         25           0             0          1        0        0        0        0
    37      1         3       0.000    1         25           0             0          1        0        0        0        0
    38      1         3       0.000    1         25           0             0          1        0        0        0        0
    39      1         3       0.000    1         25           0             0          1        0        0        0        0
 
 柱编号    塔号    截面号     转角    材料    强度等级    起点铰信息    终点铰信息    角柱    框支柱  门式钢柱  组合截面    上端刚域  下端刚域
     1      1         1       0.000    1         25           0             0          0        0        0        0           0.00      0.00
     2      1         1       0.000    1         25           0             0          0        0        0        0           0.00      0.00
     3      1         1       0.000    1         25           0             0          0        0        0        0           0.00      0.00
     4      1         1       0.000    1         25           0             0          0        0        0        0           0.00      0.00
     5      1         1       0.000    1         25           0             0          0        0        0        0           0.00      0.00
     6      1         1       0.000    1         25           0             0          0        0        0        0           0.00      0.00
     7      1         1       0.000    1         25           0             0          0        0        0        0           0.00      0.00
     8      1         1       0.000    1         25           0             0          0        0        0        0           0.00      0.00
     9      1         1       0.000    1         25           0             0          0        0        0        0           0.00      0.00
    10      1         1       0.000    1         25           0             0          0        0        0        0           0.00      0.00
    11      1         1       0.000    1         25           0             0          0        0        0        0           0.00      0.00
    12      1         1       0.000    1         25           0             0          0        0        0        0           0.00      0.00
 
 支撑编号  塔号    截面号    转角    材料    强度等级    起点铰信息    终点铰信息
 
 墙编号    塔号      厚度    材料  强度等级     B1           H1            B2         H2
     1      1       0.240    -1       25       0.00         0.00          0.00       0.00
     2      1       0.240    -1       25       0.00         0.00          0.00       0.00
     3      1       0.240    -1       25       0.00         0.00          0.00       0.00
     4      1       0.240    -1       25       0.00         0.00          0.00       0.00
     5      1       0.240    -1       25       0.93         0.00          1.50       2.40
     6      1       0.240    -1       25       0.89         0.00          0.90       2.40
     7      1       0.240    -1       25       0.60         0.00          0.75       2.40
     8      1       0.240    -1       25       0.81         0.00          0.54       2.40
     9      1       0.240    -1       25       0.00         0.00          0.00       0.00
    10      1       0.240    -1       25       0.89         0.00          0.46       2.40
    11      1       0.240    -1       25       0.60         0.90          1.50       1.50
    12      1       0.240    -1       25       0.81         0.00          0.54       2.40
    13      1       0.240    -1       25       0.00         0.00          0.00       0.00
    14      1       0.240    -1       25       0.23         0.00          0.90       2.40
    15      1       0.240    -1       25       0.28         0.00          0.90       2.40
    16      1       0.240    -1       25       0.33         0.90          0.50       1.50
    17      1       0.240    -1       25       0.57         0.90          0.50       1.50
    18      1       0.240    -1       25       0.23         0.00          0.90       2.40
    19      1       0.240    -1       25       0.60         0.90          1.50       1.50
    20      1       0.240    -1       25       0.57         0.90          0.50       1.50
    21      1       0.240    -1       25       1.23         0.90          1.50       1.50
    22      1       0.240    -1       25       1.42         0.90          1.50       1.50
    23      1       0.240    -1       25       0.25         0.90          0.50       1.50
    24      1       0.240    -1       25       0.00         0.00          0.75       2.40
    25      1       0.240    -1       25       0.22         0.00          0.90       2.40
    26      1       0.240    -1       25       0.00         0.00          0.46       2.40
    27      1       0.240    -1       25       0.28         0.90          0.50       1.50
    28      1       0.240    -1       25       0.00         0.00          0.54       2.40
    29      1       0.240    -1       25       0.22         0.00          0.90       2.40
    30      1       0.240    -1       25       0.00         0.00          0.46       2.40
    31      1       0.240    -1       25       0.00         0.00          0.00       0.00
    32      1       0.240    -1       25       0.00         0.00          1.80       2.40
    33      1       0.240    -1       25       0.00         0.00          0.00       0.00
    34      1       0.240    -1       25       0.62         0.00          0.90       2.40
    35      1       0.120    -1       25       0.00         0.00          0.00       0.00
    36      1       0.120    -1       25       0.00         0.00          0.00       0.00
    37      1       0.120    -1       25       0.00         0.00          0.00       0.00
    38      1       0.120    -1       25       0.00         0.00          0.00       0.00
    39      1       0.120    -1       25       0.00         0.00          0.00       0.00
    40      1       0.120    -1       25       0.00         0.00          0.00       0.00
    41      1       0.120    -1       25       0.00         0.00          0.00       0.00
 
 板编号    塔号      厚度    模式  强度等级
     1      1       0.100    -1       20
     2      1       0.100    -1       20
     3      1       0.100    -1       20
     4      1       0.100    -1       20
     5      1       0.100    -1       20
     6      1       0.100    -1       20
     7      1       0.100    -1       20
     8      1       0.100    -1       20
     9      1       0.100    -1       20
    10      1       0.100    -1       20
    11      1       0.100    -1       20
    12      1       0.100    -1       20
    13      1       0.100    -1       20
    14      1       0.100    -1       20
    15      1       0.100    -1       20
    16      1       0.100    -1       20
    17      1       0.100    -1       20
    18      1       0.100    -1       20
    19      1       0.100    -1       20
    20      1       0.100    -1       20
    21      1       0.100    -1       20
    22      1       0.100    -1       20
    23      1       0.100    -1       20
    24      1       0.100    -1       20
