
   POLY-NO:     1  LOAD-CASE:  1  NNODE:  442  NSUBELE:  804
 (MXC,MYC,MXYC):       0.6       1.0       0.0    (XC,YC):     1.350    -0.875
 ------------------------------------------------------------------------------
 ------------------------------------------------------------------------------
 ----------------------------------------------------------------------------
                    0         1         2         3         4         5        
  6         7         8         9        10        11        12        13      
   14        15        16        17        18        19        20        21
   1B   MX         0.1      -0.4      -0.9      -1.2      -1.4      -1.5      -1.6      -1.6      -1.6      -1.5      -1.3      -1.1      -0.8      -0.5      -0.2       0.0
        MY         0.0      -0.1      -0.2      -0.3      -0.3      -0.4      -0.4      -0.4      -0.4      -0.4      -0.3      -0.3      -0.2      -0.1      -0.1       0.0
       MXY         0.1       0.0       0.0       0.0       0.0       0.0       0.0       0.0       0.0       0.0       0.0       0.0       0.0       0.0       0.0       0.0
   2B   MX         0.0       0.0      -0.1      -0.1      -0.2      -0.3      -0.4      -0.4      -0.5      -0.5      -0.5      -0.5      -0.5      -0.5      -0.5      -0.4      -0.4      -0.3      -0.2      -0.2      -0.1       0.0
        MY         0.0       0.0      -0.3      -0.6      -1.0      -1.2      -1.5      -1.7      -1.8      -1.9      -2.0      -2.0      -2.0      -2.0      -1.9      -1.7      -1.5      -1.3      -1.0      -0.6      -0.3       0.0
       MXY         0.0       0.0       0.0       0.0       0.0       0.0       0.0       0.0       0.0       0.0       0.0       0.0       0.0       0.0       0.0       0.0       0.0       0.0       0.0       0.0       0.0       0.0
   3B   MX         0.0       0.0      -0.3      -0.5      -0.8      -1.1      -1.3      -1.5      -1.6      -1.6      -1.6      -1.6      -1.4      -1.2
        MY         0.0       0.0      -0.1      -0.1      -0.2      -0.3      -0.3      -0.4      -0.4      -0.4      -0.4      -0.4      -0.4      -0.3
       MXY         0.0       0.0       0.0       0.0       0.0       0.0       0.0       0.0       0.0       0.0       0.0       0.0       0.0       0.0
   4B   MX        -1.1       0.3      -0.1       0.0
        MY        -0.4       0.1       0.0       0.0
       MXY         0.2       0.1      -0.1      -0.1
   5B   MX         0.0       0.0       0.0       0.0       0.0       0.0       0.0       0.0       0.0       0.0       0.0       0.0       0.0       0.0       0.0       0.0       0.0       0.0       0.0       0.0       0.0       0.0
        MY         0.0       0.0       0.0       0.0       0.0       0.0       0.0       0.0       0.0       0.0       0.0       0.0       0.0       0.0       0.0       0.0       0.0       0.0       0.0       0.0       0.0       0.1
       MXY        -0.2      -0.3      -0.4      -0.5      -0.5      -0.4      -0.4      -0.3      -0.2      -0.2      -0.1       0.0       0.1       0.2       0.2       0.3       0.4       0.4       0.5       0.5       0.4       0.3
 (SXC,SYC,SXYC):       0.0       0.0       0.0    (XC,YC):     1.350    -0.875
 ------------------------------------------------------------------------------
 ------------------------------------------------------------------------------
 ----------------------------------------------------------------------------
                    0         1         2         3         4         5        
  6         7         8         9        10        11        12        13      
   14        15        16        17        18        19        20        21
   1B   SX         0.0       0.0       0.0       0.0       0.0       0.0       0.0       0.0       0.0       0.0       0.0       0.0       0.0       0.0       0.0       0.0
        SY         0.0       0.0       0.0       0.0       0.0       0.0       0.0       0.0       0.0       0.0       0.0       0.0       0.0       0.0       0.0       0.0
       SXY         0.0       0.0       0.0       0.0       0.0       0.0       0.0       0.0       0.0       0.0       0.0       0.0       0.0       0.0       0.0       0.0
   2B   SX         0.0       0.0       0.0       0.0       0.0       0.0       0.0       0.0       0.0       0.0       0.0       0.0       0.0       0.0       0.0       0.0       0.0       0.0       0.0       0.0       0.0       0.0
        SY         0.0       0.0       0.0       0.0       0.0       0.0       0.0       0.0       0.0       0.0       0.0       0.0       0.0       0.0       0.0       0.0       0.0       0.0       0.0       0.0       0.0       0.0
       SXY         0.0       0.0       0.0       0.0       0.0       0.0       0.0       0.0       0.0       0.0       0.0       0.0       0.0       0.0       0.0       0.0       0.0       0.0       0.0       0.0       0.0       0.0
   3B   SX         0.0       0.0       0.0       0.0       0.0       0.0       0.0       0.0       0.0       0.0       0.0       0.0       0.0       0.0
        SY         0.0       0.0       0.0       0.0       0.0       0.0       0.0       0.0       0.0       0.0       0.0       0.0       0.0       0.0
       SXY         0.0       0.0       0.0       0.0       0.0       0.0       0.0       0.0       0.0       0.0       0.0       0.0       0.0       0.0
   4B   SX         0.0       0.0       0.0       0.0
        SY         0.0       0.0       0.0       0.0
       SXY         0.0       0.0       0.0       0.0
   5B   SX         0.0       0.0       0.0       0.0       0.0       0.0       0.0       0.0       0.0       0.0       0.0       0.0       0.0       0.0       0.0       0.0       0.0       0.0       0.0       0.0       0.0       0.0
        SY         0.0       0.0       0.0       0.0       0.0       0.0       0.0       0.0       0.0       0.0       0.0       0.0       0.0       0.0       0.0       0.0       0.0       0.0       0.0       0.0       0.0       0.0
       SXY         0.0       0.0       0.0       0.0       0.0       0.0       0.0       0.0       0.0       0.0       0.0       0.0       0.0       0.0       0.0       0.0       0.0       0.0       0.0       0.0       0.0       0.0

               LOAD CASE =   1 Wmax=     0.108 mm
