
     **********************************************************************
     *  Output of Combined Force of COLUMN, WALL and BRACE on 1st Floor   *
     * Special Wind, Transverse/Torsional Wind Vibration are unconsidered *
     *            (All the Forces here are the Design Values)             *
     *                             WDCNL.OUT                              *
     *  ----------------------------------------------------------------  *
     *          Symbols:                                                  *
     *  Rlive --- Reduction factor of live loads                          *
     *  N-C,N-WC,N-G --- Element number of COLUMN, SHEAR WALL and BRACE   *
     *  Load Case --- Combination number controled objective Combined     *
     *  NODE No--- Nodal Number of COLUMN  and BRACE                      *
     *  Shear-X,Shear-Y --- Shear force in X,Y direction(kN)              *
     *  Axial --- Axial force(kN)                                         *
     *  Moment-X,Moment-Y --- Moment in X,Y direction(kN-m)               *
     *  Vxmax,Vymax --- Combination of maximum shear in X,Y direction(kN) *
     *  Nmin --- Combination of absolute minimum axial force(kN)          *
     *  Nmax --- Combination of absolute maximum axial force(kN)          *
     *  Mxmax --- Combination of maximum moment in X direction(kN-m)      *
     *  Mymax --- Combination of maximum moment in Y direction(kN-m)      *
     *  D+L --- Combination of 1.2*(dead load)+1.4*(live load)            *
     *  NE --- Combination mark of seismic force (1-Yes, 0-No)            *
     *  J1,J2 --- Nodal number of WALL-COLUMN at the left and ritht end   *
     *  Shear,Axial,Moment --- Shear, axial and moment of each WALL_COLUMN*
     *  Xod,Yod --- Center coordinates of Combination Force (Mx,My=0)     *
     *  Sum of Axial --- sum of vertical forces(kN)                       *
     **********************************************************************

     Total-Columns =   19   Total-Wall-Columns =   31   Total-Brace =    0

         Rlive     =    0.85

     N-C    NODE                                                       Critical
  (LoadCase) No    Shear-X   Shear-Y    Axial   Moment-X   Moment-Y NE Condition
 ------------------------------------------------------------------------------
     1(15)  212       1.8       3.9    -110.9      -2.0       1.1    0   Vxmax
     1(15)  212       1.8       3.9    -110.9      -2.0       1.1    0   Vymax
     1(32)  212       0.9       1.9     -56.0      -0.9       0.3    1   Nmin 
     1(15)  212       1.8       3.9    -110.9      -2.0       1.1    0   Nmax 
     1(15)  212       1.8       3.9    -110.9      -2.0       1.1    0   Mxmax
     1(29)  212       2.1       3.7    -117.5      -1.9       1.6    1   Mymax
     1( 1)  212       1.8       3.3    -103.5      -1.6       1.1    0    D+L 
 ------------------------------------------------------------------------------
     2(28)  233      -0.6       0.7    -114.7      -0.7      -0.6    1   Vxmax
     2(11)  233      -0.2       1.0    -128.6      -1.1       0.0    0   Vymax
     2(34)  233       0.0       0.5     -89.2      -0.4       0.1    1   Nmin 
     2( 1)  233      -0.2       0.9    -132.3      -1.0       0.0    0   Nmax 
     2(11)  233      -0.2       1.0    -128.6      -1.1       0.0    0   Mxmax
     2(28)  233      -0.6       0.7    -114.7      -0.7      -0.6    1   Mymax
     2( 1)  233      -0.2       1.0    -126.9      -1.0       0.0    0    D+L 
 ------------------------------------------------------------------------------
     3(29)  248       0.8       1.1    -121.7      -1.1       0.8    1   Vxmax
     3(11)  248       0.3       1.3    -131.5      -1.3       0.2    0   Vymax
     3(32)  248      -0.3       0.8     -90.0      -0.8      -0.5    1   Nmin 
     3( 1)  248       0.3       1.2    -135.5      -1.3       0.2    0   Nmax 
     3(11)  248       0.3       1.3    -131.5      -1.3       0.2    0   Mxmax
     3(29)  248       0.8       1.1    -121.7      -1.1       0.8    1   Mymax
     3( 1)  248       0.3       1.2    -130.1      -1.2       0.2    0    D+L 
 ------------------------------------------------------------------------------
     4(29)  263       0.7       3.6     -93.6      -1.7       0.7    1   Vxmax
     4(15)  263       0.4       4.0    -100.3      -2.0       0.2    0   Vymax
     4(34)  263       0.2       1.7     -55.7      -0.7       0.1    1   Nmin 
     4(11)  263       0.4       4.0    -101.8      -1.9       0.2    0   Nmax 
     4(15)  263       0.4       4.0    -100.3      -2.0       0.2    0   Mxmax
     4(29)  263       0.7       3.6     -93.6      -1.7       0.7    1   Mymax
     4( 1)  263       0.4       3.6     -96.7      -1.7       0.2    0    D+L 
 ------------------------------------------------------------------------------
     5(28)  282      -1.8       3.1     -88.2      -1.5      -0.9    1   Vxmax
     5(15)  282      -0.9       4.0     -96.6      -2.0      -0.3    0   Vymax
     5(34)  282      -0.5       1.7     -52.7      -0.7      -0.1    1   Nmin 
     5(11)  282      -0.9       3.9     -98.1      -1.9      -0.3    0   Nmax 
     5(15)  282      -0.9       4.0     -96.6      -2.0      -0.3    0   Mxmax
     5(28)  282      -1.8       3.1     -88.2      -1.5      -0.9    1   Mymax
     5( 1)  282      -0.8       3.6     -93.2      -1.7      -0.3    0    D+L 
 ------------------------------------------------------------------------------
     6(28)  302      -0.6       0.8    -116.3      -0.8      -0.6    1   Vxmax
     6(11)  302      -0.1       1.0    -131.7      -1.1       0.0    0   Vymax
     6(34)  302       0.0       0.5     -91.8      -0.4       0.1    1   Nmin 
     6( 1)  302      -0.1       1.0    -135.5      -1.0       0.0    0   Nmax 
     6(11)  302      -0.1       1.0    -131.7      -1.1       0.0    0   Mxmax
     6(29)  302       0.4       0.8    -114.5      -0.8       0.6    1   Mymax
     6( 1)  302      -0.1       1.0    -130.2      -1.0       0.0    0    D+L 
 ------------------------------------------------------------------------------
     7(29)  315       0.6       0.9    -117.2      -0.9       0.6    1   Vxmax
     7(11)  315       0.1       1.2    -129.2      -1.3       0.0    0   Vymax
     7(32)  315      -0.4       0.8     -90.9      -0.8      -0.6    1   Nmin 
     7( 1)  315       0.1       1.1    -133.2      -1.2       0.0    0   Nmax 
     7(11)  315       0.1       1.2    -129.2      -1.3       0.0    0   Mxmax
     7(29)  315       0.6       0.9    -117.2      -0.9       0.6    1   Mymax
     7( 1)  315       0.1       1.2    -127.9      -1.2       0.0    0    D+L 
 ------------------------------------------------------------------------------
     8(29)  330       2.3       2.9     -82.2      -1.4       1.2    1   Vxmax
     8(15)  330       1.7       3.5     -85.6      -1.7       0.7    0   Vymax
     8(34)  330       1.2       1.4     -48.7      -0.6       0.5    1   Nmin 
     8( 1)  330       1.8       3.3     -87.4      -1.6       0.7    0   Nmax 
     8(15)  330       1.7       3.5     -85.6      -1.7       0.7    0   Mxmax
     8(29)  330       2.3       2.9     -82.2      -1.4       1.2    1   Mymax
     8( 1)  330       1.7       3.1     -83.0      -1.5       0.7    0    D+L 
 ------------------------------------------------------------------------------
     9(28)  349      -5.1       1.6    -113.9      -0.9      -2.6    1   Vxmax
     9(15)  349      -3.8       1.5     -91.8      -1.0      -1.8    0   Vymax
     9(33)  349      -1.2       0.8     -35.2      -0.4      -0.3    1   Nmin 
     9( 1)  349      -4.0       1.5     -94.5      -0.8      -1.9    0   Nmax 
     9(15)  349      -3.8       1.5     -91.8      -1.0      -1.8    0   Mxmax
     9(28)  349      -5.1       1.6    -113.9      -0.9      -2.6    1   Mymax
     9( 1)  349      -3.8       1.4     -89.1      -0.8      -1.8    0    D+L 
 ------------------------------------------------------------------------------
    10(29)  219       1.3      -1.6     -78.7       0.6       1.4    1   Vxmax
    10(14)  219       0.9      -2.5     -84.9       1.2       0.8    0   Vymax
    10(35)  219       0.8      -0.7     -45.5       0.1       0.7    1   Nmin 
    10( 1)  219       1.0      -2.2     -85.6       1.0       0.9    0   Nmax 
    10(14)  219       0.9      -2.5     -84.9       1.2       0.8    0   Mxmax
    10(29)  219       1.3      -1.6     -78.7       0.6       1.4    1   Mymax
    10( 1)  219       1.0      -2.0     -79.6       0.9       0.8    0    D+L 
 ------------------------------------------------------------------------------
    11(28)  234      -1.0      -0.5    -125.8       0.6      -0.8    1   Vxmax
    11(10)  234      -0.7      -0.6    -141.7       0.7      -0.4    0   Vymax
    11(35)  234      -0.5      -0.2    -102.0       0.2      -0.2    1   Nmin 
    11( 1)  234      -0.7      -0.6    -147.7       0.6      -0.4    0   Nmax 
    11(10)  234      -0.7      -0.6    -141.7       0.7      -0.4    0   Mxmax
    11(28)  234      -1.0      -0.5    -125.8       0.6      -0.8    1   Mymax
    11( 1)  234      -0.7      -0.6    -140.4       0.6      -0.3    0    D+L 
 ------------------------------------------------------------------------------
    12( 1)  249       0.9      -0.6    -147.2       0.7       0.4    0   Vxmax
    12(10)  249       0.9      -0.7    -141.3       0.8       0.4    0   Vymax
    12(33)  249       1.0      -0.4    -101.1       0.4       0.8    1   Nmin 
    12( 1)  249       0.9      -0.6    -147.2       0.7       0.4    0   Nmax 
    12(10)  249       0.9      -0.7    -141.3       0.8       0.4    0   Mxmax
    12(29)  249       1.1      -0.5    -122.1       0.5       0.9    1   Mymax
    12( 1)  249       0.8      -0.6    -140.1       0.7       0.4    0    D+L 
 ------------------------------------------------------------------------------
    13(29)  269       2.2      -3.1     -87.2       1.4       1.3    1   Vxmax
    13(14)  269       1.6      -4.1     -93.7       2.0       0.6    0   Vymax
    13(35)  269       1.0      -1.7     -47.3       0.6       0.4    1   Nmin 
    13(10)  269       1.7      -4.0     -93.7       1.9       0.7    0   Nmax 
    13(14)  269       1.6      -4.1     -93.7       2.0       0.6    0   Mxmax
    13(29)  269       2.2      -3.1     -87.2       1.4       1.3    1   Mymax
    13( 1)  269       1.6      -3.7     -88.0       1.7       0.6    0    D+L 
 ------------------------------------------------------------------------------
    14(28)  288      -1.9      -3.4     -99.6       1.6      -1.2    1   Vxmax
    14(14)  288      -1.3      -3.9    -102.5       1.9      -0.7    0   Vymax
    14(35)  288      -0.9      -1.7     -55.0       0.6      -0.5    1   Nmin 
    14( 1)  288      -1.4      -3.8    -103.3       1.8      -0.7    0   Nmax 
    14(14)  288      -1.3      -3.9    -102.5       1.9      -0.7    0   Mxmax
    14(28)  288      -1.9      -3.4     -99.6       1.6      -1.2    1   Mymax
    14( 1)  288      -1.3      -3.5     -97.0       1.7      -0.7    0    D+L 
 ------------------------------------------------------------------------------
    15(28)  303      -1.1      -0.5    -121.5       0.5      -0.8    1   Vxmax
    15(10)  303      -0.8      -0.6    -136.0       0.7      -0.4    0   Vymax
    15(35)  303      -0.5      -0.3     -97.7       0.2      -0.2    1   Nmin 
    15( 1)  303      -0.8      -0.6    -141.4       0.6      -0.4    0   Nmax 
    15(10)  303      -0.8      -0.6    -136.0       0.7      -0.4    0   Mxmax
    15(28)  303      -1.1      -0.5    -121.5       0.5      -0.8    1   Mymax
    15( 1)  303      -0.8      -0.6    -134.9       0.7      -0.3    0    D+L 
 ------------------------------------------------------------------------------
    16( 1)  316       0.9      -0.7    -143.2       0.7       0.4    0   Vxmax
    16(10)  316       0.9      -0.7    -137.5       0.8       0.4    0   Vymax
    16(35)  316       0.6      -0.4     -99.3       0.3       0.2    1   Nmin 
    16( 1)  316       0.9      -0.7    -143.2       0.7       0.4    0   Nmax 
    16(10)  316       0.9      -0.7    -137.5       0.8       0.4    0   Mxmax
    16(29)  316       1.1      -0.6    -121.0       0.6       0.8    1   Mymax
    16( 1)  316       0.9      -0.7    -136.5       0.7       0.4    0    D+L 
 ------------------------------------------------------------------------------
    17(28)  336      -1.2      -2.4     -70.8       1.3      -1.2    1   Vxmax
    17(14)  336      -0.7      -3.1     -83.9       1.6      -0.6    0   Vymax
    17(35)  336      -0.5      -1.1     -42.4       0.4      -0.6    1   Nmin 
    17( 1)  336      -0.8      -2.9     -84.3       1.4      -0.7    0   Nmax 
    17(14)  336      -0.7      -3.1     -83.9       1.6      -0.6    0   Mxmax
    17(28)  336      -1.2      -2.4     -70.8       1.3      -1.2    1   Mymax
    17( 1)  336      -0.8      -2.8     -79.2       1.4      -0.7    0    D+L 
 ------------------------------------------------------------------------------
    18( 1)  340       1.8      -0.8     -82.0       0.6       1.0    0   Vxmax
    18(14)  340       1.7      -1.0     -79.5       0.8       0.9    0   Vymax
    18(32)  340       0.7      -0.6     -37.7       0.5       0.1    1   Nmin 
    18( 1)  340       1.8      -0.8     -82.0       0.6       1.0    0   Nmax 
    18(30)  340       1.8      -1.2     -83.7       1.0       1.0    1   Mxmax
    18(29)  340       2.2      -0.8     -92.8       0.4       1.5    1   Mymax
    18( 1)  340       1.7      -0.8     -76.2       0.5       0.9    0    D+L 
 ------------------------------------------------------------------------------
    19( 1)  360      -1.4      -2.1     -82.8       1.1      -0.8    0   Vxmax
    19( 1)  360      -1.4      -2.1     -82.8       1.1      -0.8    0   Vymax
    19(33)  360      -0.5      -1.4     -42.5       0.8       0.0    1   Nmin 
    19( 1)  360      -1.4      -2.1     -82.8       1.1      -0.8    0   Nmax 
    19(14)  360      -1.3      -2.0     -82.6       1.2      -0.8    0   Mxmax
    19(28)  360      -1.7      -2.0     -89.8       1.1      -1.3    1   Mymax
    19( 1)  360      -1.3      -1.9     -76.5       1.1      -0.7    0    D+L 
 ------------------------------------------------------------------------------

     N-WC     NODE No                                      Critical
  (LoadCase)  J1   J2     Shear     Axial    Moment   NE   Condition
 --------------------------------------------------------------------
     1(31)  212   214      30.4    -228.9      28.4    1    Vmax 
     1(32)  212   214       2.1    -158.0      -6.7    1    Nmin 
     1( 1)  212   214      12.5    -253.8       6.5    0    Nmax 
     1(31)  212   214      30.4    -228.9      28.4    1    Mmax 
     1( 1)  212   214      11.4    -238.4       6.2    0     D+L 
 --------------------------------------------------------------------
     2(30)  217   221     -49.7    -375.3      28.5    1    Vmax 
     2(35)  217   221      17.5    -246.5     146.6    1    Nmin 
     2( 1)  217   221     -20.2    -390.9     110.4    0    Nmax 
     2(15)  217   221       1.1    -334.1     135.9    0    Mmax 
     2( 1)  217   221     -18.6    -363.6     103.4    0     D+L 
 --------------------------------------------------------------------
     3(30)  263   269     -81.5    -744.4    -139.9    1    Vmax 
     3(32)  263   269     -24.6    -593.4     -13.0    1    Nmin 
     3( 1)  263   269      -5.2    -854.5      27.7    0    Nmax 
     3(31)  263   269      72.6    -726.0     184.1    1    Mmax 
     3( 1)  263   269      -5.0    -807.1      29.6    0     D+L 
 --------------------------------------------------------------------
     4(31)  282   288      80.8    -735.1     140.5    1    Vmax 
     4(33)  282   288      17.2    -597.1      14.0    1    Nmin 
     4( 1)  282   288       7.8    -859.1     -19.9    0    Nmax 
     4(30)  282   288     -67.2    -743.4    -179.1    1    Mmax 
     4( 1)  282   288       7.2    -811.2     -14.4    0     D+L 
 --------------------------------------------------------------------
     5(30)  330   337     -73.1    -716.6    -161.1    1    Vmax 
     5(32)  330   337      15.0    -556.9     -22.3    1    Nmin 
     5( 1)  330   337       0.0    -808.1      15.0    0    Nmax 
     5(31)  330   337      73.1    -673.3     182.5    1    Mmax 
     5( 1)  330   337      -0.1    -763.9      18.5    0     D+L 
 --------------------------------------------------------------------
     6(30)  339   340      -0.9     -24.5      -0.7    1    Vmax 
     6(32)  339   340      -0.8     -12.7      -0.4    1    Nmin 
     6( 1)  339   340      -0.1     -29.5      -0.2    0    Nmax 
     6(30)  339   340      -0.9     -24.5      -0.7    1    Mmax 
     6( 1)  339   340      -0.1     -27.4      -0.2    0     D+L 
 --------------------------------------------------------------------
     7(31)  349   350       5.4     -86.5       6.5    1    Vmax 
     7(33)  349   350       3.1     -45.3       2.4    1    Nmin 
     7( 1)  349   350       1.0    -104.5       2.2    0    Nmax 
     7(31)  349   350       5.4     -86.5       6.5    1    Mmax 
     7( 1)  349   350       0.8     -98.6       2.0    0     D+L 
 --------------------------------------------------------------------
     8(31)  353   356      24.8    -319.2      44.5    1    Vmax 
     8(33)  353   356      -3.0    -233.9      14.2    1    Nmin 
     8( 1)  353   356       4.8    -355.1       7.9    0    Nmax 
     8(31)  353   356      24.8    -319.2      44.5    1    Mmax 
     8( 1)  353   356       4.5    -333.1       7.9    0     D+L 
 --------------------------------------------------------------------
     9(14)  359   360     -16.9     -95.8      -8.0    0    Vmax 
     9(33)  359   360     -13.3     -55.6      -4.1    1    Nmin 
     9( 1)  359   360     -13.5    -102.4      -6.8    0    Nmax 
     9(14)  359   360     -16.9     -95.8      -8.0    0    Mmax 
     9( 1)  359   360     -12.6     -94.9      -6.3    0     D+L 
 --------------------------------------------------------------------
    10(29)  212   224      10.5     -88.1      10.7    1    Vmax 
    10(34)  212   224       6.8     -55.5       5.0    1    Nmin 
    10(15)  212   224       3.0    -109.8       4.2    0    Nmax 
    10(29)  212   224      10.5     -88.1      10.7    1    Mmax 
    10( 1)  212   224       5.0    -102.9       5.0    0     D+L 
 --------------------------------------------------------------------
    11(29)  229   238      16.9    -214.6      22.9    1    Vmax 
    11(34)  229   238       6.1    -167.2       5.8    1    Nmin 
    11( 1)  229   238       5.1    -247.4       3.5    0    Nmax 
    11(29)  229   238      16.9    -214.6      22.9    1    Mmax 
    11( 1)  229   238       5.1    -237.4       3.5    0     D+L 
 --------------------------------------------------------------------
    12(28)  244   253     -15.5    -209.5     -20.6    1    Vmax 
    12(34)  244   253      -2.9    -172.3      -2.1    1    Nmin 
    12( 1)  244   253      -2.1    -253.0       0.4    0    Nmax 
    12(29)  244   253      12.1    -221.7      21.4    1    Mmax 
    12( 1)  244   253      -2.1    -243.0       0.3    0     D+L 
 --------------------------------------------------------------------
    13(29)  259   272      24.8    -271.6      40.1    1    Vmax 
    13(34)  259   272       1.8    -172.6      -0.3    1    Nmin 
    13( 1)  259   272       5.5    -300.6       5.2    0    Nmax 
    13(29)  259   272      24.8    -271.6      40.1    1    Mmax 
    13( 1)  259   272       5.0    -285.7       4.9    0     D+L 
 --------------------------------------------------------------------
    14(29)  278   293      29.5    -234.4      41.0    1    Vmax 
    14(34)  278   293       5.4    -157.7       5.1    1    Nmin 
    14( 1)  278   293       2.5    -280.0      -1.3    0    Nmax 
    14(28)  278   293     -25.5    -245.4     -43.4    1    Mmax 
    14( 1)  278   293       2.6    -266.5      -1.0    0     D+L 
 --------------------------------------------------------------------
    15(29)  298   306      19.3    -219.6      24.3    1    Vmax 
    15(34)  298   306       7.0    -171.6       6.2    1    Nmin 
    15( 1)  298   306       6.5    -252.4       4.2    0    Nmax 
    15(29)  298   306      19.3    -219.6      24.3    1    Mmax 
    15( 1)  298   306       6.4    -242.7       4.1    0     D+L 
 --------------------------------------------------------------------
    16(28)  312   320     -19.1    -210.6     -23.8    1    Vmax 
    16(34)  312   320      -5.8    -169.8       0.4    1    Nmin 
    16( 1)  312   320      -5.9    -248.4      -3.1    0    Nmax 
    16(28)  312   320     -19.1    -210.6     -23.8    1    Mmax 
    16( 1)  312   320      -5.9    -238.7      -3.1    0     D+L 
 --------------------------------------------------------------------
    17(28)  326   349     -89.0    -550.9    -131.7    1    Vmax 
    17(34)  326   349       2.5    -370.8      11.0    1    Nmin 
    17( 1)  326   349     -13.6    -617.9      40.2    0    Nmax 
    17(29)  326   349      66.3    -510.6     199.2    1    Mmax 
    17( 1)  326   349     -13.4    -585.2      39.5    0     D+L 
 --------------------------------------------------------------------
    18(29)  219   222       1.3     -17.0       0.8    1    Vmax 
    18(35)  219   222       0.6     -11.8       0.4    1    Nmin 
    18(14)  219   222       0.4     -24.1       0.3    0    Nmax 
    18(29)  219   222       1.3     -17.0       0.8    1    Mmax 
    18( 1)  219   222       0.6     -21.9       0.4    0     D+L 
 --------------------------------------------------------------------
    19(29)  225   228       9.4     -98.4       2.9    1    Vmax 
    19(32)  225   228       1.6     -58.4      -0.4    1    Nmin 
    19( 1)  225   228       7.0     -99.6       1.6    0    Nmax 
    19(29)  225   228       9.4     -98.4       2.9    1    Mmax 
    19( 1)  225   228       6.7     -94.4       1.5    0     D+L 
 --------------------------------------------------------------------
    20(29)  231   239      17.7    -215.0      16.9    1    Vmax 
    20(35)  231   239       6.3    -171.9       5.1    1    Nmin 
    20( 1)  231   239       7.3    -249.1       5.3    0    Nmax 
    20(29)  231   239      17.7    -215.0      16.9    1    Mmax 
    20( 1)  231   239       7.1    -236.7       5.0    0     D+L 
 --------------------------------------------------------------------
    21(28)  245   252     -17.7    -219.1     -16.2    1    Vmax 
    21(35)  245   252      -6.4    -171.5      -1.4    1    Nmin 
    21( 1)  245   252      -6.5    -248.7      -4.1    0    Nmax 
    21(28)  245   252     -17.7    -219.1     -16.2    1    Mmax 
    21( 1)  245   252      -6.2    -236.6      -3.9    0     D+L 
 --------------------------------------------------------------------
    22(28)  255   258      -9.8     -94.0      -2.9    1    Vmax 
    22(33)  255   258      -1.3     -55.5       0.6    1    Nmin 
    22( 1)  255   258      -7.1     -95.0      -1.4    0    Nmax 
    22(28)  255   258      -9.8     -94.0      -2.9    1    Mmax 
    22( 1)  255   258      -6.8     -90.2      -1.4    0     D+L 
 --------------------------------------------------------------------
    23(28)  261   273     -20.8    -166.6     -18.7    1    Vmax 
    23(35)  261   273       0.7     -91.4       4.0    1    Nmin 
    23( 1)  261   273      -2.5    -169.0       2.0    0    Nmax 
    23(29)  261   273      16.5    -124.8      22.2    1    Mmax 
    23( 1)  261   273      -2.5    -159.0       1.8    0     D+L 
 --------------------------------------------------------------------
    24(28)  279   291     -15.4    -159.3     -20.1    1    Vmax 
    24(35)  279   291      -4.0    -111.2       0.0    1    Nmin 
    24( 1)  279   291      -2.9    -202.1      -2.6    0    Nmax 
    24(28)  279   291     -15.4    -159.3     -20.1    1    Mmax 
    24( 1)  279   291      -2.6    -190.0      -2.4    0     D+L 
 --------------------------------------------------------------------
    25(29)  294   297       9.4     -90.4       2.8    1    Vmax 
    25(32)  294   297       1.4     -59.4      -0.5    1    Nmin 
    25( 1)  294   297       6.9     -95.3       1.5    0    Nmax 
    25(29)  294   297       9.4     -90.4       2.8    1    Mmax 
    25( 1)  294   297       6.6     -90.6       1.4    0     D+L 
 --------------------------------------------------------------------
    26(29)  300   307      17.0    -201.9      16.9    1    Vmax 
    26(35)  300   307       4.9    -165.3       4.5    1    Nmin 
    26( 1)  300   307       5.1    -239.6       4.4    0    Nmax 
    26(29)  300   307      17.0    -201.9      16.9    1    Mmax 
    26( 1)  300   307       5.1    -228.5       4.3    0     D+L 
 --------------------------------------------------------------------
    27(28)  313   319     -17.3    -206.1     -16.3    1    Vmax 
    27(35)  313   319      -5.8    -167.3      -1.0    1    Nmin 
    27( 1)  313   319      -5.6    -241.9      -3.7    0    Nmax 
    27(28)  313   319     -17.3    -206.1     -16.3    1    Mmax 
    27( 1)  313   319      -5.5    -230.6      -3.5    0     D+L 
 --------------------------------------------------------------------
    28(28)  322   325      -9.7     -92.6      -2.9    1    Vmax 
    28(33)  322   325      -1.4     -57.0       0.5    1    Nmin 
    28( 1)  322   325      -7.1     -95.2      -1.5    0    Nmax 
    28(28)  322   325      -9.7     -92.6      -2.9    1    Mmax 
    28( 1)  322   325      -6.8     -90.5      -1.4    0     D+L 
 --------------------------------------------------------------------
    29(28)  328   336      -0.9     -17.5      -0.6    1    Vmax 
    29(35)  328   336      -0.5     -11.2      -0.3    1    Nmin 
    29(14)  328   336      -0.1     -24.5      -0.1    0    Nmax 
    29(28)  328   336      -0.9     -17.5      -0.6    1    Mmax 
    29( 1)  328   336      -0.3     -22.8      -0.2    0     D+L 
 --------------------------------------------------------------------
    30(29)  340   342      17.9     -99.4      18.9    1    Vmax 
    30(35)  340   342       5.3     -72.3       5.4    1    Nmin 
    30( 1)  340   342       5.4    -120.5       5.0    0    Nmax 
    30(29)  340   342      17.9     -99.4      18.9    1    Mmax 
    30( 1)  340   342       4.9    -112.0       4.6    0     D+L 
 --------------------------------------------------------------------
    31(28)  346   360     -16.7    -100.0     -17.9    1    Vmax 
    31(35)  346   360      -4.6     -73.2      -1.2    1    Nmin 
    31( 1)  346   360      -3.5    -124.7      -3.8    0    Nmax 
    31(28)  346   360     -16.7    -100.0     -17.9    1    Mmax 
    31( 1)  346   360      -3.3    -115.1      -3.5    0     D+L 
 --------------------------------------------------------------------

  The coordinates of Combined force (Mx=0 and My=0)

           Xod          Yod         Sum of Axial     Load Case

         12.098        3.090          -9622.9          Vxmax
         11.934        3.125          -9193.0          Vymax
         11.923        3.094          -6494.9          Nmin 
         12.015        3.092         -10237.3          Nmax 
         11.977        3.072          -9043.4          Mxmax
         12.143        3.070          -9535.7          Mymax
         12.011        3.080          -9688.2           D+L 
