
  ///////////////////////////////////////////////////////////////////////////
  | 公司名称:                                                               |
  |                                                                         |
  |                           SATWE 位移输出文件                            |
  |                          SATWE2010_V2.2 中文版                          |
  |                         (2014年9月23日9时52分)                          |
  |                            文件名: WDISP.OUT                            |
  |                                                                         |
  |工程名称 :                     设计人 :              计算日期:2017/05/23 |
  |工程代号 :                     校核人 :              计算时间:14:58:37   |
  ///////////////////////////////////////////////////////////////////////////


  所有位移的单位为毫米

  Floor   : 层号
  Tower   : 塔号
  Jmax    : 最大位移对应的节点号
  JmaxD   : 最大层间位移对应的节点号
  Max-(Z) : 节点的最大竖向位移
  h       : 层高
  Max-(X)，Max-(Y)   : X,Y方向的节点最大位移
  Ave-(X)，Ave-(Y)   : X,Y方向的层平均位移
  Max-Dx ，Max-Dy    : X,Y方向的最大层间位移
  Ave-Dx ，Ave-Dy    : X,Y方向的平均层间位移
  Ratio-(X),Ratio-(Y): 最大位移与层平均位移的比值
  Ratio-Dx,Ratio-Dy  : 最大层间位移与平均层间位移的比值
  Max-Dx/h，Max-Dy/h : X,Y方向的最大层间位移角
  DxR/Dx,DyR/Dy      : X,Y方向的有害位移角占总位移角的百分比例
  Ratio_AX,Ratio_AY  : 本层位移角与上层位移角的1.3倍及上三层平均位移角的1.2倍的比值的大者
  X-Disp，Y-Disp，Z-Disp:节点X,Y,Z方向的位移


  === 工况  1 === X 方向地震作用下的楼层最大位移

  Floor  Tower    Jmax     Max-(X)     Ave-(X)       h
                  JmaxD    Max-Dx      Ave-Dx    Max-Dx/h      DxR/Dx    Ratio_AX
    3      1       772       1.17        1.11         3300.
                   772       0.33        0.31       1/9999.    30.2%       1.00
    2      1       501       0.84        0.80         3300.
                   501       0.43        0.41       1/7735.     4.0%       1.00
    1      1       221       0.42        0.39         3300.
                   221       0.42        0.39       1/7889.    98.9%       0.90
 
   X方向最大层间位移角:               1/7735.(第  2层第 1塔)

  === 工况  2 === Y 方向地震作用下的楼层最大位移

  Floor  Tower    Jmax     Max-(Y)     Ave-(Y)       h
                  JmaxD    Max-Dy      Ave-Dy    Max-Dy/h      DyR/Dy    Ratio_AY
    3      1       764       0.83        0.82         3300.
                   929       0.26        0.26       1/9999.    15.6%       1.00
    2      1       493       0.58        0.57         3300.
                   636       0.31        0.30       1/9999.     9.7%       0.89
    1      1       212       0.30        0.27         3300.
                   212       0.30        0.27       1/9999.    99.5%       0.81
 
   Y方向最大层间位移角:               1/9999.(第  3层第 1塔)

  === 工况  3 === X 方向风荷载作用下的楼层最大位移

  Floor  Tower    Jmax     Max-(X)     Ave-(X)    Ratio-(X)       h
                  JmaxD    Max-Dx      Ave-Dx     Ratio-Dx    Max-Dx/h    DxR/Dx    Ratio_AX
    3      1       772       0.16        0.16       1.01         3300.
                   772       0.04        0.04       1.01       1/9999.    46.5%       1.00
    2      1       501       0.12        0.12       1.01         3300.
                   501       0.05        0.05       1.01       1/9999.    21.1%       1.13
    1      1       221       0.07        0.07       1.02         3300.
                   221       0.07        0.07       1.02       1/9999.    99.7%       1.20
 
   X方向最大层间位移角:               1/9999.(第  3层第 1塔)
   X方向最大位移与层平均位移的比值:        1.02(第  1层第 1塔)
   X方向最大层间位移与平均层间位移的比值:  1.02(第  1层第 1塔)

  === 工况  4 === Y 方向风荷载作用下的楼层最大位移

  Floor  Tower    Jmax     Max-(Y)     Ave-(Y)    Ratio-(Y)       h
                  JmaxD    Max-Dy      Ave-Dy     Ratio-Dy    Max-Dy/h    DyR/Dy    Ratio_AY
    3      1       764       0.38        0.36       1.07         3300.
                   764       0.11        0.10       1.05       1/9999.    24.5%       1.00
    2      1       493       0.28        0.26       1.08         3300.
                   493       0.13        0.12       1.01       1/9999.     4.9%       0.96
    1      1       212       0.15        0.13       1.15         3300.
                   212       0.15        0.13       1.15       1/9999.    99.5%       0.97
 
   Y方向最大层间位移角:               1/9999.(第  3层第 1塔)
   Y方向最大位移与层平均位移的比值:        1.15(第  1层第 1塔)
   Y方向最大层间位移与平均层间位移的比值:  1.15(第  1层第 1塔)

  === 工况  5 === 竖向恒载作用下的楼层最大位移

  Floor  Tower    Jmax       Max-(Z)
    3      1       905        -7.03
    2      1       616        -5.40
    1      1       329        -5.25

  === 工况  6 === 竖向活载作用下的楼层最大位移

  Floor  Tower    Jmax       Max-(Z)
    3      1       905        -2.77
    2      1       616        -2.22
    1      1       329        -2.15

  === 工况  7 === X 方向地震作用规定水平力下的楼层最大位移

  Floor  Tower    Jmax     Max-(X)     Ave-(X)    Ratio-(X)       h
                  JmaxD    Max-Dx      Ave-Dx     Ratio-Dx
    3      1       772       1.13        1.10       1.02         3300.
                   772       0.32        0.31       1.02
    2      1       501       0.81        0.79       1.02         3300.
                   501       0.41        0.40       1.02
    1      1       221       0.40        0.39       1.03         3300.
                   221       0.40        0.39       1.03
 
   X方向最大位移与层平均位移的比值:        1.03(第  1层第 1塔)
   X方向最大层间位移与平均层间位移的比值:  1.03(第  1层第 1塔)

  === 工况  8 === Y 方向地震作用规定水平力下的楼层最大位移

  Floor  Tower    Jmax     Max-(Y)     Ave-(Y)    Ratio-(Y)       h
                  JmaxD    Max-Dy      Ave-Dy     Ratio-Dy
    3      1       764       0.84        0.83       1.01         3300.
                   929       0.26        0.26       1.01
    2      1       493       0.58        0.57       1.02         3300.
                   636       0.32        0.30       1.05
    1      1       212       0.30        0.27       1.10         3300.
                   212       0.30        0.27       1.10
 
   Y方向最大位移与层平均位移的比值:        1.10(第  1层第 1塔)
   Y方向最大层间位移与平均层间位移的比值:  1.10(第  1层第 1塔)
