 shear and bending moment of columns
    JE       Vx         Vy         Mx         My
     1       0.08       0.47       0.09       0.31
     2       0.08       0.07       0.72       0.12
     3       0.09       0.07      -3.96       0.11
     4       0.07       0.39      -2.77       0.24
     5       0.16       0.38       7.07       0.23
     6       0.09       0.06       2.17       0.10
     7       0.09       0.06      -8.84       0.10
     8       0.12       0.34     -14.29       0.21
     9       0.22       0.15      91.00       0.16
    10       0.07       0.38       0.09      34.45
    11       0.05       0.05      -0.08       8.81
    12       0.04       0.04       1.07       9.11
    13       0.12       0.41      -9.45      40.33
    14       0.11       0.39      13.44      41.16
    15       0.05       0.04       1.28       7.98
    16       0.04       0.03       3.08       6.89
    17       0.07       0.35       6.42      34.65
    18       0.09       0.18     -51.80      31.93
    19       0.08       0.10      58.73      44.58
 shear and bending moment of walls
    JE       Vx         Vy         Mx         My
     1       0.13       8.49       0.18       6.22
     2       0.18      13.72      -0.20      92.82
     3       0.38      30.33     -18.40      62.35
     4       0.39      28.76      23.63      60.38
     5       0.41      27.85     -31.49      71.71
     6       0.04       0.35     -21.81      -0.08
     7       0.16       2.25      85.13       2.20
     8       0.10       9.51      73.03      -2.53
     9       0.11       3.42      55.76      21.24
    10       1.19       0.33       1.33       0.27
    11       2.17       0.09       2.34      -0.03
    12       2.31       0.09      -0.57       0.03
    13       3.34       0.68      -0.54       0.03
    14       4.23       0.67       4.54      -0.05
    15       2.33       0.08      -3.80      -0.03
    16       2.37       0.07      -0.17       0.02
    17      11.40       0.97      68.21       0.53
    18       0.10       0.12       0.09      12.10
    19       0.59       0.03      -2.34       7.27
    20       1.87       0.11       1.21      15.85
    21       2.00       0.11       3.22      16.84
    22       0.65       0.03      11.21      10.57
    23       2.68       0.54      19.41      64.44
    24       2.05       0.52     -23.47      65.20
    25       0.63       0.03     -17.40       8.19
    26       2.07       0.09       7.63      15.17
    27       2.07       0.09       2.88      12.83
    28       0.66       0.03      30.95       8.56
    29       0.09       0.11      -8.34      11.23
    30       1.99       0.19      15.65      45.19
    31       2.02       0.12     -12.91      49.73

   *Shear Force and Bending Moment of Wind Load(Column & Wall)
         Vcx =       1.7   Vwx =      50.7   Vcx+Vwx =      52.4
         Vcy =       4.0   Vwy =     129.8   Vcy+Vwy =     133.8
         Mcx =      94.0   Mwx =     264.9   Mcx+Mwx =     358.9
         Mcy =     261.5   Mwy =     658.3   Mcy+Mwy =     919.7

   **Shear Force of Wind & Seismic(Total)
         Vxw=      52.4   Vyw=     372.1
         Vxe=     255.6   Vye=     255.2
