
  ///////////////////////////////////////////////////////////////////////////
  | 公司名称:                                                               |
  |                                                                         |
  |                       周期、地震力与振型输出文件                        |
  |                             (总刚分析方法)                              |
  |                          SATWE2010_V2.2 中文版                          |
  |                         (2014年9月23日9时52分)                          |
  |                             文件名: WZQ.OUT                             |
  |                                                                         |
  |工程名称 :                     设计人 :              计算日期:2017/05/23 |
  |工程代号 :                     校核人 :              计算时间:14:57:40   |
  ///////////////////////////////////////////////////////////////////////////

    考虑扭转耦联时的振动周期(秒)、X,Y 方向的平动系数、扭转系数

    振型号    周 期      转 角          平动系数 (X+Y)       扭转系数
      1       0.2979      6.19        0.98 ( 0.97+0.01 )      0.02
      2       0.2540     96.46        1.00 ( 0.01+0.99 )      0.00
      3       0.2373     21.88        0.02 ( 0.02+0.00 )      0.98
      4       0.0983      3.83        0.99 ( 0.98+0.00 )      0.01
      5       0.0794     93.60        1.00 ( 0.00+0.99 )      0.00
      6       0.0763    164.93        0.02 ( 0.01+0.00 )      0.98
      7       0.0594      1.21        0.99 ( 0.99+0.00 )      0.01
      8       0.0477     88.64        0.77 ( 0.00+0.77 )      0.23
      9       0.0438     99.52        0.24 ( 0.01+0.23 )      0.76

   地震作用最大的方向 =     5.205 (度)


   ============================================================

    仅考虑 X 向地震作用时的地震力
   Floor : 层号
   Tower : 塔号
   F-x-x : X 方向的耦联地震力在 X 方向的分量
   F-x-y : X 方向的耦联地震力在 Y 方向的分量
   F-x-t : X 方向的耦联地震力的扭矩

   振型   1 的地震力
   -------------------------------------------------------
   Floor     Tower       F-x-x         F-x-y         F-x-t
                         (kN)          (kN)         (kN-m)
      3        1        124.37         13.91       -128.84
      2        1         87.39          9.15        -92.41
      1        1         39.93          3.80        -48.46

   振型   2 的地震力
   -------------------------------------------------------
   Floor     Tower       F-x-x         F-x-y         F-x-t
                         (kN)          (kN)         (kN-m)
      3        1          1.59        -14.91          3.48
      2        1          1.22        -10.02          2.99
      1        1          0.63         -4.44          3.36

   振型   3 的地震力
   -------------------------------------------------------
   Floor     Tower       F-x-x         F-x-y         F-x-t
                         (kN)          (kN)         (kN-m)
      3        1          2.04          0.91        126.10
      2        1          1.38          0.50         87.78
      1        1          0.60          0.03         41.35

   振型   4 的地震力
   -------------------------------------------------------
   Floor     Tower       F-x-x         F-x-y         F-x-t
                         (kN)          (kN)         (kN-m)
      3        1        -31.02         -1.72         29.83
      2        1         24.32          1.80        -19.92
      1        1         38.19          2.71        -37.15

   振型   5 的地震力
   -------------------------------------------------------
   Floor     Tower       F-x-x         F-x-y         F-x-t
                         (kN)          (kN)         (kN-m)
      3        1         -0.11          1.71          0.56
      2        1          0.05         -1.41         -1.19
      1        1          0.16         -2.26         -0.18

   振型   6 的地震力
   -------------------------------------------------------
   Floor     Tower       F-x-x         F-x-y         F-x-t
                         (kN)          (kN)         (kN-m)
      3        1         -0.46          0.14        -32.13
      2        1          0.36          0.11         24.36
      1        1          0.63         -0.26         40.62

   振型   7 的地震力
   -------------------------------------------------------
   Floor     Tower       F-x-x         F-x-y         F-x-t
                         (kN)          (kN)         (kN-m)
      3        1          6.01          0.02         -3.50
      2        1        -14.79         -0.24          9.46
      1        1         13.22          0.40         -8.96

   振型   8 的地震力
   -------------------------------------------------------
   Floor     Tower       F-x-x         F-x-y         F-x-t
                         (kN)          (kN)         (kN-m)
      3        1          0.00          0.21          0.89
      2        1         -0.01         -0.53         -2.29
      1        1          0.01          0.48          2.15

   振型   9 的地震力
   -------------------------------------------------------
   Floor     Tower       F-x-x         F-x-y         F-x-t
                         (kN)          (kN)         (kN-m)
      3        1          0.04         -0.26          3.62
      2        1         -0.10          0.63         -8.78
      1        1          0.09         -0.47          7.26

   各振型作用下 X 方向的基底剪力
   -------------------------------------------------------
            振型号       剪力(kN)
               1        251.69
               2          3.43
               3          4.01
               4         31.49
               5          0.10
               6          0.54
               7          4.44
               8          0.01
               9          0.03

   X向地震作用参与振型的有效质量系数
   -------------------------------------------------------
            振型号       有效质量系数(%)
               1         85.10
               2          1.16
               3          1.36
               4         10.65
               5          0.04
               6          0.18
               7          1.50
               8          0.00
               9          0.01

   各层 X 方向的作用力(CQC)
   Floor    : 层号
   Tower    : 塔号
   Fx       : X 向地震作用下结构的地震反应力
   Vx       : X 向地震作用下结构的楼层剪力
   Mx       : X 向地震作用下结构的弯矩
   Static Fx: 底部剪力法 X 向的地震力
   ------------------------------------------------------------------------------------------
   Floor     Tower        Fx           Vx (分塔剪重比) (整层剪重比)      Mx        Static Fx
                         (kN)         (kN)                             (kN-m)         (kN)

                     (注意:下面分塔输出的剪重比不适合于上连多塔结构)

      3        1        128.89        128.89( 5.03%)      ( 5.03%)        425.34        128.68
      2        1         92.46        213.40( 4.22%)      ( 4.22%)       1122.75         83.58
      1        1         57.64        255.62( 3.46%)      ( 3.46%)       1952.71         39.13


       抗震规范(5.2.5)条要求的X向楼层最小剪重比 =   0.80%

       X 方向的有效质量系数:   100.00%

   ============================================================

    仅考虑 Y 向地震时的地震力
   Floor : 层号
   Tower : 塔号
   F-y-x : Y 方向的耦联地震力在 X 方向的分量
   F-y-y : Y 方向的耦联地震力在 Y 方向的分量
   F-y-t : Y 方向的耦联地震力的扭矩

   振型   1 的地震力
   -------------------------------------------------------
   Floor     Tower       F-y-x         F-y-y         F-y-t
                         (kN)          (kN)         (kN-m)
      3        1         13.27          1.48        -13.75
      2        1          9.33          0.98         -9.86
      1        1          4.26          0.41         -5.17

   振型   2 的地震力
   -------------------------------------------------------
   Floor     Tower       F-y-x         F-y-y         F-y-t
                         (kN)          (kN)         (kN-m)
      3        1        -13.55        127.50        -29.76
      2        1        -10.46         85.63        -25.56
      1        1         -5.35         37.95        -28.71

   振型   3 的地震力
   -------------------------------------------------------
   Floor     Tower       F-y-x         F-y-y         F-y-t
                         (kN)          (kN)         (kN-m)
      3        1          0.73          0.33         45.34
      2        1          0.50          0.18         31.56
      1        1          0.22          0.01         14.87

   振型   4 的地震力
   -------------------------------------------------------
   Floor     Tower       F-y-x         F-y-y         F-y-t
                         (kN)          (kN)         (kN-m)
      3        1         -2.75         -0.15          2.65
      2        1          2.16          0.16         -1.77
      1        1          3.39          0.24         -3.30

   振型   5 的地震力
   -------------------------------------------------------
   Floor     Tower       F-y-x         F-y-y         F-y-t
                         (kN)          (kN)         (kN-m)
      3        1          2.10        -32.32        -10.62
      2        1         -1.04         26.73         22.60
      1        1         -3.02         42.70          3.50

   振型   6 的地震力
   -------------------------------------------------------
   Floor     Tower       F-y-x         F-y-y         F-y-t
                         (kN)          (kN)         (kN-m)
      3        1          0.01          0.00          0.42
      2        1          0.00          0.00         -0.32
      1        1         -0.01          0.00         -0.53

   振型   7 的地震力
   -------------------------------------------------------
   Floor     Tower       F-y-x         F-y-y         F-y-t
                         (kN)          (kN)         (kN-m)
      3        1          0.25          0.00         -0.14
      2        1         -0.61         -0.01          0.39
      1        1          0.55          0.02         -0.37

   振型   8 的地震力
   -------------------------------------------------------
   Floor     Tower       F-y-x         F-y-y         F-y-t
                         (kN)          (kN)         (kN-m)
      3        1          0.10          4.65         19.25
      2        1         -0.23        -11.52        -49.56
      1        1          0.29         10.37         46.60

   振型   9 的地震力
   -------------------------------------------------------
   Floor     Tower       F-y-x         F-y-y         F-y-t
                         (kN)          (kN)         (kN-m)
      3        1         -0.15          0.97        -13.39
      2        1          0.37         -2.32         32.51
      1        1         -0.33          1.76        -26.90

   各振型作用下 Y 方向的基底剪力
   -------------------------------------------------------
            振型号       剪力(kN)
               1          2.87
               2        251.08
               3          0.52
               4          0.25
               5         37.12
               6          0.00
               7          0.01
               8          3.50
               9          0.41

   Y向地震作用参与振型的有效质量系数
   -------------------------------------------------------
            振型号       有效质量系数(%)
               1          0.97
               2         84.89
               3          0.18
               4          0.08
               5         12.55
               6          0.00
               7          0.00
               8          1.18
               9          0.14

   各层 Y 方向的作用力(CQC)
   Floor    : 层号
   Tower    : 塔号
   Fy       : Y 向地震作用下结构的地震反应力
   Vy       : Y 向地震作用下结构的楼层剪力
   My       : Y 向地震作用下结构的弯矩
   Static Fy: 底部剪力法 Y 向的地震力
   ------------------------------------------------------------------------------------------
   Floor     Tower        Fy           Vy (分塔剪重比) (整层剪重比)      My        Static Fy
                         (kN)         (kN)                             (kN-m)         (kN)

                     (注意:下面分塔输出的剪重比不适合于上连多塔结构)

      3        1        132.06        132.06( 5.16%)      ( 5.16%)        435.79        128.68
      2        1         91.01        214.35( 4.24%)      ( 4.24%)       1135.91         83.58
      1        1         58.86        255.24( 3.45%)      ( 3.45%)       1962.09         39.13


       抗震规范(5.2.5)条要求的Y向楼层最小剪重比 =   0.80%

       Y 方向的有效质量系数:   100.00%

 ==========各楼层地震剪力系数调整情况 [抗震规范(5.2.5)验算]==========

   层号     塔号     X向调整系数      Y向调整系数
    1        1          1.000             1.000
    2        1          1.000             1.000
    3        1          1.000             1.000
 
 **本文件结果是在地震外力CQC下的统计结果，内力CQC统计结果见WV02Q.OUT
