 ====================================================
       1 层楼面主梁计算结果文件
 ====================================================
砼等级： 25;   纵筋:HRB(F)335         ;  箍筋:HPB300            间距=100mm
梁总数：  63
荷载基本组合：      永久荷载控制1.35D+1.4ΨcL
活荷载组合值系数Ψc:      0.70
活荷载准永久值系数Ψq:    0.40
弯矩调幅系数:    1.00
  
梁编号   1
B*H(mm)=260*300   L(mm)= 5960
                    -I-     -1-     -2-     -3-     -4-     -5-     -6-     -7-     -J-
基本组合+M(kN.m)     0.00    0.00    0.00    1.16    2.25    1.90    0.08    0.00    0.00
基本组合-M(kN.m)   -17.71  -11.98   -7.74   -4.96   -3.67   -3.85   -5.49   -8.59  -13.22
标准组合+M(kN.m)     0.00    0.00    0.00    1.42    2.22    1.94    0.59    0.00    0.00
标准组合-M(kN.m)   -14.42  -10.11   -6.93   -4.82   -3.82   -3.92   -5.10   -7.35  -10.77
准永久组合+M(kN.m)    0.00    0.00    0.00    0.19    1.02    0.77    0.00    0.00    0.00
准永久组合-M(kN.m)  -11.57   -7.39   -4.31   -2.31   -1.40   -1.58   -2.83   -5.18   -8.63
-As(mm2)              219.    156.    156.    156.    156.    156.    156.    156.    162.
+As(mm2)                0.      0.      0.    156.    156.    156.    156.      0.      0.
基本组合Q(kN)         9.13    7.17    5.21    3.25    1.28   -2.00   -3.96   -5.92   -7.88
Asv(mm2)               28.     28.     28.     28.     28.     28.     28.     28.     28.
标准恒载M(kN.m)      -9.68   -5.58   -2.57   -0.63    0.22   -0.01   -1.33   -3.72   -7.20
标准恒载Q(kN)         6.23    4.77    3.32    1.87    0.42   -1.04   -2.49   -3.94   -5.40
  
梁编号   2
B*H(mm)=260*300   L(mm)= 3730
                    -I-     -1-     -2-     -3-     -4-     -5-     -6-     -7-     -J-
基本组合+M(kN.m)     0.00    0.00    0.64    1.31    1.40    0.92    0.00    0.00    0.00
基本组合-M(kN.m)    -2.55   -0.72    0.00    0.00    0.00    0.00   -0.13   -1.75   -3.94
标准组合+M(kN.m)     0.00    0.00    0.47    0.97    1.04    0.68    0.00    0.00    0.00
标准组合-M(kN.m)    -1.93   -0.57    0.00    0.00    0.00    0.00   -0.10   -1.30   -2.92
准永久组合+M(kN.m)    0.00    0.00    0.47    0.97    1.04    0.68    0.00    0.00    0.00
准永久组合-M(kN.m)   -1.84   -0.49    0.00    0.00    0.00    0.00   -0.10   -1.30   -2.92
-As(mm2)              156.    156.      0.      0.      0.      0.    156.    156.    156.
+As(mm2)                0.      0.    156.    156.    156.    156.      0.      0.      0.
基本组合Q(kN)         4.55    3.32    2.09    0.86   -0.41   -1.64   -2.87   -4.09   -5.32
Asv(mm2)               28.     28.     28.     28.     28.     28.     28.     28.     28.
标准恒载M(kN.m)      -1.78   -0.44    0.47    0.97    1.04    0.68   -0.09   -1.30   -2.92
标准恒载Q(kN)         3.33    2.42    1.51    0.60   -0.30   -1.21   -2.12   -3.03   -3.94
  
梁编号   3
B*H(mm)=260*300   L(mm)= 2700
                    -I-     -1-     -2-     -3-     -4-     -5-     -6-     -7-     -J-
基本组合+M(kN.m)     0.00    0.73    1.23    1.43    1.33    0.93    0.23    0.00    0.00
基本组合-M(kN.m)    -0.08    0.00    0.00    0.00    0.00    0.00    0.00   -0.77   -2.07
标准组合+M(kN.m)     0.00    0.55    0.91    1.06    0.99    0.69    0.17    0.00    0.00
标准组合-M(kN.m)    -0.06    0.00    0.00    0.00    0.00    0.00    0.00   -0.57   -1.53
准永久组合+M(kN.m)    0.00    0.54    0.91    1.06    0.99    0.69    0.17    0.00    0.00
准永久组合-M(kN.m)   -0.06    0.00    0.00    0.00    0.00    0.00    0.00   -0.57   -1.53
-As(mm2)              156.      0.      0.      0.      0.      0.      0.    156.    156.
+As(mm2)                0.    156.    156.    156.    156.    156.    156.      0.      0.
基本组合Q(kN)         2.82    1.93    1.04    0.15   -0.74   -1.63   -2.52   -3.41   -4.30
Asv(mm2)               28.     28.     28.     28.     28.     28.     28.     28.     28.
标准恒载M(kN.m)      -0.05    0.54    0.91    1.06    0.99    0.69    0.17   -0.57   -1.53
标准恒载Q(kN)         2.08    1.43    0.77    0.11   -0.55   -1.21   -1.86   -2.52   -3.18
  
梁编号   4
B*H(mm)=260*300   L(mm)= 2700
                    -I-     -1-     -2-     -3-     -4-     -5-     -6-     -7-     -J-
基本组合+M(kN.m)     0.00    0.00    0.00    0.49    0.73    0.68    0.33    0.00    0.00
基本组合-M(kN.m)    -2.06   -0.92   -0.07    0.00    0.00    0.00    0.00   -0.32   -1.27
标准组合+M(kN.m)     0.00    0.00    0.00    0.36    0.54    0.51    0.25    0.00    0.00
标准组合-M(kN.m)    -1.53   -0.68   -0.05    0.00    0.00    0.00    0.00   -0.24   -0.95
准永久组合+M(kN.m)    0.00    0.00    0.00    0.36    0.54    0.51    0.25    0.00    0.00
准永久组合-M(kN.m)   -1.53   -0.68   -0.05    0.00    0.00    0.00    0.00   -0.24   -0.94
-As(mm2)              156.    156.    156.      0.      0.      0.      0.    156.    156.
+As(mm2)                0.      0.      0.    156.    156.    156.    156.      0.      0.
基本组合Q(kN)         3.85    2.96    2.07    1.18    0.30   -0.60   -1.49   -2.38   -3.26
Asv(mm2)               28.     28.     28.     28.     28.     28.     28.     28.     28.
标准恒载M(kN.m)      -1.53   -0.68   -0.05    0.36    0.54    0.51    0.25   -0.24   -0.94
标准恒载Q(kN)         2.85    2.19    1.53    0.88    0.22   -0.44   -1.10   -1.76   -2.42
  
梁编号   5
B*H(mm)=260*300   L(mm)= 2700
                    -I-     -1-     -2-     -3-     -4-     -5-     -6-     -7-     -J-
基本组合+M(kN.m)     0.00    0.00    0.24    0.53    0.53    0.22    0.00    0.00    0.00
基本组合-M(kN.m)    -1.25   -0.36    0.00    0.00    0.00    0.00   -0.39   -1.30   -2.50
标准组合+M(kN.m)     0.00    0.00    0.18    0.40    0.39    0.17    0.00    0.00    0.00
标准组合-M(kN.m)    -0.93   -0.27    0.00    0.00    0.00    0.00   -0.29   -0.96   -1.86
准永久组合+M(kN.m)    0.00    0.00    0.18    0.39    0.39    0.16    0.00    0.00    0.00
准永久组合-M(kN.m)   -0.93   -0.26    0.00    0.00    0.00    0.00   -0.29   -0.96   -1.85
-As(mm2)              156.    156.      0.      0.      0.      0.    156.    156.    156.
+As(mm2)                0.      0.    156.    156.    156.    156.      0.      0.      0.
基本组合Q(kN)         3.09    2.21    1.32    0.43   -0.47   -1.35   -2.24   -3.13   -4.02
Asv(mm2)               28.     28.     28.     28.     28.     28.     28.     28.     28.
标准恒载M(kN.m)      -0.93   -0.26    0.18    0.39    0.39    0.16   -0.28   -0.95   -1.85
标准恒载Q(kN)         2.29    1.63    0.97    0.32   -0.34   -1.00   -1.66   -2.32   -2.97
  
梁编号   6
B*H(mm)=260*300   L(mm)= 3600
                    -I-     -1-     -2-     -3-     -4-     -5-     -6-     -7-     -J-
基本组合+M(kN.m)     0.00    0.00    0.71    1.52    1.80    1.54    0.75    0.00    0.00
基本组合-M(kN.m)    -2.51   -0.63    0.00    0.00    0.00    0.00    0.00   -0.58   -2.44
标准组合+M(kN.m)     0.00    0.00    0.53    1.13    1.33    1.14    0.56    0.00    0.00
标准组合-M(kN.m)    -1.86   -0.47    0.00    0.00    0.00    0.00    0.00   -0.43   -1.80
准永久组合+M(kN.m)    0.00    0.00    0.53    1.13    1.33    1.14    0.55    0.00    0.00
准永久组合-M(kN.m)   -1.86   -0.47    0.00    0.00    0.00    0.00    0.00   -0.43   -1.80
-As(mm2)              156.    156.      0.      0.      0.      0.      0.    156.    156.
+As(mm2)                0.      0.    156.    156.    156.    156.    156.      0.      0.
基本组合Q(kN)         4.76    3.58    2.39    1.21    0.02   -1.17   -2.35   -3.53   -4.72
Asv(mm2)               28.     28.     28.     28.     28.     28.     28.     28.     28.
标准恒载M(kN.m)      -1.86   -0.47    0.53    1.12    1.33    1.14    0.55   -0.43   -1.80
标准恒载Q(kN)         3.53    2.65    1.77    0.89    0.02   -0.86   -1.74   -2.62   -3.49
  
梁编号   7
B*H(mm)=260*300   L(mm)= 2700
                    -I-     -1-     -2-     -3-     -4-     -5-     -6-     -7-     -J-
基本组合+M(kN.m)     0.00    0.00    0.00    0.18    0.44    0.40    0.07    0.00    0.00
基本组合-M(kN.m)    -2.42   -1.26   -0.39    0.00    0.00    0.00    0.00   -0.57   -1.51
标准组合+M(kN.m)     0.00    0.00    0.00    0.13    0.33    0.30    0.05    0.00    0.00
标准组合-M(kN.m)    -1.80   -0.93   -0.29    0.00    0.00    0.00    0.00   -0.42   -1.12
准永久组合+M(kN.m)    0.00    0.00    0.00    0.13    0.33    0.30    0.05    0.00    0.00
准永久组合-M(kN.m)   -1.79   -0.93   -0.29    0.00    0.00    0.00    0.00   -0.42   -1.11
-As(mm2)              156.    156.    156.      0.      0.      0.      0.    156.    156.
+As(mm2)                0.      0.      0.    156.    156.    156.    156.      0.      0.
基本组合Q(kN)         3.90    3.01    2.12    1.23    0.34   -0.55   -1.44   -2.33   -3.22
Asv(mm2)               28.     28.     28.     28.     28.     28.     28.     28.     28.
标准恒载M(kN.m)      -1.79   -0.93   -0.29    0.13    0.32    0.30    0.05   -0.42   -1.11
标准恒载Q(kN)         2.88    2.23    1.57    0.91    0.25   -0.41   -1.07   -1.72   -2.38
  
梁编号   8
B*H(mm)=260*300   L(mm)= 2700
                    -I-     -1-     -2-     -3-     -4-     -5-     -6-     -7-     -J-
基本组合+M(kN.m)     0.00    0.00    0.37    0.88    1.08    0.98    0.59    0.00    0.00
基本组合-M(kN.m)    -1.54   -0.43    0.00    0.00    0.00    0.00    0.00   -0.11   -1.11
标准组合+M(kN.m)     0.00    0.00    0.28    0.65    0.80    0.73    0.44    0.00    0.00
标准组合-M(kN.m)    -1.14   -0.32    0.00    0.00    0.00    0.00    0.00   -0.08   -0.82
准永久组合+M(kN.m)    0.00    0.00    0.28    0.65    0.80    0.73    0.43    0.00    0.00
准永久组合-M(kN.m)   -1.14   -0.32    0.00    0.00    0.00    0.00    0.00   -0.08   -0.82
-As(mm2)              156.    156.      0.      0.      0.      0.      0.    156.    156.
+As(mm2)                0.      0.    156.    156.    156.    156.    156.      0.      0.
基本组合Q(kN)         3.71    2.83    1.94    1.05    0.16   -0.73   -1.62   -2.51   -3.40
Asv(mm2)               28.     28.     28.     28.     28.     28.     28.     28.     28.
标准恒载M(kN.m)      -1.14   -0.32    0.28    0.65    0.80    0.73    0.43   -0.08   -0.82
标准恒载Q(kN)         2.75    2.09    1.43    0.78    0.12   -0.54   -1.20   -1.86   -2.52
  
梁编号   9
B*H(mm)=260*300   L(mm)= 2700
                    -I-     -1-     -2-     -3-     -4-     -5-     -6-     -7-     -J-
基本组合+M(kN.m)     0.00    0.00    0.07    0.19    0.01    0.00    0.00    0.00    0.00
基本组合-M(kN.m)    -1.07   -0.35    0.00    0.00    0.00   -0.47   -1.25   -2.33   -3.71
标准组合+M(kN.m)     0.00    0.00    0.05    0.14    0.01    0.00    0.00    0.00    0.00
标准组合-M(kN.m)    -0.80   -0.26    0.00    0.00    0.00   -0.35   -0.93   -1.73   -2.75
准永久组合+M(kN.m)    0.00    0.00    0.05    0.14    0.01    0.00    0.00    0.00    0.00
准永久组合-M(kN.m)   -0.79   -0.26    0.00    0.00    0.00   -0.35   -0.93   -1.73   -2.75
-As(mm2)              156.    156.      0.      0.      0.    156.    156.    156.    156.
+As(mm2)                0.      0.    156.    156.    156.      0.      0.      0.      0.
基本组合Q(kN)         2.58    1.69    0.80   -0.09   -0.98   -1.87   -2.76   -3.65   -4.53
Asv(mm2)               28.     28.     28.     28.     28.     28.     28.     28.     28.
标准恒载M(kN.m)      -0.79   -0.26    0.05    0.14    0.01   -0.35   -0.93   -1.72   -2.75
标准恒载Q(kN)         1.91    1.25    0.59   -0.07   -0.72   -1.38   -2.04   -2.70   -3.36
  
梁编号  10
B*H(mm)=260*300   L(mm)= 3960
                    -I-     -1-     -2-     -3-     -4-     -5-     -6-     -7-     -J-
基本组合+M(kN.m)     0.00    0.00    0.97    2.39    3.15    3.28    2.76    1.59    0.00
基本组合-M(kN.m)    -3.79   -1.09    0.00    0.00    0.00    0.00    0.00    0.00   -0.23
标准组合+M(kN.m)     0.00    0.00    0.72    1.77    2.34    2.43    2.04    1.18    0.00
标准组合-M(kN.m)    -2.81   -0.81    0.00    0.00    0.00    0.00    0.00    0.00   -0.17
准永久组合+M(kN.m)    0.00    0.00    0.72    1.77    2.34    2.43    2.04    1.18    0.00
准永久组合-M(kN.m)   -2.81   -0.81    0.00    0.00    0.00    0.00    0.00    0.00   -0.17
-As(mm2)              156.    156.      0.      0.      0.      0.      0.      0.    156.
+As(mm2)                0.      0.    156.    156.    156.    156.    156.    156.      0.
基本组合Q(kN)         6.11    4.81    3.51    2.20    0.90   -0.40   -1.71   -3.01   -4.31
Asv(mm2)               28.     28.     28.     28.     28.     28.     28.     28.     28.
标准恒载M(kN.m)      -2.81   -0.80    0.72    1.77    2.34    2.43    2.04    1.17   -0.17
标准恒载Q(kN)         4.53    3.56    2.60    1.63    0.67   -0.30   -1.26   -2.23   -3.19
  
梁编号  11
B*H(mm)=260*300   L(mm)= 2700
                    -I-     -1-     -2-     -3-     -4-     -5-     -6-     -7-     -J-
基本组合+M(kN.m)     0.00    0.73    1.23    1.43    1.33    0.93    0.23    0.00    0.00
基本组合-M(kN.m)    -0.09    0.00    0.00    0.00    0.00    0.00    0.00   -0.77   -2.07
标准组合+M(kN.m)     0.00    0.54    0.91    1.06    0.99    0.69    0.17    0.00    0.00
标准组合-M(kN.m)    -0.07    0.00    0.00    0.00    0.00    0.00    0.00   -0.57   -1.53
准永久组合+M(kN.m)    0.00    0.54    0.91    1.06    0.98    0.69    0.17    0.00    0.00
准永久组合-M(kN.m)   -0.06    0.00    0.00    0.00    0.00    0.00    0.00   -0.57   -1.53
-As(mm2)              156.      0.      0.      0.      0.      0.      0.    156.    156.
+As(mm2)                0.    156.    156.    156.    156.    156.    156.      0.      0.
基本组合Q(kN)         2.83    1.94    1.05    0.16   -0.74   -1.63   -2.51   -3.40   -4.29
Asv(mm2)               28.     28.     28.     28.     28.     28.     28.     28.     28.
标准恒载M(kN.m)      -0.06    0.53    0.91    1.06    0.98    0.69    0.17   -0.57   -1.53
标准恒载Q(kN)         2.09    1.43    0.77    0.11   -0.54   -1.20   -1.86   -2.52   -3.18
  
梁编号  12
B*H(mm)=260*300   L(mm)= 2700
                    -I-     -1-     -2-     -3-     -4-     -5-     -6-     -7-     -J-
基本组合+M(kN.m)     0.00    0.00    0.00    0.49    0.73    0.68    0.33    0.00    0.00
基本组合-M(kN.m)    -2.06   -0.91   -0.07    0.00    0.00    0.00    0.00   -0.33   -1.28
标准组合+M(kN.m)     0.00    0.00    0.00    0.36    0.54    0.50    0.24    0.00    0.00
标准组合-M(kN.m)    -1.53   -0.68   -0.05    0.00    0.00    0.00    0.00   -0.24   -0.95
准永久组合+M(kN.m)    0.00    0.00    0.00    0.36    0.54    0.50    0.24    0.00    0.00
准永久组合-M(kN.m)   -1.53   -0.68   -0.05    0.00    0.00    0.00    0.00   -0.24   -0.95
-As(mm2)              156.    156.    156.      0.      0.      0.      0.    156.    156.
+As(mm2)                0.      0.      0.    156.    156.    156.    156.      0.      0.
基本组合Q(kN)         3.85    2.96    2.07    1.18    0.29   -0.60   -1.49   -2.38   -3.27
Asv(mm2)               28.     28.     28.     28.     28.     28.     28.     28.     28.
标准恒载M(kN.m)      -1.52   -0.67   -0.05    0.36    0.54    0.50    0.24   -0.24   -0.95
标准恒载Q(kN)         2.85    2.19    1.53    0.87    0.21   -0.44   -1.10   -1.76   -2.42
  
梁编号  13
B*H(mm)=260*300   L(mm)= 2700
                    -I-     -1-     -2-     -3-     -4-     -5-     -6-     -7-     -J-
基本组合+M(kN.m)     0.00    0.00    0.24    0.54    0.53    0.23    0.00    0.00    0.00
基本组合-M(kN.m)    -1.26   -0.36    0.00    0.00    0.00    0.00   -0.38   -1.28   -2.48
标准组合+M(kN.m)     0.00    0.00    0.18    0.40    0.40    0.17    0.00    0.00    0.00
标准组合-M(kN.m)    -0.93   -0.27    0.00    0.00    0.00    0.00   -0.28   -0.95   -1.84
准永久组合+M(kN.m)    0.00    0.00    0.18    0.40    0.40    0.17    0.00    0.00    0.00
准永久组合-M(kN.m)   -0.93   -0.27    0.00    0.00    0.00    0.00   -0.28   -0.95   -1.84
-As(mm2)              156.    156.      0.      0.      0.      0.    156.    156.    156.
+As(mm2)                0.      0.    156.    156.    156.    156.      0.      0.      0.
基本组合Q(kN)         3.10    2.22    1.33    0.44   -0.46   -1.34   -2.23   -3.12   -4.01
Asv(mm2)               28.     28.     28.     28.     28.     28.     28.     28.     28.
标准恒载M(kN.m)      -0.93   -0.27    0.18    0.40    0.40    0.17   -0.27   -0.94   -1.83
标准恒载Q(kN)         2.30    1.64    0.98    0.32   -0.33   -0.99   -1.65   -2.31   -2.97
  
梁编号  14
B*H(mm)=260*300   L(mm)= 3600
                    -I-     -1-     -2-     -3-     -4-     -5-     -6-     -7-     -J-
基本组合+M(kN.m)     0.00    0.00    0.71    1.51    1.78    1.51    0.71    0.00    0.00
基本组合-M(kN.m)    -2.49   -0.63    0.00    0.00    0.00    0.00    0.00   -0.63   -2.49
标准组合+M(kN.m)     0.00    0.00    0.53    1.12    1.32    1.12    0.53    0.00    0.00
标准组合-M(kN.m)    -1.85   -0.46    0.00    0.00    0.00    0.00    0.00   -0.46   -1.85
准永久组合+M(kN.m)    0.00    0.00    0.53    1.12    1.31    1.12    0.53    0.00    0.00
准永久组合-M(kN.m)   -1.85   -0.46    0.00    0.00    0.00    0.00    0.00   -0.46   -1.85
-As(mm2)              156.    156.      0.      0.      0.      0.      0.    156.    156.
+As(mm2)                0.      0.    156.    156.    156.    156.    156.      0.      0.
基本组合Q(kN)         4.74    3.56    2.37    1.19    0.00   -1.19   -2.37   -3.56   -4.74
Asv(mm2)               28.     28.     28.     28.     28.     28.     28.     28.     28.
标准恒载M(kN.m)      -1.85   -0.46    0.52    1.12    1.31    1.12    0.52   -0.46   -1.84
标准恒载Q(kN)         3.51    2.63    1.76    0.88    0.00   -0.88   -1.75   -2.63   -3.51
  
梁编号  15
B*H(mm)=260*300   L(mm)= 2700
                    -I-     -1-     -2-     -3-     -4-     -5-     -6-     -7-     -J-
基本组合+M(kN.m)     0.00    0.00    0.00    0.23    0.53    0.54    0.24    0.00    0.00
基本组合-M(kN.m)    -2.48   -1.28   -0.38    0.00    0.00    0.00    0.00   -0.36   -1.26
标准组合+M(kN.m)     0.00    0.00    0.00    0.17    0.40    0.40    0.18    0.00    0.00
标准组合-M(kN.m)    -1.84   -0.95   -0.28    0.00    0.00    0.00    0.00   -0.27   -0.93
准永久组合+M(kN.m)    0.00    0.00    0.00    0.17    0.40    0.40    0.18    0.00    0.00
准永久组合-M(kN.m)   -1.84   -0.95   -0.28    0.00    0.00    0.00    0.00   -0.27   -0.93
-As(mm2)              156.    156.    156.      0.      0.      0.      0.    156.    156.
+As(mm2)                0.      0.      0.    156.    156.    156.    156.      0.      0.
基本组合Q(kN)         4.01    3.12    2.23    1.34    0.46   -0.44   -1.33   -2.22   -3.10
Asv(mm2)               28.     28.     28.     28.     28.     28.     28.     28.     28.
标准恒载M(kN.m)      -1.83   -0.94   -0.27    0.17    0.39    0.40    0.18   -0.27   -0.93
标准恒载Q(kN)         2.97    2.31    1.65    0.99    0.33   -0.32   -0.98   -1.64   -2.30
  
梁编号  16
B*H(mm)=260*300   L(mm)= 2700
                    -I-     -1-     -2-     -3-     -4-     -5-     -6-     -7-     -J-
基本组合+M(kN.m)     0.00    0.00    0.33    0.68    0.74    0.49    0.00    0.00    0.00
基本组合-M(kN.m)    -1.28   -0.33    0.00    0.00    0.00    0.00   -0.06   -0.91   -2.05
标准组合+M(kN.m)     0.00    0.00    0.24    0.51    0.55    0.36    0.00    0.00    0.00
标准组合-M(kN.m)    -0.95   -0.24    0.00    0.00    0.00    0.00   -0.05   -0.67   -1.52
准永久组合+M(kN.m)    0.00    0.00    0.24    0.51    0.54    0.36    0.00    0.00    0.00
准永久组合-M(kN.m)   -0.95   -0.24    0.00    0.00    0.00    0.00   -0.04   -0.67   -1.52
-As(mm2)              156.    156.      0.      0.      0.      0.    156.    156.    156.
+As(mm2)                0.      0.    156.    156.    156.    156.      0.      0.      0.
基本组合Q(kN)         3.27    2.38    1.49    0.60   -0.29   -1.18   -2.07   -2.95   -3.84
Asv(mm2)               28.     28.     28.     28.     28.     28.     28.     28.     28.
标准恒载M(kN.m)      -0.95   -0.24    0.24    0.50    0.54    0.36   -0.04   -0.67   -1.52
标准恒载Q(kN)         2.42    1.76    1.10    0.45   -0.21   -0.87   -1.53   -2.19   -2.84
  
梁编号  17
B*H(mm)=260*300   L(mm)= 2700
                    -I-     -1-     -2-     -3-     -4-     -5-     -6-     -7-     -J-
基本组合+M(kN.m)     0.00    0.00    0.23    0.93    1.32    1.41    1.21    0.70    0.00
基本组合-M(kN.m)    -2.06   -0.77    0.00    0.00    0.00    0.00    0.00    0.00   -0.11
标准组合+M(kN.m)     0.00    0.00    0.17    0.69    0.98    1.05    0.90    0.52    0.00
标准组合-M(kN.m)    -1.53   -0.57    0.00    0.00    0.00    0.00    0.00    0.00   -0.08
准永久组合+M(kN.m)    0.00    0.00    0.17    0.69    0.98    1.05    0.90    0.52    0.00
准永久组合-M(kN.m)   -1.52   -0.57    0.00    0.00    0.00    0.00    0.00    0.00   -0.08
-As(mm2)              156.    156.      0.      0.      0.      0.      0.      0.    156.
+As(mm2)                0.      0.    156.    156.    156.    156.    156.    156.      0.
基本组合Q(kN)         4.28    3.39    2.50    1.61    0.73   -0.17   -1.06   -1.95   -2.83
Asv(mm2)               28.     28.     28.     28.     28.     28.     28.     28.     28.
标准恒载M(kN.m)      -1.52   -0.57    0.17    0.69    0.98    1.05    0.89    0.52   -0.08
标准恒载Q(kN)         3.17    2.51    1.85    1.19    0.54   -0.12   -0.78   -1.44   -2.10
  
梁编号  18
B*H(mm)=260*300   L(mm)= 3960
                    -I-     -1-     -2-     -3-     -4-     -5-     -6-     -7-     -J-
基本组合+M(kN.m)     5.89    6.66    6.79    6.27    5.10    3.29    0.84    0.00    0.00
基本组合-M(kN.m)    -0.54    0.00    0.00    0.00    0.00    0.00    0.00   -2.26   -6.01
标准组合+M(kN.m)     5.42    5.82    5.75    5.19    4.16    2.65    0.66    0.00    0.00
标准组合-M(kN.m)    -1.14    0.00    0.00    0.00    0.00    0.00    0.00   -1.80   -4.75
准永久组合+M(kN.m)    3.10    3.88    4.17    3.99    3.33    2.19    0.57    0.00    0.00
准永久组合-M(kN.m)    0.00    0.00    0.00    0.00    0.00    0.00    0.00   -1.53   -4.10
-As(mm2)              156.      0.      0.      0.      0.      0.      0.    156.    156.
+As(mm2)              156.    156.    156.    156.    156.    156.    156.      0.      0.
基本组合Q(kN)         4.28    2.98    1.68   -1.70   -3.01   -4.31   -5.61   -6.91   -8.22
Asv(mm2)               28.     28.     28.     28.     28.     28.     28.     28.     28.
标准恒载M(kN.m)       1.56    2.58    3.12    3.18    2.77    1.88    0.51   -1.34   -3.67
标准恒载Q(kN)         2.54    1.58    0.61   -0.35   -1.32   -2.28   -3.25   -4.22   -5.18
  
梁编号  19
B*H(mm)=200*200   L(mm)= 2700
                    -I-     -1-     -2-     -3-     -4-     -5-     -6-     -7-     -J-
基本组合+M(kN.m)     0.02    1.55    2.72    3.23    2.95    1.92    0.11    0.00    0.00
基本组合-M(kN.m)     0.00    0.00    0.00    0.00   -0.78   -2.35   -4.54   -7.24  -10.47
标准组合+M(kN.m)     0.02    1.33    2.35    2.86    2.72    1.99    0.62    0.00    0.00
标准组合-M(kN.m)     0.00    0.00    0.00   -0.22   -1.08   -2.37   -4.12   -6.25   -8.82
准永久组合+M(kN.m)    0.01    0.94    1.61    1.84    1.54    0.75    0.00    0.00    0.00
准永久组合-M(kN.m)    0.00    0.00    0.00    0.00    0.00   -0.99   -2.47   -4.32   -6.49
-As(mm2)                0.      0.      0.      0.     80.     80.     87.    141.    209.
+As(mm2)               80.     80.     80.     80.     80.     80.     80.      0.      0.
基本组合Q(kN)         5.12    4.19    2.50   -2.08   -3.88   -6.11   -8.32  -10.00  -10.94
Asv(mm2)               28.     28.     28.     28.     28.     28.     28.     28.     28.
标准恒载M(kN.m)       0.01    0.68    1.11    1.16    0.76   -0.08   -1.36   -3.03   -4.93
标准恒载Q(kN)         2.33    1.72    0.72   -0.55   -1.83   -3.11   -4.39   -5.39   -5.99
  
梁编号  20
B*H(mm)=260*300   L(mm)= 1500
                    -I-     -1-     -2-     -3-     -4-     -5-     -6-     -7-     -J-
基本组合+M(kN.m)     0.00    0.00    0.00    0.00    0.00    0.00    0.00    0.00    0.01
基本组合-M(kN.m)   -13.71  -11.32   -9.08   -7.01   -5.10   -3.58   -2.23   -1.03    0.00
标准组合+M(kN.m)     0.00    0.00    0.00    0.00    0.00    0.00    0.00    0.00    0.00
标准组合-M(kN.m)   -11.20   -9.27   -7.46   -5.78   -4.22   -2.98   -1.86   -0.87    0.00
准永久组合+M(kN.m)    0.00    0.00    0.00    0.00    0.00    0.00    0.00    0.00    0.00
准永久组合-M(kN.m)   -8.91   -7.33   -5.85   -4.49   -3.25   -2.27   -1.40   -0.64    0.00
-As(mm2)              168.    156.    156.    156.    156.    156.    156.    156.      0.
+As(mm2)                0.      0.      0.      0.      0.      0.      0.      0.    156.
基本组合Q(kN)        13.20   12.53   11.64   10.51    9.14    7.78    6.65    5.75    5.12
Asv(mm2)               28.     28.     28.     28.     28.     28.     28.     28.     28.
标准恒载M(kN.m)      -7.39   -6.03   -4.78   -3.64   -2.60   -1.79   -1.08   -0.49    0.00
标准恒载Q(kN)         7.52    7.05    6.47    5.76    4.93    4.10    3.39    2.80    2.33
  
梁编号  21
B*H(mm)=260*300   L(mm)= 1750
                    -I-     -1-     -2-     -3-     -4-     -5-     -6-     -7-     -J-
基本组合+M(kN.m)     0.00    0.00    0.00    0.00    0.00    0.00    0.00    0.00    0.00
基本组合-M(kN.m)     0.00   -1.29   -2.82   -4.58   -6.58   -9.17  -12.00  -15.06  -18.35
标准组合+M(kN.m)     0.00    0.00    0.00    0.00    0.00    0.00    0.00    0.00    0.00
标准组合-M(kN.m)     0.00   -1.09   -2.36   -3.81   -5.44   -7.55   -9.85  -12.32  -14.97
准永久组合+M(kN.m)    0.00    0.00    0.00    0.00    0.00    0.00    0.00    0.00    0.00
准永久组合-M(kN.m)    0.00   -0.80   -1.77   -2.90   -4.19   -5.89   -7.74   -9.76  -11.94
-As(mm2)                0.    156.    156.    156.    156.    156.    156.    185.    227.
+As(mm2)              156.      0.      0.      0.      0.      0.      0.      0.      0.
基本组合Q(kN)        -5.45   -6.20   -7.31   -8.74  -10.49  -12.23  -13.66  -14.78  -15.58
Asv(mm2)               28.     28.     28.     28.     28.     28.     28.     28.     28.
标准恒载M(kN.m)       0.00   -0.61   -1.38   -2.29   -3.36   -4.78   -6.34   -8.06   -9.93
标准恒载Q(kN)        -2.46   -3.01   -3.74   -4.62   -5.67   -6.72   -7.61   -8.33   -8.89
  
梁编号  22
B*H(mm)=200*200   L(mm)= 2700
                    -I-     -1-     -2-     -3-     -4-     -5-     -6-     -7-     -J-
基本组合+M(kN.m)     0.02    1.64    2.87    3.54    3.27    2.16    0.10    0.00    0.00
基本组合-M(kN.m)     0.00    0.00    0.00    0.00   -0.75   -2.43   -4.84   -7.69  -11.02
标准组合+M(kN.m)     0.02    1.41    2.49    3.13    3.01    2.21    0.66    0.00    0.00
标准组合-M(kN.m)     0.00    0.00    0.00   -0.19   -1.09   -2.47   -4.39   -6.63   -9.27
准永久组合+M(kN.m)    0.01    0.99    1.69    2.02    1.72    0.87    0.00    0.00    0.00
准永久组合-M(kN.m)    0.00    0.00    0.00    0.00    0.00   -1.01   -2.63   -4.58   -6.84
-As(mm2)                0.      0.      0.      0.     80.     80.     93.    150.    221.
+As(mm2)               80.     80.     80.     80.     80.     80.     80.      0.      0.
基本组合Q(kN)         5.45    4.51    2.83   -2.11   -4.09   -6.59   -8.97  -10.65  -11.58
Asv(mm2)               28.     28.     28.     28.     28.     28.     28.     28.     28.
标准恒载M(kN.m)       0.01    0.71    1.16    1.28    0.86   -0.03   -1.45   -3.21   -5.22
标准恒载Q(kN)         2.46    1.85    0.85   -0.51   -1.94   -3.36   -4.72   -5.72   -6.33
  
梁编号  23
B*H(mm)=260*300   L(mm)= 1750
                    -I-     -1-     -2-     -3-     -4-     -5-     -6-     -7-     -J-
基本组合+M(kN.m)     0.00    0.63    1.04    1.23    1.21    0.60    0.00    0.00    0.00
基本组合-M(kN.m)     0.00    0.00    0.00    0.00    0.00    0.00   -0.40   -1.30   -2.55
标准组合+M(kN.m)     0.00    0.50    0.84    1.00    1.00    0.52    0.00    0.00    0.00
标准组合-M(kN.m)     0.00    0.00    0.00    0.00    0.00    0.00   -0.29   -0.97   -1.93
准永久组合+M(kN.m)    0.00    0.42    0.69    0.81    0.77    0.35    0.00    0.00    0.00
准永久组合-M(kN.m)    0.00    0.00    0.00    0.00    0.00    0.00   -0.29   -0.97   -1.84
-As(mm2)              156.      0.      0.      0.      0.      0.    156.    156.    156.
+As(mm2)              156.    156.    156.    156.    156.    156.      0.      0.      0.
基本组合Q(kN)         3.38    2.65    1.60    0.23   -1.45   -3.14   -4.50   -5.55   -6.29
Asv(mm2)               28.     28.     28.     28.     28.     28.     28.     28.     28.
标准恒载M(kN.m)       0.00    0.37    0.60    0.68    0.63    0.24   -0.29   -0.97   -1.78
标准恒载Q(kN)         2.01    1.50    0.82   -0.02   -1.02   -2.02   -2.86   -3.53   -4.04
  
梁编号  24
B*H(mm)=200*200   L(mm)= 2700
                    -I-     -1-     -2-     -3-     -4-     -5-     -6-     -7-     -J-
基本组合+M(kN.m)     0.00    0.00    0.00    0.00    0.00    0.00    0.00    0.00    0.00
基本组合-M(kN.m)   -10.46   -8.22   -6.49   -5.67   -5.59   -6.12   -7.44   -9.65  -12.37
标准组合+M(kN.m)     0.00    0.00    0.00    0.00    0.00    0.00    0.00    0.00    0.00
标准组合-M(kN.m)    -8.81   -6.96   -5.54   -4.90   -4.85   -5.26   -6.30   -8.11  -10.36
准永久组合+M(kN.m)    0.00    0.00    0.00    0.00    0.00    0.00    0.00    0.00    0.00
准永久组合-M(kN.m)   -6.48   -5.05   -3.93   -3.36   -3.29   -3.66   -4.56   -6.00   -7.75
-As(mm2)              209.    161.    126.    109.    108.    118.    145.    191.    251.
+As(mm2)                0.      0.      0.      0.      0.      0.      0.      0.      0.
基本组合Q(kN)         8.26    7.33    5.65    3.44   -2.45   -4.67   -6.88   -8.57   -9.50
Asv(mm2)               28.     28.     28.     28.     28.     28.     28.     28.     28.
标准恒载M(kN.m)      -4.93   -3.78   -2.86   -2.33   -2.25   -2.60   -3.40   -4.59   -6.01
标准恒载Q(kN)         3.76    3.15    2.15    0.88   -0.40   -1.68   -2.96   -3.96   -4.56
  
梁编号  25
B*H(mm)=200*200   L(mm)= 2700
                    -I-     -1-     -2-     -3-     -4-     -5-     -6-     -7-     -J-
基本组合+M(kN.m)     0.00    0.00    0.00    1.31    2.67    3.32    3.35    3.10    2.68
基本组合-M(kN.m)   -12.39   -8.83   -5.78   -3.29   -1.45   -0.24    0.00   -0.26   -1.24
标准组合+M(kN.m)     0.00    0.00    0.00    1.57    2.57    3.02    3.00    2.84    2.59
标准组合-M(kN.m)   -10.37   -7.52   -5.11   -3.12   -1.63   -0.62   -0.22   -0.60   -1.41
准永久组合+M(kN.m)    0.00    0.00    0.00    0.26    1.27    1.80    1.87    1.65    1.26
准永久组合-M(kN.m)   -7.76   -5.37   -3.30   -1.62   -0.41    0.00    0.00    0.00   -0.34
-As(mm2)              252.    174.    111.     80.     80.     80.      0.     80.     80.
+As(mm2)                0.      0.      0.     80.     80.     80.     80.     80.     80.
基本组合Q(kN)        12.15   11.22    9.54    7.33    5.10    3.37   -2.05   -3.73   -4.66
Asv(mm2)               28.     28.     28.     28.     28.     28.     28.     28.     28.
标准恒载M(kN.m)      -6.02   -3.94   -2.09   -0.62    0.40    0.98    1.11    0.86    0.38
标准恒载Q(kN)         6.53    5.92    4.93    3.65    2.37    1.09   -0.19   -1.18   -1.79
  
梁编号  26
B*H(mm)=200*200   L(mm)= 3600
                    -I-     -1-     -2-     -3-     -4-     -5-     -6-     -7-     -J-
基本组合+M(kN.m)     2.65    6.07    9.35   11.29   11.94   11.27    9.30    6.01    2.58
基本组合-M(kN.m)    -1.26    0.00    0.00    0.00    0.00    0.00    0.00    0.00   -1.35
标准组合+M(kN.m)     2.57    5.14    7.75    9.30    9.82    9.29    7.72    5.10    2.51
标准组合-M(kN.m)    -1.43    0.00    0.00    0.00    0.00    0.00    0.00    0.00   -1.50
准永久组合+M(kN.m)    1.25    3.73    5.94    7.25    7.68    7.23    5.91    3.69    1.19
准永久组合-M(kN.m)   -0.35    0.00    0.00    0.00    0.00    0.00    0.00    0.00   -0.41
-As(mm2)               80.      0.      0.      0.      0.      0.      0.      0.     80.
+As(mm2)               80.    117.    185.    227.    241.    227.    184.    116.     80.
基本组合Q(kN)        10.72    9.31    6.63    3.66   -0.74   -3.71   -6.68   -9.35  -10.76
Asv(mm2)               28.     28.     28.     28.     28.     28.     28.     28.     28.
标准恒载M(kN.m)       0.36    2.79    4.72    5.87    6.25    5.86    4.70    2.75    0.31
标准恒载Q(kN)         5.86    4.96    3.41    1.70   -0.01   -1.72   -3.43   -4.99   -5.89
  
梁编号  27
B*H(mm)=200*200   L(mm)= 2700
                    -I-     -1-     -2-     -3-     -4-     -5-     -6-     -7-     -J-
基本组合+M(kN.m)     2.60    2.98    3.18    3.12    2.44    1.04    0.00    0.00    0.00
基本组合-M(kN.m)    -1.33   -0.34    0.00   -0.32   -1.53   -3.36   -5.84   -8.89  -12.45
标准组合+M(kN.m)     2.53    2.74    2.86    2.85    2.37    1.33    0.00    0.00    0.00
标准组合-M(kN.m)    -1.48   -0.65   -0.27   -0.66   -1.67   -3.15   -5.13   -7.53  -10.37
准永久组合+M(kN.m)    1.21    1.58    1.77    1.68    1.13    0.10    0.00    0.00    0.00
准永久组合-M(kN.m)   -0.40    0.00    0.00    0.00   -0.49   -1.70   -3.37   -5.45   -7.85
-As(mm2)               80.     80.      0.     80.     80.     80.    113.    175.    253.
+As(mm2)               80.     80.     80.     80.     80.     80.      0.      0.      0.
基本组合Q(kN)         4.55    3.62    1.94   -3.37   -5.10   -7.33   -9.54  -11.22  -12.15
Asv(mm2)               28.     28.     28.     28.     28.     28.     28.     28.     28.
标准恒载M(kN.m)       0.33    0.80    1.04    0.90    0.30   -0.72   -2.20   -4.06   -6.16
标准恒载Q(kN)         1.76    1.15    0.15   -1.12   -2.40   -3.69   -4.96   -5.96   -6.57
  
梁编号  28
B*H(mm)=200*200   L(mm)= 2700
                    -I-     -1-     -2-     -3-     -4-     -5-     -6-     -7-     -J-
基本组合+M(kN.m)     0.00    0.00    0.00    0.00    0.00    0.00    0.00    0.00    0.00
基本组合-M(kN.m)   -12.43   -9.55   -7.30   -6.03   -5.37   -5.34   -6.11   -7.76   -9.88
标准组合+M(kN.m)     0.00    0.00    0.00    0.00    0.00    0.00    0.00    0.00    0.00
标准组合-M(kN.m)   -10.36   -7.99   -6.17   -5.21   -4.71   -4.68   -5.29   -6.66   -8.42
准永久组合+M(kN.m)    0.00    0.00    0.00    0.00    0.00    0.00    0.00    0.00    0.00
准永久组合-M(kN.m)   -7.83   -5.98   -4.50   -3.58   -3.12   -3.10   -3.62   -4.66   -6.01
-As(mm2)              252.    189.    142.    116.    103.    103.    118.    152.    196.
+As(mm2)                0.      0.      0.      0.      0.      0.      0.      0.      0.
基本组合Q(kN)        10.01    9.08    7.40    5.19    2.96   -3.16   -5.37   -7.05   -7.98
Asv(mm2)               28.     28.     28.     28.     28.     28.     28.     28.     28.
标准恒载M(kN.m)      -6.15   -4.65   -3.38   -2.49   -2.06   -2.05   -2.50   -3.33   -4.40
标准恒载Q(kN)         4.81    4.20    3.20    1.93    0.65   -0.64   -1.91   -2.91   -3.52
  
梁编号  29
B*H(mm)=200*200   L(mm)= 2700
                    -I-     -1-     -2-     -3-     -4-     -5-     -6-     -7-     -J-
基本组合+M(kN.m)     0.00    0.00    1.26    3.00    4.10    5.35    5.88    6.28    6.39
基本组合-M(kN.m)    -9.89   -6.25   -2.92   -0.12    0.00    0.00    0.00    0.00   -0.38
标准组合+M(kN.m)     0.00    0.00    1.49    2.72    3.46    4.52    5.03    5.54    5.85
标准组合-M(kN.m)    -8.43   -5.49   -2.78   -0.47    0.00    0.00    0.00    0.00   -1.06
准永久组合+M(kN.m)    0.00    0.00    0.28    1.64    2.53    3.29    3.55    3.59    3.41
准永久组合-M(kN.m)   -6.02   -3.60   -1.43    0.00    0.00    0.00    0.00    0.00    0.00
-As(mm2)              197.    121.     80.     80.      0.      0.      0.      0.     80.
+As(mm2)                0.      0.     80.     80.     80.    103.    113.    121.    124.
基本组合Q(kN)        12.33   11.40    9.71    7.51    5.78    4.05   -2.89   -4.58   -5.51
Asv(mm2)               28.     28.     28.     28.     28.     28.     28.     28.     28.
标准恒载M(kN.m)      -4.41   -2.35   -0.53    0.91    1.90    2.46    2.57    2.29    1.78
标准恒载Q(kN)         6.45    5.85    4.85    3.57    2.29    1.01   -0.26   -1.26   -1.87
  
梁编号  30
B*H(mm)=260*300   L(mm)= 3200
                    -I-     -1-     -2-     -3-     -4-     -5-     -6-     -7-     -J-
基本组合+M(kN.m)     0.00    0.00    0.00    0.53    1.26    1.58    1.47    0.94    0.00
基本组合-M(kN.m)    -5.96   -3.75   -1.95   -0.57    0.00    0.00    0.00    0.00   -0.01
标准组合+M(kN.m)     0.00    0.00    0.00    0.52    1.04    1.24    1.14    0.72    0.00
标准组合-M(kN.m)    -4.71   -3.03   -1.66   -0.60    0.00    0.00    0.00    0.00   -0.01
准永久组合+M(kN.m)    0.00    0.00    0.00    0.24    0.82    1.08    1.03    0.67    0.00
准永久组合-M(kN.m)   -4.07   -2.47   -1.18   -0.21    0.00    0.00    0.00    0.00   -0.01
-As(mm2)              156.    156.    156.    156.      0.      0.      0.      0.    156.
+As(mm2)                0.      0.      0.    156.    156.    156.    156.    156.      0.
基本组合Q(kN)         6.07    5.02    3.97    2.92    1.86    0.81   -0.80   -1.85   -2.90
Asv(mm2)               28.     28.     28.     28.     28.     28.     28.     28.     28.
标准恒载M(kN.m)      -3.65   -2.10   -0.87    0.06    0.67    0.97    0.96    0.63   -0.01
标准恒载Q(kN)         4.26    3.48    2.70    1.92    1.14    0.36   -0.42   -1.20   -1.98
  
梁编号  31
B*H(mm)=260*300   L(mm)= 9210
                    -I-     -1-     -2-     -3-     -4-     -5-     -6-     -7-     -J-
基本组合+M(kN.m)     0.00   10.51   19.23   24.46   26.21   24.46   19.23   10.51    0.00
基本组合-M(kN.m)    -1.70    0.00    0.00    0.00    0.00    0.00    0.00    0.00   -1.70
标准组合+M(kN.m)     0.00    7.78   14.24   18.12   19.41   18.12   14.24    7.78    0.00
标准组合-M(kN.m)    -1.26    0.00    0.00    0.00    0.00    0.00    0.00    0.00   -1.26
准永久组合+M(kN.m)    0.00    7.78   14.24   18.12   19.41   18.12   14.24    7.78    0.00
准永久组合-M(kN.m)   -1.26    0.00    0.00    0.00    0.00    0.00    0.00    0.00   -1.26
-As(mm2)              156.      0.      0.      0.      0.      0.      0.      0.    156.
+As(mm2)                0.    156.    239.    308.    331.    308.    239.    156.      0.
基本组合Q(kN)        12.12    9.09    6.06    3.03    0.00   -3.03   -6.06   -9.09  -12.12
Asv(mm2)               28.     28.     28.     28.     28.     28.     28.     28.     28.
标准恒载M(kN.m)      -1.26    7.78   14.24   18.12   19.41   18.12   14.24    7.78   -1.26
标准恒载Q(kN)         8.98    6.73    4.49    2.24    0.00   -2.24   -4.49   -6.73   -8.98
  
梁编号  32
B*H(mm)=260*300   L(mm)= 3200
                    -I-     -1-     -2-     -3-     -4-     -5-     -6-     -7-     -J-
基本组合+M(kN.m)     0.00    0.00    0.00    0.00    0.00    0.00    0.00    0.00    0.04
基本组合-M(kN.m)   -15.80  -12.35   -9.32   -6.71   -4.51   -2.75   -1.40   -0.47    0.00
标准组合+M(kN.m)     0.00    0.00    0.00    0.00    0.00    0.00    0.00    0.01    0.03
标准组合-M(kN.m)   -12.72  -10.03   -7.66   -5.60   -3.85   -2.41   -1.28   -0.47    0.00
准永久组合+M(kN.m)    0.00    0.00    0.00    0.00    0.00    0.00    0.00    0.00    0.02
准永久组合-M(kN.m)  -10.50   -8.09   -6.00   -4.21   -2.74   -1.58   -0.74   -0.20    0.00
-As(mm2)              195.    156.    156.    156.    156.    156.    156.    156.      0.
+As(mm2)                0.      0.      0.      0.      0.      0.      0.    156.    156.
基本组合Q(kN)         9.16    8.11    7.06    6.00    4.95    3.90    2.84    1.79    0.74
Asv(mm2)               28.     28.     28.     28.     28.     28.     28.     28.     28.
标准恒载M(kN.m)      -9.02   -6.80   -4.89   -3.29   -2.01   -1.03   -0.37   -0.02    0.02
标准恒载Q(kN)         5.94    5.16    4.38    3.60    2.82    2.04    1.26    0.48   -0.30
  
梁编号  33
B*H(mm)=200*200   L(mm)= 2700
                    -I-     -1-     -2-     -3-     -4-     -5-     -6-     -7-     -J-
基本组合+M(kN.m)     0.00    0.00    0.00    0.00    0.00    0.00    0.00    0.00    0.00
基本组合-M(kN.m)   -11.01   -8.81   -7.04   -6.23   -6.16   -6.77   -8.16  -10.50  -13.32
标准组合+M(kN.m)     0.00    0.00    0.00    0.00    0.00    0.00    0.00    0.00    0.00
标准组合-M(kN.m)    -9.27   -7.47   -6.03   -5.43   -5.39   -5.85   -6.92   -8.83  -11.14
准永久组合+M(kN.m)    0.00    0.00    0.00    0.00    0.00    0.00    0.00    0.00    0.00
准永久组合-M(kN.m)   -6.84   -5.40   -4.26   -3.65   -3.59   -4.01   -5.00   -6.52   -8.36
-As(mm2)              221.    174.    137.    121.    119.    131.    160.    210.    273.
+As(mm2)                0.      0.      0.      0.      0.      0.      0.      0.      0.
基本组合Q(kN)         8.72    7.79    6.10    3.73   -2.71   -5.21   -7.59   -9.27  -10.20
Asv(mm2)               28.     28.     28.     28.     28.     28.     28.     28.     28.
标准恒载M(kN.m)      -5.21   -4.02   -3.08   -2.47   -2.39   -2.79   -3.72   -4.98   -6.50
标准恒载Q(kN)         3.92    3.31    2.31    0.95   -0.48   -1.90   -3.26   -4.26   -4.87
  
梁编号  34
B*H(mm)=200*200   L(mm)= 2700
                    -I-     -1-     -2-     -3-     -4-     -5-     -6-     -7-     -J-
基本组合+M(kN.m)     0.00    0.00    0.00    1.55    3.10    3.84    3.75    3.55    3.09
基本组合-M(kN.m)   -13.34   -9.61   -6.38   -3.65   -1.69   -0.41    0.00   -0.39   -1.31
标准组合+M(kN.m)     0.00    0.00    0.00    1.83    2.99    3.51    3.37    3.26    2.97
标准组合-M(kN.m)   -11.15   -8.19   -5.64   -3.48   -1.89   -0.83   -0.39   -0.76   -1.53
准永久组合+M(kN.m)    0.00    0.00    0.00    0.34    1.47    2.06    2.07    1.89    1.48
准永久组合-M(kN.m)   -8.37   -5.84   -3.64   -1.79   -0.48    0.00    0.00    0.00   -0.31
-As(mm2)              273.    191.    123.     80.     80.     80.      0.     80.     80.
+As(mm2)                0.      0.      0.     80.     80.     80.     80.     80.     80.
基本组合Q(kN)        13.00   12.07   10.39    8.01    5.51    3.58   -2.19   -3.87   -4.80
Asv(mm2)               28.     28.     28.     28.     28.     28.     28.     28.     28.
标准恒载M(kN.m)      -6.51   -4.28   -2.30   -0.66    0.46    1.10    1.20    0.97    0.49
标准恒载Q(kN)         6.99    6.38    5.38    4.02    2.60    1.17   -0.19   -1.19   -1.80
  
梁编号  35
B*H(mm)=200*200   L(mm)= 3600
                    -I-     -1-     -2-     -3-     -4-     -5-     -6-     -7-     -J-
基本组合+M(kN.m)     3.07    6.86   10.51   12.70   13.43   12.68   10.48    6.82    3.02
基本组合-M(kN.m)    -1.34    0.00    0.00    0.00    0.00    0.00    0.00    0.00   -1.34
标准组合+M(kN.m)     2.95    5.84    8.75   10.50   11.09   10.48    8.72    5.79    2.91
标准组合-M(kN.m)    -1.54    0.00    0.00    0.00    0.00    0.00    0.00    0.00   -1.54
准永久组合+M(kN.m)    1.47    4.19    6.64    8.11    8.60    8.10    6.62    4.16    1.44
准永久组合-M(kN.m)   -0.33    0.00    0.00    0.00    0.00    0.00    0.00    0.00   -0.34
-As(mm2)               80.      0.      0.      0.      0.      0.      0.      0.     80.
+As(mm2)               80.    133.    210.    259.    275.    258.    209.    132.     80.
基本组合Q(kN)        11.63   10.22    7.47    4.13   -0.80   -4.15   -7.49  -10.23  -11.64
Asv(mm2)               28.     28.     28.     28.     28.     28.     28.     28.     28.
标准恒载M(kN.m)       0.48    3.09    5.23    6.52    6.94    6.51    5.23    3.08    0.47
标准恒载Q(kN)         6.29    5.40    3.80    1.90    0.00   -1.91   -3.81   -5.40   -6.30
  
梁编号  36
B*H(mm)=200*200   L(mm)= 2700
                    -I-     -1-     -2-     -3-     -4-     -5-     -6-     -7-     -J-
基本组合+M(kN.m)     3.05    3.46    3.61    3.67    2.89    1.29    0.00    0.00    0.00
基本组合-M(kN.m)    -1.31   -0.40    0.00   -0.47   -1.77   -3.75   -6.50   -9.74  -13.49
标准组合+M(kN.m)     2.93    3.17    3.25    3.36    2.81    1.61    0.00    0.00    0.00
标准组合-M(kN.m)    -1.52   -0.76   -0.41   -0.86   -1.94   -3.54   -5.71   -8.27  -11.24
准永久组合+M(kN.m)    1.46    1.84    1.99    1.96    1.34    0.18    0.00    0.00    0.00
准永久组合-M(kN.m)   -0.32    0.00    0.00    0.00   -0.56   -1.88   -3.75   -5.97   -8.51
-As(mm2)               80.     80.      0.     80.     80.     80.    126.    194.    277.
+As(mm2)               80.     80.     80.     80.     80.     80.      0.      0.      0.
基本组合Q(kN)         4.69    3.75    2.07   -3.65   -5.58   -8.08  -10.46  -12.14  -13.07
Asv(mm2)               28.     28.     28.     28.     28.     28.     28.     28.     28.
标准恒载M(kN.m)       0.48    0.94    1.15    1.02    0.36   -0.77   -2.44   -4.44   -6.69
标准恒载Q(kN)         1.74    1.13    0.13   -1.23   -2.66   -4.09   -5.44   -6.44   -7.05
  
梁编号  37
B*H(mm)=200*200   L(mm)= 2700
                    -I-     -1-     -2-     -3-     -4-     -5-     -6-     -7-     -J-
基本组合+M(kN.m)     0.00    0.00    0.00    0.00    0.00    0.00    0.00    0.00    0.00
基本组合-M(kN.m)   -13.48  -10.77   -8.56   -7.28   -6.72   -6.83   -7.75   -9.58  -11.88
标准组合+M(kN.m)     0.00    0.00    0.00    0.00    0.00    0.00    0.00    0.00    0.00
标准组合-M(kN.m)   -11.23   -9.02   -7.23   -6.25   -5.82   -5.89   -6.57   -8.07   -9.94
准永久组合+M(kN.m)    0.00    0.00    0.00    0.00    0.00    0.00    0.00    0.00    0.00
准永久组合-M(kN.m)   -8.50   -6.73   -5.29   -4.36   -3.98   -4.08   -4.75   -5.94   -7.43
-As(mm2)              276.    216.    168.    142.    130.    133.    151.    190.    240.
+As(mm2)                0.      0.      0.      0.      0.      0.      0.      0.      0.
基本组合Q(kN)        10.02    9.09    7.41    5.03    2.53   -3.93   -6.31   -7.99   -8.92
Asv(mm2)               28.     28.     28.     28.     28.     28.     28.     28.     28.
标准恒载M(kN.m)      -6.68   -5.21   -3.99   -3.11   -2.75   -2.87   -3.53   -4.51   -5.75
标准恒载Q(kN)         4.74    4.13    3.13    1.77    0.34   -1.08   -2.44   -3.44   -4.05
  
梁编号  38
B*H(mm)=200*200   L(mm)= 2700
                    -I-     -1-     -2-     -3-     -4-     -5-     -6-     -7-     -J-
基本组合+M(kN.m)     0.00    0.00    0.18    2.61    4.12    4.81    4.99    4.83    4.57
基本组合-M(kN.m)   -11.89   -8.10   -4.72   -1.83    0.00    0.00    0.00    0.00    0.00
标准组合+M(kN.m)     0.00    0.00    0.72    2.56    3.66    4.10    4.22    4.12    4.02
标准组合-M(kN.m)    -9.95   -6.96   -4.27   -1.97   -0.22    0.00    0.00    0.00    0.00
准永久组合+M(kN.m)    0.00    0.00    0.00    1.19    2.33    2.93    3.07    2.93    2.64
准永久组合-M(kN.m)   -7.44   -4.87   -2.57   -0.62    0.00    0.00    0.00    0.00    0.00
-As(mm2)              240.    159.     90.     80.      0.      0.      0.      0.      0.
+As(mm2)                0.      0.     80.     80.     80.     92.     96.     92.     87.
基本组合Q(kN)        13.12   12.19   10.51    8.13    5.72    3.79   -1.96   -3.64   -4.57
Asv(mm2)               28.     28.     28.     28.     28.     28.     28.     28.     28.
标准恒载M(kN.m)      -5.76   -3.47   -1.43    0.27    1.45    2.14    2.31    2.14    1.72
标准恒载Q(kN)         7.17    6.56    5.56    4.20    2.77    1.34   -0.01   -1.01   -1.62
  
梁编号  39
B*H(mm)=200*200   L(mm)= 3960
                    -I-     -1-     -2-     -3-     -4-     -5-     -6-     -7-     -J-
基本组合+M(kN.m)     4.56    7.27    9.32    9.50    7.86    4.47    0.00    0.00    0.00
基本组合-M(kN.m)     0.00    0.00    0.00    0.00    0.00    0.00   -1.40   -8.21  -16.33
标准组合+M(kN.m)     4.00    6.08    7.70    7.81    6.46    3.73    0.00    0.00    0.00
标准组合-M(kN.m)     0.00    0.00    0.00    0.00    0.00    0.00   -1.16   -6.61  -13.16
准永久组合+M(kN.m)    2.63    4.57    5.96    6.11    5.05    2.82    0.00    0.00    0.00
准永久组合-M(kN.m)    0.00    0.00    0.00    0.00    0.00    0.00   -0.89   -5.46  -10.84
-As(mm2)                0.      0.      0.      0.      0.      0.     80.    161.    344.
+As(mm2)               87.    142.    184.    188.    154.     85.      0.      0.      0.
基本组合Q(kN)         8.11    6.48    3.28   -1.69   -5.15   -8.83  -12.50  -15.70  -17.32
Asv(mm2)               28.     28.     28.     28.     28.     28.     28.     28.     28.
标准恒载M(kN.m)       1.71    3.56    4.80    4.97    4.12    2.22   -0.71   -4.70   -9.30
标准恒载Q(kN)         4.28    3.25    1.41   -0.69   -2.78   -4.87   -6.97   -8.81   -9.84
  
梁编号  40
B*H(mm)=260*300   L(mm)= 1750
                    -I-     -1-     -2-     -3-     -4-     -5-     -6-     -7-     -J-
基本组合+M(kN.m)     0.00    0.00    0.00    0.00    0.00    0.00    0.00    0.00    0.00
基本组合-M(kN.m)    -0.01   -4.55   -9.34  -14.40  -19.76  -26.21  -32.98  -40.05  -47.43
标准组合+M(kN.m)     0.00    0.00    0.00    0.00    0.00    0.00    0.00    0.00    0.00
标准组合-M(kN.m)    -0.01   -3.76   -7.70  -11.83  -16.21  -21.48  -26.99  -32.75  -38.76
准永久组合+M(kN.m)    0.00    0.00    0.00    0.00    0.00    0.00    0.00    0.00    0.00
准永久组合-M(kN.m)    0.00   -2.91   -6.00   -9.28  -12.77  -16.97  -21.37  -25.99  -30.82
-As(mm2)              156.    156.    156.    177.    246.    331.    424.    524.    634.
+As(mm2)                0.      0.      0.      0.      0.      0.      0.      0.      0.
基本组合Q(kN)       -20.18  -20.98  -22.22  -24.31  -27.10  -29.89  -32.04  -33.57  -34.46
Asv(mm2)               28.     28.     28.     28.     28.     28.     28.     28.     28.
标准恒载M(kN.m)       0.00   -2.34   -4.86   -7.58  -10.48  -13.96  -17.63  -21.48  -25.53
标准恒载Q(kN)       -10.25  -10.84  -11.76  -13.01  -14.59  -16.17  -17.42  -18.34  -18.93
  
梁编号  41
B*H(mm)=260*300   L(mm)= 5960
                    -I-     -1-     -2-     -3-     -4-     -5-     -6-     -7-     -J-
基本组合+M(kN.m)     0.00    0.65   34.00   54.24   61.63   56.17   37.84    6.42    0.00
基本组合-M(kN.m)   -50.32  -12.13    0.00    0.00    0.00    0.00    0.00   -5.04  -40.34
标准组合+M(kN.m)     0.00    2.11   28.89   45.12   51.01   46.56   31.77    6.43    0.00
标准组合-M(kN.m)   -41.06  -10.93    0.00    0.00    0.00    0.00    0.00   -5.27  -32.95
准永久组合+M(kN.m)    0.00    0.00   20.78   34.30   39.28   35.70   23.59    2.77    0.00
准永久组合-M(kN.m)  -32.78   -6.66    0.00    0.00    0.00    0.00    0.00   -1.91  -26.23
-As(mm2)              679.    156.      0.      0.      0.      0.      0.    156.    528.
+As(mm2)                0.    156.    438.    740.    862.    771.    492.    156.      0.
基本组合Q(kN)        59.73   52.09   37.25   20.00    2.74  -17.02  -34.27  -49.11  -56.75
Asv(mm2)               28.     28.     28.     28.     28.     28.     28.     28.     28.
标准恒载M(kN.m)     -27.27   -3.81   15.38   27.09   31.45   28.47   18.13    0.32  -21.75
标准恒载Q(kN)        34.11   29.25   20.65   10.79    0.93   -8.94  -18.80  -27.40  -32.25
  
梁编号  42
B*H(mm)=260*300   L(mm)= 1500
                    -I-     -1-     -2-     -3-     -4-     -5-     -6-     -7-     -J-
基本组合+M(kN.m)     0.00    0.00    0.00    0.00    0.00    0.00    0.00    0.00    0.00
基本组合-M(kN.m)   -36.87  -31.30  -25.94  -20.78  -15.84  -11.57   -7.54   -3.68   -0.01
标准组合+M(kN.m)     0.00    0.00    0.00    0.00    0.00    0.00    0.00    0.00    0.00
标准组合-M(kN.m)   -30.17  -25.63  -21.26  -17.05  -13.01   -9.51   -6.21   -3.04   -0.01
准永久组合+M(kN.m)    0.00    0.00    0.00    0.00    0.00    0.00    0.00    0.00    0.00
准永久组合-M(kN.m)  -23.91  -20.27  -16.77  -13.42  -10.21   -7.45   -4.84   -2.36    0.00
-As(mm2)              478.    400.    327.    259.    195.    156.    156.    156.    156.
+As(mm2)                0.      0.      0.      0.      0.      0.      0.      0.      0.
基本组合Q(kN)        30.26   29.54   28.35   26.69   24.57   22.45   20.80   19.81   19.16
Asv(mm2)               28.     28.     28.     28.     28.     28.     28.     28.     28.
标准恒载M(kN.m)     -19.73  -16.69  -13.78  -11.00   -8.35   -6.07   -3.92   -1.90    0.00
标准恒载Q(kN)        16.55   16.06   15.34   14.37   13.15   11.94   10.97   10.24    9.76
  
梁编号  43
B*H(mm)=260*300   L(mm)= 1750
                    -I-     -1-     -2-     -3-     -4-     -5-     -6-     -7-     -J-
基本组合+M(kN.m)     0.00    0.00    0.00    0.00    0.00    0.00    0.00    0.00    0.00
基本组合-M(kN.m)    -0.01   -5.16  -10.57  -16.24  -22.17  -29.23  -36.59  -44.27  -52.25
标准组合+M(kN.m)     0.00    0.00    0.00    0.00    0.00    0.00    0.00    0.00    0.00
标准组合-M(kN.m)    -0.01   -4.25   -8.68  -13.31  -18.13  -23.88  -29.88  -36.12  -42.61
准永久组合+M(kN.m)    0.00    0.00    0.00    0.00    0.00    0.00    0.00    0.00    0.00
准永久组合-M(kN.m)    0.00   -3.32   -6.82  -10.50  -14.39  -18.99  -23.80  -28.82  -34.06
-As(mm2)              156.    156.    156.    200.    277.    372.    474.    586.    709.
+As(mm2)                0.      0.      0.      0.      0.      0.      0.      0.      0.
基本组合Q(kN)       -22.98  -23.78  -25.02  -27.07  -29.85  -32.64  -34.80  -36.32  -37.21
Asv(mm2)               28.     28.     28.     28.     28.     28.     28.     28.     28.
标准恒载M(kN.m)       0.00   -2.69   -5.57   -8.64  -11.89  -15.73  -19.74  -23.95  -28.35
标准恒载Q(kN)       -11.86  -12.45  -13.37  -14.62  -16.20  -17.78  -19.03  -19.95  -20.54
  
梁编号  44
B*H(mm)=260*300   L(mm)= 5960
                    -I-     -1-     -2-     -3-     -4-     -5-     -6-     -7-     -J-
基本组合+M(kN.m)     0.00    0.00   30.50   50.87   58.38   53.04   34.84    3.53    0.00
基本组合-M(kN.m)   -54.55  -15.98    0.00    0.00    0.00    0.00    0.00   -7.82  -43.24
标准组合+M(kN.m)     0.00    0.00   26.18   42.51   48.49   44.12   29.42    4.16    0.00
标准组合-M(kN.m)   -44.43  -13.96    0.00    0.00    0.00    0.00    0.00   -7.42  -35.26
准永久组合+M(kN.m)    0.00    0.00   18.32   31.94   37.01   33.53   21.50    0.77    0.00
准永久组合-M(kN.m)  -35.62   -9.30    0.00    0.00    0.00    0.00    0.00   -3.86  -28.18
-As(mm2)              745.    197.      0.      0.      0.      0.      0.    156.    571.
+As(mm2)                0.      0.    389.    687.    808.    721.    450.    156.      0.
基本组合Q(kN)        59.92   52.28   37.44   20.19    2.93  -16.82  -34.08  -48.92  -56.56
Asv(mm2)               28.     28.     28.     28.     28.     28.     28.     28.     28.
标准恒载M(kN.m)     -29.75   -6.20   13.09   24.89   29.35   26.46   16.23   -1.49  -23.46
标准恒载Q(kN)        34.23   29.38   20.78   10.92    1.05   -8.81  -18.67  -27.27  -32.13
  
梁编号  45
B*H(mm)=260*300   L(mm)= 1500
                    -I-     -1-     -2-     -3-     -4-     -5-     -6-     -7-     -J-
基本组合+M(kN.m)     0.00    0.00    0.00    0.00    0.00    0.00    0.00    0.00    0.00
基本组合-M(kN.m)   -40.29  -34.29  -28.50  -22.92  -17.55  -12.87   -8.41   -4.12   -0.01
标准组合+M(kN.m)     0.00    0.00    0.00    0.00    0.00    0.00    0.00    0.00    0.00
标准组合-M(kN.m)   -32.90  -28.02  -23.31  -18.76  -14.37  -10.55   -6.91   -3.39   -0.01
准永久组合+M(kN.m)    0.00    0.00    0.00    0.00    0.00    0.00    0.00    0.00    0.00
准永久组合-M(kN.m)  -26.21  -22.28  -18.50  -14.86  -11.36   -8.32   -5.42   -2.65   -0.01
-As(mm2)              528.    442.    362.    287.    217.    157.    156.    156.    156.
+As(mm2)                0.      0.      0.      0.      0.      0.      0.      0.      0.
基本组合Q(kN)        32.54   31.82   30.63   28.97   26.85   24.73   23.11   22.13   21.47
Asv(mm2)               28.     28.     28.     28.     28.     28.     28.     28.     28.
标准恒载M(kN.m)     -21.74  -18.45  -15.29  -12.26   -9.36   -6.83   -4.42   -2.15    0.00
标准恒载Q(kN)        17.89   17.40   16.68   15.71   14.49   13.28   12.31   11.58   11.10
  
梁编号  46
B*H(mm)=260*300   L(mm)= 1750
                    -I-     -1-     -2-     -3-     -4-     -5-     -6-     -7-     -J-
基本组合+M(kN.m)     0.01    0.00    0.00    0.00    0.00    0.00    0.00    0.00    0.00
基本组合-M(kN.m)     0.00   -3.64   -7.55  -11.71  -16.20  -21.77  -27.64  -33.83  -40.33
标准组合+M(kN.m)     0.01    0.00    0.00    0.00    0.00    0.00    0.00    0.00    0.00
标准组合-M(kN.m)     0.00   -3.01   -6.22   -9.62  -13.29  -17.83  -22.62  -27.66  -32.94
准永久组合+M(kN.m)    0.01    0.00    0.00    0.00    0.00    0.00    0.00    0.00    0.00
准永久组合-M(kN.m)    0.00   -2.32   -4.84   -7.54  -10.47  -14.09  -17.92  -21.97  -26.23
-As(mm2)                0.    156.    156.    156.    200.    272.    350.    435.    528.
+As(mm2)              156.      0.      0.      0.      0.      0.      0.      0.      0.
基本组合Q(kN)       -16.10  -16.90  -18.14  -20.26  -23.05  -25.84  -27.99  -29.52  -30.41
Asv(mm2)               28.     28.     28.     28.     28.     28.     28.     28.     28.
标准恒载M(kN.m)       0.00   -1.86   -3.92   -6.16   -8.59  -11.60  -14.79  -18.18  -21.75
标准恒载Q(kN)        -8.09   -8.68   -9.60  -10.85  -12.43  -14.01  -15.26  -16.18  -16.77
  
梁编号  47
B*H(mm)=260*300   L(mm)= 5960
                    -I-     -1-     -2-     -3-     -4-     -5-     -6-     -7-     -J-
基本组合+M(kN.m)     0.00    0.00    0.00    0.00    0.00    0.00    0.00    0.00    0.00
基本组合-M(kN.m)   -37.07  -30.29  -25.54  -22.25  -20.43  -20.07  -21.17  -23.74  -28.43
标准组合+M(kN.m)     0.00    0.00    0.00    0.00    0.00    0.00    0.00    0.00    0.00
标准组合-M(kN.m)   -30.26  -25.00  -21.39  -18.87  -17.44  -17.09  -17.82  -19.65  -23.22
准永久组合+M(kN.m)    0.00    0.00    0.00    0.00    0.00    0.00    0.00    0.00    0.00
准永久组合-M(kN.m)  -24.13  -19.39  -15.97  -13.64  -12.39  -12.22  -13.13  -15.13  -18.48
-As(mm2)              481.    386.    322.    278.    254.    250.    264.    298.    361.
+As(mm2)                0.      0.      0.      0.      0.      0.      0.      0.      0.
基本组合Q(kN)        10.61    8.65    6.68    4.72    2.76   -2.25   -4.21   -6.17   -8.13
Asv(mm2)               28.     28.     28.     28.     28.     28.     28.     28.     28.
标准恒载M(kN.m)     -20.04  -15.66  -12.36  -10.15   -9.01   -8.96  -10.00  -12.11  -15.31
标准恒载Q(kN)         6.60    5.15    3.70    2.25    0.79   -0.66   -2.11   -3.57   -5.02
  
梁编号  48
B*H(mm)=260*300   L(mm)= 1500
                    -I-     -1-     -2-     -3-     -4-     -5-     -6-     -7-     -J-
基本组合+M(kN.m)     0.00    0.00    0.00    0.00    0.00    0.00    0.00    0.00    0.01
基本组合-M(kN.m)   -31.21  -26.31  -21.63  -17.17  -12.92   -9.36   -6.05   -2.93    0.00
标准组合+M(kN.m)     0.00    0.00    0.00    0.00    0.00    0.00    0.00    0.00    0.01
标准组合-M(kN.m)   -25.50  -21.52  -17.71  -14.07  -10.61   -7.70   -4.99   -2.42    0.00
准永久组合+M(kN.m)    0.00    0.00    0.00    0.00    0.00    0.00    0.00    0.00    0.01
准永久组合-M(kN.m)  -20.29  -17.08  -14.01  -11.10   -8.34   -6.03   -3.88   -1.87    0.00
-As(mm2)              399.    332.    270.    212.    158.    156.    156.    156.      0.
+As(mm2)                0.      0.      0.      0.      0.      0.      0.      0.    156.
基本组合Q(kN)        26.73   25.94   24.70   22.99   20.81   18.64   16.93   15.87   15.16
Asv(mm2)               28.     28.     28.     28.     28.     28.     28.     28.     28.
标准恒载M(kN.m)     -16.82  -14.11  -11.55   -9.12   -6.83   -4.91   -3.14   -1.50    0.00
标准恒载Q(kN)        14.78   14.25   13.48   12.47   11.21    9.96    8.95    8.18    7.65
  
梁编号  49
B*H(mm)=260*300   L(mm)= 1750
                    -I-     -1-     -2-     -3-     -4-     -5-     -6-     -7-     -J-
基本组合+M(kN.m)     0.01    0.00    0.00    0.00    0.00    0.00    0.00    0.00    0.00
基本组合-M(kN.m)     0.00   -3.63   -7.51  -11.66  -16.13  -21.68  -27.54  -33.71  -40.19
标准组合+M(kN.m)     0.01    0.00    0.00    0.00    0.00    0.00    0.00    0.00    0.00
标准组合-M(kN.m)     0.00   -3.00   -6.20   -9.58  -13.24  -17.77  -22.54  -27.56  -32.83
准永久组合+M(kN.m)    0.01    0.00    0.00    0.00    0.00    0.00    0.00    0.00    0.00
准永久组合-M(kN.m)    0.00   -2.31   -4.81   -7.51  -10.42  -14.03  -17.85  -21.88  -26.12
-As(mm2)                0.    156.    156.    156.    199.    271.    349.    434.    526.
+As(mm2)              156.      0.      0.      0.      0.      0.      0.      0.      0.
基本组合Q(kN)       -16.02  -16.82  -18.06  -20.18  -22.97  -25.76  -27.91  -29.44  -30.33
Asv(mm2)               28.     28.     28.     28.     28.     28.     28.     28.     28.
标准恒载M(kN.m)       0.00   -1.85   -3.89   -6.12   -8.54  -11.54  -14.72  -18.09  -21.65
标准恒载Q(kN)        -8.04   -8.63   -9.55  -10.80  -12.38  -13.95  -15.20  -16.12  -16.72
  
梁编号  50
B*H(mm)=260*300   L(mm)= 5960
                    -I-     -1-     -2-     -3-     -4-     -5-     -6-     -7-     -J-
基本组合+M(kN.m)     0.00    0.00    0.00    0.00    0.00    0.00    0.00    0.00    0.00
基本组合-M(kN.m)   -36.95  -30.17  -25.41  -22.13  -20.32  -19.96  -21.07  -23.65  -28.36
标准组合+M(kN.m)     0.00    0.00    0.00    0.00    0.00    0.00    0.00    0.00    0.00
标准组合-M(kN.m)   -30.17  -24.90  -21.29  -18.77  -17.34  -16.99  -17.74  -19.56  -23.16
准永久组合+M(kN.m)    0.00    0.00    0.00    0.00    0.00    0.00    0.00    0.00    0.00
准永久组合-M(kN.m)  -24.04  -19.31  -15.89  -13.56  -12.32  -12.16  -13.08  -15.08  -18.45
-As(mm2)              480.    385.    320.    277.    253.    248.    263.    297.    360.
+As(mm2)                0.      0.      0.      0.      0.      0.      0.      0.      0.
基本组合Q(kN)        10.58    8.62    6.66    4.70    2.73   -2.27   -4.23   -6.19   -8.15
Asv(mm2)               28.     28.     28.     28.     28.     28.     28.     28.     28.
标准恒载M(kN.m)     -19.95  -15.58  -12.29  -10.09   -8.97   -8.93   -9.97  -12.10  -15.31
标准恒载Q(kN)         6.59    5.14    3.68    2.23    0.78   -0.67   -2.13   -3.58   -5.03
  
梁编号  51
B*H(mm)=260*300   L(mm)= 1500
                    -I-     -1-     -2-     -3-     -4-     -5-     -6-     -7-     -J-
基本组合+M(kN.m)     0.00    0.00    0.00    0.00    0.00    0.00    0.00    0.00    0.01
基本组合-M(kN.m)   -31.13  -26.24  -21.56  -17.11  -12.88   -9.33   -6.03   -2.92    0.00
标准组合+M(kN.m)     0.00    0.00    0.00    0.00    0.00    0.00    0.00    0.00    0.01
标准组合-M(kN.m)   -25.42  -21.44  -17.65  -14.02  -10.56   -7.66   -4.96   -2.41    0.00
准永久组合+M(kN.m)    0.00    0.00    0.00    0.00    0.00    0.00    0.00    0.00    0.01
准永久组合-M(kN.m)  -20.25  -17.04  -13.98  -11.08   -8.32   -6.01   -3.87   -1.86    0.00
-As(mm2)              398.    331.    269.    211.    158.    156.    156.    156.      0.
+As(mm2)                0.      0.      0.      0.      0.      0.      0.      0.    156.
基本组合Q(kN)        26.67   25.89   24.64   22.93   20.76   18.58   16.87   15.82   15.10
Asv(mm2)               28.     28.     28.     28.     28.     28.     28.     28.     28.
标准恒载M(kN.m)     -16.81  -14.11  -11.54   -9.12   -6.82   -4.91   -3.14   -1.50    0.00
标准恒载Q(kN)        14.77   14.24   13.47   12.46   11.21    9.96    8.94    8.17    7.65
  
梁编号  52
B*H(mm)=260*300   L(mm)= 1750
                    -I-     -1-     -2-     -3-     -4-     -5-     -6-     -7-     -J-
基本组合+M(kN.m)     0.00    0.00    0.00    0.00    0.00    0.00    0.00    0.00    0.00
基本组合-M(kN.m)    -0.01   -5.13  -10.51  -16.15  -22.05  -29.07  -36.41  -44.05  -52.01
标准组合+M(kN.m)     0.00    0.00    0.00    0.00    0.00    0.00    0.00    0.00    0.00
标准组合-M(kN.m)    -0.01   -4.23   -8.64  -13.23  -18.03  -23.76  -29.73  -35.95  -42.41
准永久组合+M(kN.m)    0.00    0.00    0.00    0.00    0.00    0.00    0.00    0.00    0.00
准永久组合-M(kN.m)    0.00   -3.30   -6.78  -10.45  -14.31  -18.89  -23.68  -28.69  -33.90
-As(mm2)              156.    156.    156.    199.    276.    370.    472.    583.    705.
+As(mm2)                0.      0.      0.      0.      0.      0.      0.      0.      0.
基本组合Q(kN)       -22.85  -23.64  -24.89  -26.93  -29.72  -32.50  -34.66  -36.18  -37.08
Asv(mm2)               28.     28.     28.     28.     28.     28.     28.     28.     28.
标准恒载M(kN.m)       0.00   -2.68   -5.54   -8.59  -11.83  -15.65  -19.65  -23.85  -28.23
标准恒载Q(kN)       -11.79  -12.38  -13.30  -14.55  -16.13  -17.71  -18.96  -19.88  -20.47
  
梁编号  53
B*H(mm)=260*300   L(mm)= 5960
                    -I-     -1-     -2-     -3-     -4-     -5-     -6-     -7-     -J-
基本组合+M(kN.m)     0.00    0.00   30.32   50.60   58.03   52.61   34.34    2.97    0.00
基本组合-M(kN.m)   -54.31  -15.74    0.00    0.00    0.00    0.00    0.00   -8.31  -43.94
标准组合+M(kN.m)     0.00    0.00   26.00   42.26   48.18   43.76   29.01    3.71    0.00
标准组合-M(kN.m)   -44.23  -13.75    0.00    0.00    0.00    0.00    0.00   -7.79  -35.83
准永久组合+M(kN.m)    0.00    0.00   18.25   31.80   36.81   33.27   21.18    0.40    0.00
准永久组合-M(kN.m)  -35.46   -9.18    0.00    0.00    0.00    0.00    0.00   -4.20  -28.64
-As(mm2)              741.    194.      0.      0.      0.      0.      0.    156.    581.
+As(mm2)                0.      0.    387.    683.    802.    714.    443.    156.      0.
基本组合Q(kN)        59.79   52.15   37.31   20.05    2.80  -16.95  -34.21  -49.05  -56.68
Asv(mm2)               28.     28.     28.     28.     28.     28.     28.     28.     28.
标准恒载M(kN.m)     -29.62   -6.14   13.09   24.83   29.22   26.27   15.97   -1.81  -23.85
标准恒载Q(kN)        34.15   29.30   20.69   10.83    0.97   -8.89  -18.76  -27.36  -32.21
  
梁编号  54
B*H(mm)=260*300   L(mm)= 1500
                    -I-     -1-     -2-     -3-     -4-     -5-     -6-     -7-     -J-
基本组合+M(kN.m)     0.00    0.00    0.00    0.00    0.00    0.00    0.00    0.00    0.00
基本组合-M(kN.m)   -41.04  -34.95  -29.06  -23.39  -17.92  -13.15   -8.60   -4.21   -0.01
标准组合+M(kN.m)     0.00    0.00    0.00    0.00    0.00    0.00    0.00    0.00    0.00
标准组合-M(kN.m)   -33.50  -28.55  -23.76  -19.14  -14.68  -10.78   -7.06   -3.47   -0.01
准永久组合+M(kN.m)    0.00    0.00    0.00    0.00    0.00    0.00    0.00    0.00    0.00
准永久组合-M(kN.m)  -26.70  -22.71  -18.87  -15.17  -11.61   -8.50   -5.54   -2.71    0.00
-As(mm2)              539.    451.    370.    293.    222.    161.    156.    156.    156.
+As(mm2)                0.      0.      0.      0.      0.      0.      0.      0.      0.
基本组合Q(kN)        33.04   32.32   31.13   29.47   27.35   25.23   23.62   22.63   21.98
Asv(mm2)               28.     28.     28.     28.     28.     28.     28.     28.     28.
标准恒载M(kN.m)     -22.16  -18.82  -15.61  -12.52   -9.57   -6.98   -4.53   -2.20    0.00
标准恒载Q(kN)        18.17   17.68   16.96   15.98   14.77   13.56   12.59   11.86   11.38
  
梁编号  55
B*H(mm)=260*300   L(mm)= 1750
                    -I-     -1-     -2-     -3-     -4-     -5-     -6-     -7-     -J-
基本组合+M(kN.m)     0.00    0.00    0.00    0.00    0.00    0.00    0.00    0.00    0.00
基本组合-M(kN.m)    -0.01   -4.90  -10.05  -15.45  -21.11  -27.89  -34.98  -42.39  -50.11
标准组合+M(kN.m)     0.00    0.00    0.00    0.00    0.00    0.00    0.00    0.00    0.00
标准组合-M(kN.m)    -0.01   -4.03   -8.25  -12.66  -17.26  -22.78  -28.56  -34.58  -40.85
准永久组合+M(kN.m)    0.00    0.00    0.00    0.00    0.00    0.00    0.00    0.00    0.00
准永久组合-M(kN.m)    0.00   -3.14   -6.47   -9.99  -13.70  -18.13  -22.76  -27.61  -32.68
-As(mm2)              156.    156.    156.    190.    263.    354.    452.    558.    675.
+As(mm2)                0.      0.      0.      0.      0.      0.      0.      0.      0.
基本组合Q(kN)       -21.78  -22.58  -23.82  -25.84  -28.63  -31.42  -33.58  -35.10  -35.99
Asv(mm2)               28.     28.     28.     28.     28.     28.     28.     28.     28.
标准恒载M(kN.m)       0.00   -2.55   -5.29   -8.21  -11.33  -15.02  -18.90  -22.97  -27.22
标准恒载Q(kN)       -11.22  -11.81  -12.73  -13.98  -15.56  -17.13  -18.38  -19.30  -19.90
  
梁编号  56
B*H(mm)=260*300   L(mm)= 5960
                    -I-     -1-     -2-     -3-     -4-     -5-     -6-     -7-     -J-
基本组合+M(kN.m)     0.00    0.00   31.38   51.64   59.06   53.62   35.33    4.11    0.00
基本组合-M(kN.m)   -52.68  -13.64    0.00    0.00    0.00    0.00    0.00   -4.04  -41.21
标准组合+M(kN.m)     0.00    0.00   26.66   42.86   48.72   44.23   29.41    4.21    0.00
标准组合-M(kN.m)   -42.88  -11.96    0.00    0.00    0.00    0.00    0.00   -4.10  -33.76
准永久组合+M(kN.m)    0.00    0.00   19.17   32.77   37.83   34.35   22.32    1.65    0.00
准永久组合-M(kN.m)  -34.43   -7.89    0.00    0.00    0.00    0.00    0.00   -1.68  -26.68
-As(mm2)              715.    167.      0.      0.      0.      0.      0.    156.    541.
+As(mm2)                0.      0.    401.    699.    819.    730.    457.    156.      0.
基本组合Q(kN)        59.84   52.20   37.36   20.10    3.00  -16.75  -34.00  -48.84  -56.48
Asv(mm2)               28.     28.     28.     28.     28.     28.     28.     28.     28.
标准恒载M(kN.m)     -28.79   -5.18   14.18   26.05   30.58   27.76   17.59   -0.06  -21.97
标准恒载Q(kN)        34.33   29.47   20.87   11.01    1.15   -8.72  -18.58  -27.18  -32.03
  
梁编号  57
B*H(mm)=260*300   L(mm)= 1500
                    -I-     -1-     -2-     -3-     -4-     -5-     -6-     -7-     -J-
基本组合+M(kN.m)     0.00    0.00    0.00    0.00    0.00    0.00    0.00    0.00    0.00
基本组合-M(kN.m)   -37.94  -32.24  -26.74  -21.45  -16.42  -12.05   -7.86   -3.85   -0.01
标准组合+M(kN.m)     0.00    0.00    0.00    0.00    0.00    0.00    0.00    0.00    0.00
标准组合-M(kN.m)   -31.14  -26.49  -21.99  -17.66  -13.54   -9.96   -6.51   -3.19    0.00
准永久组合+M(kN.m)    0.00    0.00    0.00    0.00    0.00    0.00    0.00    0.00    0.00
准永久组合-M(kN.m)  -24.49  -20.78  -17.21  -13.79  -10.52   -7.70   -5.00   -2.44    0.00
-As(mm2)              494.    413.    338.    268.    203.    156.    156.    156.    156.
+As(mm2)                0.      0.      0.      0.      0.      0.      0.      0.      0.
基本组合Q(kN)        30.98   30.26   29.07   27.41   25.29   23.17   21.67   20.68   20.03
Asv(mm2)               28.     28.     28.     28.     28.     28.     28.     28.     28.
标准恒载M(kN.m)     -20.05  -16.97  -14.02  -11.20   -8.51   -6.19   -4.00   -1.94    0.00
标准恒载Q(kN)        16.76   16.28   15.55   14.58   13.37   12.15   11.18   10.46    9.97
  
梁编号  58
B*H(mm)=260*300   L(mm)= 1750
                    -I-     -1-     -2-     -3-     -4-     -5-     -6-     -7-     -J-
基本组合+M(kN.m)     0.01    0.00    0.00    0.00    0.00    0.00    0.00    0.00    0.00
基本组合-M(kN.m)     0.00   -2.85   -5.96   -9.33  -13.07  -17.85  -22.94  -28.35  -34.06
标准组合+M(kN.m)     0.01    0.00    0.00    0.00    0.00    0.00    0.00    0.00    0.00
标准组合-M(kN.m)     0.00   -2.39   -4.97   -7.74  -10.82  -14.74  -18.91  -23.33  -27.99
准永久组合+M(kN.m)    0.00    0.00    0.00    0.00    0.00    0.00    0.00    0.00    0.00
准永久组合-M(kN.m)    0.00   -1.78   -3.76   -5.93   -8.33  -11.42  -14.71  -18.22  -21.94
-As(mm2)                0.    156.    156.    156.    160.    221.    287.    360.    439.
+As(mm2)              156.      0.      0.      0.      0.      0.      0.      0.      0.
基本组合Q(kN)       -12.47  -13.27  -14.52  -16.68  -19.47  -22.25  -24.41  -25.93  -26.83
Asv(mm2)               28.     28.     28.     28.     28.     28.     28.     28.     28.
标准恒载M(kN.m)       0.00   -1.38   -2.96   -4.72   -6.67   -9.20  -11.92  -14.82  -17.92
标准恒载Q(kN)        -5.90   -6.49   -7.41   -8.66  -10.24  -11.82  -13.07  -13.99  -14.58
  
梁编号  59
B*H(mm)=260*300   L(mm)= 3730
                    -I-     -1-     -2-     -3-     -4-     -5-     -6-     -7-     -J-
基本组合+M(kN.m)     0.00    0.00    0.00    0.00    0.00    0.00    0.85    4.43    7.45
基本组合-M(kN.m)   -32.72  -25.70  -19.25  -13.37   -8.06   -3.32    0.00    0.00    0.00
标准组合+M(kN.m)     0.00    0.00    0.00    0.00    0.00    0.00    0.63    3.72    6.40
标准组合-M(kN.m)   -26.88  -21.24  -16.02  -11.22   -6.85   -2.90    0.00    0.00    0.00
准永久组合+M(kN.m)    0.00    0.00    0.00    0.00    0.00    0.00    0.63    2.76    4.47
准永久组合-M(kN.m)  -21.10  -16.42  -12.16   -8.33   -4.92   -1.94    0.00    0.00    0.00
-As(mm2)              420.    324.    239.    164.    156.    156.      0.      0.      0.
+As(mm2)                0.      0.      0.      0.      0.      0.    156.    156.    156.
基本组合Q(kN)        15.68   14.45   13.23   12.00   10.77    9.54    8.32    7.09    5.86
Asv(mm2)               28.     28.     28.     28.     28.     28.     28.     28.     28.
标准恒载M(kN.m)     -17.24  -13.20   -9.59   -6.40   -3.64   -1.29    0.63    2.12    3.19
标准恒载Q(kN)         9.11    8.21    7.30    6.39    5.48    4.57    3.66    2.75    1.84
  
梁编号  60
B*H(mm)=260*300   L(mm)= 1500
                    -I-     -1-     -2-     -3-     -4-     -5-     -6-     -7-     -J-
基本组合+M(kN.m)     0.00    0.00    0.00    0.00    0.00    0.00    0.01    0.06    0.01
基本组合-M(kN.m)    -3.46   -2.70   -2.04   -1.47   -0.98   -0.60   -0.30   -0.10    0.00
标准组合+M(kN.m)     0.00    0.00    0.00    0.00    0.00    0.00    0.03    0.05    0.01
标准组合-M(kN.m)    -2.82   -2.23   -1.70   -1.25   -0.86   -0.54   -0.29   -0.10    0.00
准永久组合+M(kN.m)    0.00    0.00    0.00    0.00    0.00    0.00    0.00    0.03    0.01
准永久组合-M(kN.m)   -2.26   -1.74   -1.28   -0.89   -0.58   -0.33   -0.15   -0.03    0.00
-As(mm2)              156.    156.    156.    156.    156.    156.    156.    156.      0.
+As(mm2)                0.      0.      0.      0.      0.      0.    156.    156.    156.
基本组合Q(kN)         4.29    3.80    3.31    2.81    2.32    1.82    1.33    0.84   -0.51
Asv(mm2)               28.     28.     28.     28.     28.     28.     28.     28.     28.
标准恒载M(kN.m)      -1.88   -1.41   -1.00   -0.66   -0.39   -0.19   -0.05    0.01    0.01
标准恒载Q(kN)         2.72    2.36    1.99    1.62    1.26    0.89    0.53    0.16   -0.20
  
梁编号  61
B*H(mm)=260*300   L(mm)= 3730
                    -I-     -1-     -2-     -3-     -4-     -5-     -6-     -7-     -J-
基本组合+M(kN.m)     0.00    0.00    0.47    1.80    2.56    2.76    2.37    1.42    0.00
基本组合-M(kN.m)    -3.96   -1.47    0.00    0.00    0.00    0.00    0.00    0.00   -0.11
标准组合+M(kN.m)     0.00    0.00    0.35    1.34    1.90    2.04    1.76    1.05    0.00
标准组合-M(kN.m)    -2.93   -1.09    0.00    0.00    0.00    0.00    0.00    0.00   -0.08
准永久组合+M(kN.m)    0.00    0.00    0.34    1.33    1.89    2.04    1.76    1.05    0.00
准永久组合-M(kN.m)   -2.93   -1.09    0.00    0.00    0.00    0.00    0.00    0.00   -0.08
-As(mm2)              156.    156.      0.      0.      0.      0.      0.      0.    156.
+As(mm2)                0.      0.    156.    156.    156.    156.    156.    156.      0.
基本组合Q(kN)         5.94    4.71    3.49    2.26    1.03   -0.21   -1.43   -2.66   -3.89
Asv(mm2)               28.     28.     28.     28.     28.     28.     28.     28.     28.
标准恒载M(kN.m)      -2.93   -1.09    0.33    1.32    1.89    2.03    1.75    1.05   -0.08
标准恒载Q(kN)         4.40    3.49    2.58    1.67    0.76   -0.14   -1.05   -1.96   -2.87
  
梁编号  62
B*H(mm)=260*300   L(mm)= 2230
                    -I-     -1-     -2-     -3-     -4-     -5-     -6-     -7-     -J-
基本组合+M(kN.m)     7.36    6.72    5.87    4.82    3.57    2.11    0.45    0.00    0.00
基本组合-M(kN.m)     0.00    0.00    0.00    0.00    0.00    0.00    0.00   -1.42   -3.49
标准组合+M(kN.m)     6.32    5.70    4.94    4.02    2.95    1.73    0.35    0.00    0.00
标准组合-M(kN.m)     0.00    0.00    0.00    0.00    0.00    0.00    0.00   -1.17   -2.84
准永久组合+M(kN.m)    4.41    4.11    3.65    3.04    2.28    1.37    0.31    0.00    0.00
准永久组合-M(kN.m)    0.00    0.00    0.00    0.00    0.00    0.00    0.00   -0.91   -2.27
-As(mm2)                0.      0.      0.      0.      0.      0.      0.    156.    156.
+As(mm2)              156.    156.    156.    156.    156.    156.    156.      0.      0.
基本组合Q(kN)        -1.93   -2.66   -3.39   -4.13   -4.86   -5.60   -6.33   -7.06   -7.80
Asv(mm2)               28.     28.     28.     28.     28.     28.     28.     28.     28.
标准恒载M(kN.m)       3.15    3.05    2.80    2.39    1.84    1.13    0.28   -0.73   -1.89
标准恒载Q(kN)        -0.08   -0.63   -1.17   -1.71   -2.26   -2.80   -3.34   -3.89   -4.43
  
梁编号  63
B*H(mm)=260*300   L(mm)= 3960
                    -I-     -1-     -2-     -3-     -4-     -5-     -6-     -7-     -J-
基本组合+M(kN.m)     0.00   11.84   23.28   32.06   37.19   32.20   23.56   12.26    0.00
基本组合-M(kN.m)    -2.25    0.00    0.00    0.00    0.00    0.00    0.00    0.00   -1.70
标准组合+M(kN.m)     0.00    9.59   18.88   26.03   30.23   26.14   19.10    9.93    0.00
标准组合-M(kN.m)    -1.83    0.00    0.00    0.00    0.00    0.00    0.00    0.00   -1.38
准永久组合+M(kN.m)    0.00    7.80   15.30   21.03   24.36   21.12   15.48    8.07    0.00
准永久组合-M(kN.m)   -1.48    0.00    0.00    0.00    0.00    0.00    0.00    0.00   -1.11
-As(mm2)              156.      0.      0.      0.      0.      0.      0.      0.    156.
+As(mm2)                0.    156.    292.    411.    483.    413.    295.    156.      0.
基本组合Q(kN)        31.16   28.23   22.08   12.68    0.14  -12.40  -21.80  -27.95  -30.88
Asv(mm2)               28.     28.     28.     28.     28.     28.     28.     28.     28.
标准恒载M(kN.m)      -1.24    6.60   12.91   17.70   20.45   17.78   13.06    6.83   -0.94
标准恒载Q(kN)        17.38   15.57   12.08    6.90    0.08   -6.74  -11.92  -15.42  -17.22
