 ====================================================
       3 层楼面主梁计算结果文件
 ====================================================
砼等级： 25;   纵筋:HRB(F)335         ;  箍筋:HPB300            间距=100mm
梁总数：  63
荷载基本组合：      永久荷载控制1.35D+1.4ΨcL
活荷载组合值系数Ψc:      0.70
活荷载准永久值系数Ψq:    0.40
弯矩调幅系数:    1.00
  
梁编号   1
B*H(mm)=260*300   L(mm)= 5960
                    -I-     -1-     -2-     -3-     -4-     -5-     -6-     -7-     -J-
基本组合+M(kN.m)     0.00    0.00    0.00    0.79    1.91    1.59    0.00    0.00    0.00
基本组合-M(kN.m)   -18.15  -12.39   -8.13   -5.32   -4.00   -4.16   -5.77   -8.85  -13.46
标准组合+M(kN.m)     0.00    0.00    0.00    1.15    1.97    1.71    0.37    0.00    0.00
标准组合-M(kN.m)   -14.74  -10.42   -7.21   -5.09   -4.07   -4.15   -5.31   -7.55  -10.94
准永久组合+M(kN.m)    0.00    0.00    0.00    0.00    0.77    0.54    0.00    0.00    0.00
准永久组合-M(kN.m)  -11.90   -7.70   -4.60   -2.58   -1.65   -1.81   -3.05   -5.37   -8.81
-As(mm2)              225.    156.    156.    156.    156.    156.    156.    156.    165.
+As(mm2)                0.      0.      0.    156.    156.    156.      0.      0.      0.
基本组合Q(kN)         9.16    7.20    5.24    3.28    1.32   -1.96   -3.93   -5.89   -7.85
Asv(mm2)               28.     28.     28.     28.     28.     28.     28.     28.     28.
标准恒载M(kN.m)     -10.00   -5.89   -2.85   -0.90   -0.03   -0.25   -1.54   -3.92   -7.38
标准恒载Q(kN)         6.25    4.80    3.35    1.89    0.44   -1.01   -2.47   -3.92   -5.37
  
梁编号   2
B*H(mm)=260*300   L(mm)= 3730
                    -I-     -1-     -2-     -3-     -4-     -5-     -6-     -7-     -J-
基本组合+M(kN.m)     0.00    0.00    0.61    1.28    1.39    0.91    0.00    0.00    0.00
基本组合-M(kN.m)    -2.60   -0.76    0.00    0.00    0.00    0.00   -0.14   -1.74   -3.93
标准组合+M(kN.m)     0.00    0.00    0.45    0.95    1.03    0.68    0.00    0.00    0.00
标准组合-M(kN.m)    -1.96   -0.59    0.00    0.00    0.00    0.00   -0.10   -1.29   -2.91
准永久组合+M(kN.m)    0.00    0.00    0.45    0.95    1.03    0.68    0.00    0.00    0.00
准永久组合-M(kN.m)   -1.88   -0.52    0.00    0.00    0.00    0.00   -0.10   -1.29   -2.91
-As(mm2)              156.    156.      0.      0.      0.      0.    156.    156.    156.
+As(mm2)                0.      0.    156.    156.    156.    156.      0.      0.      0.
基本组合Q(kN)         4.56    3.33    2.11    0.88   -0.40   -1.62   -2.85   -4.08   -5.31
Asv(mm2)               28.     28.     28.     28.     28.     28.     28.     28.     28.
标准恒载M(kN.m)      -1.82   -0.47    0.45    0.95    1.03    0.68   -0.10   -1.29   -2.91
标准恒载Q(kN)         3.34    2.43    1.52    0.62   -0.29   -1.20   -2.11   -3.02   -3.93
  
梁编号   3
B*H(mm)=260*300   L(mm)= 2700
                    -I-     -1-     -2-     -3-     -4-     -5-     -6-     -7-     -J-
基本组合+M(kN.m)     0.00    0.74    1.24    1.43    1.33    0.93    0.23    0.00    0.00
基本组合-M(kN.m)    -0.08    0.00    0.00    0.00    0.00    0.00    0.00   -0.77   -2.07
标准组合+M(kN.m)     0.00    0.55    0.92    1.06    0.99    0.69    0.17    0.00    0.00
标准组合-M(kN.m)    -0.06    0.00    0.00    0.00    0.00    0.00    0.00   -0.57   -1.53
准永久组合+M(kN.m)    0.00    0.54    0.91    1.06    0.99    0.69    0.17    0.00    0.00
准永久组合-M(kN.m)   -0.05    0.00    0.00    0.00    0.00    0.00    0.00   -0.57   -1.53
-As(mm2)              156.      0.      0.      0.      0.      0.      0.    156.    156.
+As(mm2)                0.    156.    156.    156.    156.    156.    156.      0.      0.
基本组合Q(kN)         2.82    1.93    1.04    0.15   -0.74   -1.63   -2.52   -3.41   -4.30
Asv(mm2)               28.     28.     28.     28.     28.     28.     28.     28.     28.
标准恒载M(kN.m)      -0.05    0.54    0.91    1.06    0.99    0.69    0.17   -0.57   -1.53
标准恒载Q(kN)         2.08    1.43    0.77    0.11   -0.55   -1.21   -1.87   -2.52   -3.18
  
梁编号   4
B*H(mm)=260*300   L(mm)= 2700
                    -I-     -1-     -2-     -3-     -4-     -5-     -6-     -7-     -J-
基本组合+M(kN.m)     0.00    0.00    0.00    0.49    0.73    0.68    0.33    0.00    0.00
基本组合-M(kN.m)    -2.07   -0.92   -0.07    0.00    0.00    0.00    0.00   -0.32   -1.27
标准组合+M(kN.m)     0.00    0.00    0.00    0.36    0.54    0.51    0.25    0.00    0.00
标准组合-M(kN.m)    -1.53   -0.68   -0.05    0.00    0.00    0.00    0.00   -0.24   -0.95
准永久组合+M(kN.m)    0.00    0.00    0.00    0.36    0.54    0.51    0.25    0.00    0.00
准永久组合-M(kN.m)   -1.53   -0.68   -0.05    0.00    0.00    0.00    0.00   -0.24   -0.94
-As(mm2)              156.    156.    156.      0.      0.      0.      0.    156.    156.
+As(mm2)                0.      0.      0.    156.    156.    156.    156.      0.      0.
基本组合Q(kN)         3.85    2.96    2.07    1.18    0.30   -0.60   -1.49   -2.38   -3.26
Asv(mm2)               28.     28.     28.     28.     28.     28.     28.     28.     28.
标准恒载M(kN.m)      -1.53   -0.68   -0.05    0.36    0.54    0.51    0.25   -0.24   -0.94
标准恒载Q(kN)         2.85    2.19    1.53    0.88    0.22   -0.44   -1.10   -1.76   -2.42
  
梁编号   5
B*H(mm)=260*300   L(mm)= 2700
                    -I-     -1-     -2-     -3-     -4-     -5-     -6-     -7-     -J-
基本组合+M(kN.m)     0.00    0.00    0.24    0.53    0.53    0.22    0.00    0.00    0.00
基本组合-M(kN.m)    -1.25   -0.36    0.00    0.00    0.00    0.00   -0.39   -1.29   -2.50
标准组合+M(kN.m)     0.00    0.00    0.18    0.40    0.39    0.17    0.00    0.00    0.00
标准组合-M(kN.m)    -0.93   -0.27    0.00    0.00    0.00    0.00   -0.29   -0.96   -1.85
准永久组合+M(kN.m)    0.00    0.00    0.18    0.39    0.39    0.16    0.00    0.00    0.00
准永久组合-M(kN.m)   -0.93   -0.26    0.00    0.00    0.00    0.00   -0.29   -0.96   -1.85
-As(mm2)              156.    156.      0.      0.      0.      0.    156.    156.    156.
+As(mm2)                0.      0.    156.    156.    156.    156.      0.      0.      0.
基本组合Q(kN)         3.10    2.21    1.32    0.43   -0.46   -1.35   -2.24   -3.13   -4.02
Asv(mm2)               28.     28.     28.     28.     28.     28.     28.     28.     28.
标准恒载M(kN.m)      -0.93   -0.26    0.18    0.39    0.39    0.16   -0.28   -0.95   -1.85
标准恒载Q(kN)         2.29    1.63    0.98    0.32   -0.34   -1.00   -1.66   -2.32   -2.97
  
梁编号   6
B*H(mm)=260*300   L(mm)= 3600
                    -I-     -1-     -2-     -3-     -4-     -5-     -6-     -7-     -J-
基本组合+M(kN.m)     0.00    0.00    0.71    1.52    1.80    1.54    0.75    0.00    0.00
基本组合-M(kN.m)    -2.51   -0.63    0.00    0.00    0.00    0.00    0.00   -0.58   -2.44
标准组合+M(kN.m)     0.00    0.00    0.53    1.13    1.33    1.14    0.56    0.00    0.00
标准组合-M(kN.m)    -1.86   -0.47    0.00    0.00    0.00    0.00    0.00   -0.43   -1.80
准永久组合+M(kN.m)    0.00    0.00    0.53    1.13    1.33    1.14    0.55    0.00    0.00
准永久组合-M(kN.m)   -1.86   -0.47    0.00    0.00    0.00    0.00    0.00   -0.43   -1.80
-As(mm2)              156.    156.      0.      0.      0.      0.      0.    156.    156.
+As(mm2)                0.      0.    156.    156.    156.    156.    156.      0.      0.
基本组合Q(kN)         4.76    3.58    2.39    1.21    0.02   -1.17   -2.35   -3.53   -4.72
Asv(mm2)               28.     28.     28.     28.     28.     28.     28.     28.     28.
标准恒载M(kN.m)      -1.86   -0.47    0.53    1.12    1.33    1.14    0.55   -0.43   -1.80
标准恒载Q(kN)         3.53    2.65    1.77    0.89    0.02   -0.86   -1.74   -2.62   -3.49
  
梁编号   7
B*H(mm)=260*300   L(mm)= 2700
                    -I-     -1-     -2-     -3-     -4-     -5-     -6-     -7-     -J-
基本组合+M(kN.m)     0.00    0.00    0.00    0.18    0.44    0.40    0.07    0.00    0.00
基本组合-M(kN.m)    -2.42   -1.26   -0.39    0.00    0.00    0.00    0.00   -0.57   -1.51
标准组合+M(kN.m)     0.00    0.00    0.00    0.13    0.33    0.30    0.05    0.00    0.00
标准组合-M(kN.m)    -1.80   -0.93   -0.29    0.00    0.00    0.00    0.00   -0.42   -1.12
准永久组合+M(kN.m)    0.00    0.00    0.00    0.13    0.33    0.30    0.05    0.00    0.00
准永久组合-M(kN.m)   -1.79   -0.93   -0.29    0.00    0.00    0.00    0.00   -0.42   -1.12
-As(mm2)              156.    156.    156.      0.      0.      0.      0.    156.    156.
+As(mm2)                0.      0.      0.    156.    156.    156.    156.      0.      0.
基本组合Q(kN)         3.90    3.01    2.12    1.23    0.34   -0.55   -1.44   -2.33   -3.22
Asv(mm2)               28.     28.     28.     28.     28.     28.     28.     28.     28.
标准恒载M(kN.m)      -1.79   -0.93   -0.29    0.13    0.32    0.30    0.05   -0.42   -1.11
标准恒载Q(kN)         2.88    2.22    1.57    0.91    0.25   -0.41   -1.07   -1.72   -2.38
  
梁编号   8
B*H(mm)=260*300   L(mm)= 2700
                    -I-     -1-     -2-     -3-     -4-     -5-     -6-     -7-     -J-
基本组合+M(kN.m)     0.00    0.00    0.37    0.88    1.08    0.98    0.59    0.00    0.00
基本组合-M(kN.m)    -1.54   -0.43    0.00    0.00    0.00    0.00    0.00   -0.11   -1.11
标准组合+M(kN.m)     0.00    0.00    0.28    0.65    0.80    0.73    0.44    0.00    0.00
标准组合-M(kN.m)    -1.14   -0.32    0.00    0.00    0.00    0.00    0.00   -0.08   -0.82
准永久组合+M(kN.m)    0.00    0.00    0.28    0.65    0.80    0.73    0.44    0.00    0.00
准永久组合-M(kN.m)   -1.14   -0.32    0.00    0.00    0.00    0.00    0.00   -0.08   -0.82
-As(mm2)              156.    156.      0.      0.      0.      0.      0.    156.    156.
+As(mm2)                0.      0.    156.    156.    156.    156.    156.      0.      0.
基本组合Q(kN)         3.71    2.83    1.94    1.05    0.16   -0.73   -1.62   -2.51   -3.40
Asv(mm2)               28.     28.     28.     28.     28.     28.     28.     28.     28.
标准恒载M(kN.m)      -1.14   -0.32    0.28    0.65    0.80    0.73    0.43   -0.08   -0.82
标准恒载Q(kN)         2.75    2.09    1.43    0.78    0.12   -0.54   -1.20   -1.86   -2.52
  
梁编号   9
B*H(mm)=260*300   L(mm)= 2700
                    -I-     -1-     -2-     -3-     -4-     -5-     -6-     -7-     -J-
基本组合+M(kN.m)     0.00    0.00    0.07    0.19    0.01    0.00    0.00    0.00    0.00
基本组合-M(kN.m)    -1.07   -0.35    0.00    0.00    0.00   -0.47   -1.25   -2.33   -3.71
标准组合+M(kN.m)     0.00    0.00    0.05    0.14    0.01    0.00    0.00    0.00    0.00
标准组合-M(kN.m)    -0.80   -0.26    0.00    0.00    0.00   -0.35   -0.93   -1.73   -2.75
准永久组合+M(kN.m)    0.00    0.00    0.05    0.14    0.01    0.00    0.00    0.00    0.00
准永久组合-M(kN.m)   -0.79   -0.26    0.00    0.00    0.00   -0.35   -0.93   -1.73   -2.75
-As(mm2)              156.    156.      0.      0.      0.    156.    156.    156.    156.
+As(mm2)                0.      0.    156.    156.    156.      0.      0.      0.      0.
基本组合Q(kN)         2.58    1.69    0.80   -0.09   -0.98   -1.87   -2.76   -3.65   -4.53
Asv(mm2)               28.     28.     28.     28.     28.     28.     28.     28.     28.
标准恒载M(kN.m)      -0.79   -0.26    0.05    0.14    0.01   -0.35   -0.93   -1.72   -2.75
标准恒载Q(kN)         1.91    1.25    0.59   -0.06   -0.72   -1.38   -2.04   -2.70   -3.36
  
梁编号  10
B*H(mm)=260*300   L(mm)= 3960
                    -I-     -1-     -2-     -3-     -4-     -5-     -6-     -7-     -J-
基本组合+M(kN.m)     0.00    0.00    0.97    2.39    3.16    3.28    2.76    1.59    0.00
基本组合-M(kN.m)    -3.79   -1.09    0.00    0.00    0.00    0.00    0.00    0.00   -0.23
标准组合+M(kN.m)     0.00    0.00    0.72    1.77    2.34    2.43    2.04    1.18    0.00
标准组合-M(kN.m)    -2.81   -0.81    0.00    0.00    0.00    0.00    0.00    0.00   -0.17
准永久组合+M(kN.m)    0.00    0.00    0.72    1.77    2.34    2.43    2.04    1.18    0.00
准永久组合-M(kN.m)   -2.81   -0.81    0.00    0.00    0.00    0.00    0.00    0.00   -0.17
-As(mm2)              156.    156.      0.      0.      0.      0.      0.      0.    156.
+As(mm2)                0.      0.    156.    156.    156.    156.    156.    156.      0.
基本组合Q(kN)         6.11    4.81    3.51    2.20    0.90   -0.40   -1.71   -3.01   -4.31
Asv(mm2)               28.     28.     28.     28.     28.     28.     28.     28.     28.
标准恒载M(kN.m)      -2.81   -0.81    0.72    1.77    2.34    2.43    2.04    1.18   -0.17
标准恒载Q(kN)         4.53    3.56    2.60    1.63    0.67   -0.30   -1.26   -2.23   -3.19
  
梁编号  11
B*H(mm)=260*300   L(mm)= 2700
                    -I-     -1-     -2-     -3-     -4-     -5-     -6-     -7-     -J-
基本组合+M(kN.m)     0.00    0.73    1.23    1.43    1.33    0.93    0.23    0.00    0.00
基本组合-M(kN.m)    -0.09    0.00    0.00    0.00    0.00    0.00    0.00   -0.77   -2.07
标准组合+M(kN.m)     0.00    0.54    0.91    1.06    0.99    0.69    0.17    0.00    0.00
标准组合-M(kN.m)    -0.07    0.00    0.00    0.00    0.00    0.00    0.00   -0.57   -1.53
准永久组合+M(kN.m)    0.00    0.54    0.91    1.06    0.98    0.69    0.17    0.00    0.00
准永久组合-M(kN.m)   -0.06    0.00    0.00    0.00    0.00    0.00    0.00   -0.57   -1.53
-As(mm2)              156.      0.      0.      0.      0.      0.      0.    156.    156.
+As(mm2)                0.    156.    156.    156.    156.    156.    156.      0.      0.
基本组合Q(kN)         2.82    1.93    1.05    0.16   -0.74   -1.63   -2.52   -3.40   -4.29
Asv(mm2)               28.     28.     28.     28.     28.     28.     28.     28.     28.
标准恒载M(kN.m)      -0.06    0.54    0.91    1.06    0.98    0.69    0.17   -0.57   -1.53
标准恒载Q(kN)         2.09    1.43    0.77    0.11   -0.55   -1.20   -1.86   -2.52   -3.18
  
梁编号  12
B*H(mm)=260*300   L(mm)= 2700
                    -I-     -1-     -2-     -3-     -4-     -5-     -6-     -7-     -J-
基本组合+M(kN.m)     0.00    0.00    0.00    0.49    0.73    0.68    0.33    0.00    0.00
基本组合-M(kN.m)    -2.06   -0.91   -0.07    0.00    0.00    0.00    0.00   -0.33   -1.28
标准组合+M(kN.m)     0.00    0.00    0.00    0.36    0.54    0.50    0.24    0.00    0.00
标准组合-M(kN.m)    -1.53   -0.68   -0.05    0.00    0.00    0.00    0.00   -0.24   -0.95
准永久组合+M(kN.m)    0.00    0.00    0.00    0.36    0.54    0.50    0.24    0.00    0.00
准永久组合-M(kN.m)   -1.53   -0.68   -0.05    0.00    0.00    0.00    0.00   -0.24   -0.95
-As(mm2)              156.    156.    156.      0.      0.      0.      0.    156.    156.
+As(mm2)                0.      0.      0.    156.    156.    156.    156.      0.      0.
基本组合Q(kN)         3.85    2.96    2.07    1.18    0.29   -0.60   -1.49   -2.38   -3.27
Asv(mm2)               28.     28.     28.     28.     28.     28.     28.     28.     28.
标准恒载M(kN.m)      -1.52   -0.67   -0.05    0.36    0.54    0.50    0.24   -0.24   -0.94
标准恒载Q(kN)         2.85    2.19    1.53    0.87    0.21   -0.44   -1.10   -1.76   -2.42
  
梁编号  13
B*H(mm)=260*300   L(mm)= 2700
                    -I-     -1-     -2-     -3-     -4-     -5-     -6-     -7-     -J-
基本组合+M(kN.m)     0.00    0.00    0.24    0.54    0.53    0.23    0.00    0.00    0.00
基本组合-M(kN.m)    -1.26   -0.36    0.00    0.00    0.00    0.00   -0.37   -1.28   -2.48
标准组合+M(kN.m)     0.00    0.00    0.18    0.40    0.40    0.17    0.00    0.00    0.00
标准组合-M(kN.m)    -0.93   -0.27    0.00    0.00    0.00    0.00   -0.28   -0.95   -1.84
准永久组合+M(kN.m)    0.00    0.00    0.18    0.40    0.40    0.17    0.00    0.00    0.00
准永久组合-M(kN.m)   -0.93   -0.27    0.00    0.00    0.00    0.00   -0.28   -0.95   -1.84
-As(mm2)              156.    156.      0.      0.      0.      0.    156.    156.    156.
+As(mm2)                0.      0.    156.    156.    156.    156.      0.      0.      0.
基本组合Q(kN)         3.10    2.22    1.33    0.44   -0.46   -1.34   -2.23   -3.12   -4.01
Asv(mm2)               28.     28.     28.     28.     28.     28.     28.     28.     28.
标准恒载M(kN.m)      -0.93   -0.27    0.18    0.40    0.40    0.17   -0.27   -0.94   -1.83
标准恒载Q(kN)         2.30    1.64    0.98    0.32   -0.33   -0.99   -1.65   -2.31   -2.97
  
梁编号  14
B*H(mm)=260*300   L(mm)= 3600
                    -I-     -1-     -2-     -3-     -4-     -5-     -6-     -7-     -J-
基本组合+M(kN.m)     0.00    0.00    0.71    1.51    1.78    1.51    0.71    0.00    0.00
基本组合-M(kN.m)    -2.49   -0.63    0.00    0.00    0.00    0.00    0.00   -0.63   -2.49
标准组合+M(kN.m)     0.00    0.00    0.53    1.12    1.32    1.12    0.53    0.00    0.00
标准组合-M(kN.m)    -1.85   -0.47    0.00    0.00    0.00    0.00    0.00   -0.46   -1.85
准永久组合+M(kN.m)    0.00    0.00    0.52    1.12    1.31    1.12    0.53    0.00    0.00
准永久组合-M(kN.m)   -1.85   -0.46    0.00    0.00    0.00    0.00    0.00   -0.46   -1.85
-As(mm2)              156.    156.      0.      0.      0.      0.      0.    156.    156.
+As(mm2)                0.      0.    156.    156.    156.    156.    156.      0.      0.
基本组合Q(kN)         4.74    3.56    2.37    1.19    0.00   -1.19   -2.37   -3.56   -4.74
Asv(mm2)               28.     28.     28.     28.     28.     28.     28.     28.     28.
标准恒载M(kN.m)      -1.85   -0.46    0.52    1.12    1.31    1.12    0.52   -0.46   -1.85
标准恒载Q(kN)         3.51    2.63    1.76    0.88    0.00   -0.88   -1.75   -2.63   -3.51
  
梁编号  15
B*H(mm)=260*300   L(mm)= 2700
                    -I-     -1-     -2-     -3-     -4-     -5-     -6-     -7-     -J-
基本组合+M(kN.m)     0.00    0.00    0.00    0.23    0.53    0.54    0.24    0.00    0.00
基本组合-M(kN.m)    -2.48   -1.28   -0.37    0.00    0.00    0.00    0.00   -0.36   -1.26
标准组合+M(kN.m)     0.00    0.00    0.00    0.17    0.40    0.40    0.18    0.00    0.00
标准组合-M(kN.m)    -1.84   -0.95   -0.28    0.00    0.00    0.00    0.00   -0.27   -0.93
准永久组合+M(kN.m)    0.00    0.00    0.00    0.17    0.40    0.40    0.18    0.00    0.00
准永久组合-M(kN.m)   -1.84   -0.94   -0.28    0.00    0.00    0.00    0.00   -0.27   -0.93
-As(mm2)              156.    156.    156.      0.      0.      0.      0.    156.    156.
+As(mm2)                0.      0.      0.    156.    156.    156.    156.      0.      0.
基本组合Q(kN)         4.01    3.12    2.23    1.34    0.45   -0.44   -1.33   -2.22   -3.11
Asv(mm2)               28.     28.     28.     28.     28.     28.     28.     28.     28.
标准恒载M(kN.m)      -1.83   -0.94   -0.27    0.17    0.39    0.40    0.18   -0.27   -0.93
标准恒载Q(kN)         2.97    2.31    1.65    0.99    0.33   -0.32   -0.98   -1.64   -2.30
  
梁编号  16
B*H(mm)=260*300   L(mm)= 2700
                    -I-     -1-     -2-     -3-     -4-     -5-     -6-     -7-     -J-
基本组合+M(kN.m)     0.00    0.00    0.33    0.68    0.74    0.49    0.00    0.00    0.00
基本组合-M(kN.m)    -1.28   -0.33    0.00    0.00    0.00    0.00   -0.06   -0.91   -2.05
标准组合+M(kN.m)     0.00    0.00    0.25    0.51    0.55    0.36    0.00    0.00    0.00
标准组合-M(kN.m)    -0.95   -0.24    0.00    0.00    0.00    0.00   -0.04   -0.67   -1.52
准永久组合+M(kN.m)    0.00    0.00    0.24    0.51    0.55    0.36    0.00    0.00    0.00
准永久组合-M(kN.m)   -0.95   -0.24    0.00    0.00    0.00    0.00   -0.04   -0.67   -1.52
-As(mm2)              156.    156.      0.      0.      0.      0.    156.    156.    156.
+As(mm2)                0.      0.    156.    156.    156.    156.      0.      0.      0.
基本组合Q(kN)         3.27    2.38    1.49    0.60   -0.29   -1.18   -2.06   -2.95   -3.84
Asv(mm2)               28.     28.     28.     28.     28.     28.     28.     28.     28.
标准恒载M(kN.m)      -0.95   -0.24    0.24    0.51    0.54    0.36   -0.04   -0.67   -1.52
标准恒载Q(kN)         2.42    1.76    1.10    0.45   -0.21   -0.87   -1.53   -2.19   -2.84
  
梁编号  17
B*H(mm)=260*300   L(mm)= 2700
                    -I-     -1-     -2-     -3-     -4-     -5-     -6-     -7-     -J-
基本组合+M(kN.m)     0.00    0.00    0.23    0.93    1.32    1.41    1.21    0.70    0.00
基本组合-M(kN.m)    -2.06   -0.77    0.00    0.00    0.00    0.00    0.00    0.00   -0.11
标准组合+M(kN.m)     0.00    0.00    0.17    0.69    0.98    1.05    0.90    0.52    0.00
标准组合-M(kN.m)    -1.53   -0.57    0.00    0.00    0.00    0.00    0.00    0.00   -0.08
准永久组合+M(kN.m)    0.00    0.00    0.17    0.69    0.98    1.05    0.89    0.52    0.00
准永久组合-M(kN.m)   -1.53   -0.57    0.00    0.00    0.00    0.00    0.00    0.00   -0.08
-As(mm2)              156.    156.      0.      0.      0.      0.      0.      0.    156.
+As(mm2)                0.      0.    156.    156.    156.    156.    156.    156.      0.
基本组合Q(kN)         4.28    3.39    2.50    1.61    0.73   -0.17   -1.06   -1.95   -2.83
Asv(mm2)               28.     28.     28.     28.     28.     28.     28.     28.     28.
标准恒载M(kN.m)      -1.52   -0.57    0.17    0.68    0.98    1.05    0.89    0.52   -0.08
标准恒载Q(kN)         3.17    2.51    1.85    1.19    0.54   -0.12   -0.78   -1.44   -2.10
  
梁编号  18
B*H(mm)=260*300   L(mm)= 3960
                    -I-     -1-     -2-     -3-     -4-     -5-     -6-     -7-     -J-
基本组合+M(kN.m)     4.71    5.67    5.98    5.65    4.68    3.06    0.79    0.00    0.00
基本组合-M(kN.m)    -1.72    0.00    0.00    0.00    0.00    0.00    0.00   -2.12   -5.68
标准组合+M(kN.m)     4.55    5.09    5.15    4.74    3.85    2.48    0.63    0.00    0.00
标准组合-M(kN.m)    -2.01   -0.42    0.00    0.00    0.00    0.00    0.00   -1.70   -4.50
准永久组合+M(kN.m)    2.23    3.14    3.57    3.53    3.01    2.01    0.53    0.00    0.00
准永久组合-M(kN.m)   -0.39    0.00    0.00    0.00    0.00    0.00    0.00   -1.42   -3.85
-As(mm2)              156.      0.      0.      0.      0.      0.      0.    156.    156.
+As(mm2)              156.    156.    156.    156.    156.    156.    156.      0.      0.
基本组合Q(kN)         4.67    3.36    2.06   -1.32   -2.62   -3.93   -5.23   -6.53   -7.84
Asv(mm2)               28.     28.     28.     28.     28.     28.     28.     28.     28.
标准恒载M(kN.m)       0.68    1.84    2.52    2.73    2.45    1.70    0.47   -1.24   -3.42
标准恒载Q(kN)         2.82    1.86    0.89   -0.07   -1.04   -2.00   -2.97   -3.93   -4.90
  
梁编号  19
B*H(mm)=200*200   L(mm)= 2700
                    -I-     -1-     -2-     -3-     -4-     -5-     -6-     -7-     -J-
基本组合+M(kN.m)     0.02    1.63    2.90    3.50    3.29    2.32    0.53    0.00    0.00
基本组合-M(kN.m)     0.00    0.00    0.00    0.00   -0.43   -1.96   -4.12   -6.80   -9.98
标准组合+M(kN.m)     0.02    1.39    2.49    3.06    2.98    2.28    0.94    0.00    0.00
标准组合-M(kN.m)     0.00    0.00    0.00   -0.01   -0.82   -2.08   -3.80   -5.92   -8.46
准永久组合+M(kN.m)    0.01    1.00    1.74    2.04    1.80    1.04    0.00    0.00    0.00
准永久组合-M(kN.m)    0.00    0.00    0.00    0.00    0.00   -0.70   -2.15   -3.99   -6.13
-As(mm2)                0.      0.      0.      0.     80.     80.     80.    132.    199.
+As(mm2)               80.     80.     80.     80.     80.     80.     80.      0.      0.
基本组合Q(kN)         5.34    4.48    2.79   -1.84   -3.70   -5.98   -8.24   -9.93  -10.80
Asv(mm2)               28.     28.     28.     28.     28.     28.     28.     28.     28.
标准恒载M(kN.m)       0.01    0.74    1.24    1.36    1.01    0.22   -1.05   -2.70   -4.58
标准恒载Q(kN)         2.50    1.94    0.94   -0.38   -1.70   -3.02   -4.33   -5.33   -5.89
  
梁编号  20
B*H(mm)=260*300   L(mm)= 1500
                    -I-     -1-     -2-     -3-     -4-     -5-     -6-     -7-     -J-
基本组合+M(kN.m)     0.00    0.00    0.00    0.00    0.00    0.00    0.00    0.00    0.00
基本组合-M(kN.m)   -13.97  -11.55   -9.29   -7.18   -5.23   -3.69   -2.30   -1.07    0.00
标准组合+M(kN.m)     0.00    0.00    0.00    0.00    0.00    0.00    0.00    0.00    0.00
标准组合-M(kN.m)   -11.39   -9.44   -7.62   -5.91   -4.32   -3.06   -1.92   -0.90    0.00
准永久组合+M(kN.m)    0.00    0.00    0.00    0.00    0.00    0.00    0.00    0.00    0.00
准永久组合-M(kN.m)   -9.10   -7.50   -6.00   -4.62   -3.34   -2.34   -1.45   -0.67    0.00
-As(mm2)              171.    156.    156.    156.    156.    156.    156.    156.      0.
+As(mm2)                0.      0.      0.      0.      0.      0.      0.      0.    156.
基本组合Q(kN)        13.32   12.70   11.82   10.70    9.32    7.93    6.81    5.93    5.34
Asv(mm2)               28.     28.     28.     28.     28.     28.     28.     28.     28.
标准恒载M(kN.m)      -7.58   -6.20   -4.93   -3.76   -2.69   -1.87   -1.14   -0.52    0.00
标准恒载Q(kN)         7.61    7.18    6.61    5.90    5.05    4.21    3.50    2.93    2.50
  
梁编号  21
B*H(mm)=260*300   L(mm)= 1750
                    -I-     -1-     -2-     -3-     -4-     -5-     -6-     -7-     -J-
基本组合+M(kN.m)     0.00    0.00    0.00    0.00    0.00    0.00    0.00    0.00    0.00
基本组合-M(kN.m)     0.00   -1.35   -2.94   -4.75   -6.78   -9.45  -12.34  -15.46  -18.81
标准组合+M(kN.m)     0.00    0.00    0.00    0.00    0.00    0.00    0.00    0.00    0.00
标准组合-M(kN.m)     0.00   -1.13   -2.45   -3.93   -5.59   -7.76  -10.10  -12.62  -15.32
准永久组合+M(kN.m)    0.00    0.00    0.00    0.00    0.00    0.00    0.00    0.00    0.00
准永久组合-M(kN.m)    0.00   -0.85   -1.86   -3.02   -4.35   -6.09   -8.00  -10.06  -12.29
-As(mm2)                0.    156.    156.    156.    156.    156.    156.    190.    233.
+As(mm2)              156.      0.      0.      0.      0.      0.      0.      0.      0.
基本组合Q(kN)        -5.74   -6.44   -7.53   -8.97  -10.75  -12.53  -13.97  -15.07  -15.81
Asv(mm2)               28.     28.     28.     28.     28.     28.     28.     28.     28.
标准恒载M(kN.m)       0.00   -0.66   -1.46   -2.42   -3.52   -4.98   -6.60   -8.36  -10.27
标准恒载Q(kN)        -2.67   -3.19   -3.90   -4.79   -5.87   -6.95   -7.84   -8.54   -9.06
  
梁编号  22
B*H(mm)=200*200   L(mm)= 2700
                    -I-     -1-     -2-     -3-     -4-     -5-     -6-     -7-     -J-
基本组合+M(kN.m)     0.02    1.75    3.09    3.88    3.69    2.63    0.60    0.00    0.00
基本组合-M(kN.m)     0.00    0.00    0.00    0.00   -0.33   -1.96   -4.34   -7.17  -10.46
标准组合+M(kN.m)     0.02    1.48    2.66    3.38    3.32    2.57    1.03    0.00    0.00
标准组合-M(kN.m)     0.00    0.00    0.00    0.00   -0.78   -2.12   -4.02   -6.25   -8.86
准永久组合+M(kN.m)    0.01    1.07    1.86    2.27    2.04    1.22    0.00    0.00    0.00
准永久组合-M(kN.m)    0.00    0.00    0.00    0.00    0.00   -0.65   -2.26   -4.19   -6.43
-As(mm2)                0.      0.      0.      0.     80.     80.     83.    140.    209.
+As(mm2)               80.     80.     80.     80.     80.     80.     80.      0.      0.
基本组合Q(kN)         5.74    4.87    3.18   -1.82   -3.88   -6.47   -8.91  -10.59  -11.46
Asv(mm2)               28.     28.     28.     28.     28.     28.     28.     28.     28.
标准恒载M(kN.m)       0.01    0.79    1.32    1.53    1.18    0.32   -1.08   -2.83   -4.81
标准恒载Q(kN)         2.67    2.11    1.11   -0.30   -1.78   -3.27   -4.68   -5.68   -6.24
  
梁编号  23
B*H(mm)=260*300   L(mm)= 1750
                    -I-     -1-     -2-     -3-     -4-     -5-     -6-     -7-     -J-
基本组合+M(kN.m)     0.00    0.67    1.11    1.33    1.32    0.68    0.00    0.00    0.00
基本组合-M(kN.m)     0.00    0.00    0.00    0.00    0.00    0.00   -0.35   -1.30   -2.59
标准组合+M(kN.m)     0.00    0.53    0.89    1.07    1.08    0.58    0.00    0.00    0.00
标准组合-M(kN.m)    -0.01    0.00    0.00    0.00    0.00    0.00   -0.26   -0.96   -1.96
准永久组合+M(kN.m)    0.00    0.45    0.75    0.88    0.86    0.41    0.00    0.00    0.00
准永久组合-M(kN.m)    0.00    0.00    0.00    0.00    0.00    0.00   -0.26   -0.96   -1.87
-As(mm2)              156.      0.      0.      0.      0.      0.    156.    156.    156.
+As(mm2)              156.    156.    156.    156.    156.    156.      0.      0.      0.
基本组合Q(kN)         3.59    2.84    1.75    0.31   -1.48   -3.26   -4.70   -5.79   -6.54
Asv(mm2)               28.     28.     28.     28.     28.     28.     28.     28.     28.
标准恒载M(kN.m)       0.00    0.40    0.65    0.75    0.71    0.30   -0.26   -0.96   -1.81
标准恒载Q(kN)         2.16    1.64    0.93    0.04   -1.04   -2.11   -3.01   -3.71   -4.23
  
梁编号  24
B*H(mm)=200*200   L(mm)= 2700
                    -I-     -1-     -2-     -3-     -4-     -5-     -6-     -7-     -J-
基本组合+M(kN.m)     0.00    0.00    0.00    0.00    0.00    0.00    0.00    0.00    0.00
基本组合-M(kN.m)    -9.97   -7.73   -5.97   -5.13   -5.06   -5.61   -6.98   -9.24  -12.01
标准组合+M(kN.m)     0.00    0.00    0.00    0.00    0.00    0.00    0.00    0.00    0.00
标准组合-M(kN.m)    -8.45   -6.60   -5.15   -4.51   -4.46   -4.88   -5.96   -7.81  -10.08
准永久组合+M(kN.m)    0.00    0.00    0.00    0.00    0.00    0.00    0.00    0.00    0.00
准永久组合-M(kN.m)   -6.12   -4.69   -3.55   -2.96   -2.90   -3.29   -4.22   -5.70   -7.48
-As(mm2)              198.    151.    115.     98.     97.    108.    136.    183.    243.
+As(mm2)                0.      0.      0.      0.      0.      0.      0.      0.      0.
基本组合Q(kN)         8.26    7.40    5.71    3.45   -2.49   -4.77   -7.03   -8.72   -9.59
Asv(mm2)               28.     28.     28.     28.     28.     28.     28.     28.     28.
标准恒载M(kN.m)      -4.57   -3.41   -2.48   -1.93   -1.86   -2.23   -3.06   -4.29   -5.74
标准恒载Q(kN)         3.76    3.20    2.20    0.89   -0.43   -1.75   -3.07   -4.07   -4.63
  
梁编号  25
B*H(mm)=200*200   L(mm)= 2700
                    -I-     -1-     -2-     -3-     -4-     -5-     -6-     -7-     -J-
基本组合+M(kN.m)     0.00    0.00    0.00    1.45    2.71    3.24    3.13    2.74    2.19
基本组合-M(kN.m)   -12.02   -8.54   -5.56   -3.15   -1.41   -0.32   -0.02   -0.63   -1.74
标准组合+M(kN.m)     0.00    0.00    0.13    1.67    2.60    2.96    2.84    2.57    2.23
标准组合-M(kN.m)   -10.10   -7.31   -4.95   -3.02   -1.60   -0.68   -0.39   -0.86   -1.78
准永久组合+M(kN.m)    0.00    0.00    0.00    0.36    1.30    1.74    1.71    1.38    0.90
准永久组合-M(kN.m)   -7.49   -5.16   -3.14   -1.52   -0.38    0.00    0.00    0.00   -0.70
-As(mm2)              243.    168.    107.     80.     80.     80.     80.     80.     80.
+As(mm2)                0.      0.      0.     80.     80.     80.     80.     80.     80.
基本组合Q(kN)        11.88   11.01    9.32    7.06    4.78    3.00   -2.47   -4.16   -5.03
Asv(mm2)               28.     28.     28.     28.     28.     28.     28.     28.     28.
标准恒载M(kN.m)      -5.75   -3.72   -1.93   -0.51    0.43    0.92    0.95    0.59    0.01
标准恒载Q(kN)         6.33    5.77    4.77    3.46    2.13    0.81   -0.50   -1.50   -2.06
  
梁编号  26
B*H(mm)=200*200   L(mm)= 3600
                    -I-     -1-     -2-     -3-     -4-     -5-     -6-     -7-     -J-
基本组合+M(kN.m)     2.16    5.64    9.00   11.00   11.66   10.98    8.96    5.59    2.09
基本组合-M(kN.m)    -1.76    0.00    0.00    0.00    0.00    0.00    0.00    0.00   -1.84
标准组合+M(kN.m)     2.21    4.82    7.50    9.09    9.62    9.07    7.47    4.78    2.15
标准组合-M(kN.m)    -1.79    0.00    0.00    0.00    0.00    0.00    0.00    0.00   -1.86
准永久组合+M(kN.m)    0.88    3.41    5.68    7.03    7.47    7.02    5.66    3.38    0.83
准永久组合-M(kN.m)   -0.72    0.00    0.00    0.00    0.00    0.00    0.00    0.00   -0.77
-As(mm2)               80.      0.      0.      0.      0.      0.      0.      0.     80.
+As(mm2)               80.    109.    178.    221.    235.    220.    177.    108.     80.
基本组合Q(kN)        10.83    9.50    6.78    3.74   -0.74   -3.78   -6.82   -9.54  -10.88
Asv(mm2)               28.     28.     28.     28.     28.     28.     28.     28.     28.
标准恒载M(kN.m)       0.00    2.47    4.47    5.66    6.05    5.64    4.45    2.44   -0.05
标准恒载Q(kN)         5.94    5.10    3.51    1.75   -0.01   -1.78   -3.54   -5.13   -5.97
  
梁编号  27
B*H(mm)=200*200   L(mm)= 2700
                    -I-     -1-     -2-     -3-     -4-     -5-     -6-     -7-     -J-
基本组合+M(kN.m)     2.11    2.63    2.99    3.08    2.52    1.22    0.00    0.00    0.00
基本组合-M(kN.m)    -1.82   -0.69   -0.07   -0.36   -1.45   -3.17   -5.57   -8.54  -12.00
标准组合+M(kN.m)     2.17    2.48    2.71    2.81    2.43    1.47    0.00    0.00    0.00
标准组合-M(kN.m)    -1.84   -0.91   -0.41   -0.70   -1.61   -3.02   -4.93   -7.27  -10.04
准永久组合+M(kN.m)    0.85    1.32    1.62    1.64    1.19    0.24    0.00    0.00    0.00
准永久组合-M(kN.m)   -0.76   -0.04    0.00    0.00   -0.43   -1.56   -3.17   -5.19   -7.52
-As(mm2)               80.     80.     80.     80.     80.     80.    107.    168.    243.
+As(mm2)               80.     80.     80.     80.     80.     80.      0.      0.      0.
基本组合Q(kN)         4.94    4.08    2.39   -2.97   -4.76   -7.04   -9.30  -10.98  -11.85
Asv(mm2)               28.     28.     28.     28.     28.     28.     28.     28.     28.
标准恒载M(kN.m)      -0.04    0.54    0.90    0.86    0.36   -0.59   -2.00   -3.80   -5.83
标准恒载Q(kN)         2.05    1.49    0.49   -0.83   -2.15   -3.47   -4.78   -5.78   -6.34
  
梁编号  28
B*H(mm)=200*200   L(mm)= 2700
                    -I-     -1-     -2-     -3-     -4-     -5-     -6-     -7-     -J-
基本组合+M(kN.m)     0.00    0.00    0.00    0.00    0.00    0.00    0.00    0.00    0.00
基本组合-M(kN.m)   -11.99   -9.06   -6.75   -5.44   -4.75   -4.71   -5.49   -7.16   -9.29
标准组合+M(kN.m)     0.00    0.00    0.00    0.00    0.00    0.00    0.00    0.00    0.00
标准组合-M(kN.m)   -10.03   -7.63   -5.77   -4.77   -4.25   -4.21   -4.83   -6.21   -7.98
准永久组合+M(kN.m)    0.00    0.00    0.00    0.00    0.00    0.00    0.00    0.00    0.00
准永久组合-M(kN.m)   -7.51   -5.62   -4.09   -3.14   -2.66   -2.63   -3.16   -4.22   -5.57
-As(mm2)              243.    179.    131.    104.     91.     90.    106.    139.    184.
+As(mm2)                0.      0.      0.      0.      0.      0.      0.      0.      0.
基本组合Q(kN)        10.11    9.25    7.56    5.30    3.02   -3.15   -5.42   -7.10   -7.97
Asv(mm2)               28.     28.     28.     28.     28.     28.     28.     28.     28.
标准恒载M(kN.m)      -5.82   -4.29   -2.98   -2.05   -1.60   -1.59   -2.04   -2.89   -3.96
标准恒载Q(kN)         4.88    4.33    3.32    2.01    0.69   -0.63   -1.94   -2.95   -3.50
  
梁编号  29
B*H(mm)=200*200   L(mm)= 2700
                    -I-     -1-     -2-     -3-     -4-     -5-     -6-     -7-     -J-
基本组合+M(kN.m)     0.00    0.00    1.46    3.00    3.88    4.89    5.15    5.29    5.14
基本组合-M(kN.m)    -9.29   -5.86   -2.72   -0.12    0.00    0.00    0.00    0.00   -1.63
标准组合+M(kN.m)     0.00    0.03    1.63    2.72    3.30    4.18    4.49    4.81    4.93
标准组合-M(kN.m)    -7.98   -5.20   -2.64   -0.47    0.00    0.00    0.00   -0.39   -1.98
准永久组合+M(kN.m)    0.00    0.00    0.43    1.64    2.36    2.95    3.02    2.86    2.48
准永久组合-M(kN.m)   -5.57   -3.31   -1.28    0.00    0.00    0.00    0.00    0.00   -0.28
-As(mm2)              184.    113.     80.     80.      0.      0.      0.      0.     80.
+As(mm2)                0.      0.     80.     80.     80.     94.     99.    101.     99.
基本组合Q(kN)        11.69   10.82    9.14    6.88    5.10    3.31   -3.68   -5.37   -6.24
Asv(mm2)               28.     28.     28.     28.     28.     28.     28.     28.     28.
标准恒载M(kN.m)      -3.97   -2.06   -0.38    0.92    1.74    2.12    2.03    1.56    0.86
标准恒载Q(kN)         5.98    5.42    4.42    3.11    1.79    0.46   -0.85   -1.85   -2.41
  
梁编号  30
B*H(mm)=260*300   L(mm)= 3200
                    -I-     -1-     -2-     -3-     -4-     -5-     -6-     -7-     -J-
基本组合+M(kN.m)     0.00    0.00    0.00    0.73    1.42    1.70    1.55    0.98    0.00
基本组合-M(kN.m)    -5.64   -3.46   -1.70   -0.37    0.00    0.00    0.00    0.00   -0.01
标准组合+M(kN.m)     0.00    0.00    0.00    0.67    1.16    1.33    1.20    0.75    0.00
标准组合-M(kN.m)    -4.47   -2.82   -1.48   -0.45    0.00    0.00    0.00    0.00   -0.01
准永久组合+M(kN.m)    0.00    0.00    0.00    0.39    0.93    1.17    1.09    0.70    0.00
准永久组合-M(kN.m)   -3.83   -2.26   -1.00   -0.06    0.00    0.00    0.00    0.00   -0.01
-As(mm2)              156.    156.    156.    156.      0.      0.      0.      0.    156.
+As(mm2)                0.      0.      0.    156.    156.    156.    156.    156.      0.
基本组合Q(kN)         5.97    4.92    3.87    2.81    1.76    0.71   -0.90   -1.95   -3.00
Asv(mm2)               28.     28.     28.     28.     28.     28.     28.     28.     28.
标准恒载M(kN.m)      -3.41   -1.89   -0.69    0.21    0.79    1.06    1.01    0.66   -0.01
标准恒载Q(kN)         4.18    3.40    2.62    1.84    1.06    0.28   -0.50   -1.28   -2.06
  
梁编号  31
B*H(mm)=260*300   L(mm)= 9210
                    -I-     -1-     -2-     -3-     -4-     -5-     -6-     -7-     -J-
基本组合+M(kN.m)     0.00   10.51   19.23   24.46   26.21   24.46   19.23   10.51    0.00
基本组合-M(kN.m)    -1.70    0.00    0.00    0.00    0.00    0.00    0.00    0.00   -1.70
标准组合+M(kN.m)     0.00    7.78   14.24   18.12   19.41   18.12   14.24    7.78    0.00
标准组合-M(kN.m)    -1.26    0.00    0.00    0.00    0.00    0.00    0.00    0.00   -1.26
准永久组合+M(kN.m)    0.00    7.78   14.24   18.12   19.41   18.12   14.24    7.78    0.00
准永久组合-M(kN.m)   -1.26    0.00    0.00    0.00    0.00    0.00    0.00    0.00   -1.26
-As(mm2)              156.      0.      0.      0.      0.      0.      0.      0.    156.
+As(mm2)                0.    156.    239.    308.    331.    308.    239.    156.      0.
基本组合Q(kN)        12.12    9.09    6.06    3.03    0.00   -3.03   -6.06   -9.09  -12.12
Asv(mm2)               28.     28.     28.     28.     28.     28.     28.     28.     28.
标准恒载M(kN.m)      -1.26    7.78   14.24   18.12   19.41   18.12   14.24    7.78   -1.26
标准恒载Q(kN)         8.98    6.73    4.49    2.24    0.00   -2.24   -4.49   -6.73   -8.98
  
梁编号  32
B*H(mm)=260*300   L(mm)= 3200
                    -I-     -1-     -2-     -3-     -4-     -5-     -6-     -7-     -J-
基本组合+M(kN.m)     0.00    0.00    0.00    0.00    0.00    0.00    0.00    0.00    0.04
基本组合-M(kN.m)   -16.07  -12.59   -9.52   -6.87   -4.65   -2.85   -1.46   -0.50    0.00
标准组合+M(kN.m)     0.00    0.00    0.00    0.00    0.00    0.00    0.00    0.00    0.03
标准组合-M(kN.m)   -12.92  -10.21   -7.81   -5.72   -3.95   -2.49   -1.33   -0.50    0.00
准永久组合+M(kN.m)    0.00    0.00    0.00    0.00    0.00    0.00    0.00    0.00    0.02
准永久组合-M(kN.m)  -10.70   -8.27   -6.15   -4.34   -2.84   -1.66   -0.79   -0.23    0.00
-As(mm2)              198.    156.    156.    156.    156.    156.    156.    156.      0.
+As(mm2)                0.      0.      0.      0.      0.      0.      0.      0.    156.
基本组合Q(kN)         9.25    8.19    7.14    6.09    5.04    3.98    2.93    1.88    0.82
Asv(mm2)               28.     28.     28.     28.     28.     28.     28.     28.     28.
标准恒载M(kN.m)      -9.22   -6.97   -5.04   -3.42   -2.11   -1.11   -0.42   -0.05    0.02
标准恒载Q(kN)         6.01    5.23    4.45    3.67    2.89    2.11    1.33    0.55   -0.23
  
梁编号  33
B*H(mm)=200*200   L(mm)= 2700
                    -I-     -1-     -2-     -3-     -4-     -5-     -6-     -7-     -J-
基本组合+M(kN.m)     0.00    0.00    0.00    0.00    0.00    0.00    0.00    0.00    0.00
基本组合-M(kN.m)   -10.46   -8.25   -6.46   -5.63   -5.57   -6.21   -7.67  -10.09  -12.97
标准组合+M(kN.m)     0.00    0.00    0.00    0.00    0.00    0.00    0.00    0.00    0.00
标准组合-M(kN.m)    -8.86   -7.05   -5.59   -4.98   -4.95   -5.44   -6.56   -8.53  -10.88
准永久组合+M(kN.m)    0.00    0.00    0.00    0.00    0.00    0.00    0.00    0.00    0.00
准永久组合-M(kN.m)   -6.43   -4.98   -3.82   -3.20   -3.15   -3.60   -4.64   -6.22   -8.10
-As(mm2)              209.    162.    125.    108.    107.    120.    150.    201.    265.
+As(mm2)                0.      0.      0.      0.      0.      0.      0.      0.      0.
基本组合Q(kN)         8.73    7.86    6.17    3.73   -2.78   -5.37   -7.81   -9.50  -10.36
Asv(mm2)               28.     28.     28.     28.     28.     28.     28.     28.     28.
标准恒载M(kN.m)      -4.80   -3.60   -2.64   -2.02   -1.95   -2.38   -3.36   -4.68   -6.25
标准恒载Q(kN)         3.92    3.36    2.36    0.95   -0.53   -2.02   -3.43   -4.43   -4.99
  
梁编号  34
B*H(mm)=200*200   L(mm)= 2700
                    -I-     -1-     -2-     -3-     -4-     -5-     -6-     -7-     -J-
基本组合+M(kN.m)     0.00    0.00    0.00    1.69    3.14    3.76    3.50    3.15    2.54
基本组合-M(kN.m)   -12.99   -9.34   -6.17   -3.51   -1.64   -0.49   -0.18   -0.79   -1.86
标准组合+M(kN.m)     0.00    0.00    0.11    1.93    3.02    3.45    3.19    2.96    2.56
标准组合-M(kN.m)   -10.89   -7.99   -5.49   -3.37   -1.86   -0.89   -0.57   -1.06   -1.93
准永久组合+M(kN.m)    0.00    0.00    0.00    0.44    1.50    2.00    1.89    1.59    1.08
准永久组合-M(kN.m)   -8.11   -5.64   -3.48   -1.68   -0.45    0.00    0.00   -0.02   -0.72
-As(mm2)              265.    185.    119.     80.     80.     80.     80.     80.     80.
+As(mm2)                0.      0.      0.     80.     80.     80.     80.     80.     80.
基本组合Q(kN)        12.76   11.89   10.20    7.76    5.18    3.17   -2.67   -4.35   -5.22
Asv(mm2)               28.     28.     28.     28.     28.     28.     28.     28.     28.
标准恒载M(kN.m)      -6.26   -4.08   -2.15   -0.55    0.49    1.04    1.02    0.68    0.09
标准恒载Q(kN)         6.80    6.25    5.24    3.84    2.35    0.86   -0.55   -1.55   -2.11
  
梁编号  35
B*H(mm)=200*200   L(mm)= 3600
                    -I-     -1-     -2-     -3-     -4-     -5-     -6-     -7-     -J-
基本组合+M(kN.m)     2.52    6.41   10.18   12.45   13.21   12.44   10.16    6.38    2.50
基本组合-M(kN.m)    -1.89    0.00    0.00    0.00    0.00    0.00    0.00    0.00   -1.86
标准组合+M(kN.m)     2.54    5.50    8.50   10.31   10.92   10.30    8.48    5.47    2.52
标准组合-M(kN.m)    -1.95    0.00    0.00    0.00    0.00    0.00    0.00    0.00   -1.93
准永久组合+M(kN.m)    1.06    3.85    6.40    7.92    8.43    7.92    6.39    3.84    1.05
准永久组合-M(kN.m)   -0.74    0.00    0.00    0.00    0.00    0.00    0.00    0.00   -0.72
-As(mm2)               80.      0.      0.      0.      0.      0.      0.      0.     80.
+As(mm2)               80.    124.    203.    253.    270.    253.    202.    124.     80.
基本组合Q(kN)        11.83   10.49    7.69    4.25    0.80   -4.24   -7.69  -10.49  -11.82
Asv(mm2)               28.     28.     28.     28.     28.     28.     28.     28.     28.
标准恒载M(kN.m)       0.07    2.75    4.99    6.33    6.77    6.33    4.99    2.76    0.08
标准恒载Q(kN)         6.44    5.60    3.97    1.98    0.00   -1.98   -3.96   -5.59   -6.44
  
梁编号  36
B*H(mm)=200*200   L(mm)= 2700
                    -I-     -1-     -2-     -3-     -4-     -5-     -6-     -7-     -J-
基本组合+M(kN.m)     2.52    3.08    3.40    3.62    2.97    1.47    0.00    0.00    0.00
基本组合-M(kN.m)    -1.84   -0.78   -0.19   -0.52   -1.69   -3.57   -6.25   -9.43  -13.10
标准组合+M(kN.m)     2.54    2.90    3.09    3.33    2.87    1.74    0.00    0.00    0.00
标准组合-M(kN.m)    -1.91   -1.04   -0.56   -0.90   -1.88   -3.40   -5.52   -8.03  -10.95
准永久组合+M(kN.m)    1.07    1.56    1.83    1.92    1.40    0.31    0.00    0.00    0.00
准永久组合-M(kN.m)   -0.71   -0.02    0.00    0.00   -0.50   -1.74   -3.56   -5.74   -8.22
-As(mm2)               80.     80.     80.     80.     80.     80.    121.    187.    267.
+As(mm2)               80.     80.     80.     80.     80.     80.      0.      0.      0.
基本组合Q(kN)         5.11    4.25    2.56   -3.23   -5.24   -7.82  -10.26  -11.95  -12.82
Asv(mm2)               28.     28.     28.     28.     28.     28.     28.     28.     28.
标准恒载M(kN.m)       0.09    0.66    0.99    0.99    0.42   -0.64   -2.26   -4.21   -6.40
标准恒载Q(kN)         2.05    1.49    0.49   -0.92   -2.40   -3.89   -5.30   -6.30   -6.86
  
梁编号  37
B*H(mm)=200*200   L(mm)= 2700
                    -I-     -1-     -2-     -3-     -4-     -5-     -6-     -7-     -J-
基本组合+M(kN.m)     0.00    0.00    0.00    0.00    0.00    0.00    0.00    0.00    0.00
基本组合-M(kN.m)   -13.08  -10.34   -8.08   -6.75   -6.18   -6.30   -7.26   -9.14  -11.47
标准组合+M(kN.m)     0.00    0.00    0.00    0.00    0.00    0.00    0.00    0.00    0.00
标准组合-M(kN.m)   -10.94   -8.70   -6.87   -5.86   -5.42   -5.49   -6.21   -7.75   -9.65
准永久组合+M(kN.m)    0.00    0.00    0.00    0.00    0.00    0.00    0.00    0.00    0.00
准永久组合-M(kN.m)   -8.21   -6.41   -4.93   -3.97   -3.57   -3.68   -4.39   -5.61   -7.13
-As(mm2)              267.    206.    158.    131.    119.    122.    141.    181.    231.
+As(mm2)                0.      0.      0.      0.      0.      0.      0.      0.      0.
基本组合Q(kN)        10.11    9.24    7.56    5.12    2.53   -4.01   -6.45   -8.14   -9.01
Asv(mm2)               28.     28.     28.     28.     28.     28.     28.     28.     28.
标准恒载M(kN.m)      -6.39   -4.89   -3.63   -2.71   -2.34   -2.48   -3.17   -4.19   -5.46
标准恒载Q(kN)         4.80    4.24    3.24    1.83    0.35   -1.14   -2.55   -3.55   -4.11
  
梁编号  38
B*H(mm)=200*200   L(mm)= 2700
                    -I-     -1-     -2-     -3-     -4-     -5-     -6-     -7-     -J-
基本组合+M(kN.m)     0.00    0.00    0.43    2.78    4.18    4.74    4.75    4.42    4.01
基本组合-M(kN.m)   -11.48   -7.78   -4.47   -1.66    0.00    0.00    0.00    0.00    0.00
标准组合+M(kN.m)     0.00    0.00    0.91    2.69    3.70    4.05    4.04    3.82    3.60
标准组合-M(kN.m)    -9.65   -6.72   -4.09   -1.84   -0.17    0.00    0.00    0.00   -0.23
准永久组合+M(kN.m)    0.00    0.00    0.00    1.31    2.38    2.88    2.90    2.63    2.22
准永久组合-M(kN.m)   -7.14   -4.63   -2.39   -0.50    0.00    0.00    0.00    0.00    0.00
-As(mm2)              231.    152.     85.     80.      0.      0.      0.      0.      0.
+As(mm2)                0.      0.     80.     80.     80.     91.     91.     84.     80.
基本组合Q(kN)        12.85   11.98   10.29    7.85    5.36    3.35   -2.46   -4.15   -5.02
Asv(mm2)               28.     28.     28.     28.     28.     28.     28.     28.     28.
标准恒载M(kN.m)      -5.46   -3.24   -1.25    0.40    1.50    2.09    2.13    1.84    1.30
标准恒载Q(kN)         6.96    6.40    5.40    3.99    2.50    1.02   -0.39   -1.39   -1.95
  
梁编号  39
B*H(mm)=200*200   L(mm)= 3960
                    -I-     -1-     -2-     -3-     -4-     -5-     -6-     -7-     -J-
基本组合+M(kN.m)     3.99    6.87    9.10    9.40    7.83    4.45    0.00    0.00    0.00
基本组合-M(kN.m)     0.00    0.00    0.00    0.00    0.00    0.00   -1.48   -8.40  -16.61
标准组合+M(kN.m)     3.59    5.78    7.53    7.74    6.44    3.71    0.00    0.00    0.00
标准组合-M(kN.m)    -0.23    0.00    0.00    0.00    0.00    0.00   -1.22   -6.74  -13.36
准永久组合+M(kN.m)    2.21    4.27    5.79    6.04    5.03    2.80    0.00    0.00    0.00
准永久组合-M(kN.m)    0.00    0.00    0.00    0.00    0.00    0.00   -0.95   -5.60  -11.05
-As(mm2)                0.      0.      0.      0.      0.      0.     80.    165.    351.
+As(mm2)               80.    134.    180.    186.    153.     85.      0.      0.      0.
基本组合Q(kN)         8.41    6.86    3.59   -1.50   -5.08   -8.87  -12.66  -15.93  -17.48
Asv(mm2)               28.     28.     28.     28.     28.     28.     28.     28.     28.
标准恒载M(kN.m)       1.29    3.26    4.63    4.90    4.09    2.20   -0.77   -4.84   -9.51
标准恒载Q(kN)         4.50    3.53    1.63   -0.55   -2.73   -4.91   -7.09   -8.99   -9.96
  
梁编号  40
B*H(mm)=260*300   L(mm)= 1750
                    -I-     -1-     -2-     -3-     -4-     -5-     -6-     -7-     -J-
基本组合+M(kN.m)     0.00    0.00    0.00    0.00    0.00    0.00    0.00    0.00    0.00
基本组合-M(kN.m)    -0.01   -4.53   -9.33  -14.40  -19.79  -26.37  -33.26  -40.49  -48.04
标准组合+M(kN.m)     0.00    0.00    0.00    0.00    0.00    0.00    0.00    0.00    0.00
标准组合-M(kN.m)    -0.01   -3.74   -7.69  -11.83  -16.23  -21.59  -27.21  -33.08  -39.21
准永久组合+M(kN.m)    0.00    0.00    0.00    0.00    0.00    0.00    0.00    0.00    0.00
准永久组合-M(kN.m)    0.00   -2.89   -5.99   -9.28  -12.80  -17.08  -21.59  -26.32  -31.27
-As(mm2)              156.    156.    156.    177.    246.    333.    428.    531.    643.
+As(mm2)                0.      0.      0.      0.      0.      0.      0.      0.      0.
基本组合Q(kN)       -20.06  -20.89  -22.22  -24.46  -27.45  -30.44  -32.74  -34.35  -35.28
Asv(mm2)               28.     28.     28.     28.     28.     28.     28.     28.     28.
标准恒载M(kN.m)       0.00   -2.33   -4.85   -7.58  -10.51  -14.07  -17.84  -21.81  -25.98
标准恒载Q(kN)       -10.16  -10.77  -11.76  -13.12  -14.85  -16.58  -17.93  -18.92  -19.53
  
梁编号  41
B*H(mm)=260*300   L(mm)= 5960
                    -I-     -1-     -2-     -3-     -4-     -5-     -6-     -7-     -J-
基本组合+M(kN.m)     0.00    0.00   29.98   49.38   56.51   51.37   33.97    4.03    0.00
基本组合-M(kN.m)   -50.39  -14.74    0.00    0.00    0.00    0.00    0.00   -7.44  -40.12
标准组合+M(kN.m)     0.00    0.17   25.91   41.52   47.22   43.01   28.90    4.66    0.00
标准组合-M(kN.m)   -41.10  -12.87    0.00    0.00    0.00    0.00    0.00   -7.04  -32.79
准永久组合+M(kN.m)    0.00    0.00   17.80   30.70   35.48   32.15   20.72    0.99    0.00
准永久组合-M(kN.m)  -32.83   -8.59    0.00    0.00    0.00    0.00    0.00   -3.69  -26.06
-As(mm2)              680.    181.      0.      0.      0.      0.      0.    156.    525.
+As(mm2)                0.      0.    382.    664.    777.    695.    437.    156.      0.
基本组合Q(kN)        55.51   49.55   35.72   19.25    2.79  -16.18  -32.65  -46.47  -52.44
Asv(mm2)               28.     28.     28.     28.     28.     28.     28.     28.     28.
标准恒载M(kN.m)     -27.31   -5.75   12.40   23.48   27.65   24.91   15.26   -1.45  -21.58
标准恒载Q(kN)        30.98   27.37   19.52   10.24    0.96   -8.32  -17.59  -25.45  -29.06
  
梁编号  42
B*H(mm)=260*300   L(mm)= 1500
                    -I-     -1-     -2-     -3-     -4-     -5-     -6-     -7-     -J-
基本组合+M(kN.m)     0.00    0.00    0.00    0.00    0.00    0.00    0.00    0.00    0.00
基本组合-M(kN.m)   -37.17  -31.51  -26.06  -20.83  -15.82  -11.54   -7.51   -3.66   -0.01
标准组合+M(kN.m)     0.00    0.00    0.00    0.00    0.00    0.00    0.00    0.00    0.00
标准组合-M(kN.m)   -30.39  -25.79  -21.35  -17.09  -12.99   -9.49   -6.19   -3.03   -0.01
准永久组合+M(kN.m)    0.00    0.00    0.00    0.00    0.00    0.00    0.00    0.00    0.00
准永久组合-M(kN.m)  -24.13  -20.42  -16.86  -13.46  -10.20   -7.42   -4.81   -2.34    0.00
-As(mm2)              483.    403.    329.    260.    195.    156.    156.    156.    156.
+As(mm2)                0.      0.      0.      0.      0.      0.      0.      0.      0.
基本组合Q(kN)        30.81   30.06   28.81   27.05   24.78   22.51   20.75   19.70   19.02
Asv(mm2)               28.     28.     28.     28.     28.     28.     28.     28.     28.
标准恒载M(kN.m)     -19.96  -16.85  -13.87  -11.04   -8.34   -6.05   -3.90   -1.88    0.00
标准恒载Q(kN)        16.96   16.45   15.68   14.63   13.30   11.98   10.93   10.16    9.65
  
梁编号  43
B*H(mm)=260*300   L(mm)= 1750
                    -I-     -1-     -2-     -3-     -4-     -5-     -6-     -7-     -J-
基本组合+M(kN.m)     0.00    0.00    0.00    0.00    0.00    0.00    0.00    0.00    0.00
基本组合-M(kN.m)    -0.01   -5.15  -10.57  -16.25  -22.23  -29.41  -36.92  -44.75  -52.91
标准组合+M(kN.m)     0.00    0.00    0.00    0.00    0.00    0.00    0.00    0.00    0.00
标准组合-M(kN.m)    -0.01   -4.24   -8.68  -13.32  -18.18  -24.02  -30.12  -36.48  -43.10
准永久组合+M(kN.m)    0.00    0.00    0.00    0.00    0.00    0.00    0.00    0.00    0.00
准永久组合-M(kN.m)    0.00   -3.31   -6.81  -10.52  -14.43  -19.12  -24.04  -29.18  -34.54
-As(mm2)              156.    156.    156.    200.    278.    374.    479.    594.    719.
+As(mm2)                0.      0.      0.      0.      0.      0.      0.      0.      0.
基本组合Q(kN)       -22.89  -23.72  -25.05  -27.24  -30.23  -33.22  -35.52  -37.14  -38.06
Asv(mm2)               28.     28.     28.     28.     28.     28.     28.     28.     28.
标准恒载M(kN.m)       0.00   -2.68   -5.57   -8.65  -11.94  -15.86  -19.99  -24.31  -28.84
标准恒载Q(kN)       -11.79  -12.41  -13.39  -14.75  -16.48  -18.21  -19.57  -20.55  -21.16
  
梁编号  44
B*H(mm)=260*300   L(mm)= 5960
                    -I-     -1-     -2-     -3-     -4-     -5-     -6-     -7-     -J-
基本组合+M(kN.m)     0.00    0.00   26.46   46.00   53.27   48.27   31.00    1.20    0.00
基本组合-M(kN.m)   -54.67  -18.62    0.00    0.00    0.00    0.00    0.00  -10.16  -42.94
标准组合+M(kN.m)     0.00    0.00   23.19   38.90   44.70   40.59   26.58    2.43    0.00
标准组合-M(kN.m)   -44.52  -15.92    0.00    0.00    0.00    0.00    0.00   -9.15  -35.04
准永久组合+M(kN.m)    0.00    0.00   15.33   28.33   33.22   30.00   18.67    0.00    0.00
准永久组合-M(kN.m)  -35.71  -11.26    0.00    0.00    0.00    0.00    0.00   -5.59  -27.96
-As(mm2)              747.    231.      0.      0.      0.      0.      0.    156.    567.
+As(mm2)                0.      0.    334.    612.    725.    647.    396.    156.      0.
基本组合Q(kN)        55.73   49.76   35.93   19.47    3.00  -15.96  -32.43  -46.26  -52.22
Asv(mm2)               28.     28.     28.     28.     28.     28.     28.     28.     28.
标准恒载M(kN.m)     -29.83   -8.16   10.09   21.29   25.57   22.93   13.39   -3.21  -23.24
标准恒载Q(kN)        31.13   27.51   19.66   10.38    1.11   -8.17  -17.45  -25.30  -28.91
  
梁编号  45
B*H(mm)=260*300   L(mm)= 1500
                    -I-     -1-     -2-     -3-     -4-     -5-     -6-     -7-     -J-
基本组合+M(kN.m)     0.00    0.00    0.00    0.00    0.00    0.00    0.00    0.00    0.00
基本组合-M(kN.m)   -40.51  -34.43  -28.56  -22.92  -17.49  -12.81   -8.36   -4.09   -0.01
标准组合+M(kN.m)     0.00    0.00    0.00    0.00    0.00    0.00    0.00    0.00    0.00
标准组合-M(kN.m)   -33.06  -28.12  -23.35  -18.76  -14.33  -10.51   -6.87   -3.37   -0.01
准永久组合+M(kN.m)    0.00    0.00    0.00    0.00    0.00    0.00    0.00    0.00    0.00
准永久组合-M(kN.m)  -26.37  -22.38  -18.54  -14.86  -11.32   -8.27   -5.38   -2.62    0.00
-As(mm2)              531.    444.    363.    287.    216.    157.    156.    156.    156.
+As(mm2)                0.      0.      0.      0.      0.      0.      0.      0.      0.
基本组合Q(kN)        33.03   32.29   31.03   29.27   27.00   24.74   23.01   21.96   21.28
Asv(mm2)               28.     28.     28.     28.     28.     28.     28.     28.     28.
标准恒载M(kN.m)     -21.91  -18.56  -15.34  -12.26   -9.31   -6.78   -4.39   -2.13    0.00
标准恒载Q(kN)        18.26   17.75   16.98   15.93   14.61   13.28   12.23   11.46   10.95
  
梁编号  46
B*H(mm)=260*300   L(mm)= 1750
                    -I-     -1-     -2-     -3-     -4-     -5-     -6-     -7-     -J-
基本组合+M(kN.m)     0.01    0.00    0.00    0.00    0.00    0.00    0.00    0.00    0.00
基本组合-M(kN.m)     0.00   -3.79   -7.85  -12.19  -16.87  -22.72  -28.89  -35.39  -42.21
标准组合+M(kN.m)     0.01    0.00    0.00    0.00    0.00    0.00    0.00    0.00    0.00
标准组合-M(kN.m)     0.00   -3.12   -6.45   -9.98  -13.79  -18.54  -23.54  -28.81  -34.33
准永久组合+M(kN.m)    0.01    0.00    0.00    0.00    0.00    0.00    0.00    0.00    0.00
准永久组合-M(kN.m)    0.00   -2.43   -5.06   -7.90  -10.97  -14.80  -18.85  -23.12  -27.62
-As(mm2)                0.    156.    156.    156.    208.    284.    367.    457.    556.
+As(mm2)              156.      0.      0.      0.      0.      0.      0.      0.      0.
基本组合Q(kN)       -16.72  -17.54  -18.87  -21.13  -24.13  -27.12  -29.42  -31.03  -31.95
Asv(mm2)               28.     28.     28.     28.     28.     28.     28.     28.     28.
标准恒载M(kN.m)       0.00   -1.97   -4.14   -6.51   -9.09  -12.30  -15.72  -19.33  -23.15
标准恒载Q(kN)        -8.55   -9.16  -10.14  -11.50  -13.23  -14.96  -16.32  -17.30  -17.92
  
梁编号  47
B*H(mm)=260*300   L(mm)= 5960
                    -I-     -1-     -2-     -3-     -4-     -5-     -6-     -7-     -J-
基本组合+M(kN.m)     0.00    0.00    0.00    0.00    0.00    0.00    0.00    0.00    0.00
基本组合-M(kN.m)   -38.78  -31.88  -27.00  -23.60  -21.66  -21.18  -22.16  -24.61  -29.18
标准组合+M(kN.m)     0.00    0.00    0.00    0.00    0.00    0.00    0.00    0.00    0.00
标准组合-M(kN.m)   -31.53  -26.17  -22.48  -19.87  -18.35  -17.91  -18.56  -20.30  -23.78
准永久组合+M(kN.m)    0.00    0.00    0.00    0.00    0.00    0.00    0.00    0.00    0.00
准永久组合-M(kN.m)  -25.39  -20.57  -17.06  -14.64  -13.30  -13.04  -13.86  -15.78  -19.04
-As(mm2)              506.    408.    342.    296.    270.    264.    277.    310.    371.
+As(mm2)                0.      0.      0.      0.      0.      0.      0.      0.      0.
基本组合Q(kN)        10.77    8.80    6.84    4.88    2.92   -2.09   -4.05   -6.01   -7.98
Asv(mm2)               28.     28.     28.     28.     28.     28.     28.     28.     28.
标准恒载M(kN.m)     -21.30  -16.83  -13.45  -11.15   -9.93   -9.79  -10.73  -12.76  -15.87
标准恒载Q(kN)         6.72    5.27    3.82    2.36    0.91   -0.54   -1.99   -3.45   -4.90
  
梁编号  48
B*H(mm)=260*300   L(mm)= 1500
                    -I-     -1-     -2-     -3-     -4-     -5-     -6-     -7-     -J-
基本组合+M(kN.m)     0.00    0.00    0.00    0.00    0.00    0.00    0.00    0.00    0.01
基本组合-M(kN.m)   -32.11  -27.08  -22.26  -17.66  -13.28   -9.63   -6.23   -3.02    0.00
标准组合+M(kN.m)     0.00    0.00    0.00    0.00    0.00    0.00    0.00    0.00    0.01
标准组合-M(kN.m)   -26.17  -22.08  -18.18  -14.44  -10.88   -7.90   -5.12   -2.49    0.00
准永久组合+M(kN.m)    0.00    0.00    0.00    0.00    0.00    0.00    0.00    0.00    0.01
准永久组合-M(kN.m)  -20.95  -17.64  -14.48  -11.47   -8.61   -6.23   -4.01   -1.93    0.00
-As(mm2)              411.    343.    278.    218.    163.    156.    156.    156.      0.
+As(mm2)                0.      0.      0.      0.      0.      0.      0.      0.    156.
基本组合Q(kN)        27.44   26.70   25.44   23.68   21.41   19.14   17.38   16.32   15.64
Asv(mm2)               28.     28.     28.     28.     28.     28.     28.     28.     28.
标准恒载M(kN.m)     -17.48  -14.68  -12.01   -9.49   -7.10   -5.12   -3.27   -1.57    0.00
标准恒载Q(kN)        15.31   14.80   14.03   12.98   11.66   10.33    9.28    8.51    8.01
  
梁编号  49
B*H(mm)=260*300   L(mm)= 1750
                    -I-     -1-     -2-     -3-     -4-     -5-     -6-     -7-     -J-
基本组合+M(kN.m)     0.01    0.00    0.00    0.00    0.00    0.00    0.00    0.00    0.00
基本组合-M(kN.m)     0.00   -3.77   -7.82  -12.14  -16.80  -22.63  -28.78  -35.26  -42.07
标准组合+M(kN.m)     0.01    0.00    0.00    0.00    0.00    0.00    0.00    0.00    0.00
标准组合-M(kN.m)     0.00   -3.11   -6.42   -9.94  -13.73  -18.47  -23.46  -28.71  -34.22
准永久组合+M(kN.m)    0.01    0.00    0.00    0.00    0.00    0.00    0.00    0.00    0.00
准永久组合-M(kN.m)    0.00   -2.42   -5.04   -7.86  -10.92  -14.73  -18.77  -23.03  -27.52
-As(mm2)                0.    156.    156.    156.    207.    283.    366.    456.    554.
+As(mm2)              156.      0.      0.      0.      0.      0.      0.      0.      0.
基本组合Q(kN)       -16.63  -17.46  -18.79  -21.05  -24.04  -27.03  -29.34  -30.95  -31.87
Asv(mm2)               28.     28.     28.     28.     28.     28.     28.     28.     28.
标准恒载M(kN.m)       0.00   -1.95   -4.11   -6.47   -9.04  -12.24  -15.64  -19.24  -23.05
标准恒载Q(kN)        -8.49   -9.10  -10.09  -11.44  -13.17  -14.90  -16.26  -17.24  -17.86
  
梁编号  50
B*H(mm)=260*300   L(mm)= 5960
                    -I-     -1-     -2-     -3-     -4-     -5-     -6-     -7-     -J-
基本组合+M(kN.m)     0.00    0.00    0.00    0.00    0.00    0.00    0.00    0.00    0.00
基本组合-M(kN.m)   -38.65  -31.75  -26.88  -23.49  -21.56  -21.09  -22.09  -24.55  -29.14
标准组合+M(kN.m)     0.00    0.00    0.00    0.00    0.00    0.00    0.00    0.00    0.00
标准组合-M(kN.m)   -31.43  -26.07  -22.38  -19.78  -18.26  -17.83  -18.49  -20.23  -23.74
准永久组合+M(kN.m)    0.00    0.00    0.00    0.00    0.00    0.00    0.00    0.00    0.00
准永久组合-M(kN.m)  -25.29  -20.48  -16.98  -14.57  -13.24  -12.99  -13.83  -15.75  -19.03
-As(mm2)              504.    406.    340.    295.    269.    263.    276.    309.    371.
+As(mm2)                0.      0.      0.      0.      0.      0.      0.      0.      0.
基本组合Q(kN)        10.73    8.77    6.81    4.85    2.89   -2.11   -4.07   -6.04   -8.00
Asv(mm2)               28.     28.     28.     28.     28.     28.     28.     28.     28.
标准恒载M(kN.m)     -21.20  -16.75  -13.38  -11.09   -9.89   -9.76  -10.72  -12.77  -15.89
标准恒载Q(kN)         6.70    5.25    3.80    2.34    0.89   -0.56   -2.01   -3.47   -4.92
  
梁编号  51
B*H(mm)=260*300   L(mm)= 1500
                    -I-     -1-     -2-     -3-     -4-     -5-     -6-     -7-     -J-
基本组合+M(kN.m)     0.00    0.00    0.00    0.00    0.00    0.00    0.00    0.00    0.01
基本组合-M(kN.m)   -32.06  -27.03  -22.22  -17.63  -13.26   -9.61   -6.22   -3.01    0.00
标准组合+M(kN.m)     0.00    0.00    0.00    0.00    0.00    0.00    0.00    0.00    0.01
标准组合-M(kN.m)   -26.11  -22.03  -18.13  -14.40  -10.85   -7.87   -5.10   -2.48    0.00
准永久组合+M(kN.m)    0.00    0.00    0.00    0.00    0.00    0.00    0.00    0.00    0.01
准永久组合-M(kN.m)  -20.94  -17.63  -14.47  -11.46   -8.60   -6.22   -4.01   -1.93    0.00
-As(mm2)              411.    342.    278.    218.    162.    156.    156.    156.      0.
+As(mm2)                0.      0.      0.      0.      0.      0.      0.      0.    156.
基本组合Q(kN)        27.41   26.66   25.41   23.65   21.38   19.11   17.35   16.28   15.60
Asv(mm2)               28.     28.     28.     28.     28.     28.     28.     28.     28.
标准恒载M(kN.m)     -17.50  -14.69  -12.03   -9.50   -7.10   -5.12   -3.28   -1.57    0.00
标准恒载Q(kN)        15.32   14.82   14.04   12.99   11.67   10.35    9.30    8.52    8.02
  
梁编号  52
B*H(mm)=260*300   L(mm)= 1750
                    -I-     -1-     -2-     -3-     -4-     -5-     -6-     -7-     -J-
基本组合+M(kN.m)     0.00    0.00    0.00    0.00    0.00    0.00    0.00    0.00    0.00
基本组合-M(kN.m)    -0.01   -5.10  -10.47  -16.11  -22.04  -29.17  -36.62  -44.41  -52.52
标准组合+M(kN.m)     0.00    0.00    0.00    0.00    0.00    0.00    0.00    0.00    0.00
标准组合-M(kN.m)    -0.01   -4.20   -8.60  -13.21  -18.02  -23.83  -29.89  -36.21  -42.79
准永久组合+M(kN.m)    0.00    0.00    0.00    0.00    0.00    0.00    0.00    0.00    0.00
准永久组合-M(kN.m)    0.00   -3.27   -6.75  -10.42  -14.30  -18.96  -23.84  -28.95  -34.28
-As(mm2)              156.    156.    156.    199.    275.    371.    475.    588.    713.
+As(mm2)                0.      0.      0.      0.      0.      0.      0.      0.      0.
基本组合Q(kN)       -22.67  -23.50  -24.83  -27.02  -30.01  -33.00  -35.30  -36.91  -37.83
Asv(mm2)               28.     28.     28.     28.     28.     28.     28.     28.     28.
标准恒载M(kN.m)       0.00   -2.66   -5.51   -8.57  -11.82  -15.72  -19.81  -24.11  -28.61
标准恒载Q(kN)       -11.66  -12.27  -13.26  -14.62  -16.35  -18.08  -19.43  -20.42  -21.03
  
梁编号  53
B*H(mm)=260*300   L(mm)= 5960
                    -I-     -1-     -2-     -3-     -4-     -5-     -6-     -7-     -J-
基本组合+M(kN.m)     0.00    0.00   26.38   45.82   52.99   47.90   30.54    0.66    0.00
基本组合-M(kN.m)   -54.29  -18.27    0.00    0.00    0.00    0.00    0.00  -10.62  -43.63
标准组合+M(kN.m)     0.00    0.00   23.08   38.72   44.45   40.27   26.20    2.00    0.00
标准组合-M(kN.m)   -44.21  -15.62    0.00    0.00    0.00    0.00    0.00   -9.50  -35.60
准永久组合+M(kN.m)    0.00    0.00   15.33   28.26   33.07   29.78   18.38    0.00    0.00
准永久组合-M(kN.m)  -35.45  -11.05    0.00    0.00    0.00    0.00    0.00   -5.91  -28.41
-As(mm2)              741.    226.      0.      0.      0.      0.      0.    156.    577.
+As(mm2)                0.      0.    333.    610.    720.    641.    390.    156.      0.
基本组合Q(kN)        55.57   49.61   35.78   19.31    2.85  -16.11  -32.58  -46.41  -52.37
Asv(mm2)               28.     28.     28.     28.     28.     28.     28.     28.     28.
标准恒载M(kN.m)     -29.61   -8.01   10.17   21.28   25.49   22.78   13.16   -3.52  -23.62
标准恒载Q(kN)        31.02   27.41   19.56   10.28    1.00   -8.27  -17.55  -25.40  -29.02
  
梁编号  54
B*H(mm)=260*300   L(mm)= 1500
                    -I-     -1-     -2-     -3-     -4-     -5-     -6-     -7-     -J-
基本组合+M(kN.m)     0.00    0.00    0.00    0.00    0.00    0.00    0.00    0.00    0.00
基本组合-M(kN.m)   -41.25  -35.07  -29.11  -23.38  -17.86  -13.09   -8.54   -4.18   -0.01
标准组合+M(kN.m)     0.00    0.00    0.00    0.00    0.00    0.00    0.00    0.00    0.00
标准组合-M(kN.m)   -33.66  -28.64  -23.80  -19.13  -14.63  -10.74   -7.02   -3.45   -0.01
准永久组合+M(kN.m)    0.00    0.00    0.00    0.00    0.00    0.00    0.00    0.00    0.00
准永久组合-M(kN.m)  -26.86  -22.81  -18.91  -15.16  -11.56   -8.45   -5.50   -2.68    0.00
-As(mm2)              542.    453.    370.    293.    221.    160.    156.    156.    156.
+As(mm2)                0.      0.      0.      0.      0.      0.      0.      0.      0.
基本组合Q(kN)        33.52   32.78   31.52   29.76   27.49   25.23   23.50   22.45   21.78
Asv(mm2)               28.     28.     28.     28.     28.     28.     28.     28.     28.
标准恒载M(kN.m)     -22.32  -18.91  -15.64  -12.51   -9.52   -6.93   -4.49   -2.18    0.00
标准恒载Q(kN)        18.53   18.02   17.25   16.20   14.88   13.55   12.50   11.73   11.23
  
梁编号  55
B*H(mm)=260*300   L(mm)= 1750
                    -I-     -1-     -2-     -3-     -4-     -5-     -6-     -7-     -J-
基本组合+M(kN.m)     0.00    0.00    0.00    0.00    0.00    0.00    0.00    0.00    0.00
基本组合-M(kN.m)    -0.01   -4.86   -9.99  -15.40  -21.07  -27.95  -35.17  -42.71  -50.58
标准组合+M(kN.m)     0.00    0.00    0.00    0.00    0.00    0.00    0.00    0.00    0.00
标准组合-M(kN.m)    -0.01   -4.01   -8.22  -12.62  -17.24  -22.83  -28.70  -34.82  -41.20
准永久组合+M(kN.m)    0.00    0.00    0.00    0.00    0.00    0.00    0.00    0.00    0.00
准永久组合-M(kN.m)    0.00   -3.12   -6.44   -9.96  -13.68  -18.18  -22.90  -27.85  -33.03
-As(mm2)              156.    156.    156.    190.    263.    354.    454.    563.    683.
+As(mm2)                0.      0.      0.      0.      0.      0.      0.      0.      0.
基本组合Q(kN)       -21.59  -22.41  -23.74  -25.91  -28.90  -31.89  -34.19  -35.81  -36.73
Asv(mm2)               28.     28.     28.     28.     28.     28.     28.     28.     28.
标准恒载M(kN.m)       0.00   -2.53   -5.25   -8.18  -11.30  -15.07  -19.04  -23.20  -27.57
标准恒载Q(kN)       -11.07  -11.68  -12.67  -14.03  -15.76  -17.49  -18.84  -19.83  -20.44
  
梁编号  56
B*H(mm)=260*300   L(mm)= 5960
                    -I-     -1-     -2-     -3-     -4-     -5-     -6-     -7-     -J-
基本组合+M(kN.m)     0.00    0.00   27.60   47.10   54.33   49.29   32.00    2.34    0.00
基本组合-M(kN.m)   -52.65  -16.08    0.00    0.00    0.00    0.00    0.00   -5.81  -40.29
标准组合+M(kN.m)     0.00    0.00   23.87   39.49   45.21   41.03   26.94    2.90    0.00
标准组合-M(kN.m)   -42.86  -13.77    0.00    0.00    0.00    0.00    0.00   -5.41  -33.08
准永久组合+M(kN.m)    0.00    0.00   16.37   29.41   34.33   31.14   19.85    0.34    0.00
准永久组合-M(kN.m)  -34.41   -9.70    0.00    0.00    0.00    0.00    0.00   -2.99  -26.00
-As(mm2)              715.    198.      0.      0.      0.      0.      0.    156.    528.
+As(mm2)                0.      0.    350.    629.    742.    663.    410.    156.      0.
基本组合Q(kN)        55.72   49.76   35.93   19.46    3.15  -15.81  -32.28  -46.10  -52.07
Asv(mm2)               28.     28.     28.     28.     28.     28.     28.     28.     28.
标准恒载M(kN.m)     -28.77   -6.98   11.38   22.68   27.07   24.55   15.12   -1.37  -21.28
标准恒载Q(kN)        31.28   27.67   19.81   10.53    1.26   -8.02  -17.30  -25.15  -28.76
  
梁编号  57
B*H(mm)=260*300   L(mm)= 1500
                    -I-     -1-     -2-     -3-     -4-     -5-     -6-     -7-     -J-
基本组合+M(kN.m)     0.00    0.00    0.00    0.00    0.00    0.00    0.00    0.00    0.00
基本组合-M(kN.m)   -37.47  -31.77  -26.28  -21.02  -16.01  -11.73   -7.64   -3.73    0.00
标准组合+M(kN.m)     0.00    0.00    0.00    0.00    0.00    0.00    0.00    0.00    0.00
标准组合-M(kN.m)   -30.80  -26.14  -21.65  -17.34  -13.24   -9.72   -6.35   -3.11    0.00
准永久组合+M(kN.m)    0.00    0.00    0.00    0.00    0.00    0.00    0.00    0.00    0.00
准永久组合-M(kN.m)  -24.14  -20.43  -16.87  -13.46  -10.22   -7.46   -4.84   -2.35    0.00
-As(mm2)              487.    407.    332.    262.    197.    156.    156.    156.    156.
+As(mm2)                0.      0.      0.      0.      0.      0.      0.      0.      0.
基本组合Q(kN)        31.01   30.26   29.01   27.25   24.98   22.71   21.10   20.05   19.37
Asv(mm2)               28.     28.     28.     28.     28.     28.     28.     28.     28.
标准恒载M(kN.m)     -19.71  -16.63  -13.68  -10.88   -8.21   -5.95   -3.83   -1.85    0.00
标准恒载Q(kN)        16.79   16.28   15.51   14.46   13.14   11.81   10.76    9.99    9.49
  
梁编号  58
B*H(mm)=260*300   L(mm)= 1750
                    -I-     -1-     -2-     -3-     -4-     -5-     -6-     -7-     -J-
基本组合+M(kN.m)     0.01    0.00    0.00    0.00    0.00    0.00    0.00    0.00    0.00
基本组合-M(kN.m)     0.00   -3.02   -6.32   -9.90  -13.86  -18.95  -24.37  -30.11  -36.18
标准组合+M(kN.m)     0.01    0.00    0.00    0.00    0.00    0.00    0.00    0.00    0.00
标准组合-M(kN.m)     0.00   -2.51   -5.23   -8.16  -11.40  -15.55  -19.97  -24.63  -29.56
准永久组合+M(kN.m)    0.00    0.00    0.00    0.00    0.00    0.00    0.00    0.00    0.00
准永久组合-M(kN.m)    0.00   -1.91   -4.03   -6.35   -8.92  -12.23  -15.77  -19.53  -23.52
-As(mm2)                0.    156.    156.    156.    170.    235.    306.    384.    469.
+As(mm2)              156.      0.      0.      0.      0.      0.      0.      0.      0.
基本组合Q(kN)       -13.22  -14.05  -15.39  -17.69  -20.68  -23.67  -25.97  -27.58  -28.50
Asv(mm2)               28.     28.     28.     28.     28.     28.     28.     28.     28.
标准恒载M(kN.m)       0.00   -1.51   -3.22   -5.14   -7.26  -10.01  -12.97  -16.13  -19.49
标准恒载Q(kN)        -6.45   -7.07   -8.05   -9.41  -11.14  -12.87  -14.23  -15.21  -15.82
  
梁编号  59
B*H(mm)=260*300   L(mm)= 3730
                    -I-     -1-     -2-     -3-     -4-     -5-     -6-     -7-     -J-
基本组合+M(kN.m)     0.00    0.00    0.00    0.00    0.00    0.00    0.84    4.77    8.13
基本组合-M(kN.m)   -34.76  -27.39  -20.60  -14.38   -8.74   -3.66    0.00    0.00    0.00
标准组合+M(kN.m)     0.00    0.00    0.00    0.00    0.00    0.00    0.63    3.97    6.90
标准组合-M(kN.m)   -28.39  -22.49  -17.02  -11.98   -7.35   -3.15    0.00    0.00    0.00
准永久组合+M(kN.m)    0.00    0.00    0.00    0.00    0.00    0.00    0.63    3.01    4.97
准永久组合-M(kN.m)  -22.60  -17.67  -13.17   -9.08   -5.42   -2.19    0.00    0.00    0.00
-As(mm2)              448.    347.    257.    177.    156.    156.      0.      0.      0.
+As(mm2)                0.      0.      0.      0.      0.      0.    156.    156.    156.
基本组合Q(kN)        16.41   15.18   13.95   12.72   11.50   10.27    9.04    7.82    6.59
Asv(mm2)               28.     28.     28.     28.     28.     28.     28.     28.     28.
标准恒载M(kN.m)     -18.75  -14.46  -10.60   -7.15   -4.14   -1.54    0.62    2.37    3.69
标准恒载Q(kN)         9.65    8.74    7.83    6.93    6.02    5.11    4.20    3.29    2.38
  
梁编号  60
B*H(mm)=260*300   L(mm)= 1500
                    -I-     -1-     -2-     -3-     -4-     -5-     -6-     -7-     -J-
基本组合+M(kN.m)     0.00    0.00    0.00    0.00    0.00    0.00    0.00    0.03    0.02
基本组合-M(kN.m)    -3.66   -2.88   -2.19   -1.59   -1.08   -0.67   -0.35   -0.12    0.00
标准组合+M(kN.m)     0.00    0.00    0.00    0.00    0.00    0.00    0.00    0.04    0.01
标准组合-M(kN.m)    -2.97   -2.36   -1.81   -1.34   -0.93   -0.59   -0.32   -0.12    0.00
准永久组合+M(kN.m)    0.00    0.00    0.00    0.00    0.00    0.00    0.00    0.01    0.01
准永久组合-M(kN.m)   -2.40   -1.86   -1.39   -0.99   -0.65   -0.38   -0.18   -0.05    0.00
-As(mm2)              156.    156.    156.    156.    156.    156.    156.    156.      0.
+As(mm2)                0.      0.      0.      0.      0.      0.      0.    156.    156.
基本组合Q(kN)         4.42    3.93    3.44    2.94    2.45    1.96    1.46    0.97    0.48
Asv(mm2)               28.     28.     28.     28.     28.     28.     28.     28.     28.
标准恒载M(kN.m)      -2.03   -1.53   -1.11   -0.75   -0.46   -0.24   -0.09   -0.01    0.01
标准恒载Q(kN)         2.82    2.45    2.09    1.72    1.36    0.99    0.63    0.26   -0.11
  
梁编号  61
B*H(mm)=260*300   L(mm)= 3730
                    -I-     -1-     -2-     -3-     -4-     -5-     -6-     -7-     -J-
基本组合+M(kN.m)     0.00    0.00    0.48    1.81    2.57    2.76    2.38    1.42    0.00
基本组合-M(kN.m)    -3.94   -1.46    0.00    0.00    0.00    0.00    0.00    0.00   -0.11
标准组合+M(kN.m)     0.00    0.00    0.36    1.35    1.91    2.05    1.76    1.05    0.00
标准组合-M(kN.m)    -2.92   -1.08    0.00    0.00    0.00    0.00    0.00    0.00   -0.08
准永久组合+M(kN.m)    0.00    0.00    0.34    1.33    1.90    2.04    1.76    1.05    0.00
准永久组合-M(kN.m)   -2.92   -1.08    0.00    0.00    0.00    0.00    0.00    0.00   -0.08
-As(mm2)              156.    156.      0.      0.      0.      0.      0.      0.    156.
+As(mm2)                0.      0.    156.    156.    156.    156.    156.    156.      0.
基本组合Q(kN)         5.94    4.71    3.48    2.26    1.03   -0.21   -1.44   -2.66   -3.89
Asv(mm2)               28.     28.     28.     28.     28.     28.     28.     28.     28.
标准恒载M(kN.m)      -2.92   -1.08    0.33    1.32    1.89    2.03    1.75    1.05   -0.08
标准恒载Q(kN)         4.40    3.49    2.58    1.67    0.76   -0.15   -1.06   -1.97   -2.87
  
梁编号  62
B*H(mm)=260*300   L(mm)= 2230
                    -I-     -1-     -2-     -3-     -4-     -5-     -6-     -7-     -J-
基本组合+M(kN.m)     8.02    7.28    6.32    5.17    3.80    2.24    0.47    0.00    0.00
基本组合-M(kN.m)     0.00    0.00    0.00    0.00    0.00    0.00    0.00   -1.51   -3.69
标准组合+M(kN.m)     6.81    6.12    5.27    4.27    3.12    1.82    0.37    0.00    0.00
标准组合-M(kN.m)     0.00    0.00    0.00    0.00    0.00    0.00    0.00   -1.24   -2.99
准永久组合+M(kN.m)    4.91    4.52    3.99    3.30    2.46    1.46    0.32    0.00    0.00
准永久组合-M(kN.m)    0.00    0.00    0.00    0.00    0.00    0.00    0.00   -0.97   -2.42
-As(mm2)                0.      0.      0.      0.      0.      0.      0.    156.    156.
+As(mm2)              156.    156.    156.    156.    156.    156.    156.      0.      0.
基本组合Q(kN)        -2.32   -3.05   -3.79   -4.52   -5.25   -5.99   -6.72   -7.45   -8.19
Asv(mm2)               28.     28.     28.     28.     28.     28.     28.     28.     28.
标准恒载M(kN.m)       3.64    3.46    3.13    2.65    2.01    1.23    0.29   -0.80   -2.04
标准恒载Q(kN)        -0.37   -0.92   -1.46   -2.00   -2.55   -3.09   -3.63   -4.18   -4.72
  
梁编号  63
B*H(mm)=260*300   L(mm)= 3960
                    -I-     -1-     -2-     -3-     -4-     -5-     -6-     -7-     -J-
基本组合+M(kN.m)     0.00   12.75   25.09   34.59   40.16   34.74   25.39   13.20    0.00
基本组合-M(kN.m)    -2.43    0.00    0.00    0.00    0.00    0.00    0.00    0.00   -1.83
标准组合+M(kN.m)     0.00   10.27   20.22   27.90   32.43   28.02   20.46   10.63    0.00
标准组合-M(kN.m)    -1.96    0.00    0.00    0.00    0.00    0.00    0.00    0.00   -1.48
准永久组合+M(kN.m)    0.00    8.47   16.64   22.91   26.56   23.00   16.84    8.77    0.00
准永久组合-M(kN.m)   -1.61    0.00    0.00    0.00    0.00    0.00    0.00    0.00   -1.21
-As(mm2)              156.      0.      0.      0.      0.      0.      0.      0.    156.
+As(mm2)                0.    156.    316.    446.    526.    448.    320.    162.      0.
基本组合Q(kN)        33.54   30.47   23.87   13.73    0.15  -13.43  -23.56  -30.17  -33.24
Asv(mm2)               28.     28.     28.     28.     28.     28.     28.     28.     28.
标准恒载M(kN.m)      -1.37    7.27   14.25   19.57   22.65   19.66   14.42    7.53   -1.04
标准恒载Q(kN)        19.15   17.23   13.40    7.67    0.09   -7.50  -13.23  -17.06  -18.97
