
     **********************************************************************
     *  Output of Combined Force of COLUMN, WALL and BRACE on 1st Floor   *
     * Special Wind, Transverse/Torsional Wind Vibration are unconsidered *
     *            (All the Forces here are the Design Values)             *
     *                             WDCNL.OUT                              *
     *  ----------------------------------------------------------------  *
     *          Symbols:                                                  *
     *  Rlive --- Reduction factor of live loads                          *
     *  N-C,N-WC,N-G --- Element number of COLUMN, SHEAR WALL and BRACE   *
     *  Load Case --- Combination number controled objective Combined     *
     *  NODE No--- Nodal Number of COLUMN  and BRACE                      *
     *  Shear-X,Shear-Y --- Shear force in X,Y direction(kN)              *
     *  Axial --- Axial force(kN)                                         *
     *  Moment-X,Moment-Y --- Moment in X,Y direction(kN-m)               *
     *  Vxmax,Vymax --- Combination of maximum shear in X,Y direction(kN) *
     *  Nmin --- Combination of absolute minimum axial force(kN)          *
     *  Nmax --- Combination of absolute maximum axial force(kN)          *
     *  Mxmax --- Combination of maximum moment in X direction(kN-m)      *
     *  Mymax --- Combination of maximum moment in Y direction(kN-m)      *
     *  D+L --- Combination of 1.2*(dead load)+1.4*(live load)            *
     *  NE --- Combination mark of seismic force (1-Yes, 0-No)            *
     *  J1,J2 --- Nodal number of WALL-COLUMN at the left and ritht end   *
     *  Shear,Axial,Moment --- Shear, axial and moment of each WALL_COLUMN*
     *  Xod,Yod --- Center coordinates of Combination Force (Mx,My=0)     *
     *  Sum of Axial --- sum of vertical forces(kN)                       *
     **********************************************************************

     Total-Columns =   14   Total-Wall-Columns =   22   Total-Brace =    0

         Rlive     =    0.85

     N-C    NODE                                                       Critical
  (LoadCase) No    Shear-X   Shear-Y    Axial   Moment-X   Moment-Y NE Condition
 ------------------------------------------------------------------------------
     1( 1)  294       1.9       0.0     -69.9      -0.1       1.0    0   Vxmax
     1(31)  294       1.9       0.1     -68.7      -0.2       1.0    1   Vymax
     1(32)  294       0.7       0.1     -29.2      -0.1       0.2    1   Nmin 
     1( 1)  294       1.9       0.0     -69.9      -0.1       1.0    0   Nmax 
     1(15)  294       1.7       0.1     -63.4      -0.2       0.9    0   Mxmax
     1(29)  294       2.3       0.0     -83.4       0.0       1.4    1   Mymax
     1( 1)  294       1.7       0.0     -63.5      -0.1       0.9    0    D+L 
 ------------------------------------------------------------------------------
     2(15)  308      -1.4       1.8     -58.5      -1.1      -0.8    0   Vxmax
     2(15)  308      -1.4       1.8     -58.5      -1.1      -0.8    0   Vymax
     2(33)  308      -0.7       1.1     -31.3      -0.7      -0.2    1   Nmin 
     2(15)  308      -1.4       1.8     -58.5      -1.1      -0.8    0   Nmax 
     2(15)  308      -1.4       1.8     -58.5      -1.1      -0.8    0   Mxmax
     2(28)  308      -1.7       1.6     -62.3      -0.9      -1.1    1   Mymax
     2( 1)  308      -1.3       1.5     -51.8      -0.9      -0.7    0    D+L 
 ------------------------------------------------------------------------------
     3(15)  191       3.3       4.0    -112.4      -2.1       1.7    0   Vxmax
     3(15)  191       3.3       4.0    -112.4      -2.1       1.7    0   Vymax
     3(34)  191       2.2       1.4     -54.0      -0.5       1.2    1   Nmin 
     3(15)  191       3.3       4.0    -112.4      -2.1       1.7    0   Nmax 
     3(15)  191       3.3       4.0    -112.4      -2.1       1.7    0   Mxmax
     3( 1)  191       3.4       3.6    -110.0      -1.8       1.9    0   Mymax
     3( 1)  191       3.2       3.4    -103.3      -1.7       1.8    0    D+L 
 ------------------------------------------------------------------------------
     4(29)  224       1.7       3.1     -83.0      -1.5       0.9    1   Vxmax
     4(15)  224       1.4       3.8     -93.2      -1.9       0.6    0   Vymax
     4(34)  224       1.0       1.8     -53.7      -0.7       0.4    1   Nmin 
     4(11)  224       1.4       3.8     -94.0      -1.8       0.6    0   Nmax 
     4(15)  224       1.4       3.8     -93.2      -1.9       0.6    0   Mxmax
     4(29)  224       1.7       3.1     -83.0      -1.5       0.9    1   Mymax
     4( 1)  224       1.4       3.4     -88.8      -1.6       0.6    0    D+L 
 ------------------------------------------------------------------------------
     5( 1)  242       2.7       3.6    -105.9      -1.8       1.4    0   Vxmax
     5(15)  242       2.5       3.7    -103.8      -1.9       1.3    0   Vymax
     5(34)  242       1.8       1.9     -63.2      -0.8       1.0    1   Nmin 
     5( 1)  242       2.7       3.6    -105.9      -1.8       1.4    0   Nmax 
     5(15)  242       2.5       3.7    -103.8      -1.9       1.3    0   Mxmax
     5( 1)  242       2.7       3.6    -105.9      -1.8       1.4    0   Mymax
     5( 1)  242       2.6       3.4    -100.2      -1.7       1.3    0    D+L 
 ------------------------------------------------------------------------------
     6( 1)  276       1.3       3.4     -88.9      -1.6       0.5    0   Vxmax
     6(15)  276       1.2       3.5     -86.4      -1.7       0.5    0   Vymax
     6(34)  276       0.9       1.9     -56.2      -0.9       0.3    1   Nmin 
     6( 1)  276       1.3       3.4     -88.9      -1.6       0.5    0   Nmax 
     6(15)  276       1.2       3.5     -86.4      -1.7       0.5    0   Mxmax
     6(29)  276       1.6       2.9     -78.2      -1.4       0.8    1   Mymax
     6( 1)  276       1.2       3.2     -83.6      -1.5       0.5    0    D+L 
 ------------------------------------------------------------------------------
     7(28)  295      -1.3       3.1     -81.8      -1.5      -1.1    1   Vxmax
     7(15)  295      -1.0       3.7     -86.6      -1.8      -0.7    0   Vymax
     7(34)  295      -0.7       2.0     -51.3      -0.9      -0.5    1   Nmin 
     7(15)  295      -1.0       3.7     -86.6      -1.8      -0.7    0   Nmax 
     7(15)  295      -1.0       3.7     -86.6      -1.8      -0.7    0   Mxmax
     7(28)  295      -1.3       3.1     -81.8      -1.5      -1.1    1   Mymax
     7( 1)  295      -1.0       3.3     -79.8      -1.6      -0.7    0    D+L 
 ------------------------------------------------------------------------------
     8(14)  197       1.7      -4.1     -97.4       2.0       1.0    0   Vxmax
     8(14)  197       1.7      -4.1     -97.4       2.0       1.0    0   Vymax
     8(35)  197       1.2      -1.1     -39.7       0.3       0.8    1   Nmin 
     8(14)  197       1.7      -4.1     -97.4       2.0       1.0    0   Nmax 
     8(14)  197       1.7      -4.1     -97.4       2.0       1.0    0   Mxmax
     8( 1)  197       1.8      -3.6     -92.2       1.7       1.1    0   Mymax
     8( 1)  197       1.7      -3.3     -85.8       1.5       1.1    0    D+L 
 ------------------------------------------------------------------------------
     9(28)  230      -0.6      -2.6     -77.9       1.3      -0.4    1   Vxmax
     9(14)  230      -0.4      -3.2     -89.5       1.7      -0.1    0   Vymax
     9(35)  230      -0.3      -1.4     -50.2       0.6      -0.1    1   Nmin 
     9( 1)  230      -0.4      -3.1     -89.8       1.5      -0.2    0   Nmax 
     9(14)  230      -0.4      -3.2     -89.5       1.7      -0.1    0   Mxmax
     9(28)  230      -0.6      -2.6     -77.9       1.3      -0.4    1   Mymax
     9( 1)  230      -0.4      -2.9     -84.5       1.4      -0.1    0    D+L 
 ------------------------------------------------------------------------------
    10( 1)  248      -1.4      -3.2     -90.1       1.6      -0.6    0   Vxmax
    10(14)  248      -1.4      -3.3     -89.3       1.7      -0.6    0   Vymax
    10(35)  248      -0.9      -1.7     -52.3       0.7      -0.3    1   Nmin 
    10( 1)  248      -1.4      -3.2     -90.1       1.6      -0.6    0   Nmax 
    10(14)  248      -1.4      -3.3     -89.3       1.7      -0.6    0   Mxmax
    10(28)  248      -1.4      -2.7     -78.0       1.3      -0.8    1   Mymax
    10( 1)  248      -1.4      -3.0     -84.8       1.5      -0.5    0    D+L 
 ------------------------------------------------------------------------------
    11( 1)  282      -2.5      -1.1     -80.2       0.6      -1.3    0   Vxmax
    11(14)  282      -2.3      -1.3     -74.5       0.8      -1.2    0   Vymax
    11(33)  282      -1.6      -0.7     -53.6       0.4      -0.7    1   Nmin 
    11( 1)  282      -2.5      -1.1     -80.2       0.6      -1.3    0   Nmax 
    11(14)  282      -2.3      -1.3     -74.5       0.8      -1.2    0   Mxmax
    11( 1)  282      -2.5      -1.1     -80.2       0.6      -1.3    0   Mymax
    11( 1)  282      -2.4      -1.0     -74.9       0.6      -1.2    0    D+L 
 ------------------------------------------------------------------------------
    12( 1)  284       2.3      -3.5     -87.9       1.8       1.2    0   Vxmax
    12(14)  284       2.1      -3.5     -87.0       1.9       1.1    0   Vymax
    12(35)  284       1.5      -2.0     -53.9       0.9       0.8    1   Nmin 
    12( 1)  284       2.3      -3.5     -87.9       1.8       1.2    0   Nmax 
    12(14)  284       2.1      -3.5     -87.0       1.9       1.1    0   Mxmax
    12( 1)  284       2.3      -3.5     -87.9       1.8       1.2    0   Mymax
    12( 1)  284       2.1      -3.2     -81.5       1.6       1.1    0    D+L 
 ------------------------------------------------------------------------------
    13(28)  303      -0.5      -1.9     -50.0       1.0      -0.3    1   Vxmax
    13(14)  303      -0.1      -2.3     -59.1       1.3       0.0    0   Vymax
    13(35)  303       0.1      -1.3     -37.1       0.6       0.1    1   Nmin 
    13( 1)  303       0.0      -2.2     -59.8       1.2       0.0    0   Nmax 
    13(14)  303      -0.1      -2.3     -59.1       1.3       0.0    0   Mxmax
    13(28)  303      -0.5      -1.9     -50.0       1.0      -0.3    1   Mymax
    13( 1)  303       0.0      -2.1     -54.4       1.1       0.0    0    D+L 
 ------------------------------------------------------------------------------
    14(28)  317      -2.2      -1.5     -65.0       0.9      -1.4    1   Vxmax
    14(14)  317      -1.8      -1.7     -58.7       1.0      -1.0    0   Vymax
    14(33)  317      -0.7      -1.1     -27.8       0.6      -0.3    1   Nmin 
    14(14)  317      -1.8      -1.7     -58.7       1.0      -1.0    0   Nmax 
    14( 6)  317      -1.7      -1.7     -58.4       1.0      -1.0    0   Mxmax
    14(28)  317      -2.2      -1.5     -65.0       0.9      -1.4    1   Mymax
    14( 1)  317      -1.6      -1.4     -50.9       0.8      -0.9    0    D+L 
 ------------------------------------------------------------------------------

     N-WC     NODE No                                      Critical
  (LoadCase)  J1   J2     Shear     Axial    Moment   NE   Condition
 --------------------------------------------------------------------
     1(31)  191   197      98.6    -661.4     273.7    1    Vmax 
     1(32)  191   197       4.2    -498.9      43.7    1    Nmin 
     1( 1)  191   197       3.6    -768.8      69.6    0    Nmax 
     1(31)  191   197      98.6    -661.4     273.7    1    Mmax 
     1( 1)  191   197       3.6    -716.7      68.2    0     D+L 
 --------------------------------------------------------------------
     2( 7)  295   303      37.4    -698.5     141.7    0    Vmax 
     2(34)  295   303     -40.3    -589.4     -63.0    1    Nmin 
     2( 1)  295   303      -0.1    -828.1      69.9    0    Nmax 
     2(15)  295   303      36.8    -749.1     159.7    0    Mmax 
     2( 1)  295   303      -0.4    -763.3      71.9    0     D+L 
 --------------------------------------------------------------------
     3( 9)  191   199      28.5    -129.0      11.3    0    Vmax 
     3(34)  191   199      24.0     -70.2       8.8    1    Nmin 
     3(15)  191   199      23.6    -137.4      10.2    0    Nmax 
     3( 1)  191   199      28.4    -136.5      11.4    0    Mmax 
     3( 1)  191   199      27.1    -128.3      10.8    0     D+L 
 --------------------------------------------------------------------
     4(28)  203   217     -51.6    -754.1    -106.4    1    Vmax 
     4(34)  203   217       6.5    -585.2      10.0    1    Nmin 
     4( 1)  203   217      -6.2    -875.5      -2.6    0    Nmax 
     4(28)  203   217     -51.6    -754.1    -106.4    1    Mmax 
     4( 1)  203   217      -5.4    -831.5      -2.9    0     D+L 
 --------------------------------------------------------------------
     5(28)  221   237     -35.5    -446.6     -59.0    1    Vmax 
     5(34)  221   237       2.3    -301.0      -2.7    1    Nmin 
     5( 1)  221   237      -5.7    -501.1       3.5    0    Nmax 
     5(29)  221   237      25.7    -415.2      64.8    1    Mmax 
     5( 1)  221   237      -5.5    -473.8       3.5    0     D+L 
 --------------------------------------------------------------------
     6( 9)  240   250      25.4    -195.7      10.2    0    Vmax 
     6(34)  240   250      20.5    -126.1       8.0    1    Nmin 
     6( 1)  240   250      24.9    -206.5       9.9    0    Nmax 
     6(29)  240   250      31.7    -176.5      15.6    1    Mmax 
     6( 1)  240   250      23.7    -195.6       9.4    0     D+L 
 --------------------------------------------------------------------
     7(28)  254   269     -63.3    -778.1     -93.1    1    Vmax 
     7(34)  254   269      -2.8    -615.0      20.9    1    Nmin 
     7( 1)  254   269     -17.9    -895.0      10.4    0    Nmax 
     7(29)  254   269      32.5    -756.2     110.9    1    Mmax 
     7( 1)  254   269     -16.9    -851.1      10.0    0     D+L 
 --------------------------------------------------------------------
     8(28)  273   290     -40.9    -442.9     -61.8    1    Vmax 
     8(34)  273   290      -2.5    -317.1      -5.7    1    Nmin 
     8( 1)  273   290     -11.9    -488.9       4.7    0    Nmax 
     8(29)  273   290      21.0    -400.6      69.6    1    Mmax 
     8( 1)  273   290     -11.6    -459.7       4.7    0     D+L 
 --------------------------------------------------------------------
     9(28)  293   295      -3.3     -36.5      -2.5    1    Vmax 
     9(34)  293   295      -1.7     -26.9      -1.2    1    Nmin 
     9(15)  293   295      -1.2     -46.4      -1.2    0    Nmax 
     9(28)  293   295      -3.3     -36.5      -2.5    1    Mmax 
     9( 1)  293   295      -1.6     -42.4      -1.3    0     D+L 
 --------------------------------------------------------------------
    10(29)  197   200      11.9     -80.3       9.6    1    Vmax 
    10(35)  197   200       9.7     -38.2       6.0    1    Nmin 
    10(14)  197   200       4.9    -101.3       4.8    0    Nmax 
    10(29)  197   200      11.9     -80.3       9.6    1    Mmax 
    10( 1)  197   200       7.7     -88.2       5.9    0     D+L 
 --------------------------------------------------------------------
    11(29)  204   218      72.4    -757.3     106.6    1    Vmax 
    11(35)  204   218      29.0    -577.2      20.8    1    Nmin 
    11( 1)  204   218      30.2    -855.8       3.7    0    Nmax 
    11(29)  204   218      72.4    -757.3     106.6    1    Mmax 
    11( 1)  204   218      28.8    -810.8       4.1    0     D+L 
 --------------------------------------------------------------------
    12(28)  222   232     -30.4    -292.1     -14.2    1    Vmax 
    12(35)  222   232      -5.1    -198.0       5.2    1    Nmin 
    12( 1)  222   232     -11.7    -333.8       4.1    0    Nmax 
    12(29)  222   232      10.4    -283.2      21.2    1    Mmax 
    12( 1)  222   232     -11.1    -314.4       3.9    0     D+L 
 --------------------------------------------------------------------
    13(28)  238   251     -29.0    -266.7     -23.5    1    Vmax 
    13(35)  238   251      -4.7    -186.2       2.4    1    Nmin 
    13( 1)  238   251     -13.1    -308.6      -3.2    0    Nmax 
    13(28)  238   251     -29.0    -266.7     -23.5    1    Mmax 
    13( 1)  238   251     -12.2    -290.5      -2.9    0     D+L 
 --------------------------------------------------------------------
    14(29)  255   270      55.8    -728.5     119.0    1    Vmax 
    14(35)  255   270      16.1    -582.4      29.6    1    Nmin 
    14( 1)  255   270       9.7    -832.8      19.5    0    Nmax 
    14(29)  255   270      55.8    -728.5     119.0    1    Mmax 
    14( 1)  255   270       9.0    -788.9      19.6    0     D+L 
 --------------------------------------------------------------------
    15( 8)  274   282     -23.4    -114.6      -8.7    0    Vmax 
    15(32)  274   282     -25.3     -83.9     -10.0    1    Nmin 
    15( 1)  274   282     -23.2    -122.7      -8.8    0    Nmax 
    15(28)  274   282     -28.6    -101.6     -11.3    1    Mmax 
    15( 1)  274   282     -22.1    -114.8      -8.3    0     D+L 
 --------------------------------------------------------------------
    16(29)  284   286      22.6    -124.5      16.5    1    Vmax 
    16(35)  284   286      12.6     -92.7       9.6    1    Nmin 
    16( 1)  284   286      12.0    -149.8      10.9    0    Nmax 
    16(29)  284   286      22.6    -124.5      16.5    1    Mmax 
    16( 1)  284   286      10.7    -138.7      10.0    0     D+L 
 --------------------------------------------------------------------
    17(28)  291   317     -70.2    -375.0     -45.4    1    Vmax 
    17(35)  291   317      -3.7    -267.4      49.7    1    Nmin 
    17( 1)  291   317     -24.7    -423.3      46.5    0    Nmax 
    17(29)  291   317      27.7    -370.2     124.1    1    Mmax 
    17( 1)  291   317     -23.2    -383.3      45.4    0     D+L 
 --------------------------------------------------------------------
    18(31)  308   317      58.0    -667.8     165.8    1    Vmax 
    18(33)  308   317      -1.1    -485.3      33.8    1    Nmin 
    18( 1)  308   317       3.7    -761.1      12.5    0    Nmax 
    18(15)  308   317      44.8    -673.0     144.8    0    Mmax 
    18( 1)  308   317       3.8    -679.4      14.5    0     D+L 
 --------------------------------------------------------------------
    19(28)  294   308     -30.9    -213.8     -46.6    1    Vmax 
    19(34)  294   308     -10.6    -168.2      13.0    1    Nmin 
    19( 1)  294   308      -3.3    -259.7       1.3    0    Nmax 
    19(29)  294   308      25.5    -244.1      48.6    1    Mmax 
    19( 1)  294   308      -3.5    -234.6       1.5    0     D+L 
 --------------------------------------------------------------------
    20(31)  224   230      77.4    -747.5     149.7    1    Vmax 
    20(35)  224   230      76.3    -622.3     147.9    1    Nmin 
    20( 1)  224   230       7.6    -872.9      13.9    0    Nmax 
    20(31)  224   230      77.4    -747.5     149.7    1    Mmax 
    20( 1)  224   230       7.3    -823.1      14.9    0     D+L 
 --------------------------------------------------------------------
    21(31)  242   248      58.8    -783.0     170.5    1    Vmax 
    21(32)  242   248       3.2    -641.3      24.3    1    Nmin 
    21( 1)  242   248       0.5    -908.1      54.8    0    Nmax 
    21(31)  242   248      58.8    -783.0     170.5    1    Mmax 
    21( 1)  242   248       0.4    -856.7      54.1    0     D+L 
 --------------------------------------------------------------------
    22(14)  276   284     -54.1    -927.4     -29.8    0    Vmax 
    22(33)  276   284      -6.1    -738.2      55.7    1    Nmin 
    22( 1)  276   284     -10.9   -1030.2      72.9    0    Nmax 
    22(15)  276   284      34.4    -924.6     163.4    0    Mmax 
    22( 1)  276   284     -10.7    -965.6      74.7    0     D+L 
 --------------------------------------------------------------------

  The coordinates of Combined force (Mx=0 and My=0)

           Xod          Yod         Sum of Axial     Load Case

         13.689        3.029         -12194.4          Vxmax
         13.800        3.055         -11386.3          Vymax
         13.876        3.035          -8464.6          Nmin 
         13.732        3.032         -12887.9          Nmax 
         13.864        3.001         -11330.3          Mxmax
         13.732        3.026         -11924.4          Mymax
         13.653        3.024         -12039.4           D+L 
