 shear and bending moment of columns
    JE       Vx         Vy         Mx         My
     1       0.09       0.04     -70.99       1.30
     2       0.06       0.20      40.72       8.97
     3       0.05       0.51       0.05       0.34
     4       0.09       0.40      -1.78       0.25
     5       0.03       0.33      -8.53       0.22
     6       0.08       0.31      -2.48       0.19
     7       0.06       0.37      27.42       0.21
     8       0.06       0.61       0.07      63.01
     9       0.03       0.34       0.06      37.21
    10       0.03       0.32       1.13      35.26
    11       0.03       0.21      14.17      10.85
    12       0.04       0.31     -21.87      43.80
    13       0.06       0.23      -2.34      30.32
    14       0.10       0.21      54.01      42.90
 shear and bending moment of walls
    JE       Vx         Vy         Mx         My
     1       0.27      39.97       0.41      89.74
     2       0.32      26.39      57.49      48.50
     3       1.56       0.58       0.21       0.48
     4       7.58       0.43      15.23       0.43
     5       5.12       1.04      25.93       0.32
     6       1.93       0.59      -0.54       0.25
     7       7.99       0.32      44.00       0.31
     8       5.10       0.81      68.93       0.24
     9       0.32       0.22     -11.43      -0.15
    10       0.87       0.50       0.76      68.73
    11       7.62       0.44      -3.26     104.05
    12       3.85       0.99       4.64     108.33
    13       3.21       0.81       6.95      99.92
    14       7.77       0.32     -18.61      51.93
    15       1.64       0.28      -4.97      13.28
    16       2.17       0.40       7.79      68.51
    17       7.65       0.99      47.38     196.42
    18       0.34      29.59     269.40     103.25
    19       4.27       0.40     -45.48      19.04
    20       0.25      34.30      -1.55      64.15
    21       0.22      30.99     -14.23      59.50
    22       0.35      31.62      21.30      72.68

   *Shear Force and Bending Moment of Wind Load(Column & Wall)
         Vcx =       0.8   Vwx =      70.4   Vcx+Vwx =      71.2
         Vcy =       4.4   Vwy =     202.0   Vcy+Vwy =     206.4
         Mcx =      29.6   Mwx =     470.3   Mcx+Mwx =     500.0
         Mcy =     274.8   Mwy =    1169.9   Mcy+Mwy =    1444.8

   **Shear Force of Wind & Seismic(Total)
         Vxw=      71.2   Vyw=     444.7
         Vxe=     328.8   Vye=     261.9
