
  ///////////////////////////////////////////////////////////////////////////
  | 公司名称:                                                               |
  |                                                                         |
  |                         SATWE 0.2V0调整信息输出                         |
  |                          SATWE2010_V2.2 中文版                          |
  |                         (2014年9月23日9时52分)                          |
  |                            文件名: WV02Q.OUT                            |
  |                                                                         |
  |工程名称 :                     设计人 :              计算日期:2017/05/25 |
  |工程代号 :                     校核人 :              计算时间:10:42:02   |
  ///////////////////////////////////////////////////////////////////////////

   **********************************************************************
               各层各塔的规定水平力
   **********************************************************************

      层号 塔号            X向(KN)            Y向(KN)

       3    1               162.8               133.3
       2    1               108.8                84.4
       1    1                57.1                44.2

   **********************************************************************
               规定水平力框架柱及短肢墙地震倾覆力矩(抗规)
   **********************************************************************

      层号 塔号               框架柱            短肢墙                墙              斜撑

       3    1    X               0.0               0.0            1625.3               0.0
                 Y               0.0               0.0            1323.0               0.0
       2    1    X               0.0               0.0            4331.3               0.0
                 Y               0.0               0.0            3477.4               0.0
       1    1    X               0.0               0.0            7553.1               0.0
                 Y               0.0               0.0            6018.7               0.0

   **********************************************************************
               规定水平力框架柱及短肢墙地震倾覆力矩百分比(抗规)
   **********************************************************************

      层号 塔号               框架柱            短肢墙                墙              斜撑

       3    1    X             0.00%             0.00%           100.00%             0.00%
                 Y             0.00%             0.00%           100.00%             0.00%
       2    1    X             0.00%             0.00%           100.00%             0.00%
                 Y             0.00%             0.00%           100.00%             0.00%
       1    1    X             0.00%             0.00%           100.00%             0.00%
                 Y             0.00%             0.00%           100.00%             0.00%

   **********************************************************************
               规定水平力框架柱及短肢墙地震倾覆力矩(轴力方式)
   **********************************************************************

      层号 塔号               合力点            框架柱            短肢墙                墙              斜撑

       3    1    X             14.28               0.0               0.0            1610.6               0.0
                 Y              3.03               0.0               0.0            1340.9               0.0
       2    1    X             15.14               0.0               0.0            4346.4               0.0
                 Y              3.10               0.0               0.0            3546.9               0.0
       1    1    X             15.82               0.0               0.0            7704.9               0.0
                 Y              3.13               0.0               0.0            6200.1               0.0

   **********************************************************************
               规定水平力框架柱及短肢墙地震倾覆力矩百分比(轴力方式)
   **********************************************************************

      层号 塔号               框架柱            短肢墙                墙              斜撑

       3    1    X             0.00%             0.00%           100.00%             0.00%
                 Y             0.00%             0.00%           100.00%             0.00%
       2    1    X             0.00%             0.00%           100.00%             0.00%
                 Y             0.00%             0.00%           100.00%             0.00%
       1    1    X             0.00%             0.00%           100.00%             0.00%
                 Y             0.00%             0.00%           100.00%             0.00%

   **********************************************************************
               内力CQC的框架柱及短肢墙地震倾覆力矩
   **********************************************************************

      层号 塔号               框架柱            短肢墙                墙              斜撑

       3    1    X               0.0               0.0             550.2               0.0
                 Y               0.0               0.0             509.2               0.0
       2    1    X               0.0               0.0            1452.7               0.0
                 Y               0.0               0.0            1342.4               0.0
       1    1    X               0.0               0.0            2538.5               0.0
                 Y               0.0               0.0            2346.5               0.0

   **********************************************************************
               内力CQC的框架柱及短肢墙地震倾覆力矩百分比
   **********************************************************************

      层号 塔号               框架柱            短肢墙                墙              斜撑

       3    1    X             0.00%             0.00%           100.00%             0.00%
                 Y             0.00%             0.00%           100.00%             0.00%
       2    1    X             0.00%             0.00%           100.00%             0.00%
                 Y             0.00%             0.00%           100.00%             0.00%
       1    1    X             0.00%             0.00%           100.00%             0.00%
                 Y             0.00%             0.00%           100.00%             0.00%
