 ====================================================
       1 层楼面主梁计算结果文件
 ====================================================
砼等级： 25;   纵筋:HRB(F)335         ;  箍筋:HPB300            间距=100mm
梁总数：  63
荷载基本组合：      永久荷载控制1.35D+1.4ΨcL
活荷载组合值系数Ψc:      0.70
活荷载准永久值系数Ψq:    0.40
弯矩调幅系数:    1.00
  
梁编号   1
B*H(mm)=260*300   L(mm)= 5960
                    -I-     -1-     -2-     -3-     -4-     -5-     -6-     -7-     -J-
基本组合+M(kN.m)     0.00    0.00    0.00    1.19    2.29    1.94    0.14    0.00    0.00
基本组合-M(kN.m)   -17.74  -12.08   -7.93   -5.23   -4.03   -4.29   -6.02   -9.21  -13.93
标准组合+M(kN.m)     0.00    0.00    0.00    1.45    2.25    1.99    0.64    0.00    0.00
标准组合-M(kN.m)   -14.45  -10.22   -7.12   -5.10   -4.19   -4.37   -5.64   -7.99  -11.50
准永久组合+M(kN.m)    0.00    0.00    0.00    0.20    1.03    0.79    0.00    0.00    0.00
准永久组合-M(kN.m)  -11.59   -7.44   -4.39   -2.42   -1.54   -1.76   -3.05   -5.43   -8.92
-As(mm2)              220.    156.    156.    156.    156.    156.    156.    156.    171.
+As(mm2)                0.      0.      0.    156.    156.    156.    156.      0.      0.
基本组合Q(kN)         9.14    7.18    5.22    3.26    1.30   -2.12   -4.08   -6.04   -8.00
Asv(mm2)               28.     28.     28.     28.     28.     28.     28.     28.     28.
标准恒载M(kN.m)      -9.68   -5.58   -2.57   -0.63    0.22   -0.01   -1.33   -3.72   -7.20
标准恒载Q(kN)         6.23    4.77    3.32    1.87    0.42   -1.04   -2.49   -3.94   -5.40
  
梁编号   2
B*H(mm)=260*300   L(mm)= 3730
                    -I-     -1-     -2-     -3-     -4-     -5-     -6-     -7-     -J-
基本组合+M(kN.m)     0.00    0.00    0.64    1.31    1.40    0.92    0.00    0.00    0.00
基本组合-M(kN.m)    -2.55   -0.72    0.00    0.00    0.00    0.00   -0.13   -1.75   -3.94
标准组合+M(kN.m)     0.00    0.00    0.47    0.97    1.04    0.68    0.00    0.00    0.00
标准组合-M(kN.m)    -1.93   -0.57    0.00    0.00    0.00    0.00   -0.10   -1.30   -2.92
准永久组合+M(kN.m)    0.00    0.00    0.47    0.97    1.04    0.68    0.00    0.00    0.00
准永久组合-M(kN.m)   -1.84   -0.49    0.00    0.00    0.00    0.00   -0.10   -1.30   -2.92
-As(mm2)              156.    156.      0.      0.      0.      0.    156.    156.    156.
+As(mm2)                0.      0.    156.    156.    156.    156.      0.      0.      0.
基本组合Q(kN)         4.55    3.32    2.09    0.86   -0.41   -1.64   -2.87   -4.09   -5.32
Asv(mm2)               28.     28.     28.     28.     28.     28.     28.     28.     28.
标准恒载M(kN.m)      -1.78   -0.44    0.47    0.97    1.04    0.68   -0.09   -1.30   -2.92
标准恒载Q(kN)         3.33    2.42    1.51    0.60   -0.30   -1.21   -2.12   -3.03   -3.94
  
梁编号   3
B*H(mm)=260*300   L(mm)= 2700
                    -I-     -1-     -2-     -3-     -4-     -5-     -6-     -7-     -J-
基本组合+M(kN.m)     0.00    0.73    1.23    1.43    1.33    0.93    0.23    0.00    0.00
基本组合-M(kN.m)    -0.08    0.00    0.00    0.00    0.00    0.00    0.00   -0.77   -2.07
标准组合+M(kN.m)     0.00    0.55    0.91    1.06    0.99    0.69    0.17    0.00    0.00
标准组合-M(kN.m)    -0.06    0.00    0.00    0.00    0.00    0.00    0.00   -0.57   -1.53
准永久组合+M(kN.m)    0.00    0.54    0.91    1.06    0.99    0.69    0.17    0.00    0.00
准永久组合-M(kN.m)   -0.06    0.00    0.00    0.00    0.00    0.00    0.00   -0.57   -1.53
-As(mm2)              156.      0.      0.      0.      0.      0.      0.    156.    156.
+As(mm2)                0.    156.    156.    156.    156.    156.    156.      0.      0.
基本组合Q(kN)         2.82    1.93    1.04    0.15   -0.74   -1.63   -2.52   -3.41   -4.30
Asv(mm2)               28.     28.     28.     28.     28.     28.     28.     28.     28.
标准恒载M(kN.m)      -0.05    0.54    0.91    1.06    0.99    0.69    0.17   -0.57   -1.53
标准恒载Q(kN)         2.08    1.43    0.77    0.11   -0.55   -1.21   -1.86   -2.52   -3.18
  
梁编号   4
B*H(mm)=260*300   L(mm)= 2700
                    -I-     -1-     -2-     -3-     -4-     -5-     -6-     -7-     -J-
基本组合+M(kN.m)     0.00    0.00    0.00    0.49    0.73    0.68    0.33    0.00    0.00
基本组合-M(kN.m)    -2.06   -0.92   -0.07    0.00    0.00    0.00    0.00   -0.32   -1.27
标准组合+M(kN.m)     0.00    0.00    0.00    0.36    0.54    0.51    0.25    0.00    0.00
标准组合-M(kN.m)    -1.53   -0.68   -0.05    0.00    0.00    0.00    0.00   -0.24   -0.95
准永久组合+M(kN.m)    0.00    0.00    0.00    0.36    0.54    0.51    0.25    0.00    0.00
准永久组合-M(kN.m)   -1.53   -0.68   -0.05    0.00    0.00    0.00    0.00   -0.24   -0.94
-As(mm2)              156.    156.    156.      0.      0.      0.      0.    156.    156.
+As(mm2)                0.      0.      0.    156.    156.    156.    156.      0.      0.
基本组合Q(kN)         3.85    2.96    2.07    1.18    0.30   -0.60   -1.49   -2.38   -3.26
Asv(mm2)               28.     28.     28.     28.     28.     28.     28.     28.     28.
标准恒载M(kN.m)      -1.53   -0.68   -0.05    0.36    0.54    0.51    0.25   -0.24   -0.94
标准恒载Q(kN)         2.85    2.19    1.53    0.88    0.22   -0.44   -1.10   -1.76   -2.42
  
梁编号   5
B*H(mm)=260*300   L(mm)= 2700
                    -I-     -1-     -2-     -3-     -4-     -5-     -6-     -7-     -J-
基本组合+M(kN.m)     0.00    0.00    0.24    0.53    0.53    0.22    0.00    0.00    0.00
基本组合-M(kN.m)    -1.25   -0.36    0.00    0.00    0.00    0.00   -0.39   -1.30   -2.50
标准组合+M(kN.m)     0.00    0.00    0.18    0.40    0.39    0.17    0.00    0.00    0.00
标准组合-M(kN.m)    -0.93   -0.27    0.00    0.00    0.00    0.00   -0.29   -0.96   -1.86
准永久组合+M(kN.m)    0.00    0.00    0.18    0.39    0.39    0.16    0.00    0.00    0.00
准永久组合-M(kN.m)   -0.93   -0.26    0.00    0.00    0.00    0.00   -0.29   -0.96   -1.85
-As(mm2)              156.    156.      0.      0.      0.      0.    156.    156.    156.
+As(mm2)                0.      0.    156.    156.    156.    156.      0.      0.      0.
基本组合Q(kN)         3.09    2.21    1.32    0.43   -0.47   -1.35   -2.24   -3.13   -4.02
Asv(mm2)               28.     28.     28.     28.     28.     28.     28.     28.     28.
标准恒载M(kN.m)      -0.93   -0.26    0.18    0.39    0.39    0.16   -0.28   -0.95   -1.85
标准恒载Q(kN)         2.29    1.63    0.97    0.32   -0.34   -1.00   -1.66   -2.32   -2.97
  
梁编号   6
B*H(mm)=260*300   L(mm)= 3600
                    -I-     -1-     -2-     -3-     -4-     -5-     -6-     -7-     -J-
基本组合+M(kN.m)     0.00    0.00    0.71    1.52    1.80    1.54    0.75    0.00    0.00
基本组合-M(kN.m)    -2.51   -0.63    0.00    0.00    0.00    0.00    0.00   -0.58   -2.44
标准组合+M(kN.m)     0.00    0.00    0.53    1.13    1.33    1.14    0.56    0.00    0.00
标准组合-M(kN.m)    -1.86   -0.47    0.00    0.00    0.00    0.00    0.00   -0.43   -1.80
准永久组合+M(kN.m)    0.00    0.00    0.53    1.13    1.33    1.14    0.55    0.00    0.00
准永久组合-M(kN.m)   -1.86   -0.47    0.00    0.00    0.00    0.00    0.00   -0.43   -1.80
-As(mm2)              156.    156.      0.      0.      0.      0.      0.    156.    156.
+As(mm2)                0.      0.    156.    156.    156.    156.    156.      0.      0.
基本组合Q(kN)         4.76    3.58    2.39    1.21    0.02   -1.17   -2.35   -3.53   -4.72
Asv(mm2)               28.     28.     28.     28.     28.     28.     28.     28.     28.
标准恒载M(kN.m)      -1.86   -0.47    0.53    1.12    1.33    1.14    0.55   -0.43   -1.80
标准恒载Q(kN)         3.53    2.65    1.77    0.89    0.02   -0.86   -1.74   -2.62   -3.49
  
梁编号   7
B*H(mm)=260*300   L(mm)= 2700
                    -I-     -1-     -2-     -3-     -4-     -5-     -6-     -7-     -J-
基本组合+M(kN.m)     0.00    0.00    0.00    0.18    0.44    0.40    0.07    0.00    0.00
基本组合-M(kN.m)    -2.43   -1.26   -0.39    0.00    0.00    0.00    0.00   -0.57   -1.51
标准组合+M(kN.m)     0.00    0.00    0.00    0.13    0.33    0.30    0.05    0.00    0.00
标准组合-M(kN.m)    -1.80   -0.93   -0.29    0.00    0.00    0.00    0.00   -0.42   -1.12
准永久组合+M(kN.m)    0.00    0.00    0.00    0.13    0.33    0.30    0.05    0.00    0.00
准永久组合-M(kN.m)   -1.79   -0.93   -0.29    0.00    0.00    0.00    0.00   -0.42   -1.11
-As(mm2)              156.    156.    156.      0.      0.      0.      0.    156.    156.
+As(mm2)                0.      0.      0.    156.    156.    156.    156.      0.      0.
基本组合Q(kN)         3.90    3.01    2.12    1.23    0.34   -0.55   -1.44   -2.33   -3.22
Asv(mm2)               28.     28.     28.     28.     28.     28.     28.     28.     28.
标准恒载M(kN.m)      -1.79   -0.93   -0.29    0.13    0.32    0.30    0.05   -0.42   -1.11
标准恒载Q(kN)         2.88    2.23    1.57    0.91    0.25   -0.41   -1.07   -1.72   -2.38
  
梁编号   8
B*H(mm)=260*300   L(mm)= 2700
                    -I-     -1-     -2-     -3-     -4-     -5-     -6-     -7-     -J-
基本组合+M(kN.m)     0.00    0.00    0.37    0.88    1.08    0.98    0.59    0.00    0.00
基本组合-M(kN.m)    -1.54   -0.43    0.00    0.00    0.00    0.00    0.00   -0.11   -1.11
标准组合+M(kN.m)     0.00    0.00    0.28    0.65    0.80    0.73    0.44    0.00    0.00
标准组合-M(kN.m)    -1.14   -0.32    0.00    0.00    0.00    0.00    0.00   -0.08   -0.82
准永久组合+M(kN.m)    0.00    0.00    0.28    0.65    0.80    0.73    0.43    0.00    0.00
准永久组合-M(kN.m)   -1.14   -0.32    0.00    0.00    0.00    0.00    0.00   -0.08   -0.82
-As(mm2)              156.    156.      0.      0.      0.      0.      0.    156.    156.
+As(mm2)                0.      0.    156.    156.    156.    156.    156.      0.      0.
基本组合Q(kN)         3.71    2.83    1.94    1.05    0.16   -0.73   -1.62   -2.51   -3.40
Asv(mm2)               28.     28.     28.     28.     28.     28.     28.     28.     28.
标准恒载M(kN.m)      -1.14   -0.32    0.28    0.65    0.80    0.73    0.43   -0.08   -0.82
标准恒载Q(kN)         2.75    2.09    1.43    0.78    0.12   -0.54   -1.20   -1.86   -2.52
  
梁编号   9
B*H(mm)=260*300   L(mm)= 2700
                    -I-     -1-     -2-     -3-     -4-     -5-     -6-     -7-     -J-
基本组合+M(kN.m)     0.00    0.00    0.07    0.19    0.01    0.00    0.00    0.00    0.00
基本组合-M(kN.m)    -1.07   -0.35    0.00    0.00    0.00   -0.47   -1.25   -2.33   -3.71
标准组合+M(kN.m)     0.00    0.00    0.05    0.14    0.01    0.00    0.00    0.00    0.00
标准组合-M(kN.m)    -0.80   -0.26    0.00    0.00    0.00   -0.35   -0.93   -1.73   -2.75
准永久组合+M(kN.m)    0.00    0.00    0.05    0.14    0.01    0.00    0.00    0.00    0.00
准永久组合-M(kN.m)   -0.79   -0.26    0.00    0.00    0.00   -0.35   -0.93   -1.73   -2.75
-As(mm2)              156.    156.      0.      0.      0.    156.    156.    156.    156.
+As(mm2)                0.      0.    156.    156.    156.      0.      0.      0.      0.
基本组合Q(kN)         2.58    1.69    0.80   -0.09   -0.98   -1.87   -2.76   -3.65   -4.53
Asv(mm2)               28.     28.     28.     28.     28.     28.     28.     28.     28.
标准恒载M(kN.m)      -0.79   -0.26    0.05    0.14    0.01   -0.35   -0.93   -1.72   -2.75
标准恒载Q(kN)         1.91    1.25    0.59   -0.07   -0.72   -1.38   -2.04   -2.70   -3.36
  
梁编号  10
B*H(mm)=260*300   L(mm)= 3960
                    -I-     -1-     -2-     -3-     -4-     -5-     -6-     -7-     -J-
基本组合+M(kN.m)     0.00    0.00    0.97    2.39    3.15    3.28    2.76    1.59    0.00
基本组合-M(kN.m)    -3.79   -1.09    0.00    0.00    0.00    0.00    0.00    0.00   -0.23
标准组合+M(kN.m)     0.00    0.00    0.72    1.77    2.34    2.43    2.04    1.18    0.00
标准组合-M(kN.m)    -2.81   -0.81    0.00    0.00    0.00    0.00    0.00    0.00   -0.17
准永久组合+M(kN.m)    0.00    0.00    0.72    1.77    2.34    2.43    2.04    1.18    0.00
准永久组合-M(kN.m)   -2.81   -0.81    0.00    0.00    0.00    0.00    0.00    0.00   -0.17
-As(mm2)              156.    156.      0.      0.      0.      0.      0.      0.    156.
+As(mm2)                0.      0.    156.    156.    156.    156.    156.    156.      0.
基本组合Q(kN)         6.11    4.81    3.51    2.20    0.90   -0.40   -1.71   -3.01   -4.31
Asv(mm2)               28.     28.     28.     28.     28.     28.     28.     28.     28.
标准恒载M(kN.m)      -2.81   -0.80    0.72    1.77    2.34    2.43    2.04    1.17   -0.17
标准恒载Q(kN)         4.53    3.56    2.60    1.63    0.67   -0.30   -1.26   -2.23   -3.19
  
梁编号  11
B*H(mm)=260*300   L(mm)= 2700
                    -I-     -1-     -2-     -3-     -4-     -5-     -6-     -7-     -J-
基本组合+M(kN.m)     0.00    0.73    1.23    1.43    1.33    0.93    0.23    0.00    0.00
基本组合-M(kN.m)    -0.09    0.00    0.00    0.00    0.00    0.00    0.00   -0.77   -2.07
标准组合+M(kN.m)     0.00    0.54    0.91    1.06    0.99    0.69    0.17    0.00    0.00
标准组合-M(kN.m)    -0.07    0.00    0.00    0.00    0.00    0.00    0.00   -0.57   -1.53
准永久组合+M(kN.m)    0.00    0.54    0.91    1.06    0.98    0.69    0.17    0.00    0.00
准永久组合-M(kN.m)   -0.06    0.00    0.00    0.00    0.00    0.00    0.00   -0.57   -1.53
-As(mm2)              156.      0.      0.      0.      0.      0.      0.    156.    156.
+As(mm2)                0.    156.    156.    156.    156.    156.    156.      0.      0.
基本组合Q(kN)         2.83    1.94    1.05    0.16   -0.74   -1.63   -2.51   -3.40   -4.29
Asv(mm2)               28.     28.     28.     28.     28.     28.     28.     28.     28.
标准恒载M(kN.m)      -0.06    0.53    0.91    1.06    0.98    0.69    0.17   -0.57   -1.53
标准恒载Q(kN)         2.09    1.43    0.77    0.11   -0.54   -1.20   -1.86   -2.52   -3.18
  
梁编号  12
B*H(mm)=260*300   L(mm)= 2700
                    -I-     -1-     -2-     -3-     -4-     -5-     -6-     -7-     -J-
基本组合+M(kN.m)     0.00    0.00    0.00    0.49    0.73    0.68    0.33    0.00    0.00
基本组合-M(kN.m)    -2.06   -0.91   -0.07    0.00    0.00    0.00    0.00   -0.33   -1.28
标准组合+M(kN.m)     0.00    0.00    0.00    0.36    0.54    0.50    0.24    0.00    0.00
标准组合-M(kN.m)    -1.53   -0.68   -0.05    0.00    0.00    0.00    0.00   -0.24   -0.95
准永久组合+M(kN.m)    0.00    0.00    0.00    0.36    0.54    0.50    0.24    0.00    0.00
准永久组合-M(kN.m)   -1.53   -0.68   -0.05    0.00    0.00    0.00    0.00   -0.24   -0.95
-As(mm2)              156.    156.    156.      0.      0.      0.      0.    156.    156.
+As(mm2)                0.      0.      0.    156.    156.    156.    156.      0.      0.
基本组合Q(kN)         3.85    2.96    2.07    1.18    0.29   -0.60   -1.49   -2.38   -3.27
Asv(mm2)               28.     28.     28.     28.     28.     28.     28.     28.     28.
标准恒载M(kN.m)      -1.52   -0.67   -0.05    0.36    0.54    0.50    0.24   -0.24   -0.95
标准恒载Q(kN)         2.85    2.19    1.53    0.87    0.21   -0.44   -1.10   -1.76   -2.42
  
梁编号  13
B*H(mm)=260*300   L(mm)= 2700
                    -I-     -1-     -2-     -3-     -4-     -5-     -6-     -7-     -J-
基本组合+M(kN.m)     0.00    0.00    0.24    0.54    0.54    0.23    0.00    0.00    0.00
基本组合-M(kN.m)    -1.26   -0.36    0.00    0.00    0.00    0.00   -0.38   -1.28   -2.48
标准组合+M(kN.m)     0.00    0.00    0.18    0.40    0.40    0.17    0.00    0.00    0.00
标准组合-M(kN.m)    -0.93   -0.27    0.00    0.00    0.00    0.00   -0.28   -0.95   -1.84
准永久组合+M(kN.m)    0.00    0.00    0.18    0.40    0.40    0.17    0.00    0.00    0.00
准永久组合-M(kN.m)   -0.93   -0.27    0.00    0.00    0.00    0.00   -0.28   -0.95   -1.84
-As(mm2)              156.    156.      0.      0.      0.      0.    156.    156.    156.
+As(mm2)                0.      0.    156.    156.    156.    156.      0.      0.      0.
基本组合Q(kN)         3.10    2.22    1.33    0.44   -0.46   -1.35   -2.23   -3.12   -4.01
Asv(mm2)               28.     28.     28.     28.     28.     28.     28.     28.     28.
标准恒载M(kN.m)      -0.93   -0.27    0.18    0.40    0.40    0.17   -0.27   -0.94   -1.83
标准恒载Q(kN)         2.30    1.64    0.98    0.32   -0.33   -0.99   -1.65   -2.31   -2.97
  
梁编号  14
B*H(mm)=260*300   L(mm)= 3600
                    -I-     -1-     -2-     -3-     -4-     -5-     -6-     -7-     -J-
基本组合+M(kN.m)     0.00    0.00    0.71    1.51    1.78    1.51    0.71    0.00    0.00
基本组合-M(kN.m)    -2.49   -0.63    0.00    0.00    0.00    0.00    0.00   -0.63   -2.49
标准组合+M(kN.m)     0.00    0.00    0.53    1.12    1.32    1.12    0.53    0.00    0.00
标准组合-M(kN.m)    -1.85   -0.47    0.00    0.00    0.00    0.00    0.00   -0.46   -1.85
准永久组合+M(kN.m)    0.00    0.00    0.53    1.12    1.31    1.12    0.53    0.00    0.00
准永久组合-M(kN.m)   -1.85   -0.46    0.00    0.00    0.00    0.00    0.00   -0.46   -1.85
-As(mm2)              156.    156.      0.      0.      0.      0.      0.    156.    156.
+As(mm2)                0.      0.    156.    156.    156.    156.    156.      0.      0.
基本组合Q(kN)         4.74    3.56    2.37    1.19    0.00   -1.19   -2.37   -3.56   -4.74
Asv(mm2)               28.     28.     28.     28.     28.     28.     28.     28.     28.
标准恒载M(kN.m)      -1.85   -0.46    0.52    1.12    1.31    1.12    0.52   -0.46   -1.84
标准恒载Q(kN)         3.51    2.63    1.76    0.88    0.00   -0.88   -1.75   -2.63   -3.51
  
梁编号  15
B*H(mm)=260*300   L(mm)= 2700
                    -I-     -1-     -2-     -3-     -4-     -5-     -6-     -7-     -J-
基本组合+M(kN.m)     0.00    0.00    0.00    0.23    0.53    0.54    0.24    0.00    0.00
基本组合-M(kN.m)    -2.48   -1.28   -0.38    0.00    0.00    0.00    0.00   -0.36   -1.26
标准组合+M(kN.m)     0.00    0.00    0.00    0.17    0.40    0.40    0.18    0.00    0.00
标准组合-M(kN.m)    -1.84   -0.95   -0.28    0.00    0.00    0.00    0.00   -0.27   -0.93
准永久组合+M(kN.m)    0.00    0.00    0.00    0.17    0.40    0.40    0.18    0.00    0.00
准永久组合-M(kN.m)   -1.84   -0.95   -0.28    0.00    0.00    0.00    0.00   -0.27   -0.93
-As(mm2)              156.    156.    156.      0.      0.      0.      0.    156.    156.
+As(mm2)                0.      0.      0.    156.    156.    156.    156.      0.      0.
基本组合Q(kN)         4.01    3.12    2.23    1.34    0.46   -0.44   -1.33   -2.22   -3.11
Asv(mm2)               28.     28.     28.     28.     28.     28.     28.     28.     28.
标准恒载M(kN.m)      -1.83   -0.94   -0.27    0.17    0.39    0.40    0.18   -0.27   -0.93
标准恒载Q(kN)         2.97    2.31    1.65    0.99    0.33   -0.32   -0.98   -1.64   -2.30
  
梁编号  16
B*H(mm)=260*300   L(mm)= 2700
                    -I-     -1-     -2-     -3-     -4-     -5-     -6-     -7-     -J-
基本组合+M(kN.m)     0.00    0.00    0.33    0.68    0.74    0.49    0.00    0.00    0.00
基本组合-M(kN.m)    -1.28   -0.33    0.00    0.00    0.00    0.00   -0.06   -0.91   -2.05
标准组合+M(kN.m)     0.00    0.00    0.25    0.51    0.55    0.36    0.00    0.00    0.00
标准组合-M(kN.m)    -0.95   -0.24    0.00    0.00    0.00    0.00   -0.05   -0.67   -1.52
准永久组合+M(kN.m)    0.00    0.00    0.24    0.51    0.54    0.36    0.00    0.00    0.00
准永久组合-M(kN.m)   -0.95   -0.24    0.00    0.00    0.00    0.00   -0.04   -0.67   -1.52
-As(mm2)              156.    156.      0.      0.      0.      0.    156.    156.    156.
+As(mm2)                0.      0.    156.    156.    156.    156.      0.      0.      0.
基本组合Q(kN)         3.27    2.38    1.49    0.60   -0.29   -1.18   -2.07   -2.95   -3.84
Asv(mm2)               28.     28.     28.     28.     28.     28.     28.     28.     28.
标准恒载M(kN.m)      -0.95   -0.24    0.24    0.50    0.54    0.36   -0.04   -0.67   -1.52
标准恒载Q(kN)         2.42    1.76    1.10    0.45   -0.21   -0.87   -1.53   -2.19   -2.84
  
梁编号  17
B*H(mm)=260*300   L(mm)= 2700
                    -I-     -1-     -2-     -3-     -4-     -5-     -6-     -7-     -J-
基本组合+M(kN.m)     0.00    0.00    0.23    0.93    1.32    1.41    1.21    0.70    0.00
基本组合-M(kN.m)    -2.06   -0.77    0.00    0.00    0.00    0.00    0.00    0.00   -0.11
标准组合+M(kN.m)     0.00    0.00    0.17    0.69    0.98    1.05    0.90    0.52    0.00
标准组合-M(kN.m)    -1.53   -0.57    0.00    0.00    0.00    0.00    0.00    0.00   -0.08
准永久组合+M(kN.m)    0.00    0.00    0.17    0.69    0.98    1.05    0.90    0.52    0.00
准永久组合-M(kN.m)   -1.52   -0.57    0.00    0.00    0.00    0.00    0.00    0.00   -0.08
-As(mm2)              156.    156.      0.      0.      0.      0.      0.      0.    156.
+As(mm2)                0.      0.    156.    156.    156.    156.    156.    156.      0.
基本组合Q(kN)         4.28    3.39    2.50    1.61    0.73   -0.17   -1.06   -1.95   -2.83
Asv(mm2)               28.     28.     28.     28.     28.     28.     28.     28.     28.
标准恒载M(kN.m)      -1.52   -0.57    0.17    0.69    0.98    1.05    0.89    0.52   -0.08
标准恒载Q(kN)         3.17    2.51    1.85    1.19    0.54   -0.12   -0.78   -1.44   -2.10
  
梁编号  18
B*H(mm)=260*300   L(mm)= 3960
                    -I-     -1-     -2-     -3-     -4-     -5-     -6-     -7-     -J-
基本组合+M(kN.m)     5.91    6.68    6.80    6.28    5.11    3.30    0.84    0.00    0.00
基本组合-M(kN.m)    -1.03    0.00    0.00    0.00    0.00    0.00    0.00   -2.27   -6.02
标准组合+M(kN.m)     5.45    5.84    5.76    5.21    4.17    2.66    0.66    0.00    0.00
标准组合-M(kN.m)    -1.64   -0.11    0.00    0.00    0.00    0.00    0.00   -1.81   -4.75
准永久组合+M(kN.m)    3.11    3.88    4.18    3.99    3.33    2.19    0.57    0.00    0.00
准永久组合-M(kN.m)    0.00    0.00    0.00    0.00    0.00    0.00    0.00   -1.53   -4.10
-As(mm2)              156.      0.      0.      0.      0.      0.      0.    156.    156.
+As(mm2)              156.    156.    156.    156.    156.    156.    156.      0.      0.
基本组合Q(kN)         4.44    3.14    1.84   -1.71   -3.01   -4.32   -5.62   -6.92   -8.23
Asv(mm2)               28.     28.     28.     28.     28.     28.     28.     28.     28.
标准恒载M(kN.m)       1.56    2.58    3.12    3.18    2.77    1.88    0.51   -1.34   -3.67
标准恒载Q(kN)         2.54    1.58    0.61   -0.35   -1.32   -2.28   -3.25   -4.22   -5.18
  
梁编号  19
B*H(mm)=200*200   L(mm)= 2700
                    -I-     -1-     -2-     -3-     -4-     -5-     -6-     -7-     -J-
基本组合+M(kN.m)     0.02    1.67    2.94    3.52    3.27    2.22    0.34    0.00    0.00
基本组合-M(kN.m)     0.00    0.00    0.00    0.00   -0.85   -2.45   -4.66   -7.38  -10.67
标准组合+M(kN.m)     0.02    1.45    2.58    3.15    3.05    2.29    0.86    0.00    0.00
标准组合-M(kN.m)     0.00    0.00    0.00   -0.27   -1.15   -2.47   -4.24   -6.38   -9.02
准永久组合+M(kN.m)    0.01    0.99    1.70    1.96    1.67    0.87    0.00    0.00    0.00
准永久组合-M(kN.m)    0.00    0.00    0.00    0.00   -0.01   -1.03   -2.51   -4.37   -6.57
-As(mm2)                0.      0.      0.      0.     80.     80.     89.    144.    213.
+As(mm2)               80.     80.     80.     80.     80.     80.     80.      0.      0.
基本组合Q(kN)         5.49    4.53    2.76   -2.13   -3.96   -6.31   -8.64  -10.41  -11.37
Asv(mm2)               28.     28.     28.     28.     28.     28.     28.     28.     28.
标准恒载M(kN.m)       0.01    0.68    1.11    1.16    0.76   -0.08   -1.36   -3.03   -4.93
标准恒载Q(kN)         2.33    1.72    0.72   -0.55   -1.83   -3.11   -4.39   -5.39   -5.99
  
梁编号  20
B*H(mm)=260*300   L(mm)= 1500
                    -I-     -1-     -2-     -3-     -4-     -5-     -6-     -7-     -J-
基本组合+M(kN.m)     0.00    0.00    0.00    0.00    0.00    0.00    0.00    0.00    0.01
基本组合-M(kN.m)   -14.46  -11.95   -9.60   -7.42   -5.41   -3.81   -2.37   -1.10    0.00
标准组合+M(kN.m)     0.00    0.00    0.00    0.00    0.00    0.00    0.00    0.00    0.00
标准组合-M(kN.m)   -11.97   -9.92   -7.99   -6.20   -4.54   -3.21   -2.01   -0.94    0.00
准永久组合+M(kN.m)    0.00    0.00    0.00    0.00    0.00    0.00    0.00    0.00    0.00
准永久组合-M(kN.m)   -9.22   -7.58   -6.07   -4.66   -3.37   -2.36   -1.45   -0.67    0.00
-As(mm2)              178.    156.    156.    156.    156.    156.    156.    156.      0.
+As(mm2)                0.      0.      0.      0.      0.      0.      0.      0.    156.
基本组合Q(kN)        13.84   13.16   12.24   11.07    9.64    8.22    7.05    6.12    5.49
Asv(mm2)               28.     28.     28.     28.     28.     28.     28.     28.     28.
标准恒载M(kN.m)      -7.39   -6.03   -4.78   -3.64   -2.60   -1.79   -1.08   -0.49    0.00
标准恒载Q(kN)         7.52    7.05    6.47    5.76    4.93    4.10    3.39    2.80    2.33
  
梁编号  21
B*H(mm)=260*300   L(mm)= 1750
                    -I-     -1-     -2-     -3-     -4-     -5-     -6-     -7-     -J-
基本组合+M(kN.m)     0.00    0.00    0.00    0.00    0.00    0.00    0.00    0.00    0.00
基本组合-M(kN.m)     0.00   -1.30   -2.83   -4.60   -6.60   -9.20  -12.03  -15.09  -18.39
标准组合+M(kN.m)     0.00    0.00    0.00    0.00    0.00    0.00    0.00    0.00    0.00
标准组合-M(kN.m)     0.00   -1.09   -2.37   -3.83   -5.46   -7.58   -9.88  -12.36  -15.02
准永久组合+M(kN.m)    0.00    0.00    0.00    0.00    0.00    0.00    0.00    0.00    0.00
准永久组合-M(kN.m)    0.00   -0.80   -1.77   -2.91   -4.20   -5.90   -7.76   -9.78  -11.96
-As(mm2)                0.    156.    156.    156.    156.    156.    156.    186.    228.
+As(mm2)              156.      0.      0.      0.      0.      0.      0.      0.      0.
基本组合Q(kN)        -5.47   -6.22   -7.33   -8.76  -10.51  -12.26  -13.69  -14.80  -15.60
Asv(mm2)               28.     28.     28.     28.     28.     28.     28.     28.     28.
标准恒载M(kN.m)       0.00   -0.61   -1.38   -2.29   -3.36   -4.78   -6.34   -8.06   -9.93
标准恒载Q(kN)        -2.46   -3.01   -3.74   -4.62   -5.67   -6.72   -7.61   -8.33   -8.89
  
梁编号  22
B*H(mm)=200*200   L(mm)= 2700
                    -I-     -1-     -2-     -3-     -4-     -5-     -6-     -7-     -J-
基本组合+M(kN.m)     0.02    1.65    2.89    3.56    3.30    2.20    0.15    0.00    0.00
基本组合-M(kN.m)     0.00    0.00    0.00    0.00   -0.77   -2.46   -4.87   -7.72  -11.06
标准组合+M(kN.m)     0.02    1.42    2.51    3.16    3.05    2.25    0.71    0.00    0.00
标准组合-M(kN.m)     0.00    0.00    0.00   -0.20   -1.11   -2.50   -4.42   -6.67   -9.31
准永久组合+M(kN.m)    0.01    0.99    1.70    2.03    1.74    0.88    0.00    0.00    0.00
准永久组合-M(kN.m)    0.00    0.00    0.00    0.00    0.00   -1.02   -2.64   -4.59   -6.86
-As(mm2)                0.      0.      0.      0.     80.     80.     93.    151.    222.
+As(mm2)               80.     80.     80.     80.     80.     80.     80.      0.      0.
基本组合Q(kN)         5.47    4.54    2.85   -2.12   -4.10   -6.61   -8.98  -10.67  -11.60
Asv(mm2)               28.     28.     28.     28.     28.     28.     28.     28.     28.
标准恒载M(kN.m)       0.01    0.71    1.16    1.28    0.86   -0.03   -1.45   -3.21   -5.22
标准恒载Q(kN)         2.46    1.85    0.85   -0.51   -1.94   -3.36   -4.72   -5.72   -6.33
  
梁编号  23
B*H(mm)=260*300   L(mm)= 1750
                    -I-     -1-     -2-     -3-     -4-     -5-     -6-     -7-     -J-
基本组合+M(kN.m)     0.00    0.63    1.04    1.23    1.21    0.60    0.00    0.00    0.00
基本组合-M(kN.m)     0.00    0.00    0.00    0.00    0.00    0.00   -0.40   -1.30   -2.55
标准组合+M(kN.m)     0.00    0.50    0.84    1.00    1.00    0.52    0.00    0.00    0.00
标准组合-M(kN.m)     0.00    0.00    0.00    0.00    0.00    0.00   -0.29   -0.97   -1.93
准永久组合+M(kN.m)    0.00    0.42    0.69    0.81    0.77    0.35    0.00    0.00    0.00
准永久组合-M(kN.m)    0.00    0.00    0.00    0.00    0.00    0.00   -0.29   -0.97   -1.84
-As(mm2)              156.      0.      0.      0.      0.      0.    156.    156.    156.
+As(mm2)              156.    156.    156.    156.    156.    156.      0.      0.      0.
基本组合Q(kN)         3.38    2.65    1.60    0.23   -1.45   -3.14   -4.50   -5.55   -6.29
Asv(mm2)               28.     28.     28.     28.     28.     28.     28.     28.     28.
标准恒载M(kN.m)       0.00    0.37    0.60    0.68    0.63    0.24   -0.29   -0.97   -1.78
标准恒载Q(kN)         2.01    1.50    0.82   -0.02   -1.02   -2.02   -2.86   -3.53   -4.04
  
梁编号  24
B*H(mm)=200*200   L(mm)= 2700
                    -I-     -1-     -2-     -3-     -4-     -5-     -6-     -7-     -J-
基本组合+M(kN.m)     0.00    0.00    0.00    0.00    0.00    0.00    0.00    0.00    0.00
基本组合-M(kN.m)   -10.66   -8.38   -6.64   -5.83   -5.76   -6.30   -7.64   -9.88  -12.68
标准组合+M(kN.m)     0.00    0.00    0.00    0.00    0.00    0.00    0.00    0.00    0.00
标准组合-M(kN.m)    -9.01   -7.12   -5.70   -5.07   -5.03   -5.45   -6.51   -8.34  -10.66
准永久组合+M(kN.m)    0.00    0.00    0.00    0.00    0.00    0.00    0.00    0.00    0.00
准永久组合-M(kN.m)   -6.56   -5.11   -4.00   -3.42   -3.36   -3.74   -4.65   -6.09   -7.87
-As(mm2)              213.    165.    129.    112.    111.    122.    149.    196.    258.
+As(mm2)                0.      0.      0.      0.      0.      0.      0.      0.      0.
基本组合Q(kN)         8.67    7.71    5.94    3.61   -2.53   -4.89   -7.22   -8.98   -9.94
Asv(mm2)               28.     28.     28.     28.     28.     28.     28.     28.     28.
标准恒载M(kN.m)      -4.93   -3.78   -2.86   -2.33   -2.25   -2.60   -3.40   -4.59   -6.01
标准恒载Q(kN)         3.76    3.15    2.15    0.88   -0.40   -1.68   -2.96   -3.96   -4.56
  
梁编号  25
B*H(mm)=200*200   L(mm)= 2700
                    -I-     -1-     -2-     -3-     -4-     -5-     -6-     -7-     -J-
基本组合+M(kN.m)     0.00    0.00    0.00    1.58    2.96    3.59    3.56    3.23    2.75
基本组合-M(kN.m)   -12.69   -9.07   -6.02   -3.53   -1.70   -0.49   -0.07   -0.55   -1.59
标准组合+M(kN.m)     0.00    0.00    0.20    1.85    2.87    3.30    3.22    2.97    2.67
标准组合-M(kN.m)   -10.68   -7.77   -5.36   -3.37   -1.88   -0.87   -0.49   -0.88   -1.77
准永久组合+M(kN.m)    0.00    0.00    0.00    0.37    1.39    1.91    1.95    1.71    1.29
准永久组合-M(kN.m)   -7.88   -5.47   -3.39   -1.72   -0.51    0.00    0.00    0.00   -0.48
-As(mm2)              258.    179.    116.     80.     80.     80.     80.     80.     80.
+As(mm2)                0.      0.      0.     80.     80.     80.     80.     80.     80.
基本组合Q(kN)        12.58   11.62    9.85    7.52    5.17    3.44   -2.38   -4.15   -5.11
Asv(mm2)               28.     28.     28.     28.     28.     28.     28.     28.     28.
标准恒载M(kN.m)      -6.02   -3.94   -2.09   -0.62    0.40    0.98    1.11    0.86    0.38
标准恒载Q(kN)         6.53    5.92    4.93    3.65    2.37    1.09   -0.19   -1.18   -1.79
  
梁编号  26
B*H(mm)=200*200   L(mm)= 3600
                    -I-     -1-     -2-     -3-     -4-     -5-     -6-     -7-     -J-
基本组合+M(kN.m)     2.73    6.20    9.65   11.70   12.39   11.68    9.61    6.15    2.65
基本组合-M(kN.m)    -1.62    0.00    0.00    0.00    0.00    0.00    0.00    0.00   -1.70
标准组合+M(kN.m)     2.65    5.28    8.07    9.72   10.28    9.71    8.03    5.23    2.59
标准组合-M(kN.m)    -1.79    0.00    0.00    0.00    0.00    0.00    0.00    0.00   -1.86
准永久组合+M(kN.m)    1.28    3.78    6.06    7.41    7.86    7.40    6.03    3.74    1.22
准永久组合-M(kN.m)   -0.50    0.00    0.00    0.00    0.00    0.00    0.00    0.00   -0.56
-As(mm2)               80.      0.      0.      0.      0.      0.      0.      0.     80.
+As(mm2)               80.    120.    192.    236.    251.    236.    191.    119.     80.
基本组合Q(kN)        11.30    9.84    7.02    3.89   -0.80   -3.93   -7.07   -9.89  -11.35
Asv(mm2)               28.     28.     28.     28.     28.     28.     28.     28.     28.
标准恒载M(kN.m)       0.36    2.79    4.72    5.87    6.25    5.86    4.70    2.75    0.31
标准恒载Q(kN)         5.86    4.96    3.41    1.70   -0.01   -1.72   -3.43   -4.99   -5.89
  
梁编号  27
B*H(mm)=200*200   L(mm)= 2700
                    -I-     -1-     -2-     -3-     -4-     -5-     -6-     -7-     -J-
基本组合+M(kN.m)     2.68    3.11    3.40    3.40    2.73    1.31    0.00    0.00    0.00
基本组合-M(kN.m)    -1.68   -0.62   -0.14   -0.56   -1.76   -3.58   -6.06   -9.10  -12.71
标准组合+M(kN.m)     2.61    2.87    3.08    3.13    2.67    1.61    0.00    0.00    0.00
标准组合-M(kN.m)    -1.84   -0.94   -0.53   -0.91   -1.91   -3.38   -5.35   -7.76  -10.65
准永久组合+M(kN.m)    1.24    1.63    1.85    1.79    1.25    0.21    0.00    0.00    0.00
准永久组合-M(kN.m)   -0.54    0.00    0.00    0.00   -0.58   -1.79   -3.46   -5.54   -7.96
-As(mm2)               80.     80.     80.     80.     80.     80.    117.    180.    259.
+As(mm2)               80.     80.     80.     80.     80.     80.      0.      0.      0.
基本组合Q(kN)         5.00    4.04    2.28   -3.43   -5.16   -7.51   -9.84  -11.61  -12.57
Asv(mm2)               28.     28.     28.     28.     28.     28.     28.     28.     28.
标准恒载M(kN.m)       0.33    0.80    1.04    0.90    0.30   -0.72   -2.20   -4.06   -6.16
标准恒载Q(kN)         1.76    1.15    0.15   -1.12   -2.40   -3.69   -4.96   -5.96   -6.57
  
梁编号  28
B*H(mm)=200*200   L(mm)= 2700
                    -I-     -1-     -2-     -3-     -4-     -5-     -6-     -7-     -J-
基本组合+M(kN.m)     0.00    0.00    0.00    0.00    0.00    0.00    0.00    0.00    0.00
基本组合-M(kN.m)   -12.70   -9.74   -7.46   -6.17   -5.49   -5.44   -6.21   -7.85  -10.02
标准组合+M(kN.m)     0.00    0.00    0.00    0.00    0.00    0.00    0.00    0.00    0.00
标准组合-M(kN.m)   -10.63   -8.19   -6.33   -5.35   -4.83   -4.78   -5.39   -6.75   -8.56
准永久组合+M(kN.m)    0.00    0.00    0.00    0.00    0.00    0.00    0.00    0.00    0.00
准永久组合-M(kN.m)   -7.94   -6.06   -4.56   -3.64   -3.16   -3.14   -3.66   -4.70   -6.07
-As(mm2)              258.    193.    145.    119.    106.    105.    120.    154.    199.
+As(mm2)                0.      0.      0.      0.      0.      0.      0.      0.      0.
基本组合Q(kN)        10.48    9.52    7.75    5.42    3.07   -3.33   -5.66   -7.43   -8.39
Asv(mm2)               28.     28.     28.     28.     28.     28.     28.     28.     28.
标准恒载M(kN.m)      -6.15   -4.65   -3.38   -2.49   -2.06   -2.05   -2.50   -3.33   -4.40
标准恒载Q(kN)         4.81    4.20    3.20    1.93    0.65   -0.64   -1.91   -2.91   -3.52
  
梁编号  29
B*H(mm)=200*200   L(mm)= 2700
                    -I-     -1-     -2-     -3-     -4-     -5-     -6-     -7-     -J-
基本组合+M(kN.m)     0.00    0.00    1.46    3.21    4.26    5.45    5.89    6.29    6.41
基本组合-M(kN.m)   -10.02   -6.38   -3.05   -0.24    0.00    0.00    0.00    0.00   -0.90
标准组合+M(kN.m)     0.00    0.00    1.69    2.93    3.63    4.63    5.04    5.55    5.87
标准组合-M(kN.m)    -8.56   -5.62   -2.91   -0.60    0.00    0.00    0.00    0.00   -1.59
准永久组合+M(kN.m)    0.00    0.00    0.36    1.72    2.59    3.33    3.55    3.60    3.41
准永久组合-M(kN.m)   -6.07   -3.66   -1.48    0.00    0.00    0.00    0.00    0.00    0.00
-As(mm2)              200.    123.     80.     80.      0.      0.      0.      0.     80.
+As(mm2)                0.      0.     80.     80.     81.    105.    113.    122.    124.
基本组合Q(kN)        12.60   11.64    9.87    7.56    5.82    4.09   -3.36   -5.13   -6.09
Asv(mm2)               28.     28.     28.     28.     28.     28.     28.     28.     28.
标准恒载M(kN.m)      -4.41   -2.35   -0.53    0.91    1.90    2.46    2.57    2.29    1.78
标准恒载Q(kN)         6.45    5.85    4.85    3.57    2.29    1.01   -0.26   -1.26   -1.87
  
梁编号  30
B*H(mm)=260*300   L(mm)= 3200
                    -I-     -1-     -2-     -3-     -4-     -5-     -6-     -7-     -J-
基本组合+M(kN.m)     0.00    0.00    0.00    0.61    1.33    1.63    1.50    0.96    0.00
基本组合-M(kN.m)    -5.97   -3.75   -1.95   -0.57    0.00    0.00    0.00    0.00   -0.01
标准组合+M(kN.m)     0.00    0.00    0.00    0.60    1.10    1.29    1.17    0.74    0.00
标准组合-M(kN.m)    -4.71   -3.03   -1.66   -0.61    0.00    0.00    0.00    0.00   -0.01
准永久组合+M(kN.m)    0.00    0.00    0.00    0.28    0.84    1.10    1.04    0.67    0.00
准永久组合-M(kN.m)   -4.08   -2.47   -1.19   -0.21    0.00    0.00    0.00    0.00   -0.01
-As(mm2)              156.    156.    156.    156.      0.      0.      0.      0.    156.
+As(mm2)                0.      0.      0.    156.    156.    156.    156.    156.      0.
基本组合Q(kN)         6.08    5.02    3.97    2.92    1.86    0.81   -0.84   -1.89   -2.94
Asv(mm2)               28.     28.     28.     28.     28.     28.     28.     28.     28.
标准恒载M(kN.m)      -3.65   -2.10   -0.87    0.06    0.67    0.97    0.96    0.63   -0.01
标准恒载Q(kN)         4.26    3.48    2.70    1.92    1.14    0.36   -0.42   -1.20   -1.98
  
梁编号  31
B*H(mm)=260*300   L(mm)= 9210
                    -I-     -1-     -2-     -3-     -4-     -5-     -6-     -7-     -J-
基本组合+M(kN.m)     0.00   10.51   19.23   24.46   26.21   24.46   19.23   10.51    0.00
基本组合-M(kN.m)    -1.70    0.00    0.00    0.00    0.00    0.00    0.00    0.00   -1.70
标准组合+M(kN.m)     0.00    7.78   14.24   18.12   19.41   18.12   14.24    7.78    0.00
标准组合-M(kN.m)    -1.26    0.00    0.00    0.00    0.00    0.00    0.00    0.00   -1.26
准永久组合+M(kN.m)    0.00    7.78   14.24   18.12   19.41   18.12   14.24    7.78    0.00
准永久组合-M(kN.m)   -1.26    0.00    0.00    0.00    0.00    0.00    0.00    0.00   -1.26
-As(mm2)              156.      0.      0.      0.      0.      0.      0.      0.    156.
+As(mm2)                0.    156.    239.    308.    331.    308.    239.    156.      0.
基本组合Q(kN)        12.12    9.09    6.06    3.03    0.00   -3.03   -6.06   -9.09  -12.12
Asv(mm2)               28.     28.     28.     28.     28.     28.     28.     28.     28.
标准恒载M(kN.m)      -1.26    7.78   14.24   18.12   19.41   18.12   14.24    7.78   -1.26
标准恒载Q(kN)         8.98    6.73    4.49    2.24    0.00   -2.24   -4.49   -6.73   -8.98
  
梁编号  32
B*H(mm)=260*300   L(mm)= 3200
                    -I-     -1-     -2-     -3-     -4-     -5-     -6-     -7-     -J-
基本组合+M(kN.m)     0.00    0.00    0.00    0.00    0.00    0.00    0.00    0.00    0.04
基本组合-M(kN.m)   -15.81  -12.35   -9.32   -6.71   -4.51   -2.75   -1.40   -0.47    0.00
标准组合+M(kN.m)     0.00    0.00    0.00    0.00    0.00    0.00    0.00    0.01    0.03
标准组合-M(kN.m)   -12.72  -10.04   -7.66   -5.60   -3.85   -2.41   -1.29   -0.47    0.00
准永久组合+M(kN.m)    0.00    0.00    0.00    0.00    0.00    0.00    0.00    0.00    0.02
准永久组合-M(kN.m)  -10.50   -8.09   -6.00   -4.22   -2.74   -1.58   -0.74   -0.20    0.00
-As(mm2)              195.    156.    156.    156.    156.    156.    156.    156.      0.
+As(mm2)                0.      0.      0.      0.      0.      0.      0.    156.    156.
基本组合Q(kN)         9.16    8.11    7.06    6.00    4.95    3.90    2.84    1.79    0.74
Asv(mm2)               28.     28.     28.     28.     28.     28.     28.     28.     28.
标准恒载M(kN.m)      -9.02   -6.80   -4.89   -3.29   -2.01   -1.03   -0.37   -0.02    0.02
标准恒载Q(kN)         5.94    5.16    4.38    3.60    2.82    2.04    1.26    0.48   -0.30
  
梁编号  33
B*H(mm)=200*200   L(mm)= 2700
                    -I-     -1-     -2-     -3-     -4-     -5-     -6-     -7-     -J-
基本组合+M(kN.m)     0.00    0.00    0.00    0.00    0.00    0.00    0.00    0.00    0.00
基本组合-M(kN.m)   -11.05   -8.85   -7.08   -6.27   -6.20   -6.81   -8.20  -10.56  -13.39
标准组合+M(kN.m)     0.00    0.00    0.00    0.00    0.00    0.00    0.00    0.00    0.00
标准组合-M(kN.m)    -9.31   -7.51   -6.06   -5.46   -5.42   -5.89   -6.96   -8.89  -11.20
准永久组合+M(kN.m)    0.00    0.00    0.00    0.00    0.00    0.00    0.00    0.00    0.00
准永久组合-M(kN.m)   -6.85   -5.41   -4.27   -3.67   -3.60   -4.03   -5.02   -6.55   -8.38
-As(mm2)              222.    174.    138.    121.    120.    132.    161.    211.    274.
+As(mm2)                0.      0.      0.      0.      0.      0.      0.      0.      0.
基本组合Q(kN)         8.74    7.81    6.12    3.75   -2.74   -5.25   -7.62   -9.31  -10.24
Asv(mm2)               28.     28.     28.     28.     28.     28.     28.     28.     28.
标准恒载M(kN.m)      -5.21   -4.02   -3.08   -2.47   -2.39   -2.79   -3.72   -4.98   -6.50
标准恒载Q(kN)         3.92    3.31    2.31    0.95   -0.48   -1.90   -3.26   -4.26   -4.87
  
梁编号  34
B*H(mm)=200*200   L(mm)= 2700
                    -I-     -1-     -2-     -3-     -4-     -5-     -6-     -7-     -J-
基本组合+M(kN.m)     0.00    0.00    0.00    1.59    3.14    3.89    3.80    3.61    3.16
基本组合-M(kN.m)   -13.40   -9.66   -6.43   -3.69   -1.72   -0.45    0.00   -0.44   -1.38
标准组合+M(kN.m)     0.00    0.00    0.00    1.87    3.03    3.55    3.42    3.32    3.04
标准组合-M(kN.m)   -11.22   -8.24   -5.69   -3.52   -1.93   -0.87   -0.44   -0.82   -1.59
准永久组合+M(kN.m)    0.00    0.00    0.00    0.35    1.49    2.08    2.09    1.91    1.51
准永久组合-M(kN.m)   -8.39   -5.87   -3.66   -1.80   -0.50    0.00    0.00    0.00   -0.34
-As(mm2)              274.    192.    124.     80.     80.     80.      0.     80.     80.
+As(mm2)                0.      0.      0.     80.     80.     80.     80.     80.     80.
基本组合Q(kN)        13.04   12.11   10.42    8.05    5.55    3.62   -2.22   -3.90   -4.83
Asv(mm2)               28.     28.     28.     28.     28.     28.     28.     28.     28.
标准恒载M(kN.m)      -6.51   -4.28   -2.30   -0.66    0.46    1.10    1.20    0.97    0.49
标准恒载Q(kN)         6.99    6.38    5.38    4.02    2.60    1.17   -0.19   -1.19   -1.80
  
梁编号  35
B*H(mm)=200*200   L(mm)= 3600
                    -I-     -1-     -2-     -3-     -4-     -5-     -6-     -7-     -J-
基本组合+M(kN.m)     3.14    6.92   10.56   12.75   13.48   12.73   10.53    6.88    3.09
基本组合-M(kN.m)    -1.40    0.00    0.00    0.00    0.00    0.00    0.00    0.00   -1.39
标准组合+M(kN.m)     3.02    5.90    8.80   10.55   11.14   10.53    8.77    5.86    2.98
标准组合-M(kN.m)    -1.61    0.00    0.00    0.00    0.00    0.00    0.00    0.00   -1.60
准永久组合+M(kN.m)    1.50    4.21    6.66    8.13    8.62    8.12    6.64    4.19    1.47
准永久组合-M(kN.m)   -0.36    0.00    0.00    0.00    0.00    0.00    0.00    0.00   -0.36
-As(mm2)               80.      0.      0.      0.      0.      0.      0.      0.     80.
+As(mm2)               80.    134.    211.    260.    276.    259.    210.    134.     80.
基本组合Q(kN)        11.65   10.24    7.50    4.16   -0.83   -4.17   -7.51  -10.26  -11.66
Asv(mm2)               28.     28.     28.     28.     28.     28.     28.     28.     28.
标准恒载M(kN.m)       0.48    3.09    5.23    6.52    6.94    6.51    5.23    3.08    0.47
标准恒载Q(kN)         6.29    5.40    3.80    1.90    0.00   -1.91   -3.81   -5.40   -6.30
  
梁编号  36
B*H(mm)=200*200   L(mm)= 2700
                    -I-     -1-     -2-     -3-     -4-     -5-     -6-     -7-     -J-
基本组合+M(kN.m)     3.12    3.52    3.66    3.72    2.92    1.33    0.00    0.00    0.00
基本组合-M(kN.m)    -1.37   -0.45   -0.01   -0.50   -1.79   -3.78   -6.53   -9.79  -13.54
标准组合+M(kN.m)     3.00    3.24    3.30    3.41    2.85    1.65    0.00    0.00    0.00
标准组合-M(kN.m)    -1.58   -0.81   -0.45   -0.90   -1.97   -3.57   -5.74   -8.31  -11.29
准永久组合+M(kN.m)    1.49    1.86    2.01    1.97    1.36    0.20    0.00    0.00    0.00
准永久组合-M(kN.m)   -0.34    0.00    0.00    0.00   -0.57   -1.89   -3.76   -5.99   -8.53
-As(mm2)               80.     80.     80.     80.     80.     80.    127.    194.    278.
+As(mm2)               80.     80.     80.     80.     80.     80.      0.      0.      0.
基本组合Q(kN)         4.72    3.78    2.10   -3.69   -5.61   -8.12  -10.49  -12.17  -13.11
Asv(mm2)               28.     28.     28.     28.     28.     28.     28.     28.     28.
标准恒载M(kN.m)       0.48    0.94    1.15    1.02    0.36   -0.77   -2.44   -4.44   -6.69
标准恒载Q(kN)         1.74    1.13    0.13   -1.23   -2.66   -4.09   -5.44   -6.44   -7.05
  
梁编号  37
B*H(mm)=200*200   L(mm)= 2700
                    -I-     -1-     -2-     -3-     -4-     -5-     -6-     -7-     -J-
基本组合+M(kN.m)     0.00    0.00    0.00    0.00    0.00    0.00    0.00    0.00    0.00
基本组合-M(kN.m)   -13.53  -10.81   -8.60   -7.31   -6.75   -6.86   -7.78   -9.61  -11.91
标准组合+M(kN.m)     0.00    0.00    0.00    0.00    0.00    0.00    0.00    0.00    0.00
标准组合-M(kN.m)   -11.28   -9.06   -7.26   -6.29   -5.85   -5.92   -6.60   -8.10   -9.98
准永久组合+M(kN.m)    0.00    0.00    0.00    0.00    0.00    0.00    0.00    0.00    0.00
准永久组合-M(kN.m)   -8.52   -6.75   -5.30   -4.38   -3.99   -4.09   -4.76   -5.95   -7.45
-As(mm2)              277.    217.    169.    142.    131.    133.    152.    191.    241.
+As(mm2)                0.      0.      0.      0.      0.      0.      0.      0.      0.
基本组合Q(kN)        10.05    9.12    7.44    5.06    2.56   -3.96   -6.33   -8.02   -8.95
Asv(mm2)               28.     28.     28.     28.     28.     28.     28.     28.     28.
标准恒载M(kN.m)      -6.68   -5.21   -3.99   -3.11   -2.75   -2.87   -3.53   -4.51   -5.75
标准恒载Q(kN)         4.74    4.13    3.13    1.77    0.34   -1.08   -2.44   -3.44   -4.05
  
梁编号  38
B*H(mm)=200*200   L(mm)= 2700
                    -I-     -1-     -2-     -3-     -4-     -5-     -6-     -7-     -J-
基本组合+M(kN.m)     0.00    0.00    0.22    2.63    4.13    4.82    4.99    4.83    4.58
基本组合-M(kN.m)   -11.92   -8.14   -4.75   -1.85    0.00    0.00    0.00    0.00    0.00
标准组合+M(kN.m)     0.00    0.00    0.76    2.58    3.67    4.10    4.22    4.12    4.02
标准组合-M(kN.m)    -9.99   -6.99   -4.30   -2.00   -0.24    0.00    0.00    0.00    0.00
准永久组合+M(kN.m)    0.00    0.00    0.00    1.20    2.34    2.93    3.07    2.93    2.64
准永久组合-M(kN.m)   -7.45   -4.88   -2.58   -0.63    0.00    0.00    0.00    0.00    0.00
-As(mm2)              241.    160.     91.     80.      0.      0.      0.      0.      0.
+As(mm2)                0.      0.     80.     80.     80.     92.     96.     92.     87.
基本组合Q(kN)        13.13   12.20   10.52    8.14    5.73    3.80   -1.99   -3.68   -4.61
Asv(mm2)               28.     28.     28.     28.     28.     28.     28.     28.     28.
标准恒载M(kN.m)      -5.76   -3.47   -1.43    0.27    1.45    2.14    2.31    2.14    1.72
标准恒载Q(kN)         7.17    6.56    5.56    4.20    2.77    1.34   -0.01   -1.01   -1.62
  
梁编号  39
B*H(mm)=200*200   L(mm)= 3960
                    -I-     -1-     -2-     -3-     -4-     -5-     -6-     -7-     -J-
基本组合+M(kN.m)     4.56    7.28    9.32    9.50    7.86    4.48    0.00    0.00    0.00
基本组合-M(kN.m)     0.00    0.00    0.00    0.00    0.00    0.00   -1.41   -8.21  -16.33
标准组合+M(kN.m)     4.01    6.08    7.70    7.82    6.47    3.73    0.00    0.00    0.00
标准组合-M(kN.m)     0.00    0.00    0.00    0.00    0.00    0.00   -1.17   -6.61  -13.16
准永久组合+M(kN.m)    2.63    4.57    5.96    6.11    5.06    2.82    0.00    0.00    0.00
准永久组合-M(kN.m)    0.00    0.00    0.00    0.00    0.00    0.00   -0.89   -5.46  -10.84
-As(mm2)                0.      0.      0.      0.      0.      0.     80.    161.    344.
+As(mm2)               87.    142.    184.    188.    154.     85.      0.      0.      0.
基本组合Q(kN)         8.12    6.50    3.30   -1.69   -5.15   -8.83  -12.50  -15.70  -17.33
Asv(mm2)               28.     28.     28.     28.     28.     28.     28.     28.     28.
标准恒载M(kN.m)       1.71    3.56    4.80    4.97    4.12    2.22   -0.71   -4.70   -9.30
标准恒载Q(kN)         4.28    3.25    1.41   -0.69   -2.78   -4.87   -6.97   -8.81   -9.84
  
梁编号  40
B*H(mm)=260*300   L(mm)= 1750
                    -I-     -1-     -2-     -3-     -4-     -5-     -6-     -7-     -J-
基本组合+M(kN.m)     0.00    0.00    0.00    0.00    0.00    0.00    0.00    0.00    0.00
基本组合-M(kN.m)    -0.01   -4.55   -9.36  -14.42  -19.79  -26.25  -33.02  -40.10  -47.49
标准组合+M(kN.m)     0.00    0.00    0.00    0.00    0.00    0.00    0.00    0.00    0.00
标准组合-M(kN.m)    -0.01   -3.76   -7.71  -11.85  -16.23  -21.51  -27.04  -32.80  -38.82
准永久组合+M(kN.m)    0.00    0.00    0.00    0.00    0.00    0.00    0.00    0.00    0.00
准永久组合-M(kN.m)    0.00   -2.91   -6.00   -9.29  -12.78  -16.98  -21.39  -26.01  -30.84
-As(mm2)              156.    156.    156.    177.    246.    331.    424.    525.    635.
+As(mm2)                0.      0.      0.      0.      0.      0.      0.      0.      0.
基本组合Q(kN)       -20.21  -21.01  -22.25  -24.35  -27.13  -29.92  -32.08  -33.60  -34.49
Asv(mm2)               28.     28.     28.     28.     28.     28.     28.     28.     28.
标准恒载M(kN.m)       0.00   -2.34   -4.86   -7.58  -10.48  -13.96  -17.63  -21.48  -25.53
标准恒载Q(kN)       -10.25  -10.84  -11.76  -13.01  -14.59  -16.17  -17.42  -18.34  -18.93
  
梁编号  41
B*H(mm)=260*300   L(mm)= 5960
                    -I-     -1-     -2-     -3-     -4-     -5-     -6-     -7-     -J-
基本组合+M(kN.m)     0.00    0.67   34.02   54.27   61.66   56.20   37.89    6.47    0.00
基本组合-M(kN.m)   -50.37  -12.23    0.00    0.00    0.00    0.00    0.00   -6.28  -41.76
标准组合+M(kN.m)     0.00    2.12   28.91   45.15   51.05   46.60   31.81    6.48    0.00
标准组合-M(kN.m)   -41.10  -11.04    0.00    0.00    0.00    0.00    0.00   -6.52  -34.40
准永久组合+M(kN.m)    0.00    0.00   20.79   34.31   39.29   35.72   23.61    2.79    0.00
准永久组合-M(kN.m)  -32.80   -6.70    0.00    0.00    0.00    0.00    0.00   -2.42  -26.81
-As(mm2)              679.    156.      0.      0.      0.      0.      0.    156.    549.
+As(mm2)                0.    156.    438.    741.    862.    772.    493.    156.      0.
基本组合Q(kN)        59.74   52.10   37.26   20.00    2.75  -17.27  -34.53  -49.37  -57.01
Asv(mm2)               28.     28.     28.     28.     28.     28.     28.     28.     28.
标准恒载M(kN.m)     -27.27   -3.81   15.38   27.09   31.45   28.47   18.13    0.32  -21.75
标准恒载Q(kN)        34.11   29.25   20.65   10.79    0.93   -8.94  -18.80  -27.40  -32.25
  
梁编号  42
B*H(mm)=260*300   L(mm)= 1500
                    -I-     -1-     -2-     -3-     -4-     -5-     -6-     -7-     -J-
基本组合+M(kN.m)     0.00    0.00    0.00    0.00    0.00    0.00    0.00    0.00    0.00
基本组合-M(kN.m)   -38.43  -32.61  -27.02  -21.64  -16.48  -12.04   -7.85   -3.84   -0.01
标准组合+M(kN.m)     0.00    0.00    0.00    0.00    0.00    0.00    0.00    0.00    0.00
标准组合-M(kN.m)   -31.76  -26.98  -22.37  -17.93  -13.66   -9.99   -6.53   -3.20   -0.01
准永久组合+M(kN.m)    0.00    0.00    0.00    0.00    0.00    0.00    0.00    0.00    0.00
准永久组合-M(kN.m)  -24.54  -20.81  -17.22  -13.77  -10.48   -7.64   -4.96   -2.42    0.00
-As(mm2)              501.    418.    342.    270.    203.    156.    156.    156.    156.
+As(mm2)                0.      0.      0.      0.      0.      0.      0.      0.      0.
基本组合Q(kN)        31.58   30.84   29.59   27.85   25.61   23.37   21.63   20.65   19.99
Asv(mm2)               28.     28.     28.     28.     28.     28.     28.     28.     28.
标准恒载M(kN.m)     -19.73  -16.69  -13.78  -11.00   -8.35   -6.07   -3.92   -1.90    0.00
标准恒载Q(kN)        16.55   16.06   15.34   14.37   13.15   11.94   10.97   10.24    9.76
  
梁编号  43
B*H(mm)=260*300   L(mm)= 1750
                    -I-     -1-     -2-     -3-     -4-     -5-     -6-     -7-     -J-
基本组合+M(kN.m)     0.00    0.00    0.00    0.00    0.00    0.00    0.00    0.00    0.00
基本组合-M(kN.m)    -0.01   -5.17  -10.60  -16.28  -22.23  -29.29  -36.67  -44.36  -52.36
标准组合+M(kN.m)     0.00    0.00    0.00    0.00    0.00    0.00    0.00    0.00    0.00
标准组合-M(kN.m)    -0.01   -4.26   -8.71  -13.35  -18.19  -23.95  -29.97  -36.22  -42.72
准永久组合+M(kN.m)    0.00    0.00    0.00    0.00    0.00    0.00    0.00    0.00    0.00
准永久组合-M(kN.m)    0.00   -3.32   -6.83  -10.52  -14.41  -19.02  -23.83  -28.86  -34.10
-As(mm2)              156.    156.    156.    201.    278.    373.    476.    588.    710.
+As(mm2)                0.      0.      0.      0.      0.      0.      0.      0.      0.
基本组合Q(kN)       -23.04  -23.84  -25.08  -27.13  -29.92  -32.70  -34.86  -36.38  -37.28
Asv(mm2)               28.     28.     28.     28.     28.     28.     28.     28.     28.
标准恒载M(kN.m)       0.00   -2.69   -5.57   -8.64  -11.89  -15.73  -19.74  -23.95  -28.35
标准恒载Q(kN)       -11.86  -12.45  -13.37  -14.62  -16.20  -17.78  -19.03  -19.95  -20.54
  
梁编号  44
B*H(mm)=260*300   L(mm)= 5960
                    -I-     -1-     -2-     -3-     -4-     -5-     -6-     -7-     -J-
基本组合+M(kN.m)     0.00    0.00   30.52   50.89   58.40   53.06   34.86    3.56    0.00
基本组合-M(kN.m)   -54.65  -16.13    0.00    0.00    0.00    0.00    0.00   -9.06  -44.65
标准组合+M(kN.m)     0.00    0.00   26.20   42.52   48.51   44.15   29.45    4.19    0.00
标准组合-M(kN.m)   -44.53  -14.12    0.00    0.00    0.00    0.00    0.00   -8.68  -36.70
准永久组合+M(kN.m)    0.00    0.00   18.33   31.94   37.01   33.54   21.52    0.79    0.00
准永久组合-M(kN.m)  -35.66   -9.37    0.00    0.00    0.00    0.00    0.00   -4.36  -28.76
-As(mm2)              747.    199.      0.      0.      0.      0.      0.    156.    592.
+As(mm2)                0.      0.    389.    687.    808.    721.    450.    156.      0.
基本组合Q(kN)        59.93   52.30   37.46   20.20    2.94  -17.07  -34.33  -49.17  -56.81
Asv(mm2)               28.     28.     28.     28.     28.     28.     28.     28.     28.
标准恒载M(kN.m)     -29.75   -6.20   13.09   24.89   29.35   26.46   16.23   -1.49  -23.46
标准恒载Q(kN)        34.23   29.38   20.78   10.92    1.05   -8.81  -18.67  -27.27  -32.13
  
梁编号  45
B*H(mm)=260*300   L(mm)= 1500
                    -I-     -1-     -2-     -3-     -4-     -5-     -6-     -7-     -J-
基本组合+M(kN.m)     0.00    0.00    0.00    0.00    0.00    0.00    0.00    0.00    0.00
基本组合-M(kN.m)   -41.84  -35.60  -29.58  -23.78  -18.19  -13.34   -8.72   -4.28   -0.01
标准组合+M(kN.m)     0.00    0.00    0.00    0.00    0.00    0.00    0.00    0.00    0.00
标准组合-M(kN.m)   -34.48  -29.36  -24.41  -19.63  -15.03  -11.04   -7.23   -3.55   -0.01
准永久组合+M(kN.m)    0.00    0.00    0.00    0.00    0.00    0.00    0.00    0.00    0.00
准永久组合-M(kN.m)  -26.84  -22.82  -18.94  -15.21  -11.63   -8.51   -5.55   -2.71   -0.01
-As(mm2)              550.    460.    377.    298.    225.    163.    156.    156.    156.
+As(mm2)                0.      0.      0.      0.      0.      0.      0.      0.      0.
基本组合Q(kN)        33.85   33.11   31.87   30.13   27.89   25.65   23.95   22.97   22.31
Asv(mm2)               28.     28.     28.     28.     28.     28.     28.     28.     28.
标准恒载M(kN.m)     -21.74  -18.45  -15.29  -12.26   -9.36   -6.83   -4.42   -2.15    0.00
标准恒载Q(kN)        17.89   17.40   16.68   15.71   14.49   13.28   12.31   11.58   11.10
  
梁编号  46
B*H(mm)=260*300   L(mm)= 1750
                    -I-     -1-     -2-     -3-     -4-     -5-     -6-     -7-     -J-
基本组合+M(kN.m)     0.01    0.00    0.00    0.00    0.00    0.00    0.00    0.00    0.00
基本组合-M(kN.m)     0.00   -3.65   -7.57  -11.74  -16.25  -21.82  -27.71  -33.91  -40.41
标准组合+M(kN.m)     0.01    0.00    0.00    0.00    0.00    0.00    0.00    0.00    0.00
标准组合-M(kN.m)     0.00   -3.03   -6.25   -9.66  -13.33  -17.89  -22.69  -27.73  -33.03
准永久组合+M(kN.m)    0.01    0.00    0.00    0.00    0.00    0.00    0.00    0.00    0.00
准永久组合-M(kN.m)    0.00   -2.33   -4.85   -7.56  -10.49  -14.11  -17.95  -22.00  -26.26
-As(mm2)                0.    156.    156.    156.    200.    273.    351.    437.    530.
+As(mm2)              156.      0.      0.      0.      0.      0.      0.      0.      0.
基本组合Q(kN)       -16.15  -16.95  -18.19  -20.31  -23.10  -25.89  -28.04  -29.57  -30.46
Asv(mm2)               28.     28.     28.     28.     28.     28.     28.     28.     28.
标准恒载M(kN.m)       0.00   -1.86   -3.92   -6.16   -8.59  -11.60  -14.79  -18.18  -21.75
标准恒载Q(kN)        -8.09   -8.68   -9.60  -10.85  -12.43  -14.01  -15.26  -16.18  -16.77
  
梁编号  47
B*H(mm)=260*300   L(mm)= 5960
                    -I-     -1-     -2-     -3-     -4-     -5-     -6-     -7-     -J-
基本组合+M(kN.m)     0.00    0.00    0.00    0.00    0.00    0.00    0.00    0.00    0.00
基本组合-M(kN.m)   -37.15  -30.45  -25.91  -22.84  -21.24  -21.10  -22.43  -25.22  -30.13
标准组合+M(kN.m)     0.00    0.00    0.00    0.00    0.00    0.00    0.00    0.00    0.00
标准组合-M(kN.m)   -30.34  -25.16  -21.77  -19.48  -18.27  -18.15  -19.11  -21.16  -24.96
准永久组合+M(kN.m)    0.00    0.00    0.00    0.00    0.00    0.00    0.00    0.00    0.00
准永久组合-M(kN.m)  -24.16  -19.46  -16.12  -13.88  -12.72  -12.64  -13.64  -15.73  -19.17
-As(mm2)              482.    389.    327.    286.    265.    263.    281.    318.    384.
+As(mm2)                0.      0.      0.      0.      0.      0.      0.      0.      0.
基本组合Q(kN)        10.62    8.66    6.70    4.74    2.78   -2.55   -4.51   -6.47   -8.43
Asv(mm2)               28.     28.     28.     28.     28.     28.     28.     28.     28.
标准恒载M(kN.m)     -20.04  -15.66  -12.36  -10.15   -9.01   -8.96  -10.00  -12.11  -15.31
标准恒载Q(kN)         6.60    5.15    3.70    2.25    0.79   -0.66   -2.11   -3.57   -5.02
  
梁编号  48
B*H(mm)=260*300   L(mm)= 1500
                    -I-     -1-     -2-     -3-     -4-     -5-     -6-     -7-     -J-
基本组合+M(kN.m)     0.00    0.00    0.00    0.00    0.00    0.00    0.00    0.00    0.01
基本组合-M(kN.m)   -33.06  -27.88  -22.93  -18.21  -13.71   -9.94   -6.43   -3.12    0.00
标准组合+M(kN.m)     0.00    0.00    0.00    0.00    0.00    0.00    0.00    0.00    0.01
标准组合-M(kN.m)   -27.39  -23.12  -19.04  -15.13  -11.41   -8.28   -5.38   -2.62    0.00
准永久组合+M(kN.m)    0.00    0.00    0.00    0.00    0.00    0.00    0.00    0.00    0.01
准永久组合-M(kN.m)  -21.04  -17.72  -14.54  -11.52   -8.66   -6.26   -4.03   -1.95    0.00
-As(mm2)              425.    353.    287.    226.    168.    156.    156.    156.      0.
+As(mm2)                0.      0.      0.      0.      0.      0.      0.      0.    156.
基本组合Q(kN)        28.23   27.44   26.14   24.34   22.05   19.75   17.95   16.89   16.18
Asv(mm2)               28.     28.     28.     28.     28.     28.     28.     28.     28.
标准恒载M(kN.m)     -16.82  -14.11  -11.55   -9.12   -6.83   -4.91   -3.14   -1.50    0.00
标准恒载Q(kN)        14.78   14.25   13.48   12.47   11.21    9.96    8.95    8.18    7.65
  
梁编号  49
B*H(mm)=260*300   L(mm)= 1750
                    -I-     -1-     -2-     -3-     -4-     -5-     -6-     -7-     -J-
基本组合+M(kN.m)     0.01    0.00    0.00    0.00    0.00    0.00    0.00    0.00    0.00
基本组合-M(kN.m)     0.00   -3.64   -7.54  -11.69  -16.18  -21.74  -27.61  -33.79  -40.28
标准组合+M(kN.m)     0.01    0.00    0.00    0.00    0.00    0.00    0.00    0.00    0.00
标准组合-M(kN.m)     0.00   -3.01   -6.22   -9.62  -13.28  -17.83  -22.61  -27.65  -32.92
准永久组合+M(kN.m)    0.01    0.00    0.00    0.00    0.00    0.00    0.00    0.00    0.00
准永久组合-M(kN.m)    0.00   -2.31   -4.82   -7.52  -10.44  -14.05  -17.88  -21.91  -26.16
-As(mm2)                0.    156.    156.    156.    199.    272.    350.    435.    528.
+As(mm2)              156.      0.      0.      0.      0.      0.      0.      0.      0.
基本组合Q(kN)       -16.08  -16.87  -18.12  -20.23  -23.02  -25.81  -27.96  -29.49  -30.38
Asv(mm2)               28.     28.     28.     28.     28.     28.     28.     28.     28.
标准恒载M(kN.m)       0.00   -1.85   -3.89   -6.12   -8.54  -11.54  -14.72  -18.09  -21.65
标准恒载Q(kN)        -8.04   -8.63   -9.55  -10.80  -12.38  -13.95  -15.20  -16.12  -16.72
  
梁编号  50
B*H(mm)=260*300   L(mm)= 5960
                    -I-     -1-     -2-     -3-     -4-     -5-     -6-     -7-     -J-
基本组合+M(kN.m)     0.00    0.00    0.00    0.00    0.00    0.00    0.00    0.00    0.00
基本组合-M(kN.m)   -37.03  -30.32  -25.79  -22.73  -21.13  -21.00  -22.33  -25.13  -30.06
标准组合+M(kN.m)     0.00    0.00    0.00    0.00    0.00    0.00    0.00    0.00    0.00
标准组合-M(kN.m)   -30.26  -25.06  -21.67  -19.38  -18.18  -18.05  -19.02  -21.07  -24.89
准永久组合+M(kN.m)    0.00    0.00    0.00    0.00    0.00    0.00    0.00    0.00    0.00
准永久组合-M(kN.m)  -24.07  -19.37  -16.04  -13.80  -12.65  -12.58  -13.59  -15.69  -19.14
-As(mm2)              481.    387.    325.    285.    264.    262.    279.    316.    383.
+As(mm2)                0.      0.      0.      0.      0.      0.      0.      0.      0.
基本组合Q(kN)        10.59    8.63    6.67    4.71    2.75   -2.57   -4.53   -6.49   -8.45
Asv(mm2)               28.     28.     28.     28.     28.     28.     28.     28.     28.
标准恒载M(kN.m)     -19.95  -15.58  -12.29  -10.09   -8.97   -8.93   -9.97  -12.10  -15.31
标准恒载Q(kN)         6.59    5.14    3.68    2.23    0.78   -0.67   -2.13   -3.58   -5.03
  
梁编号  51
B*H(mm)=260*300   L(mm)= 1500
                    -I-     -1-     -2-     -3-     -4-     -5-     -6-     -7-     -J-
基本组合+M(kN.m)     0.00    0.00    0.00    0.00    0.00    0.00    0.00    0.00    0.01
基本组合-M(kN.m)   -32.98  -27.81  -22.87  -18.15  -13.67   -9.91   -6.41   -3.11    0.00
标准组合+M(kN.m)     0.00    0.00    0.00    0.00    0.00    0.00    0.00    0.00    0.01
标准组合-M(kN.m)   -27.30  -23.05  -18.97  -15.08  -11.37   -8.25   -5.36   -2.61    0.00
准永久组合+M(kN.m)    0.00    0.00    0.00    0.00    0.00    0.00    0.00    0.00    0.01
准永久组合-M(kN.m)  -21.01  -17.68  -14.52  -11.50   -8.64   -6.25   -4.02   -1.94    0.00
-As(mm2)              424.    352.    286.    225.    168.    156.    156.    156.      0.
+As(mm2)                0.      0.      0.      0.      0.      0.      0.      0.    156.
基本组合Q(kN)        28.18   27.38   26.08   24.29   21.99   19.70   17.90   16.84   16.13
Asv(mm2)               28.     28.     28.     28.     28.     28.     28.     28.     28.
标准恒载M(kN.m)     -16.81  -14.11  -11.54   -9.12   -6.82   -4.91   -3.14   -1.50    0.00
标准恒载Q(kN)        14.77   14.24   13.47   12.46   11.21    9.96    8.94    8.17    7.65
  
梁编号  52
B*H(mm)=260*300   L(mm)= 1750
                    -I-     -1-     -2-     -3-     -4-     -5-     -6-     -7-     -J-
基本组合+M(kN.m)     0.00    0.00    0.00    0.00    0.00    0.00    0.00    0.00    0.00
基本组合-M(kN.m)    -0.01   -5.14  -10.54  -16.18  -22.10  -29.13  -36.48  -44.14  -52.10
标准组合+M(kN.m)     0.00    0.00    0.00    0.00    0.00    0.00    0.00    0.00    0.00
标准组合-M(kN.m)    -0.01   -4.24   -8.66  -13.27  -18.08  -23.82  -29.80  -36.03  -42.51
准永久组合+M(kN.m)    0.00    0.00    0.00    0.00    0.00    0.00    0.00    0.00    0.00
准永久组合-M(kN.m)    0.00   -3.30   -6.79  -10.46  -14.33  -18.92  -23.71  -28.72  -33.94
-As(mm2)              156.    156.    156.    200.    276.    371.    473.    584.    706.
+As(mm2)                0.      0.      0.      0.      0.      0.      0.      0.      0.
基本组合Q(kN)       -22.90  -23.70  -24.94  -26.98  -29.77  -32.56  -34.71  -36.24  -37.13
Asv(mm2)               28.     28.     28.     28.     28.     28.     28.     28.     28.
标准恒载M(kN.m)       0.00   -2.68   -5.54   -8.59  -11.83  -15.65  -19.65  -23.85  -28.23
标准恒载Q(kN)       -11.79  -12.38  -13.30  -14.55  -16.13  -17.71  -18.96  -19.88  -20.47
  
梁编号  53
B*H(mm)=260*300   L(mm)= 5960
                    -I-     -1-     -2-     -3-     -4-     -5-     -6-     -7-     -J-
基本组合+M(kN.m)     0.00    0.00   30.33   50.62   58.05   52.63   34.36    2.99    0.00
基本组合-M(kN.m)   -54.38  -15.88    0.00    0.00    0.00    0.00    0.00   -9.55  -45.36
标准组合+M(kN.m)     0.00    0.00   26.01   42.27   48.20   43.78   29.03    3.73    0.00
标准组合-M(kN.m)   -44.31  -13.88    0.00    0.00    0.00    0.00    0.00   -9.06  -37.28
准永久组合+M(kN.m)    0.00    0.00   18.25   31.81   36.81   33.28   21.19    0.41    0.00
准永久组合-M(kN.m)  -35.50   -9.23    0.00    0.00    0.00    0.00    0.00   -4.71  -29.22
-As(mm2)              743.    196.      0.      0.      0.      0.      0.    156.    603.
+As(mm2)                0.      0.    387.    683.    802.    715.    443.    156.      0.
基本组合Q(kN)        59.80   52.16   37.32   20.07    2.81  -17.20  -34.46  -49.30  -56.94
Asv(mm2)               28.     28.     28.     28.     28.     28.     28.     28.     28.
标准恒载M(kN.m)     -29.62   -6.14   13.09   24.83   29.22   26.27   15.97   -1.81  -23.85
标准恒载Q(kN)        34.15   29.30   20.69   10.83    0.97   -8.89  -18.76  -27.36  -32.21
  
梁编号  54
B*H(mm)=260*300   L(mm)= 1500
                    -I-     -1-     -2-     -3-     -4-     -5-     -6-     -7-     -J-
基本组合+M(kN.m)     0.00    0.00    0.00    0.00    0.00    0.00    0.00    0.00    0.00
基本组合-M(kN.m)   -42.60  -36.27  -30.15  -24.25  -18.57  -13.63   -8.91   -4.37   -0.01
标准组合+M(kN.m)     0.00    0.00    0.00    0.00    0.00    0.00    0.00    0.00    0.00
标准组合-M(kN.m)   -35.10  -29.90  -24.87  -20.02  -15.33  -11.27   -7.39   -3.63   -0.01
准永久组合+M(kN.m)    0.00    0.00    0.00    0.00    0.00    0.00    0.00    0.00    0.00
准永久组合-M(kN.m)  -27.34  -23.25  -19.31  -15.52  -11.87   -8.70   -5.67   -2.77   -0.01
-As(mm2)              562.    470.    384.    305.    230.    167.    156.    156.    156.
+As(mm2)                0.      0.      0.      0.      0.      0.      0.      0.      0.
基本组合Q(kN)        34.36   33.62   32.38   30.64   28.40   26.16   24.46   23.48   22.82
Asv(mm2)               28.     28.     28.     28.     28.     28.     28.     28.     28.
标准恒载M(kN.m)     -22.16  -18.82  -15.61  -12.52   -9.57   -6.98   -4.53   -2.20    0.00
标准恒载Q(kN)        18.17   17.68   16.96   15.98   14.77   13.56   12.59   11.86   11.38
  
梁编号  55
B*H(mm)=260*300   L(mm)= 1750
                    -I-     -1-     -2-     -3-     -4-     -5-     -6-     -7-     -J-
基本组合+M(kN.m)     0.00    0.00    0.00    0.00    0.00    0.00    0.00    0.00    0.00
基本组合-M(kN.m)    -0.01   -4.90  -10.06  -15.47  -21.13  -27.92  -35.02  -42.43  -50.16
标准组合+M(kN.m)     0.00    0.00    0.00    0.00    0.00    0.00    0.00    0.00    0.00
标准组合-M(kN.m)    -0.01   -4.04   -8.27  -12.68  -17.29  -22.82  -28.60  -34.63  -40.90
准永久组合+M(kN.m)    0.00    0.00    0.00    0.00    0.00    0.00    0.00    0.00    0.00
准永久组合-M(kN.m)    0.00   -3.15   -6.48  -10.00  -13.71  -18.14  -22.78  -27.63  -32.69
-As(mm2)              156.    156.    156.    190.    264.    354.    452.    559.    676.
+As(mm2)                0.      0.      0.      0.      0.      0.      0.      0.      0.
基本组合Q(kN)       -21.81  -22.61  -23.85  -25.87  -28.66  -31.45  -33.60  -35.13  -36.02
Asv(mm2)               28.     28.     28.     28.     28.     28.     28.     28.     28.
标准恒载M(kN.m)       0.00   -2.55   -5.29   -8.21  -11.33  -15.02  -18.90  -22.97  -27.22
标准恒载Q(kN)       -11.22  -11.81  -12.73  -13.98  -15.56  -17.13  -18.38  -19.30  -19.90
  
梁编号  56
B*H(mm)=260*300   L(mm)= 5960
                    -I-     -1-     -2-     -3-     -4-     -5-     -6-     -7-     -J-
基本组合+M(kN.m)     0.00    0.00   31.39   51.66   59.08   53.65   35.36    4.15    0.00
基本组合-M(kN.m)   -52.72  -13.70    0.00    0.00    0.00    0.00    0.00   -4.97  -42.29
标准组合+M(kN.m)     0.00    0.00   26.68   42.88   48.74   44.26   29.44    4.26    0.00
标准组合-M(kN.m)   -42.92  -12.03    0.00    0.00    0.00    0.00    0.00   -5.05  -34.86
准永久组合+M(kN.m)    0.00    0.00   19.18   32.78   37.84   34.36   22.33    1.67    0.00
准永久组合-M(kN.m)  -34.44   -7.92    0.00    0.00    0.00    0.00    0.00   -2.05  -27.12
-As(mm2)              716.    168.      0.      0.      0.      0.      0.    156.    557.
+As(mm2)                0.      0.    402.    699.    819.    731.    457.    156.      0.
基本组合Q(kN)        59.84   52.20   37.37   20.11    3.00  -16.94  -34.20  -49.04  -56.68
Asv(mm2)               28.     28.     28.     28.     28.     28.     28.     28.     28.
标准恒载M(kN.m)     -28.79   -5.18   14.18   26.05   30.58   27.76   17.59   -0.06  -21.97
标准恒载Q(kN)        34.33   29.47   20.87   11.01    1.15   -8.72  -18.58  -27.18  -32.03
  
梁编号  57
B*H(mm)=260*300   L(mm)= 1500
                    -I-     -1-     -2-     -3-     -4-     -5-     -6-     -7-     -J-
基本组合+M(kN.m)     0.00    0.00    0.00    0.00    0.00    0.00    0.00    0.00    0.00
基本组合-M(kN.m)   -39.12  -33.22  -27.54  -22.08  -16.88  -12.40   -8.09   -3.96   -0.01
标准组合+M(kN.m)     0.00    0.00    0.00    0.00    0.00    0.00    0.00    0.00    0.00
标准组合-M(kN.m)   -32.35  -27.49  -22.81  -18.30  -14.01  -10.32   -6.75   -3.31    0.00
准永久组合+M(kN.m)    0.00    0.00    0.00    0.00    0.00    0.00    0.00    0.00    0.00
准永久组合-M(kN.m)  -24.97  -21.18  -17.54  -14.04  -10.71   -7.84   -5.10   -2.49    0.00
-As(mm2)              511.    427.    349.    276.    208.    156.    156.    156.    156.
+As(mm2)                0.      0.      0.      0.      0.      0.      0.      0.      0.
基本组合Q(kN)        32.04   31.30   30.06   28.32   26.08   23.84   22.28   21.30   20.64
Asv(mm2)               28.     28.     28.     28.     28.     28.     28.     28.     28.
标准恒载M(kN.m)     -20.05  -16.97  -14.02  -11.20   -8.51   -6.19   -4.00   -1.94    0.00
标准恒载Q(kN)        16.76   16.28   15.55   14.58   13.37   12.15   11.18   10.46    9.97
  
梁编号  58
B*H(mm)=260*300   L(mm)= 1750
                    -I-     -1-     -2-     -3-     -4-     -5-     -6-     -7-     -J-
基本组合+M(kN.m)     0.01    0.00    0.00    0.00    0.00    0.00    0.00    0.00    0.00
基本组合-M(kN.m)     0.00   -2.86   -5.98   -9.37  -13.12  -17.91  -23.01  -28.43  -34.15
标准组合+M(kN.m)     0.01    0.00    0.00    0.00    0.00    0.00    0.00    0.00    0.00
标准组合-M(kN.m)     0.00   -2.40   -4.99   -7.78  -10.86  -14.80  -18.98  -23.41  -28.08
准永久组合+M(kN.m)    0.00    0.00    0.00    0.00    0.00    0.00    0.00    0.00    0.00
准永久组合-M(kN.m)    0.00   -1.79   -3.77   -5.94   -8.35  -11.44  -14.74  -18.26  -21.98
-As(mm2)                0.    156.    156.    156.    161.    222.    288.    361.    440.
+As(mm2)              156.      0.      0.      0.      0.      0.      0.      0.      0.
基本组合Q(kN)       -12.52  -13.32  -14.57  -16.73  -19.52  -22.31  -24.46  -25.99  -26.88
Asv(mm2)               28.     28.     28.     28.     28.     28.     28.     28.     28.
标准恒载M(kN.m)       0.00   -1.38   -2.96   -4.72   -6.67   -9.20  -11.92  -14.82  -17.92
标准恒载Q(kN)        -5.90   -6.49   -7.41   -8.66  -10.24  -11.82  -13.07  -13.99  -14.58
  
梁编号  59
B*H(mm)=260*300   L(mm)= 3730
                    -I-     -1-     -2-     -3-     -4-     -5-     -6-     -7-     -J-
基本组合+M(kN.m)     0.00    0.00    0.00    0.00    0.00    0.00    0.85    4.45    7.48
基本组合-M(kN.m)   -32.81  -25.77  -19.31  -13.41   -8.09   -3.34    0.00    0.00    0.00
标准组合+M(kN.m)     0.00    0.00    0.00    0.00    0.00    0.00    0.63    3.74    6.43
标准组合-M(kN.m)   -26.97  -21.31  -16.08  -11.27   -6.88   -2.92    0.00    0.00    0.00
准永久组合+M(kN.m)    0.00    0.00    0.00    0.00    0.00    0.00    0.63    2.77    4.49
准永久组合-M(kN.m)  -21.13  -16.45  -12.19   -8.35   -4.93   -1.94    0.00    0.00    0.00
-As(mm2)              421.    325.    240.    164.    156.    156.      0.      0.      0.
+As(mm2)                0.      0.      0.      0.      0.      0.    156.    156.    156.
基本组合Q(kN)        15.71   14.48   13.26   12.03   10.80    9.58    8.35    7.12    5.89
Asv(mm2)               28.     28.     28.     28.     28.     28.     28.     28.     28.
标准恒载M(kN.m)     -17.24  -13.20   -9.59   -6.40   -3.64   -1.29    0.63    2.12    3.19
标准恒载Q(kN)         9.11    8.21    7.30    6.39    5.48    4.57    3.66    2.75    1.84
  
梁编号  60
B*H(mm)=260*300   L(mm)= 1500
                    -I-     -1-     -2-     -3-     -4-     -5-     -6-     -7-     -J-
基本组合+M(kN.m)     0.00    0.00    0.00    0.00    0.00    0.00    0.01    0.06    0.01
基本组合-M(kN.m)    -3.47   -2.71   -2.05   -1.47   -0.99   -0.60   -0.30   -0.10    0.00
标准组合+M(kN.m)     0.00    0.00    0.00    0.00    0.00    0.00    0.04    0.05    0.01
标准组合-M(kN.m)    -2.83   -2.24   -1.71   -1.25   -0.86   -0.54   -0.29   -0.10    0.00
准永久组合+M(kN.m)    0.00    0.00    0.00    0.00    0.00    0.00    0.00    0.03    0.01
准永久组合-M(kN.m)   -2.26   -1.74   -1.28   -0.90   -0.58   -0.33   -0.15   -0.04    0.00
-As(mm2)              156.    156.    156.    156.    156.    156.    156.    156.      0.
+As(mm2)                0.      0.      0.      0.      0.      0.    156.    156.    156.
基本组合Q(kN)         4.30    3.80    3.31    2.82    2.32    1.83    1.34    0.84   -0.51
Asv(mm2)               28.     28.     28.     28.     28.     28.     28.     28.     28.
标准恒载M(kN.m)      -1.88   -1.41   -1.00   -0.66   -0.39   -0.19   -0.05    0.01    0.01
标准恒载Q(kN)         2.72    2.36    1.99    1.62    1.26    0.89    0.53    0.16   -0.20
  
梁编号  61
B*H(mm)=260*300   L(mm)= 3730
                    -I-     -1-     -2-     -3-     -4-     -5-     -6-     -7-     -J-
基本组合+M(kN.m)     0.00    0.00    0.47    1.80    2.56    2.76    2.37    1.42    0.00
基本组合-M(kN.m)    -3.96   -1.47    0.00    0.00    0.00    0.00    0.00    0.00   -0.11
标准组合+M(kN.m)     0.00    0.00    0.35    1.34    1.90    2.04    1.76    1.05    0.00
标准组合-M(kN.m)    -2.93   -1.09    0.00    0.00    0.00    0.00    0.00    0.00   -0.08
准永久组合+M(kN.m)    0.00    0.00    0.34    1.33    1.89    2.04    1.76    1.05    0.00
准永久组合-M(kN.m)   -2.93   -1.09    0.00    0.00    0.00    0.00    0.00    0.00   -0.08
-As(mm2)              156.    156.      0.      0.      0.      0.      0.      0.    156.
+As(mm2)                0.      0.    156.    156.    156.    156.    156.    156.      0.
基本组合Q(kN)         5.94    4.71    3.49    2.26    1.03   -0.21   -1.43   -2.66   -3.89
Asv(mm2)               28.     28.     28.     28.     28.     28.     28.     28.     28.
标准恒载M(kN.m)      -2.93   -1.09    0.33    1.32    1.89    2.03    1.75    1.05   -0.08
标准恒载Q(kN)         4.40    3.49    2.58    1.67    0.76   -0.14   -1.05   -1.96   -2.87
  
梁编号  62
B*H(mm)=260*300   L(mm)= 2230
                    -I-     -1-     -2-     -3-     -4-     -5-     -6-     -7-     -J-
基本组合+M(kN.m)     7.38    6.74    5.89    4.84    3.58    2.12    0.45    0.00    0.00
基本组合-M(kN.m)     0.00    0.00    0.00    0.00    0.00    0.00    0.00   -1.42   -3.50
标准组合+M(kN.m)     6.35    5.73    4.96    4.03    2.96    1.73    0.36    0.00    0.00
标准组合-M(kN.m)     0.00    0.00    0.00    0.00    0.00    0.00    0.00   -1.17   -2.85
准永久组合+M(kN.m)    4.43    4.12    3.66    3.05    2.29    1.37    0.31    0.00    0.00
准永久组合-M(kN.m)    0.00    0.00    0.00    0.00    0.00    0.00    0.00   -0.91   -2.28
-As(mm2)                0.      0.      0.      0.      0.      0.      0.    156.    156.
+As(mm2)              156.    156.    156.    156.    156.    156.    156.      0.      0.
基本组合Q(kN)        -1.94   -2.68   -3.41   -4.15   -4.88   -5.61   -6.35   -7.08   -7.81
Asv(mm2)               28.     28.     28.     28.     28.     28.     28.     28.     28.
标准恒载M(kN.m)       3.15    3.05    2.80    2.39    1.84    1.13    0.28   -0.73   -1.89
标准恒载Q(kN)        -0.08   -0.63   -1.17   -1.71   -2.26   -2.80   -3.34   -3.89   -4.43
  
梁编号  63
B*H(mm)=260*300   L(mm)= 3960
                    -I-     -1-     -2-     -3-     -4-     -5-     -6-     -7-     -J-
基本组合+M(kN.m)     0.00   11.84   23.28   32.06   37.19   32.20   23.56   12.26    0.00
基本组合-M(kN.m)    -2.25    0.00    0.00    0.00    0.00    0.00    0.00    0.00   -1.70
标准组合+M(kN.m)     0.00    9.59   18.88   26.03   30.23   26.14   19.10    9.93    0.00
标准组合-M(kN.m)    -1.83    0.00    0.00    0.00    0.00    0.00    0.00    0.00   -1.38
准永久组合+M(kN.m)    0.00    7.80   15.30   21.03   24.36   21.12   15.48    8.07    0.00
准永久组合-M(kN.m)   -1.48    0.00    0.00    0.00    0.00    0.00    0.00    0.00   -1.11
-As(mm2)              156.      0.      0.      0.      0.      0.      0.      0.    156.
+As(mm2)                0.    156.    292.    411.    483.    413.    295.    156.      0.
基本组合Q(kN)        31.16   28.23   22.08   12.68    0.14  -12.40  -21.80  -27.95  -30.88
Asv(mm2)               28.     28.     28.     28.     28.     28.     28.     28.     28.
标准恒载M(kN.m)      -1.24    6.60   12.91   17.70   20.45   17.78   13.06    6.83   -0.94
标准恒载Q(kN)        17.38   15.57   12.08    6.90    0.08   -6.74  -11.92  -15.42  -17.22
