///////////////////////////////////////////////////////////////////////////
/                                                                         /
/                       SPAS_SATWE截面与构件校对文件                      /
/                                                                         /
///////////////////////////////////////////////////////////////////////////
 
 ***********************截面信息*********************
 编号     截面类型      B          H          U          T          D          F     STEEL_GRADE
   1          1        240        240          0          0          0          0          0
   2          1        260        300          0          0          0          0          0
   3          1        200        200          0          0          0          0          0
 
*******************************************************
*                 第  1层构件信息                     *
*******************************************************
 
 梁总数=   63   柱总数=    0   支撑总数=    0   墙总数=   27   板总数=   24
 梁编号    塔号    截面号     转角    材料    强度等级    起点铰信息    终点铰信息    调幅    连梁    转换梁   门式钢梁   耗能梁
     1      1         3       0.000    1         25           0             0          0        0        0        0        0
     2      1         3       0.000    1         25           0             0          0        0        0        0        0
     3      1         3       0.000    1         25           0             0          0        0        0        0        0
     4      1         3       0.000    1         25           0             0          0        0        0        0        0
     5      1         3       0.000    1         25           0             0          0        0        0        0        0
     6      1         3       0.000    1         25           0             0          0        0        0        0        0
     7      1         3       0.000    1         25           0             0          0        0        0        0        0
     8      1         3       0.000    1         25           0             0          0        0        0        0        0
     9      1         2       0.000    1         25           0             0          1        0        0        0        0
    10      1         2       0.000    1         25           0             0          0        0        0        0        0
    11      1         2       0.000    1         25           0             0          0        0        0        0        0
    12      1         2       0.000    1         25           0             0          0        0        0        0        0
    13      1         2       0.000    1         25           0             0          0        0        0        0        0
    14      1         2       0.000    1         25           0             0          0        0        0        0        0
    15      1         2       0.000    1         25           0             0          0        0        0        0        0
    16      1         2       0.000    1         25           0             0          0        0        0        0        0
    17      1         2       0.000    1         25           0             0          0        0        0        0        0
    18      1         2       0.000    1         25           0             0          1        0        0        0        0
    19      1         2       0.000    1         25           0             0          1        0        0        0        0
    20      1         2       0.000    1         25           0             0          1        0        0        0        0
    21      1         2       0.000    1         25           0             0          1        0        0        0        0
    22      1         2       0.000    1         25           0             0          1        0        0        0        0
    23      1         2       0.000    1         25           0             0          1        0        0        0        0
    24      1         2       0.000    1         25           0             0          1        0        0        0        0
    25      1         2       0.000    1         25           0             0          1        0        0        0        0
    26      1         2       0.000    1         25           0             0          1        0        0        0        0
    27      1         2       0.000    1         25           0             0          1        0        0        0        0
    28      1         2       0.000    1         25           0             0          1        0        0        0        0
    29      1         2       0.000    1         25           0             0          1        0        0        0        0
    30      1         2       0.000    1         25           0             0          1        0        0        0        0
    31      1         2       0.000    1         25           0             0          1        0        0        0        0
    32      1         2       0.000    1         25           0             0          1        0        0        0        0
    33      1         2       0.000    1         25           0             0          1        0        0        0        0
    34      1         2       0.000    1         25           0             0          1        0        0        0        0
    35      1         2       0.000    1         25           0             0          1        0        0        0        0
    36      1         2       0.000    1         25           0             0          1        0        0        0        0
    37      1         2       0.000    1         25           0             0          1        0        0        0        0
    38      1         2       0.000    1         25           0             0          1        0        0        0        0
    39      1         2       0.000    1         25           0             0          1        0        0        0        0
    40      1         2       0.000    1         25           0             0          1        0        0        0        0
    41      1         2       0.000    1         25           0             0          1        0        0        0        0
    42      1         2       0.000    1         25           0             0          1        0        0        0        0
    43      1         2       0.000    1         25           0             0          1        0        0        0        0
    44      1         2       0.000    1         25           0             0          1        0        0        0        0
    45      1         2       0.000    1         25           0             0          1        0        0        0        0
    46      1         2       0.000    1         25           0             0          1        0        0        0        0
    47      1         2       0.000    1         25           0             0          0        0        0        0        0
    48      1         2       0.000    1         25           0             0          0        0        0        0        0
    49      1         2       0.000    1         25           0             0          0        0        0        0        0
    50      1         2       0.000    1         25           0             0          0        0        0        0        0
    51      1         2       0.000    1         25           0             0          0        0        0        0        0
    52      1         2       0.000    1         25           0             0          0        0        0        0        0
    53      1         2       0.000    1         25           0             0          0        0        0        0        0
    54      1         2       0.000    1         25           0             0          1        0        0        0        0
    55      1         3       0.000    1         25           0             0          0        0        0        0        0
    56      1         3       0.000    1         25           0             0          0        0        0        0        0
    57      1         3       0.000    1         25           0             0          0        0        0        0        0
    58      1         3       0.000    1         25           0             0          0        0        0        0        0
    59      1         3       0.000    1         25           0             0          0        0        0        0        0
    60      1         3       0.000    1         25           0             0          0        0        0        0        0
    61      1         3       0.000    1         25           0             0          0        0        0        0        0
    62      1         2       0.000    1         25           0             0          1        0        0        0        0
    63      1         2       0.000    1         25           0             0          1        0        0        0        0
 
 柱编号    塔号    截面号     转角    材料    强度等级    起点铰信息    终点铰信息    角柱    框支柱  门式钢柱  组合截面    上端刚域  下端刚域
 
 支撑编号  塔号    截面号    转角    材料    强度等级    起点铰信息    终点铰信息
 
 墙编号    塔号      厚度    材料  强度等级     B1           H1            B2         H2
     1      1       0.260    -1       25       0.00         0.00          0.00       0.00
     2      1       0.260    -1       25       0.00         0.00          0.00       0.00
     3      1       0.260    -1       25       0.85         0.90          1.00       1.50
     4      1       0.260    -1       25       0.00         0.00          0.00       0.00
     5      1       0.260    -1       25       0.85         0.00          1.00       2.40
     6      1       0.260    -1       25       2.34         0.00          1.00       2.40
     7      1       0.260    -1       25       0.85         0.90          1.00       1.50
     8      1       0.260    -1       25       0.00         0.00          0.00       0.00
     9      1       0.260    -1       25       0.85         0.00          1.00       2.40
    10      1       0.260    -1       25       2.50         0.00          1.00       2.40
    11      1       0.260    -1       25       0.85         0.00          1.00       2.40
    12      1       0.260    -1       25       0.00         0.00          0.00       0.00
    13      1       0.260    -1       25       0.85         0.90          1.00       1.50
    14      1       0.260    -1       25       1.05         0.90          1.50       1.50
    15      1       0.260    -1       25       0.85         0.00          1.00       2.40
    16      1       0.260    -1       25       0.00         0.00          0.00       0.00
    17      1       0.260    -1       25       0.85         0.90          1.00       1.50
    18      1       0.260    -1       25       1.23         0.90          1.50       1.50
    19      1       0.260    -1       25       0.00         0.00          0.00       0.00
    20      1       0.260    -1       25       0.00         0.00          0.00       0.00
    21      1       0.260    -1       25       0.00         0.00          0.00       0.00
    22      1       0.260    -1       25       0.00         0.00          0.00       0.00
    23      1       0.260    -1       25       0.00         0.00          0.00       0.00
    24      1       0.260    -1       25       0.00         0.00          0.00       0.00
    25      1       0.260    -1       25       0.00         0.00          0.00       0.00
    26      1       0.260    -1       25       0.00         0.00          0.00       0.00
    27      1       0.260    -1       25       0.00         0.00          0.00       0.00
 
 板编号    塔号      厚度    模式  强度等级
     1      1       0.100    -1       20
     2      1       0.100    -1       20
     3      1       0.100    -1       20
     4      1       0.100    -1       20
     5      1       0.100    -1       20
     6      1       0.100    -1       20
     7      1       0.100    -1       20
     8      1       0.100    -1       20
     9      1       0.100    -1       20
    10      1       0.100    -1       20
    11      1       0.100    -1       20
    12      1       0.100    -1       20
    13      1       0.100    -1       20
    14      1       0.100    -1       20
    15      1       0.100    -1       20
    16      1       0.100    -1       20
    17      1       0.100    -1       20
    18      1       0.100    -1       20
    19      1       0.100    -1       20
    20      1       0.100    -1       20
    21      1       0.100    -1       20
    22      1       0.100    -1       20
    23      1       0.100    -1       20
    24      1       0.100    -1       20
 
*******************************************************
*                 第  2层构件信息                     *
*******************************************************
 
 梁总数=   63   柱总数=    0   支撑总数=    0   墙总数=   27   板总数=   24
 梁编号    塔号    截面号     转角    材料    强度等级    起点铰信息    终点铰信息    调幅    连梁    转换梁   门式钢梁   耗能梁
     1      1         3       0.000    1         25           0             0          0        0        0        0        0
     2      1         3       0.000    1         25           0             0          0        0        0        0        0
     3      1         3       0.000    1         25           0             0          0        0        0        0        0
     4      1         3       0.000    1         25           0             0          0        0        0        0        0
     5      1         3       0.000    1         25           0             0          0        0        0        0        0
     6      1         3       0.000    1         25           0             0          0        0        0        0        0
     7      1         3       0.000    1         25           0             0          0        0        0        0        0
     8      1         3       0.000    1         25           0             0          0        0        0        0        0
     9      1         2       0.000    1         25           0             0          1        0        0        0        0
    10      1         2       0.000    1         25           0             0          0        0        0        0        0
    11      1         2       0.000    1         25           0             0          0        0        0        0        0
    12      1         2       0.000    1         25           0             0          0        0        0        0        0
    13      1         2       0.000    1         25           0             0          0        0        0        0        0
    14      1         2       0.000    1         25           0             0          0        0        0        0        0
    15      1         2       0.000    1         25           0             0          0        0        0        0        0
    16      1         2       0.000    1         25           0             0          0        0        0        0        0
    17      1         2       0.000    1         25           0             0          0        0        0        0        0
    18      1         2       0.000    1         25           0             0          1        0        0        0        0
    19      1         2       0.000    1         25           0             0          1        0        0        0        0
    20      1         2       0.000    1         25           0             0          1        0        0        0        0
    21      1         2       0.000    1         25           0             0          1        0        0        0        0
    22      1         2       0.000    1         25           0             0          1        0        0        0        0
    23      1         2       0.000    1         25           0             0          1        0        0        0        0
    24      1         2       0.000    1         25           0             0          1        0        0        0        0
    25      1         2       0.000    1         25           0             0          1        0        0        0        0
    26      1         2       0.000    1         25           0             0          1        0        0        0        0
    27      1         2       0.000    1         25           0             0          1        0        0        0        0
    28      1         2       0.000    1         25           0             0          1        0        0        0        0
    29      1         2       0.000    1         25           0             0          1        0        0        0        0
    30      1         2       0.000    1         25           0             0          1        0        0        0        0
    31      1         2       0.000    1         25           0             0          1        0        0        0        0
    32      1         2       0.000    1         25           0             0          1        0        0        0        0
    33      1         2       0.000    1         25           0             0          1        0        0        0        0
    34      1         2       0.000    1         25           0             0          1        0        0        0        0
    35      1         2       0.000    1         25           0             0          1        0        0        0        0
    36      1         2       0.000    1         25           0             0          1        0        0        0        0
    37      1         2       0.000    1         25           0             0          1        0        0        0        0
    38      1         2       0.000    1         25           0             0          1        0        0        0        0
    39      1         2       0.000    1         25           0             0          1        0        0        0        0
    40      1         2       0.000    1         25           0             0          1        0        0        0        0
    41      1         2       0.000    1         25           0             0          1        0        0        0        0
    42      1         2       0.000    1         25           0             0          1        0        0        0        0
    43      1         2       0.000    1         25           0             0          1        0        0        0        0
    44      1         2       0.000    1         25           0             0          1        0        0        0        0
    45      1         2       0.000    1         25           0             0          1        0        0        0        0
    46      1         2       0.000    1         25           0             0          1        0        0        0        0
    47      1         2       0.000    1         25           0             0          0        0        0        0        0
    48      1         2       0.000    1         25           0             0          0        0        0        0        0
    49      1         2       0.000    1         25           0             0          0        0        0        0        0
    50      1         2       0.000    1         25           0             0          0        0        0        0        0
    51      1         2       0.000    1         25           0             0          0        0        0        0        0
    52      1         2       0.000    1         25           0             0          0        0        0        0        0
    53      1         2       0.000    1         25           0             0          0        0        0        0        0
    54      1         2       0.000    1         25           0             0          1        0        0        0        0
    55      1         3       0.000    1         25           0             0          0        0        0        0        0
    56      1         3       0.000    1         25           0             0          0        0        0        0        0
    57      1         3       0.000    1         25           0             0          0        0        0        0        0
    58      1         3       0.000    1         25           0             0          0        0        0        0        0
    59      1         3       0.000    1         25           0             0          0        0        0        0        0
    60      1         3       0.000    1         25           0             0          0        0        0        0        0
    61      1         3       0.000    1         25           0             0          0        0        0        0        0
    62      1         2       0.000    1         25           0             0          1        0        0        0        0
    63      1         2       0.000    1         25           0             0          1        0        0        0        0
 
 柱编号    塔号    截面号     转角    材料    强度等级    起点铰信息    终点铰信息    角柱    框支柱  门式钢柱  组合截面    上端刚域  下端刚域
 
 支撑编号  塔号    截面号    转角    材料    强度等级    起点铰信息    终点铰信息
 
 墙编号    塔号      厚度    材料  强度等级     B1           H1            B2         H2
     1      1       0.260    -1       25       0.00         0.00          0.00       0.00
     2      1       0.260    -1       25       0.00         0.00          0.00       0.00
     3      1       0.260    -1       25       0.85         0.90          1.00       1.50
     4      1       0.260    -1       25       0.00         0.00          0.00       0.00
     5      1       0.260    -1       25       0.85         0.00          1.00       2.40
     6      1       0.260    -1       25       2.34         0.00          1.00       2.40
     7      1       0.260    -1       25       0.85         0.90          1.00       1.50
     8      1       0.260    -1       25       0.00         0.00          0.00       0.00
     9      1       0.260    -1       25       0.85         0.00          1.00       2.40
    10      1       0.260    -1       25       2.50         0.00          1.00       2.40
    11      1       0.260    -1       25       0.85         0.00          1.00       2.40
    12      1       0.260    -1       25       0.00         0.00          0.00       0.00
    13      1       0.260    -1       25       0.85         0.90          1.00       1.50
    14      1       0.260    -1       25       1.05         0.90          1.50       1.50
    15      1       0.260    -1       25       0.85         0.00          1.00       2.40
    16      1       0.260    -1       25       0.00         0.00          0.00       0.00
    17      1       0.260    -1       25       0.85         0.90          1.00       1.50
    18      1       0.260    -1       25       1.23         0.90          1.50       1.50
    19      1       0.260    -1       25       0.00         0.00          0.00       0.00
    20      1       0.260    -1       25       0.00         0.00          0.00       0.00
    21      1       0.260    -1       25       0.00         0.00          0.00       0.00
    22      1       0.260    -1       25       0.00         0.00          0.00       0.00
    23      1       0.260    -1       25       0.00         0.00          0.00       0.00
    24      1       0.260    -1       25       0.00         0.00          0.00       0.00
    25      1       0.260    -1       25       0.00         0.00          0.00       0.00
    26      1       0.260    -1       25       0.00         0.00          0.00       0.00
    27      1       0.260    -1       25       0.00         0.00          0.00       0.00
 
 板编号    塔号      厚度    模式  强度等级
     1      1       0.100    -1       20
     2      1       0.100    -1       20
     3      1       0.100    -1       20
     4      1       0.100    -1       20
     5      1       0.100    -1       20
     6      1       0.100    -1       20
     7      1       0.100    -1       20
     8      1       0.100    -1       20
     9      1       0.100    -1       20
    10      1       0.100    -1       20
    11      1       0.100    -1       20
    12      1       0.100    -1       20
    13      1       0.100    -1       20
    14      1       0.100    -1       20
    15      1       0.100    -1       20
    16      1       0.100    -1       20
    17      1       0.100    -1       20
    18      1       0.100    -1       20
    19      1       0.100    -1       20
    20      1       0.100    -1       20
    21      1       0.100    -1       20
    22      1       0.100    -1       20
    23      1       0.100    -1       20
    24      1       0.100    -1       20
 
*******************************************************
*                 第  3层构件信息                     *
*******************************************************
 
 梁总数=   63   柱总数=    0   支撑总数=    0   墙总数=   27   板总数=   24
 梁编号    塔号    截面号     转角    材料    强度等级    起点铰信息    终点铰信息    调幅    连梁    转换梁   门式钢梁   耗能梁
     1      1         3       0.000    1         25           0             0          0        0        0        0        0
     2      1         3       0.000    1         25           0             0          0        0        0        0        0
     3      1         3       0.000    1         25           0             0          0        0        0        0        0
     4      1         3       0.000    1         25           0             0          0        0        0        0        0
     5      1         3       0.000    1         25           0             0          0        0        0        0        0
     6      1         3       0.000    1         25           0             0          0        0        0        0        0
     7      1         3       0.000    1         25           0             0          0        0        0        0        0
     8      1         3       0.000    1         25           0             0          0        0        0        0        0
     9      1         2       0.000    1         25           0             0          1        0        0        0        0
    10      1         2       0.000    1         25           0             0          0        0        0        0        0
    11      1         2       0.000    1         25           0             0          0        0        0        0        0
    12      1         2       0.000    1         25           0             0          0        0        0        0        0
    13      1         2       0.000    1         25           0             0          0        0        0        0        0
    14      1         2       0.000    1         25           0             0          0        0        0        0        0
    15      1         2       0.000    1         25           0             0          0        0        0        0        0
    16      1         2       0.000    1         25           0             0          0        0        0        0        0
    17      1         2       0.000    1         25           0             0          0        0        0        0        0
    18      1         2       0.000    1         25           0             0          1        0        0        0        0
    19      1         2       0.000    1         25           0             0          1        0        0        0        0
    20      1         2       0.000    1         25           0             0          1        0        0        0        0
    21      1         2       0.000    1         25           0             0          1        0        0        0        0
    22      1         2       0.000    1         25           0             0          1        0        0        0        0
    23      1         2       0.000    1         25           0             0          1        0        0        0        0
    24      1         2       0.000    1         25           0             0          1        0        0        0        0
    25      1         2       0.000    1         25           0             0          1        0        0        0        0
    26      1         2       0.000    1         25           0             0          1        0        0        0        0
    27      1         2       0.000    1         25           0             0          1        0        0        0        0
    28      1         2       0.000    1         25           0             0          1        0        0        0        0
    29      1         2       0.000    1         25           0             0          1        0        0        0        0
    30      1         2       0.000    1         25           0             0          1        0        0        0        0
    31      1         2       0.000    1         25           0             0          1        0        0        0        0
    32      1         2       0.000    1         25           0             0          1        0        0        0        0
    33      1         2       0.000    1         25           0             0          1        0        0        0        0
    34      1         2       0.000    1         25           0             0          1        0        0        0        0
    35      1         2       0.000    1         25           0             0          1        0        0        0        0
    36      1         2       0.000    1         25           0             0          1        0        0        0        0
    37      1         2       0.000    1         25           0             0          1        0        0        0        0
    38      1         2       0.000    1         25           0             0          1        0        0        0        0
    39      1         2       0.000    1         25           0             0          1        0        0        0        0
    40      1         2       0.000    1         25           0             0          1        0        0        0        0
    41      1         2       0.000    1         25           0             0          1        0        0        0        0
    42      1         2       0.000    1         25           0             0          1        0        0        0        0
    43      1         2       0.000    1         25           0             0          1        0        0        0        0
    44      1         2       0.000    1         25           0             0          1        0        0        0        0
    45      1         2       0.000    1         25           0             0          1        0        0        0        0
    46      1         2       0.000    1         25           0             0          1        0        0        0        0
    47      1         2       0.000    1         25           0             0          0        0        0        0        0
    48      1         2       0.000    1         25           0             0          0        0        0        0        0
    49      1         2       0.000    1         25           0             0          0        0        0        0        0
    50      1         2       0.000    1         25           0             0          0        0        0        0        0
    51      1         2       0.000    1         25           0             0          0        0        0        0        0
    52      1         2       0.000    1         25           0             0          0        0        0        0        0
    53      1         2       0.000    1         25           0             0          0        0        0        0        0
    54      1         2       0.000    1         25           0             0          1        0        0        0        0
    55      1         3       0.000    1         25           0             0          0        0        0        0        0
    56      1         3       0.000    1         25           0             0          0        0        0        0        0
    57      1         3       0.000    1         25           0             0          0        0        0        0        0
    58      1         3       0.000    1         25           0             0          0        0        0        0        0
    59      1         3       0.000    1         25           0             0          0        0        0        0        0
    60      1         3       0.000    1         25           0             0          0        0        0        0        0
    61      1         3       0.000    1         25           0             0          0        0        0        0        0
    62      1         2       0.000    1         25           0             0          1        0        0        0        0
    63      1         2       0.000    1         25           0             0          1        0        0        0        0
 
 柱编号    塔号    截面号     转角    材料    强度等级    起点铰信息    终点铰信息    角柱    框支柱  门式钢柱  组合截面    上端刚域  下端刚域
 
 支撑编号  塔号    截面号    转角    材料    强度等级    起点铰信息    终点铰信息
 
 墙编号    塔号      厚度    材料  强度等级     B1           H1            B2         H2
     1      1       0.260    -1       25       0.00         0.00          0.00       0.00
     2      1       0.260    -1       25       0.00         0.00          0.00       0.00
     3      1       0.260    -1       25       0.85         0.90          1.00       1.50
     4      1       0.260    -1       25       0.00         0.00          0.00       0.00
     5      1       0.260    -1       25       0.85         0.00          1.00       2.40
     6      1       0.260    -1       25       2.34         0.00          1.00       2.40
     7      1       0.260    -1       25       0.85         0.90          1.00       1.50
     8      1       0.260    -1       25       0.00         0.00          0.00       0.00
     9      1       0.260    -1       25       0.85         0.00          1.00       2.40
    10      1       0.260    -1       25       2.50         0.00          1.00       2.40
    11      1       0.260    -1       25       0.85         0.00          1.00       2.40
    12      1       0.260    -1       25       0.00         0.00          0.00       0.00
    13      1       0.260    -1       25       0.85         0.90          1.00       1.50
    14      1       0.260    -1       25       1.05         0.90          1.50       1.50
    15      1       0.260    -1       25       0.85         0.00          1.00       2.40
    16      1       0.260    -1       25       0.00         0.00          0.00       0.00
    17      1       0.260    -1       25       0.85         0.90          1.00       1.50
    18      1       0.260    -1       25       1.23         0.90          1.50       1.50
    19      1       0.260    -1       25       0.00         0.00          0.00       0.00
    20      1       0.260    -1       25       0.00         0.00          0.00       0.00
    21      1       0.260    -1       25       0.00         0.00          0.00       0.00
    22      1       0.260    -1       25       0.00         0.00          0.00       0.00
    23      1       0.260    -1       25       0.00         0.00          0.00       0.00
    24      1       0.260    -1       25       0.00         0.00          0.00       0.00
    25      1       0.260    -1       25       0.00         0.00          0.00       0.00
    26      1       0.260    -1       25       0.00         0.00          0.00       0.00
    27      1       0.260    -1       25       0.00         0.00          0.00       0.00
 
 板编号    塔号      厚度    模式  强度等级
     1      1       0.100    -1       20
     2      1       0.100    -1       20
     3      1       0.100    -1       20
     4      1       0.100    -1       20
     5      1       0.100    -1       20
     6      1       0.100    -1       20
     7      1       0.100    -1       20
     8      1       0.100    -1       20
     9      1       0.100    -1       20
    10      1       0.100    -1       20
    11      1       0.100    -1       20
    12      1       0.100    -1       20
    13      1       0.100    -1       20
    14      1       0.100    -1       20
    15      1       0.100    -1       20
    16      1       0.100    -1       20
    17      1       0.100    -1       20
    18      1       0.100    -1       20
    19      1       0.100    -1       20
    20      1       0.100    -1       20
    21      1       0.100    -1       20
    22      1       0.100    -1       20
    23      1       0.100    -1       20
    24      1       0.100    -1       20
