
     **********************************************************************
     *  Output of Combined Force of COLUMN, WALL and BRACE on 1st Floor   *
     * Special Wind, Transverse/Torsional Wind Vibration are unconsidered *
     *            (All the Forces here are the Design Values)             *
     *                             WDCNL.OUT                              *
     *  ----------------------------------------------------------------  *
     *          Symbols:                                                  *
     *  Rlive --- Reduction factor of live loads                          *
     *  N-C,N-WC,N-G --- Element number of COLUMN, SHEAR WALL and BRACE   *
     *  Load Case --- Combination number controled objective Combined     *
     *  NODE No--- Nodal Number of COLUMN  and BRACE                      *
     *  Shear-X,Shear-Y --- Shear force in X,Y direction(kN)              *
     *  Axial --- Axial force(kN)                                         *
     *  Moment-X,Moment-Y --- Moment in X,Y direction(kN-m)               *
     *  Vxmax,Vymax --- Combination of maximum shear in X,Y direction(kN) *
     *  Nmin --- Combination of absolute minimum axial force(kN)          *
     *  Nmax --- Combination of absolute maximum axial force(kN)          *
     *  Mxmax --- Combination of maximum moment in X direction(kN-m)      *
     *  Mymax --- Combination of maximum moment in Y direction(kN-m)      *
     *  D+L --- Combination of 1.2*(dead load)+1.4*(live load)            *
     *  NE --- Combination mark of seismic force (1-Yes, 0-No)            *
     *  J1,J2 --- Nodal number of WALL-COLUMN at the left and ritht end   *
     *  Shear,Axial,Moment --- Shear, axial and moment of each WALL_COLUMN*
     *  Xod,Yod --- Center coordinates of Combination Force (Mx,My=0)     *
     *  Sum of Axial --- sum of vertical forces(kN)                       *
     **********************************************************************

     Total-Columns =    0   Total-Wall-Columns =   22   Total-Brace =    0

         Rlive     =    0.85

     N-WC     NODE No                                      Critical
  (LoadCase)  J1   J2     Shear     Axial    Moment   NE   Condition
 --------------------------------------------------------------------
     1(31)  191   197      96.0    -739.7     321.8    1    Vmax 
     1(32)  191   197       3.3    -552.5      46.2    1    Nmin 
     1( 1)  191   197       2.6    -862.8      70.2    0    Nmax 
     1(31)  191   197      96.0    -739.7     321.8    1    Mmax 
     1( 1)  191   197       2.5    -806.6      67.4    0     D+L 
 --------------------------------------------------------------------
     2(31)  295   303      39.2    -800.3     225.4    1    Vmax 
     2(34)  295   303     -39.0    -635.9     -58.5    1    Nmin 
     2( 1)  295   303      -0.1    -898.8     109.1    0    Nmax 
     2(15)  295   303      27.2    -813.3     186.0    0    Mmax 
     2( 1)  295   303      -0.6    -829.2     108.5    0     D+L 
 --------------------------------------------------------------------
     3( 1)  191   199      29.2    -154.8      12.7    0    Vmax 
     3(34)  191   199      25.4     -76.2       9.7    1    Nmin 
     3( 1)  191   199      29.2    -154.8      12.7    0    Nmax 
     3( 1)  191   199      29.2    -154.8      12.7    0    Mmax 
     3( 1)  191   199      27.9    -145.6      12.1    0     D+L 
 --------------------------------------------------------------------
     4(28)  203   217     -51.4    -782.3    -103.4    1    Vmax 
     4(34)  203   217       7.9    -603.5      13.5    1    Nmin 
     4( 1)  203   217      -5.5    -910.5       3.6    0    Nmax 
     4(29)  203   217      41.3    -779.7     109.9    1    Mmax 
     4( 1)  203   217      -4.6    -864.6       3.1    0     D+L 
 --------------------------------------------------------------------
     5(28)  221   237     -33.8    -481.2     -57.5    1    Vmax 
     5(34)  221   237       4.5    -320.2       0.5    1    Nmin 
     5( 1)  221   237      -3.1    -542.7       6.9    0    Nmax 
     5(29)  221   237      28.5    -451.7      69.1    1    Mmax 
     5( 1)  221   237      -2.9    -513.5       6.8    0     D+L 
 --------------------------------------------------------------------
     6( 9)  240   250      26.5    -213.7      11.1    0    Vmax 
     6(34)  240   250      21.9    -134.7       8.7    1    Nmin 
     6( 1)  240   250      26.5    -225.2      11.0    0    Nmax 
     6(29)  240   250      33.1    -194.8      16.9    1    Mmax 
     6( 1)  240   250      25.3    -213.4      10.5    0     D+L 
 --------------------------------------------------------------------
     7(28)  254   269     -64.0    -805.0     -89.5    1    Vmax 
     7(34)  254   269      -2.3    -633.9      25.1    1    Nmin 
     7( 1)  254   269     -18.0    -927.1      16.9    0    Nmax 
     7(29)  254   269      33.1    -784.3     118.2    1    Mmax 
     7( 1)  254   269     -16.9    -881.5      16.2    0     D+L 
 --------------------------------------------------------------------
     8(28)  273   290     -39.7    -478.5     -60.9    1    Vmax 
     8(34)  273   290      -1.0    -340.9      -3.3    1    Nmin 
     8( 1)  273   290      -9.9    -531.1       7.9    0    Nmax 
     8(29)  273   290      23.1    -437.4      74.1    1    Mmax 
     8( 1)  273   290      -9.8    -499.6       7.9    0     D+L 
 --------------------------------------------------------------------
     9(28)  293   295      -2.9     -45.5      -2.6    1    Vmax 
     9(34)  293   295      -1.6     -31.0      -1.4    1    Nmin 
     9( 1)  293   295      -1.4     -54.8      -1.5    0    Nmax 
     9(28)  293   295      -2.9     -45.5      -2.6    1    Mmax 
     9( 1)  293   295      -1.3     -50.8      -1.4    0     D+L 
 --------------------------------------------------------------------
    10(31)  197   200      11.8     -58.3       8.0    1    Vmax 
    10(35)  197   200      10.7     -42.2       7.0    1    Nmin 
    10(14)  197   200       4.9    -115.7       5.6    0    Nmax 
    10(29)  197   200      11.4     -98.6      10.6    1    Mmax 
    10( 1)  197   200       7.6    -104.7       6.7    0     D+L 
 --------------------------------------------------------------------
    11(29)  204   218      74.6    -794.2     109.2    1    Vmax 
    11(35)  204   218      31.1    -599.9      22.6    1    Nmin 
    11( 1)  204   218      32.6    -898.6       4.7    0    Nmax 
    11(29)  204   218      74.6    -794.2     109.2    1    Mmax 
    11( 1)  204   218      31.2    -854.4       5.1    0     D+L 
 --------------------------------------------------------------------
    12(28)  222   232     -29.9    -315.7     -14.1    1    Vmax 
    12(35)  222   232      -4.4    -209.8       5.5    1    Nmin 
    12( 1)  222   232     -10.9    -362.3       4.5    0    Nmax 
    12(29)  222   232      11.2    -307.1      21.7    1    Mmax 
    12( 1)  222   232     -10.4    -342.9       4.3    0     D+L 
 --------------------------------------------------------------------
    13(28)  238   251     -31.0    -290.2     -24.3    1    Vmax 
    13(35)  238   251      -5.8    -198.8       2.5    1    Nmin 
    13( 1)  238   251     -15.4    -336.9      -3.9    0    Nmax 
    13(28)  238   251     -31.0    -290.2     -24.3    1    Mmax 
    13( 1)  238   251     -14.4    -318.7      -3.5    0     D+L 
 --------------------------------------------------------------------
    14(29)  255   270      57.8    -759.5     120.4    1    Vmax 
    14(35)  255   270      17.8    -605.3      30.4    1    Nmin 
    14( 1)  255   270      11.4    -870.8      19.8    0    Nmax 
    14(29)  255   270      57.8    -759.5     120.4    1    Mmax 
    14( 1)  255   270      10.5    -827.4      20.1    0     D+L 
 --------------------------------------------------------------------
    15( 1)  274   282     -24.0    -134.6      -9.4    0    Vmax 
    15(35)  274   282     -15.5     -91.8      -6.0    1    Nmin 
    15( 1)  274   282     -24.0    -134.6      -9.4    0    Nmax 
    15(28)  274   282     -29.2    -112.5     -11.9    1    Mmax 
    15( 1)  274   282     -22.9    -126.4      -8.9    0     D+L 
 --------------------------------------------------------------------
    16(29)  284   286      23.2    -143.9      18.8    1    Vmax 
    16(35)  284   286      13.6    -103.5       7.8    1    Nmin 
    16( 1)  284   286      13.1    -170.5      13.1    0    Nmax 
    16(29)  284   286      23.2    -143.9      18.8    1    Mmax 
    16( 1)  284   286      11.7    -158.4      12.1    0     D+L 
 --------------------------------------------------------------------
    17(28)  291   317     -71.6    -412.1     -48.7    1    Vmax 
    17(35)  291   317      -5.0    -284.6      53.6    1    Nmin 
    17( 1)  291   317     -27.3    -459.0      50.0    0    Nmax 
    17(29)  291   317      24.7    -395.2     133.0    1    Mmax 
    17( 1)  291   317     -25.8    -416.4      49.0    0     D+L 
 --------------------------------------------------------------------
    18(31)  308   317      55.9    -723.3     234.1    1    Vmax 
    18(33)  308   317      -1.1    -525.3      81.3    1    Nmin 
    18( 1)  308   317       3.2    -827.0      54.3    0    Nmax 
    18(31)  308   317      55.9    -723.3     234.1    1    Mmax 
    18( 1)  308   317       3.4    -739.1      52.7    0     D+L 
 --------------------------------------------------------------------
    19(28)  294   308     -28.2    -242.5     -57.0    1    Vmax 
    19(34)  294   308     -11.5    -196.2      15.0    1    Nmin 
    19( 1)  294   308      -6.1    -307.6       0.3    0    Nmax 
    19(29)  294   308      18.0    -299.4      57.4    1    Mmax 
    19( 1)  294   308      -6.1    -278.2       0.3    0     D+L 
 --------------------------------------------------------------------
    20(31)  224   230      78.6    -800.4     171.5    1    Vmax 
    20(35)  224   230      77.5    -666.2     169.6    1    Nmin 
    20( 1)  224   230       7.9    -936.3      13.4    0    Nmax 
    20(31)  224   230      78.6    -800.4     171.5    1    Mmax 
    20( 1)  224   230       7.7    -884.8      13.2    0     D+L 
 --------------------------------------------------------------------
    21(31)  242   248      59.1    -843.3     197.8    1    Vmax 
    21(32)  242   248       3.6    -689.1      25.0    1    Nmin 
    21( 1)  242   248       0.6    -978.9      61.6    0    Nmax 
    21(31)  242   248      59.1    -843.3     197.8    1    Mmax 
    21( 1)  242   248       0.6    -925.5      59.3    0     D+L 
 --------------------------------------------------------------------
    22(30)  276   284     -56.6    -974.7    -103.6    1    Vmax 
    22(35)  276   284      43.2    -801.7     167.7    1    Nmin 
    22( 1)  276   284      -8.8   -1122.4      43.4    0    Nmax 
    22(31)  276   284      41.9    -963.2     173.5    1    Mmax 
    22( 1)  276   284      -8.8   -1053.7      45.6    0     D+L 
 --------------------------------------------------------------------

  The coordinates of Combined force (Mx=0 and My=0)

           Xod          Yod         Sum of Axial     Load Case

         13.629        3.039         -11882.4          Vxmax
         13.820        3.067         -10993.8          Vymax
         13.858        3.035          -8343.1          Nmin 
         13.691        3.041         -12628.4          Nmax 
         13.824        2.976         -10932.1          Mxmax
         13.637        3.022         -11769.7          Mymax
         13.601        3.036         -11835.2           D+L 
