
  ///////////////////////////////////////////////////////////////////////////
  | 公司名称:                                                               |
  |                                                                         |
  |                           SATWE 位移输出文件                            |
  |                          SATWE2010_V2.2 中文版                          |
  |                         (2014年9月23日9时52分)                          |
  |                            文件名: WDISP.OUT                            |
  |                                                                         |
  |工程名称 :                     设计人 :              计算日期:2017/05/25 |
  |工程代号 :                     校核人 :              计算时间:15:30:46   |
  ///////////////////////////////////////////////////////////////////////////


  所有位移的单位为毫米

  Floor   : 层号
  Tower   : 塔号
  Jmax    : 最大位移对应的节点号
  JmaxD   : 最大层间位移对应的节点号
  Max-(Z) : 节点的最大竖向位移
  h       : 层高
  Max-(X)，Max-(Y)   : X,Y方向的节点最大位移
  Ave-(X)，Ave-(Y)   : X,Y方向的层平均位移
  Max-Dx ，Max-Dy    : X,Y方向的最大层间位移
  Ave-Dx ，Ave-Dy    : X,Y方向的平均层间位移
  Ratio-(X),Ratio-(Y): 最大位移与层平均位移的比值
  Ratio-Dx,Ratio-Dy  : 最大层间位移与平均层间位移的比值
  Max-Dx/h，Max-Dy/h : X,Y方向的最大层间位移角
  DxR/Dx,DyR/Dy      : X,Y方向的有害位移角占总位移角的百分比例
  Ratio_AX,Ratio_AY  : 本层位移角与上层位移角的1.3倍及上三层平均位移角的1.2倍的比值的大者
  X-Disp，Y-Disp，Z-Disp:节点X,Y,Z方向的位移


  === 工况  1 === X 方向地震作用下的楼层最大位移

  Floor  Tower    Jmax     Max-(X)     Ave-(X)    Ratio-(X)       h
                  JmaxD    Max-Dx      Ave-Dx     Ratio-Dx    Max-Dx/h    DxR/Dx    Ratio_AX
    3      1       706       0.63        0.63       1.01         3300.
                   706       0.18        0.17       1.01       1/9999.    36.9%       1.00
    2      1       496       0.46        0.46       1.00         3300.
                   496       0.24        0.24       1.00       1/9999.     7.3%       1.05
    1      1       294       0.22        0.22       1.00         3300.
                   294       0.22        0.22       1.00       1/9999.    99.9%       0.89
 
   X方向最大层间位移角:               1/9999.(第  3层第 1塔)
   X方向最大位移与层平均位移的比值:        1.01(第  3层第 1塔)
   X方向最大层间位移与平均层间位移的比值:  1.01(第  3层第 1塔)

  === 工况  2 === Y 方向地震作用下的楼层最大位移

  Floor  Tower    Jmax     Max-(Y)     Ave-(Y)    Ratio-(Y)       h
                  JmaxD    Max-Dy      Ave-Dy     Ratio-Dy    Max-Dy/h    DyR/Dy    Ratio_AY
    3      1       592       1.06        0.69       1.54         3300.
                   592       0.34        0.22       1.53       1/9729.    13.6%       1.00
    2      1       390       0.73        0.47       1.54         3300.
                   390       0.39        0.26       1.54       1/8391.    13.5%       0.89
    1      1       191       0.33        0.22       1.53         3300.
                   191       0.33        0.22       1.53       1/9865.    87.8%       0.76
 
   Y方向最大层间位移角:               1/8391.(第  2层第 1塔)
   Y方向最大位移与层平均位移的比值:        1.54(第  3层第 1塔)
   Y方向最大层间位移与平均层间位移的比值:  1.54(第  2层第 1塔)

  === 工况  3 === X 方向风荷载作用下的楼层最大位移

  Floor  Tower    Jmax     Max-(X)     Ave-(X)    Ratio-(X)       h
                  JmaxD    Max-Dx      Ave-Dx     Ratio-Dx    Max-Dx/h    DxR/Dx    Ratio_AX
    3      1       706       0.08        0.08       1.01         3300.
                   706       0.02        0.02       1.02       1/9999.    54.8%       1.00
    2      1       496       0.06        0.06       1.01         3300.
                   496       0.03        0.03       1.01       1/9999.    11.9%       1.19
    1      1       294       0.03        0.03       1.01         3300.
                   294       0.03        0.03       1.01       1/9999.    99.9%       1.13
 
   X方向最大层间位移角:               1/9999.(第  3层第 1塔)
   X方向最大位移与层平均位移的比值:        1.01(第  3层第 1塔)
   X方向最大层间位移与平均层间位移的比值:  1.02(第  3层第 1塔)

  === 工况  4 === Y 方向风荷载作用下的楼层最大位移

  Floor  Tower    Jmax     Max-(Y)     Ave-(Y)    Ratio-(Y)       h
                  JmaxD    Max-Dy      Ave-Dy     Ratio-Dy    Max-Dy/h    DyR/Dy    Ratio_AY
    3      1       592       0.38        0.27       1.39         3300.
                   592       0.11        0.08       1.38       1/9999.    23.3%       1.00
    2      1       390       0.27        0.19       1.39         3300.
                   390       0.14        0.10       1.39       1/9999.     2.7%       0.95
    1      1       191       0.13        0.10       1.39         3300.
                   191       0.13        0.10       1.39       1/9999.    99.1%       0.90
 
   Y方向最大层间位移角:               1/9999.(第  3层第 1塔)
   Y方向最大位移与层平均位移的比值:        1.39(第  2层第 1塔)
   Y方向最大层间位移与平均层间位移的比值:  1.39(第  2层第 1塔)

  === 工况  5 === 竖向恒载作用下的楼层最大位移

  Floor  Tower    Jmax       Max-(Z)
    3      1       647        -5.84
    2      1       439        -5.52
    1      1       241        -5.27

  === 工况  6 === 竖向活载作用下的楼层最大位移

  Floor  Tower    Jmax       Max-(Z)
    3      1       647        -2.03
    2      1       439        -1.90
    1      1       241        -1.79

  === 工况  7 === X 方向地震作用规定水平力下的楼层最大位移

  Floor  Tower    Jmax     Max-(X)     Ave-(X)    Ratio-(X)       h
                  JmaxD    Max-Dx      Ave-Dx     Ratio-Dx    Max-Dx/h    DxR/Dx    Ratio_AX
    3      1       706       0.64        0.64       1.00         3300.
                   706       0.18        0.18       1.01       1/9999.    36.4%       1.00
    2      1       496       0.46        0.46       1.00         3300.
                   496       0.24        0.24       1.00       1/9999.     7.5%       1.05
    1      1       284       0.22        0.22       1.00         3300.
                   284       0.22        0.22       1.00       1/9999.    99.9%       0.89
 
   X方向最大层间位移角:               1/9999.(第  3层第 1塔)
   X方向最大位移与层平均位移的比值:        1.00(第  3层第 1塔)
   X方向最大层间位移与平均层间位移的比值:  1.01(第  3层第 1塔)

  === 工况  8 === Y 方向地震作用规定水平力下的楼层最大位移

  Floor  Tower    Jmax     Max-(Y)     Ave-(Y)    Ratio-(Y)       h
                  JmaxD    Max-Dy      Ave-Dy     Ratio-Dy    Max-Dy/h    DyR/Dy    Ratio_AY
    3      1       592       0.76        0.54       1.40         3300.
                   592       0.25        0.18       1.41       1/9999.    13.8%       1.00
    2      1       390       0.51        0.37       1.40         3300.
                   390       0.28        0.20       1.41       1/9999.    15.6%       0.88
    1      1       191       0.23        0.17       1.39         3300.
                   191       0.23        0.17       1.39       1/9999.    99.1%       0.75
 
   Y方向最大层间位移角:               1/9999.(第  3层第 1塔)
   Y方向最大位移与层平均位移的比值:        1.40(第  3层第 1塔)
   Y方向最大层间位移与平均层间位移的比值:  1.41(第  3层第 1塔)
