
           ----------------------------------------------------------
           |                   第  3 层配筋、验算                   |
           ----------------------------------------------------------
 N-WC=  1 (I= 592 J= 598) B*H*Lwc(m)= 0.26*  5.96*  3.30
           RMOR=  5.00 RB= 10.00
     砌体墙 蒸压砖                                                                                                                                                                                           
 ** (  1) V=     1.6 V_bear=     0.0  抗剪承载力与效应比  Ratio1=   0.000
 ** (  1) N=  -287.0 M=     1.5 N_bear=     0.0  面外抗压承载力与效应比  Ratio2=   0.000
 ** (  1) N=  -287.0 N_bear=     0.0  面内抗压承载力与效应比  Ratio3=   0.000
 ----------------------------------------------------------------------------
 N-WC=  2 (I= 707 J= 719) B*H*Lwc(m)= 0.26*  7.46*  3.30
           RMOR=  5.00 RB= 10.00
     砌体墙 蒸压砖                                                                                                                                                                                           
 ** (  1) V=    -8.2 V_bear=     0.0  抗剪承载力与效应比  Ratio1=   0.000
 ----------------------------------------------------------------------------
 N-WC=  3 (I= 592 J= 600) B*H*Lwc(m)= 0.26*  0.85*  3.30
           RMOR=  5.00 RB= 10.00
     砌体墙 蒸压砖                                                                                                                                                                                           
 ** (  1) V=    23.2 V_bear=     0.0  抗剪承载力与效应比  Ratio1=   0.000
 ----------------------------------------------------------------------------
 N-WC=  4 (I= 606 J= 620) B*H*Lwc(m)= 0.26*  4.40*  3.30
           RMOR=  5.00 RB= 10.00
     砌体墙 蒸压砖                                                                                                                                                                                           
 ** (  1) V=     9.9 V_bear=     0.0  抗剪承载力与效应比  Ratio1=   0.000
 ----------------------------------------------------------------------------
 N-WC=  5 (I= 626 J= 643) B*H*Lwc(m)= 0.26*  3.19*  3.30
           RMOR=  5.00 RB= 10.00
     砌体墙 蒸压砖                                                                                                                                                                                           
 ** (  1) V=    -0.4 V_bear=     0.0  抗剪承载力与效应比  Ratio1=   0.000
 ----------------------------------------------------------------------------
 N-WC=  6 (I= 646 J= 656) B*H*Lwc(m)= 0.26*  1.11*  3.30
           RMOR=  5.00 RB= 10.00
     砌体墙 蒸压砖                                                                                                                                                                                           
 ** (  1) V=    19.4 V_bear=     0.0  抗剪承载力与效应比  Ratio1=   0.000
 ----------------------------------------------------------------------------
 N-WC=  7 (I= 662 J= 676) B*H*Lwc(m)= 0.26*  4.40*  3.30
           RMOR=  5.00 RB= 10.00
     砌体墙 蒸压砖                                                                                                                                                                                           
 ** (  1) V=    -2.5 V_bear=     0.0  抗剪承载力与效应比  Ratio1=   0.000
 ----------------------------------------------------------------------------
 N-WC=  8 (I= 681 J= 702) B*H*Lwc(m)= 0.26*  3.35*  3.30
           RMOR=  5.00 RB= 10.00
     砌体墙 蒸压砖                                                                                                                                                                                           
 ** (  1) V=   -13.9 V_bear=     0.0  抗剪承载力与效应比  Ratio1=   0.000
 ----------------------------------------------------------------------------
 N-WC=  9 (I= 705 J= 707) B*H*Lwc(m)= 0.26*  0.46*  3.30
           RMOR=  5.00 RB= 10.00
     砌体墙 蒸压砖                                                                                                                                                                                           
 ** (  1) V=    -1.8 V_bear=     0.0  抗剪承载力与效应比  Ratio1=   0.000
 ----------------------------------------------------------------------------
 N-WC= 10 (I= 598 J= 601) B*H*Lwc(m)= 0.26*  0.85*  3.30
           RMOR=  5.00 RB= 10.00
     砌体墙 蒸压砖                                                                                                                                                                                           
 ** (  1) V=    12.1 V_bear=     0.0  抗剪承载力与效应比  Ratio1=   0.000
 ----------------------------------------------------------------------------
 N-WC= 11 (I= 607 J= 621) B*H*Lwc(m)= 0.26*  4.40*  3.30
           RMOR=  5.00 RB= 10.00
     砌体墙 蒸压砖                                                                                                                                                                                           
 ** (  1) V=    17.9 V_bear=     0.0  抗剪承载力与效应比  Ratio1=   0.000
 ----------------------------------------------------------------------------
 N-WC= 12 (I= 627 J= 638) B*H*Lwc(m)= 0.26*  1.90*  3.30
           RMOR=  5.00 RB= 10.00
     砌体墙 蒸压砖                                                                                                                                                                                           
 ** (  1) V=    -4.6 V_bear=     0.0  抗剪承载力与效应比  Ratio1=   0.000
 ----------------------------------------------------------------------------
 N-WC= 13 (I= 644 J= 657) B*H*Lwc(m)= 0.26*  1.90*  3.30
           RMOR=  5.00 RB= 10.00
     砌体墙 蒸压砖                                                                                                                                                                                           
 ** (  1) V=     1.0 V_bear=     0.0  抗剪承载力与效应比  Ratio1=   0.000
 ----------------------------------------------------------------------------
 N-WC= 14 (I= 663 J= 677) B*H*Lwc(m)= 0.26*  4.40*  3.30
           RMOR=  5.00 RB= 10.00
     砌体墙 蒸压砖                                                                                                                                                                                           
 ** (  1) V=     3.0 V_bear=     0.0  抗剪承载力与效应比  Ratio1=   0.000
 ----------------------------------------------------------------------------
 N-WC= 15 (I= 682 J= 693) B*H*Lwc(m)= 0.26*  0.85*  3.30
           RMOR=  5.00 RB= 10.00
     砌体墙 蒸压砖                                                                                                                                                                                           
 ** (  1) V=   -17.5 V_bear=     0.0  抗剪承载力与效应比  Ratio1=   0.000
 ----------------------------------------------------------------------------
 N-WC= 16 (I= 696 J= 698) B*H*Lwc(m)= 0.26*  1.23*  3.30
           RMOR=  5.00 RB= 10.00
     砌体墙 蒸压砖                                                                                                                                                                                           
 ** (  1) V=     1.1 V_bear=     0.0  抗剪承载力与效应比  Ratio1=   0.000
 ----------------------------------------------------------------------------
 N-WC= 17 (I= 703 J= 735) B*H*Lwc(m)= 0.26*  4.43*  3.30
           RMOR=  5.00 RB= 10.00
     砌体墙 蒸压砖                                                                                                                                                                                           
 ** (  1) V=   -29.1 V_bear=     0.0  抗剪承载力与效应比  Ratio1=   0.000
 ----------------------------------------------------------------------------
 N-WC= 18 (I= 725 J= 735) B*H*Lwc(m)= 0.26*  9.21*  3.30
           RMOR=  5.00 RB= 10.00
     砌体墙 蒸压砖                                                                                                                                                                                           
 ** (  1) V=    11.2 V_bear=     0.0  抗剪承载力与效应比  Ratio1=   0.000
 ----------------------------------------------------------------------------
 N-WC= 19 (I= 706 J= 725) B*H*Lwc(m)= 0.26*  3.20*  3.30
           RMOR=  5.00 RB= 10.00
     砌体墙 蒸压砖                                                                                                                                                                                           
 ** (  1) V=   -16.4 V_bear=     0.0  抗剪承载力与效应比  Ratio1=   0.000
 ----------------------------------------------------------------------------
 N-WC= 20 (I= 629 J= 635) B*H*Lwc(m)= 0.26*  5.96*  3.30
           RMOR=  5.00 RB= 10.00
     砌体墙 蒸压砖                                                                                                                                                                                           
 ** (  1) V=    16.4 V_bear=     0.0  抗剪承载力与效应比  Ratio1=   0.000
 ----------------------------------------------------------------------------
 N-WC= 21 (I= 648 J= 654) B*H*Lwc(m)= 0.26*  5.96*  3.30
           RMOR=  5.00 RB= 10.00
     砌体墙 蒸压砖                                                                                                                                                                                           
 ** (  1) V=     0.2 V_bear=     0.0  抗剪承载力与效应比  Ratio1=   0.000
 ----------------------------------------------------------------------------
 N-WC= 22 (I= 684 J= 696) B*H*Lwc(m)= 0.26*  7.46*  3.30
           RMOR=  5.00 RB= 10.00
     砌体墙 蒸压砖                                                                                                                                                                                           
 ** (  1) V=   -11.4 V_bear=     0.0  抗剪承载力与效应比  Ratio1=   0.000
 ----------------------------------------------------------------------------

           ----------------------------------------------------------
           |                   第  2 层配筋、验算                   |
           ----------------------------------------------------------
 N-WC=  1 (I= 390 J= 396) B*H*Lwc(m)= 0.26*  5.96*  3.30
           RMOR=  5.00 RB= 10.00
     砌体墙 蒸压砖                                                                                                                                                                                           
 ** (  1) V=     0.8 V_bear=     0.0  抗剪承载力与效应比  Ratio1=   0.000
 ----------------------------------------------------------------------------
 N-WC=  2 (I= 497 J= 507) B*H*Lwc(m)= 0.26*  7.46*  3.30
           RMOR=  5.00 RB= 10.00
     砌体墙 蒸压砖                                                                                                                                                                                           
 ** (  1) V=    -7.3 V_bear=     0.0  抗剪承载力与效应比  Ratio1=   0.000
 ----------------------------------------------------------------------------
 N-WC=  3 (I= 390 J= 398) B*H*Lwc(m)= 0.26*  0.85*  3.30
           RMOR=  5.00 RB= 10.00
     砌体墙 蒸压砖                                                                                                                                                                                           
 ** (  1) V=    29.1 V_bear=     0.0  抗剪承载力与效应比  Ratio1=   0.000
 ----------------------------------------------------------------------------
 N-WC=  4 (I= 402 J= 416) B*H*Lwc(m)= 0.26*  4.40*  3.30
           RMOR=  5.00 RB= 10.00
     砌体墙 蒸压砖                                                                                                                                                                                           
 ** (  1) V=     4.3 V_bear=     0.0  抗剪承载力与效应比  Ratio1=   0.000
 ----------------------------------------------------------------------------
 N-WC=  5 (I= 420 J= 435) B*H*Lwc(m)= 0.26*  3.19*  3.30
           RMOR=  5.00 RB= 10.00
     砌体墙 蒸压砖                                                                                                                                                                                           
 ** (  1) V=    -1.4 V_bear=     0.0  抗剪承载力与效应比  Ratio1=   0.000
 ----------------------------------------------------------------------------
 N-WC=  6 (I= 438 J= 448) B*H*Lwc(m)= 0.26*  1.11*  3.30
           RMOR=  5.00 RB= 10.00
     砌体墙 蒸压砖                                                                                                                                                                                           
 ** (  1) V=    26.4 V_bear=     0.0  抗剪承载力与效应比  Ratio1=   0.000
 ----------------------------------------------------------------------------
 N-WC=  7 (I= 452 J= 466) B*H*Lwc(m)= 0.26*  4.40*  3.30
           RMOR=  5.00 RB= 10.00
     砌体墙 蒸压砖                                                                                                                                                                                           
 ** (  1) V=   -10.3 V_bear=     0.0  抗剪承载力与效应比  Ratio1=   0.000
 ----------------------------------------------------------------------------
 N-WC=  8 (I= 471 J= 492) B*H*Lwc(m)= 0.26*  3.35*  3.30
           RMOR=  5.00 RB= 10.00
     砌体墙 蒸压砖                                                                                                                                                                                           
 ** (  1) V=   -14.2 V_bear=     0.0  抗剪承载力与效应比  Ratio1=   0.000
 ----------------------------------------------------------------------------
 N-WC=  9 (I= 495 J= 497) B*H*Lwc(m)= 0.26*  0.46*  3.30
           RMOR=  5.00 RB= 10.00
     砌体墙 蒸压砖                                                                                                                                                                                           
 ** (  1) V=    -1.1 V_bear=     0.0  抗剪承载力与效应比  Ratio1=   0.000
 ----------------------------------------------------------------------------
 N-WC= 10 (I= 396 J= 399) B*H*Lwc(m)= 0.26*  0.85*  3.30
           RMOR=  5.00 RB= 10.00
     砌体墙 蒸压砖                                                                                                                                                                                           
 ** (  1) V=    10.2 V_bear=     0.0  抗剪承载力与效应比  Ratio1=   0.000
 ----------------------------------------------------------------------------
 N-WC= 11 (I= 403 J= 417) B*H*Lwc(m)= 0.26*  4.40*  3.30
           RMOR=  5.00 RB= 10.00
     砌体墙 蒸压砖                                                                                                                                                                                           
 ** (  1) V=    26.9 V_bear=     0.0  抗剪承载力与效应比  Ratio1=   0.000
 ----------------------------------------------------------------------------
 N-WC= 12 (I= 421 J= 431) B*H*Lwc(m)= 0.26*  1.90*  3.30
           RMOR=  5.00 RB= 10.00
     砌体墙 蒸压砖                                                                                                                                                                                           
 ** (  1) V=    -8.5 V_bear=     0.0  抗剪承载力与效应比  Ratio1=   0.000
 ----------------------------------------------------------------------------
 N-WC= 13 (I= 436 J= 449) B*H*Lwc(m)= 0.26*  1.90*  3.30
           RMOR=  5.00 RB= 10.00
     砌体墙 蒸压砖                                                                                                                                                                                           
 ** (  1) V=    -7.1 V_bear=     0.0  抗剪承载力与效应比  Ratio1=   0.000
 ----------------------------------------------------------------------------
 N-WC= 14 (I= 453 J= 467) B*H*Lwc(m)= 0.26*  4.40*  3.30
           RMOR=  5.00 RB= 10.00
     砌体墙 蒸压砖                                                                                                                                                                                           
 ** (  1) V=     6.6 V_bear=     0.0  抗剪承载力与效应比  Ratio1=   0.000
 ----------------------------------------------------------------------------
 N-WC= 15 (I= 472 J= 481) B*H*Lwc(m)= 0.26*  0.85*  3.30
           RMOR=  5.00 RB= 10.00
     砌体墙 蒸压砖                                                                                                                                                                                           
 ** (  1) V=   -23.7 V_bear=     0.0  抗剪承载力与效应比  Ratio1=   0.000
 ----------------------------------------------------------------------------
 N-WC= 16 (I= 484 J= 487) B*H*Lwc(m)= 0.26*  1.23*  3.30
           RMOR=  5.00 RB= 10.00
     砌体墙 蒸压砖                                                                                                                                                                                           
 ** (  1) V=     4.5 V_bear=     0.0  抗剪承载力与效应比  Ratio1=   0.000
 ----------------------------------------------------------------------------
 N-WC= 17 (I= 493 J= 522) B*H*Lwc(m)= 0.26*  4.43*  3.30
           RMOR=  5.00 RB= 10.00
     砌体墙 蒸压砖                                                                                                                                                                                           
 ** (  1) V=   -31.8 V_bear=     0.0  抗剪承载力与效应比  Ratio1=   0.000
 ----------------------------------------------------------------------------
 N-WC= 18 (I= 512 J= 522) B*H*Lwc(m)= 0.26*  9.21*  3.30
           RMOR=  5.00 RB= 10.00
     砌体墙 蒸压砖                                                                                                                                                                                           
 ** (  1) V=     7.0 V_bear=     0.0  抗剪承载力与效应比  Ratio1=   0.000
 ----------------------------------------------------------------------------
 N-WC= 19 (I= 496 J= 512) B*H*Lwc(m)= 0.26*  3.20*  3.30
           RMOR=  5.00 RB= 10.00
     砌体墙 蒸压砖                                                                                                                                                                                           
 ** (  1) V=    -9.8 V_bear=     0.0  抗剪承载力与效应比  Ratio1=   0.000
 ----------------------------------------------------------------------------
 N-WC= 20 (I= 423 J= 429) B*H*Lwc(m)= 0.26*  5.96*  3.30
           RMOR=  5.00 RB= 10.00
     砌体墙 蒸压砖                                                                                                                                                                                           
 ** (  1) V=    16.7 V_bear=     0.0  抗剪承载力与效应比  Ratio1=   0.000
 ----------------------------------------------------------------------------
 N-WC= 21 (I= 440 J= 446) B*H*Lwc(m)= 0.26*  5.96*  3.30
           RMOR=  5.00 RB= 10.00
     砌体墙 蒸压砖                                                                                                                                                                                           
 ** (  1) V=     0.2 V_bear=     0.0  抗剪承载力与效应比  Ratio1=   0.000
 ----------------------------------------------------------------------------
 N-WC= 22 (I= 474 J= 484) B*H*Lwc(m)= 0.26*  7.46*  3.30
           RMOR=  5.00 RB= 10.00
     砌体墙 蒸压砖                                                                                                                                                                                           
 ** (  1) V=   -10.5 V_bear=     0.0  抗剪承载力与效应比  Ratio1=   0.000
 ----------------------------------------------------------------------------

           ----------------------------------------------------------
           |                   第  1 层配筋、验算                   |
           ----------------------------------------------------------
 N-WC=  1 (I= 191 J= 197) B*H*Lwc(m)= 0.26*  5.96*  3.30
           RMOR=  5.00 RB= 10.00
     砌体墙 蒸压砖                                                                                                                                                                                           
 ** (  1) V=     2.7 V_bear=     0.0  抗剪承载力与效应比  Ratio1=   0.000
 ----------------------------------------------------------------------------
 N-WC=  2 (I= 295 J= 303) B*H*Lwc(m)= 0.26*  7.46*  3.30
           RMOR=  5.00 RB= 10.00
     砌体墙 蒸压砖                                                                                                                                                                                           
 ** (  1) V=    -0.3 V_bear=     0.0  抗剪承载力与效应比  Ratio1=   0.000
 ----------------------------------------------------------------------------
 N-WC=  3 (I= 191 J= 199) B*H*Lwc(m)= 0.26*  0.85*  3.30
           RMOR=  5.00 RB= 10.00
     砌体墙 蒸压砖                                                                                                                                                                                           
 ** (  1) V=    29.8 V_bear=     0.0  抗剪承载力与效应比  Ratio1=   0.000
 ----------------------------------------------------------------------------
 N-WC=  4 (I= 203 J= 217) B*H*Lwc(m)= 0.26*  4.40*  3.30
           RMOR=  5.00 RB= 10.00
     砌体墙 蒸压砖                                                                                                                                                                                           
 ** (  1) V=    -5.4 V_bear=     0.0  抗剪承载力与效应比  Ratio1=   0.000
 ----------------------------------------------------------------------------
 N-WC=  5 (I= 221 J= 237) B*H*Lwc(m)= 0.26*  3.19*  3.30
           RMOR=  5.00 RB= 10.00
     砌体墙 蒸压砖                                                                                                                                                                                           
 ** (  1) V=    -3.1 V_bear=     0.0  抗剪承载力与效应比  Ratio1=   0.000
 ----------------------------------------------------------------------------
 N-WC=  6 (I= 240 J= 250) B*H*Lwc(m)= 0.26*  1.11*  3.30
           RMOR=  5.00 RB= 10.00
     砌体墙 蒸压砖                                                                                                                                                                                           
 ** (  1) V=    27.1 V_bear=     0.0  抗剪承载力与效应比  Ratio1=   0.000
 ----------------------------------------------------------------------------
 N-WC=  7 (I= 254 J= 269) B*H*Lwc(m)= 0.26*  4.40*  3.30
           RMOR=  5.00 RB= 10.00
     砌体墙 蒸压砖                                                                                                                                                                                           
 ** (  1) V=   -18.3 V_bear=     0.0  抗剪承载力与效应比  Ratio1=   0.000
 ----------------------------------------------------------------------------
 N-WC=  8 (I= 273 J= 290) B*H*Lwc(m)= 0.26*  3.35*  3.30
           RMOR=  5.00 RB= 10.00
     砌体墙 蒸压砖                                                                                                                                                                                           
 ** (  1) V=   -10.2 V_bear=     0.0  抗剪承载力与效应比  Ratio1=   0.000
 ----------------------------------------------------------------------------
 N-WC=  9 (I= 293 J= 295) B*H*Lwc(m)= 0.26*  0.46*  3.30
           RMOR=  5.00 RB= 10.00
     砌体墙 蒸压砖                                                                                                                                                                                           
 ** (  1) V=    -1.4 V_bear=     0.0  抗剪承载力与效应比  Ratio1=   0.000
 ----------------------------------------------------------------------------
 N-WC= 10 (I= 197 J= 200) B*H*Lwc(m)= 0.26*  0.85*  3.30
           RMOR=  5.00 RB= 10.00
     砌体墙 蒸压砖                                                                                                                                                                                           
 ** (  1) V=     8.0 V_bear=     0.0  抗剪承载力与效应比  Ratio1=   0.000
 ----------------------------------------------------------------------------
 N-WC= 11 (I= 204 J= 218) B*H*Lwc(m)= 0.26*  4.40*  3.30
           RMOR=  5.00 RB= 10.00
     砌体墙 蒸压砖                                                                                                                                                                                           
 ** (  1) V=    33.3 V_bear=     0.0  抗剪承载力与效应比  Ratio1=   0.000
 ----------------------------------------------------------------------------
 N-WC= 12 (I= 222 J= 232) B*H*Lwc(m)= 0.26*  1.90*  3.30
           RMOR=  5.00 RB= 10.00
     砌体墙 蒸压砖                                                                                                                                                                                           
 ** (  1) V=   -11.1 V_bear=     0.0  抗剪承载力与效应比  Ratio1=   0.000
 ----------------------------------------------------------------------------
 N-WC= 13 (I= 238 J= 251) B*H*Lwc(m)= 0.26*  1.90*  3.30
           RMOR=  5.00 RB= 10.00
     砌体墙 蒸压砖                                                                                                                                                                                           
 ** (  1) V=   -15.6 V_bear=     0.0  抗剪承载力与效应比  Ratio1=   0.000
 ----------------------------------------------------------------------------
 N-WC= 14 (I= 255 J= 270) B*H*Lwc(m)= 0.26*  4.40*  3.30
           RMOR=  5.00 RB= 10.00
     砌体墙 蒸压砖                                                                                                                                                                                           
 ** (  1) V=    11.5 V_bear=     0.0  抗剪承载力与效应比  Ratio1=   0.000
 ----------------------------------------------------------------------------
 N-WC= 15 (I= 274 J= 282) B*H*Lwc(m)= 0.26*  0.85*  3.30
           RMOR=  5.00 RB= 10.00
     砌体墙 蒸压砖                                                                                                                                                                                           
 ** (  1) V=   -24.5 V_bear=     0.0  抗剪承载力与效应比  Ratio1=   0.000
 ----------------------------------------------------------------------------
 N-WC= 16 (I= 284 J= 286) B*H*Lwc(m)= 0.26*  1.23*  3.30
           RMOR=  5.00 RB= 10.00
     砌体墙 蒸压砖                                                                                                                                                                                           
 ** (  1) V=    13.1 V_bear=     0.0  抗剪承载力与效应比  Ratio1=   0.000
 ----------------------------------------------------------------------------
 N-WC= 17 (I= 291 J= 317) B*H*Lwc(m)= 0.26*  4.43*  3.30
           RMOR=  5.00 RB= 10.00
     砌体墙 蒸压砖                                                                                                                                                                                           
 ** (  1) V=   -27.8 V_bear=     0.0  抗剪承载力与效应比  Ratio1=   0.000
 ----------------------------------------------------------------------------
 N-WC= 18 (I= 308 J= 317) B*H*Lwc(m)= 0.26*  9.21*  3.30
           RMOR=  5.00 RB= 10.00
     砌体墙 蒸压砖                                                                                                                                                                                           
 ** (  1) V=     3.4 V_bear=     0.0  抗剪承载力与效应比  Ratio1=   0.000
 ----------------------------------------------------------------------------
 N-WC= 19 (I= 294 J= 308) B*H*Lwc(m)= 0.26*  3.20*  3.30
           RMOR=  5.00 RB= 10.00
     砌体墙 蒸压砖                                                                                                                                                                                           
 ** (  1) V=    -6.3 V_bear=     0.0  抗剪承载力与效应比  Ratio1=   0.000
 ----------------------------------------------------------------------------
 N-WC= 20 (I= 224 J= 230) B*H*Lwc(m)= 0.26*  5.96*  3.30
           RMOR=  5.00 RB= 10.00
     砌体墙 蒸压砖                                                                                                                                                                                           
 ** (  1) V=     8.2 V_bear=     0.0  抗剪承载力与效应比  Ratio1=   0.000
 ----------------------------------------------------------------------------
 N-WC= 21 (I= 242 J= 248) B*H*Lwc(m)= 0.26*  5.96*  3.30
           RMOR=  5.00 RB= 10.00
     砌体墙 蒸压砖                                                                                                                                                                                           
 ** (  1) V=     0.6 V_bear=     0.0  抗剪承载力与效应比  Ratio1=   0.000
 ----------------------------------------------------------------------------
 N-WC= 22 (I= 276 J= 284) B*H*Lwc(m)= 0.26*  7.46*  3.30
           RMOR=  5.00 RB= 10.00
     砌体墙 蒸压砖                                                                                                                                                                                           
 ** (  1) V=    -9.1 V_bear=     0.0  抗剪承载力与效应比  Ratio1=   0.000
 ----------------------------------------------------------------------------
