 ******************************
 ******舒适度验算测试信息******
 ******************************
 
      X向舒适度计算信息
 
  层号  塔号  脉动增大系数  脉动影响系数  体型系数  重现期调整系数  迎风面积  风压
     1     1    1.29           0.50         1.30        1.00          30.39    0.35
     2     1    1.29           0.50         1.30        1.00          30.39    0.35
     3     1    1.29           0.50         1.30        1.00          30.39    0.35
 
 总质量(扣地下室)  =   916.9243    
 总体积(扣地下室)  =   2458.186    
 单位体积重量      =   3.730086    
 建筑物宽度        =   9.210000    
 建筑物长度        =   26.96000    
 风压高度变化系数  =   1.000000    
 基本周期          =  0.2000000    
 顺风向加速度      =  2.9090200E-02
 横风向加速度      =  4.4580959E-03
 -----------------------------------------------
 
      Y向舒适度计算信息
 
  层号  塔号  脉动增大系数  脉动影响系数  体型系数  重现期调整系数  迎风面积  风压
     1     1    1.29           0.48         1.30        1.00          88.97    0.35
     2     1    1.29           0.48         1.30        1.00          88.97    0.35
     3     1    1.29           0.48         1.30        1.00          88.97    0.35
 
 总质量(扣地下室)  =   916.9243    
 总体积(扣地下室)  =   2458.186    
 单位体积重量      =   3.730086    
 建筑物宽度        =   9.210000    
 建筑物长度        =   26.96000    
 风压高度变化系数  =   1.000000    
 基本周期          =  0.2000000    
 顺风向加速度      =  8.1748188E-02
 横风向加速度      =  4.4580959E-03
 -----------------------------------------------
