 shear and bending moment of walls
    JE       Vx         Vy         Mx         My
     1       0.23      29.45       0.32      81.68
     2       0.26      19.54      55.21      40.07
     3       1.11       0.51       0.01       0.39
     4       5.71       0.33      10.62       0.34
     5       3.92       0.88      18.76       0.25
     6       1.43       0.51      -3.21       0.20
     7       6.06       0.25      32.17       0.24
     8       3.88       0.69      51.87       0.19
     9       0.22       0.21      -4.43      -0.13
    10       0.60       0.46       0.43      64.58
    11       5.75       0.34      -3.13      89.22
    12       2.90       0.83       3.14      94.95
    13       2.43       0.69       5.61      87.90
    14       5.88       0.24     -12.89      46.10
    15       1.21       0.23      -2.03      12.92
    16       1.56       0.37       1.22      63.69
    17       5.67       0.84      50.55     177.90
    18       0.26      21.96     223.31      92.36
    19       2.65       0.33     -66.03      17.95
    20       0.22      25.98      -1.88      54.40
    21       0.18      23.31     -13.07      50.50
    22       0.29      23.85      15.31      69.00

   *Shear Force and Bending Moment of Wind Load(Column & Wall)
         Vcx =       0.0   Vwx =      52.4   Vcx+Vwx =      52.4
         Vcy =       0.0   Vwy =     151.8   Vcy+Vwy =     151.8
         Mcx =       0.0   Mwx =     361.8   Mcx+Mwx =     361.8
         Mcy =       0.0   Mwy =    1044.7   Mcy+Mwy =    1044.7

   **Shear Force of Wind & Seismic(Total)
         Vxw=      52.4   Vyw=     390.1
         Vxe=     322.3   Vye=     256.8
