
  ///////////////////////////////////////////////////////////////////////////
  | 公司名称:                                                               |
  |                                                                         |
  |                         SATWE 0.2V0调整信息输出                         |
  |                          SATWE2010_V2.2 中文版                          |
  |                         (2014年9月23日9时52分)                          |
  |                            文件名: WV02Q.OUT                            |
  |                                                                         |
  |工程名称 :                     设计人 :              计算日期:2017/05/25 |
  |工程代号 :                     校核人 :              计算时间:15:28:15   |
  ///////////////////////////////////////////////////////////////////////////

   **********************************************************************
               各层各塔的规定水平力
   **********************************************************************

      层号 塔号            X向(KN)            Y向(KN)

       3    1               159.4               131.5
       2    1               106.9                82.4
       1    1                56.0                42.8

   **********************************************************************
               规定水平力框架柱及短肢墙地震倾覆力矩(抗规)
   **********************************************************************

      层号 塔号               框架柱            短肢墙                墙              斜撑

       3    1    X               0.0               0.0            1590.5               0.0
                 Y               0.0               0.0            1301.3               0.0
       2    1    X               0.0               0.0            4239.8               0.0
                 Y               0.0               0.0            3410.0               0.0
       1    1    X               0.0               0.0            7386.8               0.0
                 Y               0.0               0.0            5882.7               0.0

   **********************************************************************
               规定水平力框架柱及短肢墙地震倾覆力矩百分比(抗规)
   **********************************************************************

      层号 塔号               框架柱            短肢墙                墙              斜撑

       3    1    X             0.00%             0.00%           100.00%             0.00%
                 Y             0.00%             0.00%           100.00%             0.00%
       2    1    X             0.00%             0.00%           100.00%             0.00%
                 Y             0.00%             0.00%           100.00%             0.00%
       1    1    X             0.00%             0.00%           100.00%             0.00%
                 Y             0.00%             0.00%           100.00%             0.00%

   **********************************************************************
               规定水平力框架柱及短肢墙地震倾覆力矩(轴力方式)
   **********************************************************************

      层号 塔号               合力点            框架柱            短肢墙                墙              斜撑

       3    1    X             14.05               0.0               0.0            1548.3               0.0
                 Y              3.00               0.0               0.0            1308.2               0.0
       2    1    X             14.92               0.0               0.0            4195.4               0.0
                 Y              3.08               0.0               0.0            3437.2               0.0
       1    1    X             15.29               0.0               0.0            7422.6               0.0
                 Y              3.13               0.0               0.0            5971.8               0.0

   **********************************************************************
               规定水平力框架柱及短肢墙地震倾覆力矩百分比(轴力方式)
   **********************************************************************

      层号 塔号               框架柱            短肢墙                墙              斜撑

       3    1    X             0.00%             0.00%           100.00%             0.00%
                 Y             0.00%             0.00%           100.00%             0.00%
       2    1    X             0.00%             0.00%           100.00%             0.00%
                 Y             0.00%             0.00%           100.00%             0.00%
       1    1    X             0.00%             0.00%           100.00%             0.00%
                 Y             0.00%             0.00%           100.00%             0.00%

   **********************************************************************
               内力CQC的框架柱及短肢墙地震倾覆力矩
   **********************************************************************

      层号 塔号               框架柱            短肢墙                墙              斜撑

       3    1    X               0.0               0.0             534.5               0.0
                 Y               0.0               0.0             498.5               0.0
       2    1    X               0.0               0.0            1415.1               0.0
                 Y               0.0               0.0            1312.2               0.0
       1    1    X               0.0               0.0            2478.6               0.0
                 Y               0.0               0.0            2290.0               0.0

   **********************************************************************
               内力CQC的框架柱及短肢墙地震倾覆力矩百分比
   **********************************************************************

      层号 塔号               框架柱            短肢墙                墙              斜撑

       3    1    X             0.00%             0.00%           100.00%             0.00%
                 Y             0.00%             0.00%           100.00%             0.00%
       2    1    X             0.00%             0.00%           100.00%             0.00%
                 Y             0.00%             0.00%           100.00%             0.00%
       1    1    X             0.00%             0.00%           100.00%             0.00%
                 Y             0.00%             0.00%           100.00%             0.00%
