
  ///////////////////////////////////////////////////////////////////////////
  | 公司名称:                                                               |
  |                                                                         |
  |                       周期、地震力与振型输出文件                        |
  |                             (总刚分析方法)                              |
  |                          SATWE2010_V2.2 中文版                          |
  |                         (2014年9月23日9时52分)                          |
  |                             文件名: WZQ.OUT                             |
  |                                                                         |
  |工程名称 :                     设计人 :              计算日期:2017/05/26 |
  |工程代号 :                     校核人 :              计算时间:13:25:53   |
  ///////////////////////////////////////////////////////////////////////////

    考虑扭转耦联时的振动周期(秒)、X,Y 方向的平动系数、扭转系数

    振型号    周 期      转 角          平动系数 (X+Y)       扭转系数
      1       0.2411     89.34        0.77 ( 0.00+0.77 )      0.23
      2       0.2223    179.72        1.00 ( 1.00+0.00 )      0.00
      3       0.1620     90.94        0.23 ( 0.00+0.23 )      0.77
      4       0.0773     87.30        0.75 ( 0.00+0.74 )      0.25
      5       0.0744    177.88        1.00 ( 1.00+0.00 )      0.00
      6       0.0537     89.62        0.25 ( 0.00+0.25 )      0.75
      7       0.0474     77.45        0.74 ( 0.03+0.70 )      0.26
      8       0.0469    170.51        0.99 ( 0.97+0.03 )      0.01
      9       0.0338     88.99        0.27 ( 0.00+0.27 )      0.73

   地震作用最大的方向 =    44.250 (度)


   ============================================================

    仅考虑 X 向地震作用时的地震力
   Floor : 层号
   Tower : 塔号
   F-x-x : X 方向的耦联地震力在 X 方向的分量
   F-x-y : X 方向的耦联地震力在 Y 方向的分量
   F-x-t : X 方向的耦联地震力的扭矩

   振型   1 的地震力
   -------------------------------------------------------
   Floor     Tower       F-x-x         F-x-y         F-x-t
                         (kN)          (kN)         (kN-m)
      3        1          0.02          1.39         -6.79
      2        1          0.01          0.94         -4.65
      1        1          0.00          0.43         -2.15

   振型   2 的地震力
   -------------------------------------------------------
   Floor     Tower       F-x-x         F-x-y         F-x-t
                         (kN)          (kN)         (kN-m)
      3        1        154.47         -0.82         18.82
      2        1        111.39         -0.45          9.85
      1        1         53.42         -0.26          2.98

   振型   3 的地震力
   -------------------------------------------------------
   Floor     Tower       F-x-x         F-x-y         F-x-t
                         (kN)          (kN)         (kN-m)
      3        1          0.01         -0.78        -12.28
      2        1          0.01         -0.52         -8.69
      1        1          0.01         -0.24         -4.20

   振型   4 的地震力
   -------------------------------------------------------
   Floor     Tower       F-x-x         F-x-y         F-x-t
                         (kN)          (kN)         (kN-m)
      3        1         -0.06         -1.18          6.41
      2        1          0.05          1.02         -5.09
      1        1          0.07          1.62         -8.34

   振型   5 的地震力
   -------------------------------------------------------
   Floor     Tower       F-x-x         F-x-y         F-x-t
                         (kN)          (kN)         (kN-m)
      3        1        -39.52          1.53         -3.68
      2        1         30.46         -1.10          6.70
      1        1         49.76         -1.80          8.65

   振型   6 的地震力
   -------------------------------------------------------
   Floor     Tower       F-x-x         F-x-y         F-x-t
                         (kN)          (kN)         (kN-m)
      3        1          0.00         -0.13         -1.99
      2        1          0.00          0.10          1.54
      1        1          0.00          0.17          2.66

   振型   7 的地震力
   -------------------------------------------------------
   Floor     Tower       F-x-x         F-x-y         F-x-t
                         (kN)          (kN)         (kN-m)
      3        1          0.29          1.26         -7.06
      2        1         -0.70         -3.18         17.34
      1        1          0.65          2.93        -15.67

   振型   8 的地震力
   -------------------------------------------------------
   Floor     Tower       F-x-x         F-x-y         F-x-t
                         (kN)          (kN)         (kN-m)
      3        1          7.79         -1.31          5.97
      2        1        -19.33          3.29        -15.55
      1        1         17.97         -2.93         14.76

   振型   9 的地震力
   -------------------------------------------------------
   Floor     Tower       F-x-x         F-x-y         F-x-t
                         (kN)          (kN)         (kN-m)
      3        1          0.00          0.04          0.59
      2        1          0.00         -0.10         -1.46
      1        1          0.00          0.09          1.29

   各振型作用下 X 方向的基底剪力
   -------------------------------------------------------
            振型号       剪力(kN)
               1          0.03
               2        319.28
               3          0.03
               4          0.06
               5         40.70
               6          0.00
               7          0.24
               8          6.43
               9          0.00

   X向地震作用参与振型的有效质量系数
   -------------------------------------------------------
            振型号       有效质量系数(%)
               1          0.01
               2         87.05
               3          0.01
               4          0.02
               5         11.10
               6          0.00
               7          0.06
               8          1.75
               9          0.00

   各层 X 方向的作用力(CQC)
   Floor    : 层号
   Tower    : 塔号
   Fx       : X 向地震作用下结构的地震反应力
   Vx       : X 向地震作用下结构的楼层剪力
   Mx       : X 向地震作用下结构的弯矩
   Static Fx: 底部剪力法 X 向的地震力
   ------------------------------------------------------------------------------------------
   Floor     Tower        Fx           Vx (分塔剪重比) (整层剪重比)      Mx        Static Fx
                         (kN)         (kN)                             (kN-m)         (kN)

                     (注意:下面分塔输出的剪重比不适合于上连多塔结构)

      3        1        159.36        159.36( 5.18%)      ( 5.18%)        525.87        156.57
      2        1        117.14        266.23( 4.35%)      ( 4.35%)       1395.49        103.46
      1        1         76.17        322.28( 3.51%)      ( 3.51%)       2440.88         51.73


       抗震规范(5.2.5)条要求的X向楼层最小剪重比 =   0.80%

       X 方向的有效质量系数:   100.00%

   ============================================================

    仅考虑 Y 向地震时的地震力
   Floor : 层号
   Tower : 塔号
   F-y-x : Y 方向的耦联地震力在 X 方向的分量
   F-y-y : Y 方向的耦联地震力在 Y 方向的分量
   F-y-t : Y 方向的耦联地震力的扭矩

   振型   1 的地震力
   -------------------------------------------------------
   Floor     Tower       F-y-x         F-y-y         F-y-t
                         (kN)          (kN)         (kN-m)
      3        1          1.31        120.21       -585.46
      2        1          1.06         81.06       -400.70
      1        1          0.39         36.80       -185.00

   振型   2 的地震力
   -------------------------------------------------------
   Floor     Tower       F-y-x         F-y-y         F-y-t
                         (kN)          (kN)         (kN-m)
      3        1         -0.74          0.00         -0.09
      2        1         -0.54          0.00         -0.05
      1        1         -0.26          0.00         -0.01

   振型   3 的地震力
   -------------------------------------------------------
   Floor     Tower       F-y-x         F-y-y         F-y-t
                         (kN)          (kN)         (kN-m)
      3        1         -0.30         36.63        577.07
      2        1         -0.67         24.58        408.24
      1        1         -0.58         11.37        197.41

   振型   4 的地震力
   -------------------------------------------------------
   Floor     Tower       F-y-x         F-y-y         F-y-t
                         (kN)          (kN)         (kN-m)
      3        1         -1.65        -30.99        168.53
      2        1          1.20         26.80       -133.75
      1        1          1.91         42.60       -219.06

   振型   5 的地震力
   -------------------------------------------------------
   Floor     Tower       F-y-x         F-y-y         F-y-t
                         (kN)          (kN)         (kN-m)
      3        1          1.33         -0.05          0.12
      2        1         -1.03          0.04         -0.23
      1        1         -1.68          0.06         -0.29

   振型   6 的地震力
   -------------------------------------------------------
   Floor     Tower       F-y-x         F-y-y         F-y-t
                         (kN)          (kN)         (kN-m)
      3        1         -0.06        -10.34       -158.57
      2        1          0.19          8.32        122.61
      1        1          0.02         13.84        211.89

   振型   7 的地震力
   -------------------------------------------------------
   Floor     Tower       F-y-x         F-y-y         F-y-t
                         (kN)          (kN)         (kN-m)
      3        1          1.22          5.33        -29.94
      2        1         -2.99        -13.50         73.57
      1        1          2.77         12.42        -66.47

   振型   8 的地震力
   -------------------------------------------------------
   Floor     Tower       F-y-x         F-y-y         F-y-t
                         (kN)          (kN)         (kN-m)
      3        1         -1.15          0.19         -0.88
      2        1          2.85         -0.49          2.29
      1        1         -2.65          0.43         -2.18

   振型   9 的地震力
   -------------------------------------------------------
   Floor     Tower       F-y-x         F-y-y         F-y-t
                         (kN)          (kN)         (kN-m)
      3        1          0.04          1.99         29.22
      2        1         -0.08         -4.92        -71.99
      1        1          0.08          4.36         63.71

   各振型作用下 Y 方向的基底剪力
   -------------------------------------------------------
            振型号       剪力(kN)
               1        238.07
               2          0.01
               3         72.58
               4         38.42
               5          0.05
               6         11.82
               7          4.25
               8          0.14
               9          1.43

   Y向地震作用参与振型的有效质量系数
   -------------------------------------------------------
            振型号       有效质量系数(%)
               1         64.91
               2          0.00
               3         19.79
               4         10.47
               5          0.01
               6          3.22
               7          1.16
               8          0.04
               9          0.39

   各层 Y 方向的作用力(CQC)
   Floor    : 层号
   Tower    : 塔号
   Fy       : Y 向地震作用下结构的地震反应力
   Vy       : Y 向地震作用下结构的楼层剪力
   My       : Y 向地震作用下结构的弯矩
   Static Fy: 底部剪力法 Y 向的地震力
   ------------------------------------------------------------------------------------------
   Floor     Tower        Fy           Vy (分塔剪重比) (整层剪重比)      My        Static Fy
                         (kN)         (kN)                             (kN-m)         (kN)

                     (注意:下面分塔输出的剪重比不适合于上连多塔结构)

      3        1        131.54        131.54( 4.28%)      ( 4.28%)        434.08        156.57
      2        1         91.50        213.92( 3.49%)      ( 3.49%)       1132.41        103.46
      1        1         63.63        256.76( 2.80%)      ( 2.80%)       1961.15         51.73


       抗震规范(5.2.5)条要求的Y向楼层最小剪重比 =   0.80%

       Y 方向的有效质量系数:   100.00%

 ==========各楼层地震剪力系数调整情况 [抗震规范(5.2.5)验算]==========

   层号     塔号     X向调整系数      Y向调整系数
    1        1          1.000             1.000
    2        1          1.000             1.000
    3        1          1.000             1.000
 
 **本文件结果是在地震外力CQC下的统计结果，内力CQC统计结果见WV02Q.OUT
