///////////////////////////////////////////////////////////////////////////
/                                                                         /
/                       SPAS_SATWE截面与构件校对文件                      /
/                                                                         /
///////////////////////////////////////////////////////////////////////////
 
 ***********************截面信息*********************
 编号     截面类型      B          H          U          T          D          F     STEEL_GRADE
 
*******************************************************
*                 第  1层构件信息                     *
*******************************************************
 
 梁总数=    0   柱总数=    0   支撑总数=    0   墙总数=   22   板总数=    7
 梁编号    塔号    截面号     转角    材料    强度等级    起点铰信息    终点铰信息    调幅    连梁    转换梁   门式钢梁   耗能梁
 
 柱编号    塔号    截面号     转角    材料    强度等级    起点铰信息    终点铰信息    角柱    框支柱  门式钢柱  组合截面    上端刚域  下端刚域
 
 支撑编号  塔号    截面号    转角    材料    强度等级    起点铰信息    终点铰信息
 
 墙编号    塔号      厚度    材料  强度等级     B1           H1            B2         H2
     1      1       0.260    -1       25       0.00         0.00          0.00       0.00
     2      1       0.260    -1       25       0.00         0.00          0.00       0.00
     3      1       0.260    -1       25       0.00         0.00          0.00       0.00
     4      1       0.260    -1       25       0.00         0.00          0.00       0.00
     5      1       0.260    -1       25       0.00         0.00          0.00       0.00
     6      1       0.260    -1       25       1.27         0.90          1.50       1.80
     7      1       0.260    -1       25       1.05         0.90          1.50       1.80
     8      1       0.260    -1       25       1.27         0.90          1.50       1.80
     9      1       0.260    -1       25       0.00         0.00          0.00       0.00
    10      1       0.260    -1       25       0.00         0.00          0.00       0.00
    11      1       0.260    -1       25       1.27         0.90          1.50       1.80
    12      1       0.260    -1       25       0.00         0.00          0.00       0.00
    13      1       0.260    -1       25       1.05         0.90          1.50       1.80
    14      1       0.260    -1       25       1.27         0.90          1.50       1.80
    15      1       0.260    -1       25       0.00         0.00          0.00       0.00
    16      1       0.260    -1       25       0.00         0.00          0.00       0.00
    17      1       0.260    -1       25       0.00         0.00          0.00       0.00
    18      1       0.260    -1       25       1.27         0.90          1.50       1.80
    19      1       0.260    -1       25       0.00         0.00          0.00       0.00
    20      1       0.260    -1       25       1.27         0.90          1.50       1.80
    21      1       0.260    -1       25       1.27         0.90          1.50       1.80
    22      1       0.260    -1       25       0.00         0.00          0.00       0.00
 
 板编号    塔号      厚度    模式  强度等级
     1      1       0.100    -1       20
     2      1       0.100    -1       20
     3      1       0.100    -1       20
     4      1       0.100    -1       20
     5      1       0.100    -1       20
     6      1       0.100    -1       20
     7      1       0.100    -1       20
 
*******************************************************
*                 第  2层构件信息                     *
*******************************************************
 
 梁总数=    0   柱总数=    0   支撑总数=    0   墙总数=   22   板总数=    7
 梁编号    塔号    截面号     转角    材料    强度等级    起点铰信息    终点铰信息    调幅    连梁    转换梁   门式钢梁   耗能梁
 
 柱编号    塔号    截面号     转角    材料    强度等级    起点铰信息    终点铰信息    角柱    框支柱  门式钢柱  组合截面    上端刚域  下端刚域
 
 支撑编号  塔号    截面号    转角    材料    强度等级    起点铰信息    终点铰信息
 
 墙编号    塔号      厚度    材料  强度等级     B1           H1            B2         H2
     1      1       0.260    -1       25       0.00         0.00          0.00       0.00
     2      1       0.260    -1       25       0.00         0.00          0.00       0.00
     3      1       0.260    -1       25       0.00         0.00          0.00       0.00
     4      1       0.260    -1       25       0.00         0.00          0.00       0.00
     5      1       0.260    -1       25       0.00         0.00          0.00       0.00
     6      1       0.260    -1       25       1.27         0.90          1.50       1.80
     7      1       0.260    -1       25       1.05         0.90          1.50       1.80
     8      1       0.260    -1       25       1.27         0.90          1.50       1.80
     9      1       0.260    -1       25       0.00         0.00          0.00       0.00
    10      1       0.260    -1       25       0.00         0.00          0.00       0.00
    11      1       0.260    -1       25       1.27         0.90          1.50       1.80
    12      1       0.260    -1       25       0.00         0.00          0.00       0.00
    13      1       0.260    -1       25       1.05         0.90          1.50       1.80
    14      1       0.260    -1       25       1.27         0.90          1.50       1.80
    15      1       0.260    -1       25       0.00         0.00          0.00       0.00
    16      1       0.260    -1       25       0.00         0.00          0.00       0.00
    17      1       0.260    -1       25       0.00         0.00          0.00       0.00
    18      1       0.260    -1       25       1.27         0.90          1.50       1.80
    19      1       0.260    -1       25       0.00         0.00          0.00       0.00
    20      1       0.260    -1       25       1.27         0.90          1.50       1.80
    21      1       0.260    -1       25       1.27         0.90          1.50       1.80
    22      1       0.260    -1       25       0.00         0.00          0.00       0.00
 
 板编号    塔号      厚度    模式  强度等级
     1      1       0.100    -1       20
     2      1       0.100    -1       20
     3      1       0.100    -1       20
     4      1       0.100    -1       20
     5      1       0.100    -1       20
     6      1       0.100    -1       20
     7      1       0.100    -1       20
