
  ///////////////////////////////////////////////////////////////////////////
  | 公司名称:                                                               |
  |                                                                         |
  |                           SATWE 位移输出文件                            |
  |                          SATWE2010_V2.2 中文版                          |
  |                         (2014年9月23日9时52分)                          |
  |                            文件名: WDISP.OUT                            |
  |                                                                         |
  |工程名称 :                     设计人 :              计算日期:2017/05/22 |
  |工程代号 :                     校核人 :              计算时间:14:23:17   |
  ///////////////////////////////////////////////////////////////////////////


  所有位移的单位为毫米

  Floor   : 层号
  Tower   : 塔号
  Jmax    : 最大位移对应的节点号
  JmaxD   : 最大层间位移对应的节点号
  Max-(Z) : 节点的最大竖向位移
  h       : 层高
  Max-(X)，Max-(Y)   : X,Y方向的节点最大位移
  Ave-(X)，Ave-(Y)   : X,Y方向的层平均位移
  Max-Dx ，Max-Dy    : X,Y方向的最大层间位移
  Ave-Dx ，Ave-Dy    : X,Y方向的平均层间位移
  Ratio-(X),Ratio-(Y): 最大位移与层平均位移的比值
  Ratio-Dx,Ratio-Dy  : 最大层间位移与平均层间位移的比值
  Max-Dx/h，Max-Dy/h : X,Y方向的最大层间位移角
  DxR/Dx,DyR/Dy      : X,Y方向的有害位移角占总位移角的百分比例
  Ratio_AX,Ratio_AY  : 本层位移角与上层位移角的1.3倍及上三层平均位移角的1.2倍的比值的大者
  X-Disp，Y-Disp，Z-Disp:节点X,Y,Z方向的位移


  === 工况  1 === X 方向地震作用下的楼层最大位移

  Floor  Tower    Jmax     Max-(X)     Ave-(X)       h
                  JmaxD    Max-Dx      Ave-Dx    Max-Dx/h      DxR/Dx    Ratio_AX
    2      1       396       0.31        0.30         3300.
                   396       0.15        0.15       1/9999.     2.3%       1.00
    1      1       240       0.16        0.15         3300.
                   240       0.16        0.15       1/9999.    99.7%       0.79
 
   X方向最大层间位移角:               1/9999.(第  2层第 1塔)

  === 工况  2 === Y 方向地震作用下的楼层最大位移

  Floor  Tower    Jmax     Max-(Y)     Ave-(Y)       h
                  JmaxD    Max-Dy      Ave-Dy    Max-Dy/h      DyR/Dy    Ratio_AY
    2      1       304       0.25        0.22         3300.
                   304       0.12        0.10       1/9999.     8.6%       1.00
    1      1       158       0.13        0.11         3300.
                   158       0.13        0.11       1/9999.    97.6%       0.84
 
   Y方向最大层间位移角:               1/9999.(第  2层第 1塔)

  === 工况  3 === X 方向风荷载作用下的楼层最大位移

  Floor  Tower    Jmax     Max-(X)     Ave-(X)    Ratio-(X)       h
                  JmaxD    Max-Dx      Ave-Dx     Ratio-Dx    Max-Dx/h    DxR/Dx    Ratio_AX
    2      1       396       0.03        0.03       1.03         3300.
                   396       0.01        0.01       1.04       1/9999.    30.3%       1.00
    1      1       240       0.02        0.02       1.03         3300.
                   240       0.02        0.02       1.03       1/9999.    99.6%       1.00
 
   X方向最大层间位移角:               1/9999.(第  2层第 1塔)
   X方向最大位移与层平均位移的比值:        1.03(第  2层第 1塔)
   X方向最大层间位移与平均层间位移的比值:  1.04(第  2层第 1塔)

  === 工况  4 === Y 方向风荷载作用下的楼层最大位移

  Floor  Tower    Jmax     Max-(Y)     Ave-(Y)    Ratio-(Y)       h
                  JmaxD    Max-Dy      Ave-Dy     Ratio-Dy    Max-Dy/h    DyR/Dy    Ratio_AY
    2      1       304       0.10        0.09       1.15         3300.
                   310       0.04        0.04       1.17       1/9999.    24.5%       1.00
    1      1       158       0.05        0.05       1.13         3300.
                   158       0.05        0.05       1.13       1/9999.    99.2%       0.96
 
   Y方向最大层间位移角:               1/9999.(第  2层第 1塔)
   Y方向最大位移与层平均位移的比值:        1.15(第  2层第 1塔)
   Y方向最大层间位移与平均层间位移的比值:  1.17(第  2层第 1塔)

  === 工况  5 === 竖向恒载作用下的楼层最大位移

  Floor  Tower    Jmax       Max-(Z)
    2      1       312        -0.53
    1      1       185        -0.46

  === 工况  6 === 竖向活载作用下的楼层最大位移

  Floor  Tower    Jmax       Max-(Z)
    2      1       373        -0.08
    1      1       220        -0.06

  === 工况  7 === X 方向地震作用规定水平力下的楼层最大位移

  Floor  Tower    Jmax     Max-(X)     Ave-(X)    Ratio-(X)       h
                  JmaxD    Max-Dx      Ave-Dx     Ratio-Dx
    2      1       396       0.31        0.30       1.01         3300.
                   396       0.15        0.15       1.02
    1      1       240       0.15        0.15       1.01         3300.
                   240       0.15        0.15       1.01
 
   X方向最大位移与层平均位移的比值:        1.01(第  2层第 1塔)
   X方向最大层间位移与平均层间位移的比值:  1.02(第  2层第 1塔)

  === 工况  8 === Y 方向地震作用规定水平力下的楼层最大位移

  Floor  Tower    Jmax     Max-(Y)     Ave-(Y)    Ratio-(Y)       h
                  JmaxD    Max-Dy      Ave-Dy     Ratio-Dy
    2      1       304       0.22        0.21       1.05         3300.
                   304       0.11        0.10       1.07
    1      1       158       0.11        0.11       1.03         3300.
                   158       0.11        0.11       1.03
 
   Y方向最大位移与层平均位移的比值:        1.05(第  2层第 1塔)
   Y方向最大层间位移与平均层间位移的比值:  1.07(第  2层第 1塔)
