
  ///////////////////////////////////////////////////////////////////////////
  | ˾:                                                               |
  |                                                                         |
  |                            ṹϢ                             |
  |                          SATWE2010_V2.2 İ                          |
  |                         (20149239ʱ52)                          |
  |                            ļ: WMASS.OUT                            |
  |                                                                         |
  | :                      :              :2017/05/22 |
  |̴ :                     У :              ʱ:14:22:49   |
  ///////////////////////////////////////////////////////////////////////////

     Ϣ ..............................................
     ṹϢ:                         Žṹ                                                                                           
      (kN/m3):                   Gc     =  25.00
     ֲ (kN/m3):                     Gs     =  78.00
     ˮƽļн(Degree):                 ARF    =   0.00
     Ҳ:                           MBASE  =      0
     ؼϢ:                     ģʩ1Ӻɼ                                                                                
     ؼϢ:                       X,Yķ                                                                            
     Ϣ:                       X,Yĵ                                                                            
     涨ˮƽ㷽:               ¥(淶)                                                                           
     ṹ:                             -ǽṹ                                                                                    
     ȹ:                             MANNEX =      0
     תڲ:                       MCHANGE=      0
     Ƕ̶ڲ:                       MQIANGU=      1
     ǽԪϸƳ(m):              DMAX   =   1.00
     ԰ϸƳ(m):            DMAX_S =   1.00
     ԰ǷЭ:                                                                                                                
     ǽԪ:                             ڽ                                                                                       
     Ƿȫ¥ǿƲø¥ٶ:                                                                                                        
     ǷǿƲø¥ٶ:                                                                                                        
     ǽнڵΪ¥Ĵӽڵ:                                                                                                      
     ǽ㸲ʱֻǸЧԵ:                                                                                                  
     ṹڵ:                         ȫ                                                                                               

     Ϣ ..........................................
     Ļѹ (kN/m2):             WO     =   0.30
     ʶѹ(kN/m2):    WOC    =   0.30
     ֲڳ̶:                         B                                                                                                
     ṹXڣ룩:                Tx     =   0.26
     ṹYڣ룩:                Ty     =   0.26
     Ƿ˳:                                                                                                                    
     ½ṹ(%):          WDAMP  =   5.00
     ʶ(%):      WDAMPC =   2.00
     Ƿ:                                                                                                                    
     ǷŤת:                                                                                                                      
     ʱЧӦŴϵ:       WENL   =   1.00
     ṹײײȻ߶():     DBOT   =   0.00
     α仯ֶ:                       MPART  =      1
     ߲:                         NSTI   =      2
     ϵ(X):                      USIX   =   1.30
     ϵ(Y):                      USIY   =   1.30
     ϵ:               USB    =   0.50

     Ϣ ............................................
     ṹϢ:                                                                                                                    
     Ϸ(CQC;SRSS):     CQC                                                                                                
     :                           NMODE  =      6
     Ҷ:                             NAF    =   6.00
     :                             KD     =II                                                                                                 
     Ƶ:                         һ                                                                                               
     :                             TG     =   0.35
     Ӱϵֵ:                   Rmax1  =   0.04
     12¹ſܽṹ
     Ӱϵֵ:                   Rmax2  =   0.28
     ܵĿȼ:                       NF     =      2
     ǽĿȼ:                     NW     =      2
     ֿܵĿȼ:                     NS     =      2
     ʩĿȼ:               NGZDJ  =ı                                                                                             
     (6.1.3-3)Ƕ̶¿
     ʩĿȼ:                                                                                                                        
     شֵĻֵϵ:       RMC    =   0.50
     ۼϵ:                         TC     =   1.00
     ṹ (%):                     DAMP   =   5.00
     ():                     MID    =                                                                                             
     ǷżȻƫ:                                                                                                                      
     Ƿ˫ŤתЧӦ:                                                                                                              
     Ƿˮƽ:                                                                                                        
     ȷ:                                                                                                              
     бĸӵ:       NADDDIR=      0

     Ϣ ..........................................
     ǻɲõĲ:               ӵ 1 2                                                                                       
     ǽǷۼ:                 ۼ                                                                                             
     ĻǷۼ:             ۼ                                                                                               
     ǽṹʹ޵Ļصϵ:     FACLD  =   1.00
     ǽۼϵ:
           ϵĲ              ۼϵ
                 1                           1.00
                 2---3                       0.85
                 4---5                       0.70
                 6---8                       0.65
                 9---20                      0.60
                   > 20                      0.55
     ¥ۼ:                 ۼ                                                                                             

     Ϣ ........................................
     ¥ΪԵնȵӰ췽ʽ:       նȷŴϵ2010淶ȡֵ                                                                       
     ǽնȷŴϵ:                   BK_TQL =   1.00
     ˸صϵ:                   BT     =   0.85
     Ŵϵ:                 BM     =   1.00
     նۼϵ:                     BLZ    =   0.60
     Ťۼϵ:                       TB     =   0.40
     ȫ¥Ŵϵ:                   RSF    =   1.00
     0.2Vo ʽ:                       alpha*Vobeta*VmaxȡС                                                                        
     0.2Vo Voϵ:                 alpha  =   0.20
     0.2Vo Vmaxϵ:               beta   =   1.50
     0.2Vo ֶ:                     VSEG   =      1
      1ʼֹ:             KQ1    =  1, KQ2    =  2
     0.2Vo :                       KQ_L   =   2.00
     Ƿ֧:     IREGU_KZZB =      0
     ֧:                       KZZ_L  =   5.00
     ֧ǽṹײǿǽȼ
     Զһ:                                                                                                                          
     ʵֽϵ:                 CPCOEF91 =   1.15
     ǽʵֽϵ:               CPCOEF91_W =   1.15
     Ƿ񰴿淶5.2.5¥:  IAUTO525 =      1
     ᷽ĶλƱ:             XI1    =   0.00
     ǿ᷽ĶλƱ:             XI2    =   0.00
     жϷʽ:                       ߹Ϳж                                                                               
     жϱõ¥ն㷨:       ȵλ                                                                           
     ǿָı:                  NWEAK =      0
     Ŵϵ:             WEAKCOEF =   1.25
     ǿָļǿ:                 NSTREN =      0

     Ϣ ........................................
     ǿ (N/mm2):                   IB     =    300
     ǿ (N/mm2):                   JB     =    270
     ǿ (N/mm2):                   IC     =    300
     ǿ (N/mm2):                   JC     =    270
     ǽǿ (N/mm2):                   IW     =    300
     ǽˮƽֲǿ (N/mm2):             FYH    =    210
     ǽֲǿ (N/mm2):             FYW    =    300
     Եǿ (N/mm2):             JWB    =    270
      (mm):                  SB     = 100.00
      (mm):                  SC     = 100.00
     ǽˮƽֲ (mm):            SWH    = 150.00
     ǽֲ (%):               RWV    =   0.30
     ǽСˮƽֲ (%):           RWHMIN =   0.00
     ýбʱԽб
     ǿȱ:                       RGX    =   1.00

     Ϣ ........................................
     ṹҪϵ:                       RWO    =   1.00
     㳤ȼԭ(X/Y):        в/в                                                                                      
     صּ:               Ϊ                                                                                         
     صּ:               Ϊ                                                                                         
     Ƿ P-Delt ЧӦ:                                                                                                                  
     ԭ:                       ƫѹ                                                                                       
     ˫ƫѹʱǷеŻ:                                                                                                        
     ߹߸ֹй:                                                                                                            
     ֹ澻ë:                 RN     =   0.85
     ѹСѹ:             UcMinB =   0.15
      (mm):                    BCB    =  20.00
      (mm):                    ACA    =  20.00
     ǽԵִи߹7.2.16-4:                                                                                                    
     ѹֽ:                                                                                                               
     ṹеĿܲѹֵܽṹ
     Ĺ涨:                                                                                                                            
     ԵѹСڿ6.4.5涨
     ֵʱһùԵ:                                                                                                            
     Ƿ񰴻淶B.0.4ЧӦ:                                                                                                   
     Ƿִи߹5.2.3-4:                                                                                                         
     ȼԭ:                     򻯷ʽ                                                                                           
     ֧ŰٽǶ(Deg):            ABr2Col=  20.00

     Ϣ ........................................
     طϵ:                         CDEAD  =   1.20
     طϵ:                         CLIVE  =   1.40
     طϵ:                       CWIND  =   1.40
     ˮƽϵ:                   CEA_H  =   1.30
     ϵ:                   CEA_V  =   0.50
     ¶Ⱥطϵ:                     CTEMP  =   1.40
     طϵ:                     CCRAN  =   1.40
     طϵ:                   CSPW   =   1.40
     صֵϵ:                   CD_L   =   0.70
     صֵϵ:                   CD_W   =   0.60
     شֵЧӦĻֵϵ:   CEA_L  =   0.50
     شֵЧӦĵֵϵ:CEA_C =   0.50
     ֵϵ:                   CD_C   =   0.70
     ¶õֵϵ:
         Ǻءز:         CD_TDL =   0.60
         Ƿز:               CD_TW  =   0.00
         ǵò:             CD_TE  =   0.00
     Ź¶ЧӦۼϵ:               CC_T   =   0.30
 

     ǽײǿĲϢ.......................
          
       1        1

     ûָĲϢ.........................
          

     ûָǿĲϢ.........................
          

     ԼԵɲĲϢ...................
               
       1        1   ԼԵ
       2        1   ԼԵ

     *********************************************************
     *                  Ϣ             *
     *********************************************************

          X       Y       Z                        
                               (m)         (m)          (t)          (t)
   2       1     12.610       3.236       6.600        275.9         14.8          0.0         1.00
   1       1     12.610       3.236       3.300        275.9         14.8          0.0         1.00

     ز (t):                         29.510
     ز (t):                        551.827
      (t):                                0.000
     ṹ (t):                            581.337
     زṹغӺ
     ṹزͻز͸
     زͽṹǻۼĽ (1t = 1000kg)


     *********************************************************
     *             㹹ϺͲ              *
     *********************************************************

 (׼)               Ԫ                Ԫ                   ǽԪ                     ۼƸ߶
                            (//)    (//)  (//ˮƽ/)    (m)           (m)    

   1(  1)           1         0(30/ 300/ 270)       0(30/ 300/ 270)      22(25/ 300/ 210/ 300)      3.300         3.300
   2(  1)           1         0(30/ 300/ 270)       0(30/ 300/ 270)      22(25/ 300/ 210/ 300)      3.300         6.600
 

     *********************************************************
     *                    Ϣ                         *
     *********************************************************

      X      X    㸲X   Y      Y    㸲Y

   2     1      15.98       16.0        52.7      50.52       50.5       166.7
   1     1      12.94       28.9       148.2      41.03       91.6       468.8

===========================================================================
             ¥Чߴ(λ:m,m**2)
===========================================================================

              X      Y   ЧB   ЧH   BMAX   СBMIN
   1      1    147.55     12.28      3.13     24.25      6.37       24.26        6.33
   2      1    147.55     12.28      3.13     24.25      6.37       24.26        6.33

===========================================================================
             ¥ĵλֲ(λ:kg/m**2)
===========================================================================

        λ g[i]       max(g[i]/g[i-1],g[i]/g[i+1])
   1      1         1969.97                        1.00
   2      1         1969.97                        1.00
 
===========================================================================
                 Ϣ               
===========================================================================
      ļ :        20175221359                                  
 
                : 2017. 5.22                                            
      ʼʱ          :   14:22:49                                            
 
      ڴ          :   8029.0MB                                            
      ڴ          :   4000.0MB                                            
 
      ṹܳɶΪ:       1176                                            
      ṹɶΪ:       4026                                            
 
 һ: Ԥ                                                             
 
 ڶ: ÿնġɶȡϢ                                   
 
 : ÷
 
 Ĳ: 缰ط
 
 岽: ˼                                                           
 
                : 2017. 5.22
      ʱ          :   14:23:33
 
      ʱ            :    0: 0:45

 ===========================================================================
           ġƫʡڲƸնȱȵȼϢ
  Floor No        : 
  Tower No        : 
  XstifYstif    : ĵ XY ֵ
  Alf             : ķ
  XmassYmass    : ĵ XY ֵ
  Gmass           : 
  EexEey        : XY ƫ
  RatxRaty      : XY 򱾲ƸնһӦƸնȵıֵ(иն)
  Ratx1Raty1 : XY 򱾲ƸնһӦƸն70%ıֵ
                 ƽƸն80%ıֵ֮С
  Ratx2Raty2    : XY 򱾲ƸնһӦƸն90%110%150%ֵ
                    110%ָߴϲ1.5ʱ150%ָǶ̲
  RJX1RJY1RJZ1: ṹϵĲƸնȺŤתն(иն)
  RJX3RJY3RJZ3: ṹϵĲƸնȺŤתն(λƵı)
 ===========================================================================
  Floor No.   1     Tower No.   1
  Xstif=    11.5583(m)     Ystif=     3.1443(m)     Alf  =     0.0000(Degree)
  Xmass=    12.6101(m)     Ymass=     3.2365(m)     Gmass(ۼ)=   305.4232(   290.6683)(t)
  Eex  =     0.1176        Eey  =     0.0115
  Ratx =     1.0000        Raty =     1.0000
  Ratx1=     2.0959        Raty1=     1.9914
  Ratx2=     0.9781        Raty2=     0.9293  Ŵϵ= 1.25
  RJX1 = 2.3218E+06(kN/m)  RJY1 = 2.7339E+06(kN/m)  RJZ1 = 0.0000E+00(kN/m)
  RJX3 = 1.3778E+06(kN/m)  RJY3 = 1.8970E+06(kN/m)  RJZ3 = 0.0000E+00(kN/m)
  RJX3*H = 4.5468E+06(kN)  RJY3*H = 6.2602E+06(kN)  RJZ3*H = 0.0000E+00(kN)
 ---------------------------------------------------------------------------
  Floor No.   2     Tower No.   1
  Xstif=    11.6868(m)     Ystif=     3.1464(m)     Alf  =     0.0000(Degree)
  Xmass=    12.6101(m)     Ymass=     3.2365(m)     Gmass(ۼ)=   305.4232(   290.6683)(t)
  Eex  =     0.1028        Eey  =     0.0112
  Ratx =     1.0000        Raty =     1.0000
  Ratx1=     1.0000        Raty1=     1.0000
  Ratx2=     1.0000        Raty2=     1.0000  Ŵϵ= 1.00
  RJX1 = 2.3218E+06(kN/m)  RJY1 = 2.7339E+06(kN/m)  RJZ1 = 0.0000E+00(kN/m)
  RJX3 = 9.3913E+05(kN/m)  RJY3 = 1.3608E+06(kN/m)  RJZ3 = 0.0000E+00(kN/m)
  RJX3*H = 3.0991E+06(kN)  RJY3*H = 4.4908E+06(kN)  RJZ3*H = 0.0000E+00(kN)
 ---------------------------------------------------------------------------
 XСնȱ:  0.9781(  1 1)
 YСնȱ:  0.9293(  1 1)

============================================================================
ṹ忹㸲
============================================================================

             㸲Mr     㸲Mov    ֵMr/Mov    Ӧ(%)

 X        70465.1          127.3         553.71           0.00
 Y        22124.1          402.8          54.92           0.00
 X          69062.8          923.6          74.78           0.00
 Y          21683.9          914.7          23.71           0.00


============================================================================
 ṹ(淶ʱЧ)
============================================================================
 ߸ֹX˳򶥵ٶ(m/s2) =  0.022
 ߸ֹX򶥵ٶ(m/s2) =  0.004
 ع淶X˳򶥵ٶ(m/s2) =  0.017
 ع淶X򶥵ٶ(m/s2) =  0.006
 ߸ֹY˳򶥵ٶ(m/s2) =  0.067
 ߸ֹY򶥵ٶ(m/s2) =  0.004
 ع淶Y˳򶥵ٶ(m/s2) =  0.052
 ع淶Y򶥵ٶ(m/s2) =  0.023


============================================================================
 ṹȶ
============================================================================
 Xر EJd/GH**2=      113.54
 Yر EJd/GH**2=      161.00
 ýṹرEJd/GH**21.4,ܹͨ߹(5.4.4)ȶ
 ýṹرEJd/GH**22.7,ԲЧӦ

     **********************************************************************
     *                    ¥㿹ֵ                    *
     **********************************************************************

          Ratio_Bu: ʾһĳ֮

     ----------------------------------------------------------------------
            X    Y   Ratio_Bu:X,Y
     ----------------------------------------------------------------------
       2      1     0.0000E+00  0.0000E+00   1.00   1.00 
       1      1     0.0000E+00  0.0000E+00    NaN    NaN 
     XС¥㿹֮:   1.00 :  2 :  1
     YС¥㿹֮:   1.00 :  2 :  1
