
  ///////////////////////////////////////////////////////////////////////////
  | 公司名称:                                                               |
  |                                                                         |
  |                           SATWE 内力输出文件                            |
  |                          SATWE2010_V2.2 中文版                          |
  |                         (2014年9月23日9时52分)                          |
  |                            文件名: WWNL1.OUT                            |
  |                                                                         |
  |工程名称 :                     设计人 :              计算日期:2017/05/22 |
  |工程代号 :                     校核人 :              计算时间:14:23:33   |
  ///////////////////////////////////////////////////////////////////////////
 
   层号:   1

   工况号:  1*-- X方向地震作用下的标准内力(调整前)
   工况号:  1 -- X方向地震作用下的标准内力
   工况号:  2*-- Y方向地震作用下的标准内力(调整前)
   工况号:  2 -- Y方向地震作用下的标准内力
   工况号:  3 -- X方向风荷载作用下的标准内力
   工况号:  4 -- Y方向风荷载作用下的标准内力
   工况号:  5 -- 恒载作用下的标准内力
   工况号:  6 -- 活载作用下的标准内力
   工况号:  7 -- 考虑活载随机作用时梁负弯矩包络的标准内力
   工况号:  8 -- 考虑活载随机作用时梁正弯矩包络的标准内力



   单位:  m, kN, Kn.m 和 Rad（弧度）


   地震作用调整系数:
       C_VGX , C_VGY,   : X,Y方向的剪重比调整系数
       C_02VX, C_02VY   : X,Y方向的0.2V0调整系数
       C_WKX , C_WKY    : X,Y方向的薄弱层调整系数
       C_EQX , C_EQY    : X,Y方向的地震作用放大系数
       C_KZZX, C_KZZY   : X,Y方向的框支柱调整系数(仅对框支柱有效)
       C_PLCX, C_PLCY   : X,Y方向的板柱体系调整系数(仅对板柱体系有效)
       C_DKX,  C_DKX,   : X,Y方向的底框结构调整系数(仅对底框结构有效)

 墙-柱内力输出：
 iCase           : 工况号
 Shear-X，Shear-Y: X，Y 方向的底部剪力
 Axial           : 轴力
 Mx-Btm，My-Btm  : X，Y 方向的底部弯矩
 Mx-Top，My-Top  : X，Y 方向的顶部弯矩
 N-Wc            : 墙-柱单元号
 Node-i，Node-j  : 上，下节点号
 DL，Angle       : 墙-柱水平长度和方向角

 (iCase)  Shear-X   Shear-Y   Axial    Mx-Btm    My-Btm    Mx-Top    My-Top
 ---------------------------------------------------------------------------
 N-Wc =   1  (Node-i=   158,  Node-j=   164)   DL=   5.960(m)   Angle=   1.571
 ( 1*)      -0.7       2.3      23.8      -5.9       1.2       2.2       0.3
 ( 1 )      -0.9       2.9      29.8      -7.4       1.6       2.8       0.4
 ( 2*)       0.0     -28.2      -0.8     -70.3       0.0      17.3       0.0
 ( 2 )       0.0     -35.2      -1.0     -87.8      -0.1      21.6       0.0
 ( 3 )      -0.1      -0.3       3.2      -0.8       0.2       0.2       0.0
 ( 4 )       0.0     -12.3      -0.2     -28.5       0.0       5.3       0.0
 ( 5 )       3.9      -1.3    -379.1      -9.0      -2.4       6.0       2.7
 ( 6 )       0.4      -0.2     -34.5      -1.4      -0.2       0.9       0.2
  C_WKX=  1.250  C_WKY=  1.250
 ---------------------------------------------------------------------------
 N-Wc =   2  (Node-i=   187,  Node-j=   193)   DL=   5.960(m)   Angle=   1.571
 ( 1*)      -0.8      -2.1     -10.8       8.8       1.3      -6.6       0.4
 ( 1 )      -1.0      -2.6     -13.5      11.0       1.6      -8.3       0.5
 ( 2*)       0.0     -27.5      -1.5     -51.3       0.0      10.0       0.1
 ( 2 )       0.0     -34.4      -1.9     -64.1      -0.1      12.5       0.1
 ( 3 )      -0.1      -0.3      -0.9       0.5       0.2      -0.5       0.1
 ( 4 )       0.0     -12.1      -0.4     -21.2       0.0       3.0       0.0
 ( 5 )      -0.4       2.2    -403.2     -15.4       0.3      19.2      -0.7
 ( 6 )       0.0       0.4     -49.2      -2.1       0.0       2.5      -0.1
  C_WKX=  1.250  C_WKY=  1.250
 ---------------------------------------------------------------------------
 N-Wc =   3  (Node-i=   202,  Node-j=   208)   DL=   5.960(m)   Angle=   1.571
 ( 1*)      -0.6       0.9       1.5       2.4       1.2      -0.8       0.4
 ( 1 )      -0.8       1.2       1.9       3.0       1.5      -1.0       0.5
 ( 2*)       0.0     -26.2      -0.1     -50.2       0.0       9.9       0.0
 ( 2 )       0.0     -32.8      -0.1     -62.7      -0.1      12.4       0.0
 ( 3 )      -0.1       0.0       0.1       0.1       0.1      -0.1       0.1
 ( 4 )       0.0     -11.6       0.0     -20.6       0.0       2.9       0.0
 ( 5 )       0.2      -0.2    -416.3      -2.9      -0.1       1.9       0.1
 ( 6 )       0.0       0.1     -51.2       0.1       0.0       0.0       0.0
  C_WKX=  1.250  C_WKY=  1.250
 ---------------------------------------------------------------------------
 N-Wc =   4  (Node-i=   232,  Node-j=   240)   DL=   7.460(m)   Angle=   1.571
 ( 1*)      -1.6      -2.6      29.8      34.7       1.9     -15.5       0.4
 ( 1 )      -2.0      -3.2      37.3      43.4       2.4     -19.3       0.5
 ( 2*)       0.1     -32.5       1.3     -66.7      -0.1      11.1       0.0
 ( 2 )       0.1     -40.7       1.6     -83.3      -0.1      13.9       0.1
 ( 3 )      -0.2      -0.1       2.6       3.7       0.2      -1.4       0.1
 ( 4 )       0.0     -13.9      -0.1     -27.2       0.0       3.1       0.0
 ( 5 )       1.4      -2.9    -481.3      22.5      -1.0     -30.3       1.9
 ( 6 )       0.1      -0.9     -54.2      13.3      -0.1     -18.6       0.2
  C_WKX=  1.250  C_WKY=  1.250
 ---------------------------------------------------------------------------
 N-Wc =   5  (Node-i=   250,  Node-j=   258)   DL=   7.460(m)   Angle=   1.571
 ( 1*)      -2.0       6.6     -60.1     -12.7       2.2       4.1       0.2
 ( 1 )      -2.5       8.2     -75.2     -15.9       2.7       5.1       0.3
 ( 2*)      -0.1     -31.1       2.4     -76.6       0.1      13.0       0.0
 ( 2 )      -0.1     -38.9       3.0     -95.8       0.1      16.3       0.0
 ( 3 )      -0.2       0.6      -6.4      -1.3       0.3       0.3       0.0
 ( 4 )       0.0     -12.9       0.9     -31.0       0.0       3.7       0.0
 ( 5 )      -5.9       0.9    -433.0       7.7       3.8     -11.2      -4.2
 ( 6 )      -0.5       0.1     -35.6       6.4       0.3      -7.7      -0.4
  C_WKX=  1.250  C_WKY=  1.250
 ---------------------------------------------------------------------------
 N-Wc =   6  (Node-i=   158,  Node-j=   165)   DL=   1.275(m)   Angle=   0.000
 ( 1*)       0.1      -5.4       1.4      -3.9      -0.1      -1.3       0.0
 ( 1 )       0.1      -6.7       1.8      -4.8      -0.1      -1.6       0.1
 ( 2*)       0.5       1.2      12.6      -0.5      -0.4       0.7       0.0
 ( 2 )       0.6       1.5      15.8      -0.6      -0.5       0.9       0.0
 ( 3 )       0.0      -0.8       0.5      -0.4       0.0      -0.2       0.0
 ( 4 )       0.2       0.5       5.0      -0.3      -0.2       0.3       0.0
 ( 5 )      -2.2      10.3     -85.4       7.3       1.3      -2.5      -1.9
 ( 6 )      -0.2       1.2      -7.8       0.7       0.1      -0.2      -0.2
  C_WKX=  1.250  C_WKY=  1.250
 ---------------------------------------------------------------------------
 N-Wc =   7  (Node-i=   171,  Node-j=   194)   DL=   6.375(m)   Angle=   0.000
 ( 1*)       0.0     -38.4       2.9     -91.0       0.0      13.8       0.0
 ( 1 )      -0.1     -48.0       3.6    -113.8       0.0      17.2       0.0
 ( 2*)       1.8      -3.0      40.5      -4.3      -1.0       0.8      -0.2
 ( 2 )       2.3      -3.7      50.6      -5.4      -1.2       1.0      -0.2
 ( 3 )       0.0      -5.0       0.5      -8.7       0.0       0.2       0.0
 ( 4 )       0.8       0.7      16.7       0.9      -0.4       0.4      -0.1
 ( 5 )      -8.7       6.0    -433.1      -3.4       2.7      -3.3      -6.3
 ( 6 )      -1.1       1.2     -46.0      -0.3       0.4      -0.6      -0.8
  C_WKX=  1.250  C_WKY=  1.250
 ---------------------------------------------------------------------------
 N-Wc =   8  (Node-i=   200,  Node-j=   209)   DL=   2.325(m)   Angle=   0.000
 ( 1*)       0.0     -11.4      -1.8     -12.8       0.0      -2.6       0.0
 ( 1 )       0.0     -14.2      -2.3     -16.0       0.0      -3.2       0.0
 ( 2*)       0.8      -1.0      16.4      -0.9       0.0      -0.2      -0.1
 ( 2 )       1.0      -1.2      20.5      -1.1       0.0      -0.3      -0.1
 ( 3 )       0.0      -1.8      -0.1      -1.3       0.0      -0.4       0.0
 ( 4 )       0.4       0.3       6.8       0.0       0.0       0.0       0.0
 ( 5 )      -4.4       1.3    -176.9       1.5       0.0       0.7      -3.1
 ( 6 )      -0.6       0.3     -19.8       0.3       0.0       0.1      -0.4
  C_WKX=  1.250  C_WKY=  1.250
 ---------------------------------------------------------------------------
 N-Wc =   9  (Node-i=   215,  Node-j=   224)   DL=   2.550(m)   Angle=   0.000
 ( 1*)      -0.1     -12.6       1.0     -15.7       0.0      -2.5       0.0
 ( 1 )      -0.1     -15.7       1.2     -19.6       0.0      -3.2       0.0
 ( 2*)       0.8      -1.0      16.4      -1.0       0.0      -0.2      -0.1
 ( 2 )       1.0      -1.2      20.4      -1.3       0.0      -0.3      -0.1
 ( 3 )       0.0      -1.9       0.0      -1.5       0.0      -0.5       0.0
 ( 4 )       0.4       0.3       6.8       0.2       0.0       0.1       0.0
 ( 5 )      -4.4       0.0    -194.2       0.6       0.0      -0.5      -3.2
 ( 6 )      -0.6       0.0     -22.0       0.2       0.0      -0.1      -0.4
  C_WKX=  1.250  C_WKY=  1.250
 ---------------------------------------------------------------------------
 N-Wc =  10  (Node-i=   230,  Node-j=   250)   DL=   5.235(m)   Angle=   0.000
 ( 1*)      -0.2     -30.0      -5.1     -64.2       0.2       7.0       0.0
 ( 1 )      -0.3     -37.5      -6.4     -80.2       0.2       8.8      -0.1
 ( 2*)       1.3      -2.6      30.2      -3.1      -0.5      -3.1      -0.1
 ( 2 )       1.6      -3.3      37.8      -3.9      -0.7      -3.9      -0.1
 ( 3 )       0.0      -3.8      -0.9      -6.5       0.0      -0.1       0.0
 ( 4 )       0.5       0.3      12.1       0.8      -0.2      -1.2      -0.1
 ( 5 )      -6.2     -15.7    -334.2      31.5       1.3      -4.4      -4.6
 ( 6 )      -0.7      -2.0     -33.7       6.7       0.1      -3.6      -0.6
  C_WKX=  1.250  C_WKY=  1.250
 ---------------------------------------------------------------------------
 N-Wc =  11  (Node-i=   164,  Node-j=   166)   DL=   1.275(m)   Angle=   0.000
 ( 1*)       0.0      -5.2      -1.4      -3.8       0.0      -1.4       0.0
 ( 1 )       0.0      -6.5      -1.7      -4.7       0.0      -1.8       0.0
 ( 2*)       0.5      -1.2     -12.8       0.4      -0.4      -0.8       0.0
 ( 2 )       0.6      -1.5     -16.0       0.5      -0.5      -1.0       0.0
 ( 3 )       0.0      -0.8       0.1      -0.4       0.0      -0.2       0.0
 ( 4 )       0.2      -0.4      -5.1       0.3      -0.2      -0.3       0.0
 ( 5 )       2.3      10.4     -89.4       7.6      -1.3      -2.8       1.9
 ( 6 )       0.2       1.2      -8.4       0.7      -0.1      -0.3       0.2
  C_WKX=  1.250  C_WKY=  1.250
 ---------------------------------------------------------------------------
 N-Wc =  12  (Node-i=   172,  Node-j=   181)   DL=   2.550(m)   Angle=   0.000
 ( 1*)       0.0     -12.1       0.9     -16.5       0.0      -2.3       0.0
 ( 1 )      -0.1     -15.1       1.1     -20.6       0.0      -2.9       0.0
 ( 2*)       0.9      -0.8     -19.4      -0.8       0.0      -0.2      -0.1
 ( 2 )       1.1      -1.0     -24.3      -1.1       0.0      -0.2      -0.1
 ( 3 )       0.0      -1.8       0.1      -1.6       0.0      -0.4       0.0
 ( 4 )       0.4      -0.1      -8.1      -0.1       0.0      -0.1       0.0
 ( 5 )       4.4       5.0    -194.1      -1.4       0.0      -0.3       3.2
 ( 6 )       0.6       0.7     -21.4      -0.2       0.0       0.0       0.4
  C_WKX=  1.250  C_WKY=  1.250
 ---------------------------------------------------------------------------
 N-Wc =  13  (Node-i=   185,  Node-j=   195)   DL=   2.325(m)   Angle=   0.000
 ( 1*)       0.1     -11.2      -0.2     -13.4       0.0      -2.5       0.0
 ( 1 )       0.1     -14.0      -0.3     -16.7       0.0      -3.1       0.1
 ( 2*)       0.8      -0.6     -17.3      -1.0       0.0      -0.2      -0.1
 ( 2 )       1.0      -0.7     -21.7      -1.2       0.0      -0.2      -0.1
 ( 3 )       0.0      -1.8      -0.1      -1.3       0.0      -0.4       0.0
 ( 4 )       0.4      -0.1      -7.2      -0.2       0.0       0.0       0.0
 ( 5 )       4.3      -0.4    -179.6      -0.8       0.0      -0.8       3.1
 ( 6 )       0.6       0.0     -19.8      -0.1       0.0      -0.1       0.4
  C_WKX=  1.250  C_WKY=  1.250
 ---------------------------------------------------------------------------
 N-Wc =  14  (Node-i=   201,  Node-j=   210)   DL=   2.325(m)   Angle=   0.000
 ( 1*)       0.0     -11.3      -0.4     -13.3       0.0      -2.5       0.0
 ( 1 )       0.0     -14.1      -0.5     -16.7       0.0      -3.2       0.0
 ( 2*)       0.8      -0.9     -16.5      -0.6       0.0      -0.1      -0.1
 ( 2 )       1.0      -1.1     -20.6      -0.7       0.0      -0.2      -0.1
 ( 3 )       0.0      -1.8       0.0      -1.3       0.0      -0.4       0.0
 ( 4 )       0.4      -0.2      -6.8       0.1       0.0       0.0       0.0
 ( 5 )       4.4       0.5    -179.5       1.2       0.0       0.5       3.1
 ( 6 )       0.6       0.0     -19.7       0.2       0.0       0.0       0.4
  C_WKX=  1.250  C_WKY=  1.250
 ---------------------------------------------------------------------------
 N-Wc =  15  (Node-i=   216,  Node-j=   225)   DL=   2.550(m)   Angle=   0.000
 ( 1*)      -0.1     -13.1       2.4     -16.2       0.0      -2.6       0.0
 ( 1 )      -0.1     -16.4       3.0     -20.3       0.0      -3.2       0.0
 ( 2*)       0.8      -1.1     -15.6      -0.8       0.0      -0.2      -0.1
 ( 2 )       1.0      -1.4     -19.5      -1.0       0.0      -0.3      -0.1
 ( 3 )       0.0      -2.0       0.2      -1.6       0.0      -0.5       0.0
 ( 4 )       0.4      -0.4      -6.4       0.0       0.0      -0.1       0.0
 ( 5 )       4.4      -0.6    -194.0       0.4       0.0      -0.6       3.2
 ( 6 )       0.6      -0.2     -21.2       0.1       0.0      -0.1       0.4
  C_WKX=  1.250  C_WKY=  1.250
 ---------------------------------------------------------------------------
 N-Wc =  16  (Node-i=   231,  Node-j=   256)   DL=   5.235(m)   Angle=   0.000
 ( 1*)       0.1     -31.1       6.6     -65.7       0.1       8.2       0.0
 ( 1 )       0.1     -38.8       8.3     -82.1       0.1      10.2       0.1
 ( 2*)       1.0      -1.9      -9.9      -3.0      -0.5       0.8      -0.3
 ( 2 )       1.3      -2.4     -12.4      -3.7      -0.6       1.0      -0.3
 ( 3 )       0.0      -4.0       0.3      -6.7       0.0       0.0       0.0
 ( 4 )       0.4      -0.5      -4.1       0.3      -0.2       0.2      -0.1
 ( 5 )       2.5     -14.6    -326.7      25.6      -0.6       4.3       1.9
 ( 6 )       0.4      -2.0     -30.1       4.6       0.0      -1.3       0.3
  C_WKX=  1.250  C_WKY=  1.250
 ---------------------------------------------------------------------------
 N-Wc =  17  (Node-i=   240,  Node-j=   258)   DL=   3.960(m)   Angle=   0.000
 ( 1*)       0.1     -21.1      -2.3     -40.4      -0.1      -2.6       0.0
 ( 1 )       0.1     -26.4      -2.9     -50.4      -0.1      -3.3       0.0
 ( 2*)       0.8      -1.9     -23.4      -2.4      -0.9       0.5      -0.1
 ( 2 )       1.0      -2.3     -29.2      -3.0      -1.1       0.7      -0.1
 ( 3 )       0.0      -2.6      -0.1      -4.5       0.0      -0.5       0.0
 ( 4 )       0.3      -0.3      -9.3      -0.3      -0.4      -0.1       0.0
 ( 5 )       3.6      -1.8    -215.7       3.0      -2.4      -3.2       2.2
 ( 6 )       0.3      -0.4     -13.8       0.9      -0.2      -1.0       0.2
  C_WKX=  1.250  C_WKY=  1.250
 ---------------------------------------------------------------------------
 N-Wc =  18  (Node-i=   173,  Node-j=   179)   DL=   5.960(m)   Angle=   1.571
 ( 1*)      -0.8       1.6       9.4     -10.9       1.3       7.5       0.3
 ( 1 )      -1.0       2.0      11.8     -13.6       1.6       9.4       0.4
 ( 2*)       0.0     -29.1      -2.0     -52.9      -0.1       9.7       0.0
 ( 2 )       0.1     -36.3      -2.5     -66.1      -0.1      12.1      -0.1
 ( 3 )      -0.1      -0.1       0.8      -1.1       0.2       0.6       0.1
 ( 4 )       0.0     -12.7      -0.7     -21.8       0.0       2.7       0.0
 ( 5 )       0.4       1.3    -405.1     -15.2      -0.3      18.3       0.6
 ( 6 )       0.1       0.2     -50.1      -2.1       0.0       2.3       0.1
  C_WKX=  1.250  C_WKY=  1.250
 ---------------------------------------------------------------------------
 N-Wc =  19  (Node-i=   217,  Node-j=   223)   DL=   5.960(m)   Angle=   1.571
 ( 1*)      -0.7       2.1       0.8       4.3       1.2      -1.1       0.3
 ( 1 )      -0.8       2.6       1.1       5.4       1.5      -1.4       0.4
 ( 2*)       0.0     -25.5       0.3     -46.8       0.0       8.2       0.0
 ( 2 )       0.0     -31.9       0.4     -58.5      -0.1      10.2       0.0
 ( 3 )      -0.1       0.1       0.1       0.3       0.1      -0.1       0.1
 ( 4 )       0.0     -11.2       0.2     -19.1       0.0       2.2       0.0
 ( 5 )       0.0      -0.1    -414.3       0.3       0.0      -0.2       0.0
 ( 6 )       0.0       0.2     -51.8       0.9       0.0      -0.5       0.0
  C_WKX=  1.250  C_WKY=  1.250
 ---------------------------------------------------------------------------

 墙-梁内力输出：
 iCase            : 工况号
 Shear-i,Shear-j  : 左，右两端的剪力
 Axial-i,Axial-j  : 轴力
 Moment-i,Moment-i: 左，右两端的弯矩
 N-Wb             : 墙-梁单元号
 Node-i，Node-j   : 左，右节点号
 DL,HW            : 墙-梁跨度,高度

 (iCase)  Axial-i   Shear-i  Moment-i   Axial-j   Shear-j   Moment-j
 ---------------------------------------------------------------------------
 N-Wb =   1  (Node-i=   165,  Node-j=   171)   HW=   1.500   DL=   1.500(m)
 ( 1*)       0.7      -6.8       5.1       0.7      -6.8      -5.1       0.0
 ( 1 )       0.9      -8.5       6.3       0.9      -8.5      -6.4
 ( 2*)       0.8       0.9      -0.6       0.8       0.9       0.8       0.0
 ( 2 )       1.0       1.2      -0.8       1.0       1.2       1.0
 ( 3 )       0.2      -1.0       0.8       0.0      -1.0      -0.8
 ( 4 )       0.4       0.5      -0.3       0.5       0.5       0.4
 ( 5 )      -9.8      15.8      -4.8     -18.5     -15.8      -5.8
            -4.8      -2.7      -1.3      -0.5      -0.3      -0.7      -1.8      -3.5      -5.8
            15.8      11.9       7.9       4.0       0.0      -3.9      -7.9     -11.8     -15.8
 ( 6 )      -1.1       2.0      -0.7      -2.3      -1.0      -0.1
            -0.7      -0.4      -0.1       0.1       0.2       0.2       0.2       0.1      -0.1
             2.0       1.6       1.3       0.9       0.5       0.1      -0.2      -0.6      -1.0
  C_WKX=  1.250  C_WKY=  1.250
 ---------------------------------------------------------------------------
 N-Wb =   2  (Node-i=   194,  Node-j=   200)   HW=   1.500   DL=   1.500(m)
 ( 1*)      -0.7      -7.4       5.6      -0.7      -7.4      -5.5       0.0
 ( 1 )      -0.9      -9.3       6.9      -0.9      -9.3      -6.9
 ( 2*)       1.0      -0.5       0.4       0.9      -0.5      -0.4       0.0
 ( 2 )       1.3      -0.7       0.5       1.2      -0.7      -0.5
 ( 3 )       0.0      -1.1       0.9      -0.2      -1.1      -0.9
 ( 4 )       0.6       0.1       0.0       0.6       0.1       0.1
 ( 5 )     -21.6      18.1      -7.5     -21.2     -13.8      -4.2
            -7.5      -4.9      -3.0      -1.7      -1.0      -0.9      -1.4      -2.5      -4.2
            18.1      14.1      10.2       6.2       2.2      -1.8      -5.8      -9.8     -13.8
 ( 6 )      -2.5       1.9      -0.9      -2.7      -0.8      -0.1
            -0.9      -0.5      -0.3      -0.1       0.0       0.1       0.1       0.1      -0.1
             1.9       1.6       1.2       0.9       0.6       0.2      -0.1      -0.5      -0.8
  C_WKX=  1.250  C_WKY=  1.250
 ---------------------------------------------------------------------------
 N-Wb =   3  (Node-i=   209,  Node-j=   215)   HW=   1.500   DL=   1.500(m)
 ( 1*)       0.4      -6.9       5.2      -0.4      -6.9      -5.3       0.0
 ( 1 )       0.5      -8.7       6.5      -0.5      -8.7      -6.6
 ( 2*)       0.9      -0.6       0.4       0.8      -0.6       0.4       0.0
 ( 2 )       1.1      -0.7       0.5       1.0      -0.7       0.5
 ( 3 )       0.1      -1.1       0.8      -0.1      -1.1      -0.8
 ( 4 )       0.5       0.2      -0.1       0.5       0.2       0.2
 ( 5 )     -22.4      16.8      -5.7     -22.3     -16.0      -5.1
            -5.7      -3.4      -1.8      -0.8      -0.4      -0.6      -1.5      -3.0      -5.1
            16.8      12.7       8.6       4.5       0.4      -3.7      -7.8     -11.9     -16.0
 ( 6 )      -2.7       1.8      -0.6      -2.8      -1.3      -0.3
            -0.6      -0.3      -0.1       0.0       0.1       0.1       0.1      -0.1      -0.3
             1.8       1.4       1.0       0.6       0.3      -0.1      -0.5      -0.9      -1.3
  C_WKX=  1.250  C_WKY=  1.250
 ---------------------------------------------------------------------------
 N-Wb =   4  (Node-i=   166,  Node-j=   172)   HW=   1.500   DL=   1.500(m)
 ( 1*)       0.4      -6.6       5.0      -0.4      -6.6      -5.0       0.0
 ( 1 )       0.5      -8.3       6.2      -0.5      -8.3      -6.3
 ( 2*)      -0.8      -0.8       0.5      -0.9      -0.8      -0.6       0.0
 ( 2 )      -1.0      -1.0       0.7      -1.1      -1.0      -0.8
 ( 3 )       0.1      -1.0       0.8      -0.1      -1.0      -0.8
 ( 4 )      -0.4      -0.3       0.2      -0.5      -0.3      -0.3
 ( 5 )     -10.5      16.5      -5.2     -19.0     -15.2      -5.2
            -5.2      -3.0      -1.5      -0.5      -0.2      -0.5      -1.5      -3.0      -5.2
            16.5      12.6       8.6       4.6       0.7      -3.3      -7.3     -11.2     -15.2
 ( 6 )      -1.2       2.0      -0.7      -2.4      -1.0      -0.1
            -0.7      -0.4      -0.1       0.1       0.2       0.2       0.2       0.1      -0.1
             2.0       1.7       1.3       0.9       0.5       0.1      -0.2      -0.6      -1.0
  C_WKX=  1.250  C_WKY=  1.250
 ---------------------------------------------------------------------------
 N-Wb =   5  (Node-i=   195,  Node-j=   201)   HW=   1.500   DL=   1.500(m)
 ( 1*)       0.4      -7.0       5.3      -0.4      -7.0      -5.3       0.0
 ( 1 )       0.5      -8.8       6.7      -0.5      -8.8      -6.6
 ( 2*)      -1.0      -0.5       0.3      -0.9      -0.5      -0.4       0.0
 ( 2 )      -1.2      -0.6       0.4      -1.2      -0.6      -0.5
 ( 3 )       0.1      -1.1       0.9      -0.1      -1.1      -0.9
 ( 4 )      -0.6      -0.1       0.0      -0.6      -0.1      -0.1
 ( 5 )     -22.1      16.2      -6.2     -22.1     -15.7      -5.8
            -6.2      -4.0      -2.4      -1.4      -1.1      -1.3      -2.2      -3.7      -5.8
            16.2      12.2       8.2       4.2       0.2      -3.8      -7.7     -11.7     -15.7
 ( 6 )      -2.7       1.4      -0.6      -2.7      -1.3      -0.4
            -0.6      -0.3      -0.1       0.0       0.0       0.0      -0.1      -0.2      -0.4
             1.4       1.1       0.8       0.4       0.1      -0.3      -0.6      -0.9      -1.3
  C_WKX=  1.250  C_WKY=  1.250
 ---------------------------------------------------------------------------
 N-Wb =   6  (Node-i=   210,  Node-j=   216)   HW=   1.500   DL=   1.500(m)
 ( 1*)       0.5      -7.3       5.5      -0.3      -7.3      -5.5       0.0
 ( 1 )       0.6      -9.2       6.9      -0.4      -9.2      -6.9
 ( 2*)      -0.9      -0.5       0.3      -0.8      -0.5      -0.4       0.0
 ( 2 )      -1.1      -0.6       0.4      -1.0      -0.6      -0.5
 ( 3 )       0.1      -1.2       0.9      -0.1      -1.2      -0.9
 ( 4 )      -0.5      -0.1       0.0      -0.5      -0.1      -0.1
 ( 5 )     -22.7      16.4      -5.4     -22.4     -16.6      -5.5
            -5.4      -3.2      -1.7      -0.7      -0.4      -0.8      -1.7      -3.3      -5.5
            16.4      12.3       8.1       4.0      -0.1      -4.2      -8.3     -12.4     -16.6
 ( 6 )      -2.7       1.6      -0.5      -2.7      -1.5      -0.4
            -0.5      -0.2       0.0       0.1       0.1       0.1       0.0      -0.2      -0.4
             1.6       1.2       0.8       0.4       0.1      -0.3      -0.7      -1.1      -1.5
  C_WKX=  1.250  C_WKY=  1.250
 ---------------------------------------------------------------------------
 N-Wb =   7  (Node-i=   181,  Node-j=   185)   HW=   1.500   DL=   1.500(m)
 ( 1*)       0.4      -7.2       5.5      -0.5      -7.2      -5.4       0.0
 ( 1 )       0.5      -9.0       6.9      -0.6      -9.0      -6.8
 ( 2*)      -0.9      -0.5       0.3      -0.9      -0.5      -0.4       0.0
 ( 2 )      -1.2      -0.6       0.4      -1.2      -0.6      -0.5
 ( 3 )       0.1      -1.2       0.9      -0.1      -1.2      -0.9
 ( 4 )      -0.6      -0.1       0.0      -0.6      -0.1      -0.1
 ( 5 )     -22.6      16.7      -5.6     -22.8     -16.3      -5.3
            -5.6      -3.4      -1.8      -0.8      -0.4      -0.7      -1.6      -3.1      -5.3
            16.7      12.6       8.4       4.3       0.2      -3.9      -8.0     -12.2     -16.3
 ( 6 )      -2.7       1.6      -0.5      -2.7      -1.5      -0.4
            -0.5      -0.2      -0.1       0.1       0.1       0.1       0.0      -0.2      -0.4
             1.6       1.2       0.8       0.4       0.1      -0.3      -0.7      -1.1      -1.5
  C_WKX=  1.250  C_WKY=  1.250
 ---------------------------------------------------------------------------
 N-Wb =   8  (Node-i=   224,  Node-j=   230)   HW=   1.500   DL=   1.500(m)
 ( 1*)       0.5      -7.6       5.7      -0.5      -7.6      -5.7       0.0
 ( 1 )       0.6      -9.5       7.1      -0.6      -9.5      -7.2
 ( 2*)       0.8      -0.6       0.4       0.8      -0.6       0.5       0.0
 ( 2 )       1.0      -0.8       0.5       1.0      -0.8       0.6
 ( 3 )       0.2      -1.2       0.9      -0.1      -1.2      -0.9
 ( 4 )       0.5       0.2      -0.1       0.5       0.2       0.2
 ( 5 )     -21.6      15.8      -4.9     -21.2     -17.0      -5.8
            -4.9      -2.9      -1.4      -0.6      -0.4      -0.8      -1.9      -3.5      -5.8
            15.8      11.7       7.6       3.5      -0.6      -4.7      -8.8     -12.9     -17.0
 ( 6 )      -2.7       1.5      -0.4      -2.6      -1.6      -0.5
            -0.4      -0.2       0.0       0.1       0.1       0.1       0.0      -0.2      -0.5
             1.5       1.1       0.7       0.3       0.0      -0.4      -0.8      -1.2      -1.6
  C_WKX=  1.250  C_WKY=  1.250
 ---------------------------------------------------------------------------
 N-Wb =   9  (Node-i=   225,  Node-j=   231)   HW=   1.500   DL=   1.500(m)
 ( 1*)       0.7      -8.2       6.1       0.8      -8.2      -6.2       0.0
 ( 1 )       0.9     -10.3       7.7       1.0     -10.3      -7.7
 ( 2*)      -0.7      -1.0       0.7      -0.4      -1.0      -0.8       0.0
 ( 2 )      -0.9      -1.3       0.9      -0.5      -1.3      -1.0
 ( 3 )       0.2      -1.3       1.0       0.0      -1.3      -1.0
 ( 4 )      -0.4      -0.5       0.3      -0.3      -0.5      -0.4
 ( 5 )     -21.9      15.0      -4.4     -21.9     -17.7      -6.5
            -4.4      -2.5      -1.2      -0.5      -0.4      -1.0      -2.2      -4.0      -6.5
            15.0      10.9       6.8       2.7      -1.3      -5.4      -9.5     -13.6     -17.7
 ( 6 )      -2.7       1.1      -0.1      -2.4      -2.0      -0.7
            -0.1       0.0       0.1       0.2       0.1       0.0      -0.2      -0.4      -0.7
             1.1       0.7       0.3      -0.1      -0.4      -0.8      -1.2      -1.6      -2.0
  C_WKX=  1.250  C_WKY=  1.250
 ---------------------------------------------------------------------------
   柱、墙、支撑在竖向力作用下的轴力之和 (kN):        -6125.5
   柱、墙、支撑在恒荷载作用下的轴力之和 (kN):        -5535.3
   柱、墙、支撑在活荷载作用下的轴力之和 (kN):         -590.2
