
  ///////////////////////////////////////////////////////////////////////////
  | 公司名称:                                                               |
  |                                                                         |
  |                       周期、地震力与振型输出文件                        |
  |                             (总刚分析方法)                              |
  |                          SATWE2010_V2.2 中文版                          |
  |                         (2014年9月23日9时52分)                          |
  |                             文件名: WZQ.OUT                             |
  |                                                                         |
  |工程名称 :                     设计人 :              计算日期:2017/05/22 |
  |工程代号 :                     校核人 :              计算时间:14:22:58   |
  ///////////////////////////////////////////////////////////////////////////

    考虑扭转耦联时的振动周期(秒)、X,Y 方向的平动系数、扭转系数

    振型号    周 期      转 角          平动系数 (X+Y)       扭转系数
      1       0.1576    178.11        1.00 ( 1.00+0.00 )      0.00
      2       0.1325     89.03        0.94 ( 0.00+0.94 )      0.06
      3       0.1236     74.83        0.07 ( 0.00+0.06 )      0.93
      4       0.0550    178.52        1.00 ( 1.00+0.00 )      0.00
      5       0.0467     88.74        0.98 ( 0.00+0.98 )      0.02
      6       0.0444     76.70        0.02 ( 0.00+0.02 )      0.98

   地震作用最大的方向 =    -2.064 (度)


   ============================================================

    仅考虑 X 向地震作用时的地震力
   Floor : 层号
   Tower : 塔号
   F-x-x : X 方向的耦联地震力在 X 方向的分量
   F-x-y : X 方向的耦联地震力在 Y 方向的分量
   F-x-t : X 方向的耦联地震力的扭矩

   振型   1 的地震力
   -------------------------------------------------------
   Floor     Tower       F-x-x         F-x-y         F-x-t
                         (kN)          (kN)         (kN-m)
      2        1        138.72         -4.62        -71.90
      1        1         70.20         -2.25        -31.60

   振型   2 的地震力
   -------------------------------------------------------
   Floor     Tower       F-x-x         F-x-y         F-x-t
                         (kN)          (kN)         (kN-m)
      2        1          0.04          2.19         -4.73
      1        1          0.02          1.14         -2.35

   振型   3 的地震力
   -------------------------------------------------------
   Floor     Tower       F-x-x         F-x-y         F-x-t
                         (kN)          (kN)         (kN-m)
      2        1          0.62          2.41         76.62
      1        1          0.42          1.35         41.08

   振型   4 的地震力
   -------------------------------------------------------
   Floor     Tower       F-x-x         F-x-y         F-x-t
                         (kN)          (kN)         (kN-m)
      2        1        -17.38          0.40          2.00
      1        1         34.31         -0.91         -8.97

   振型   5 的地震力
   -------------------------------------------------------
   Floor     Tower       F-x-x         F-x-y         F-x-t
                         (kN)          (kN)         (kN-m)
      2        1         -0.01         -0.32          0.32
      1        1          0.01          0.61         -0.70

   振型   6 的地震力
   -------------------------------------------------------
   Floor     Tower       F-x-x         F-x-y         F-x-t
                         (kN)          (kN)         (kN-m)
      2        1         -0.01         -0.04         -2.15
      1        1          0.01          0.06          4.02

   各振型作用下 X 方向的基底剪力
   -------------------------------------------------------
            振型号       剪力(kN)
               1        208.93
               2          0.06
               3          1.04
               4         16.93
               5          0.01
               6          0.00

   X向地震作用参与振型的有效质量系数
   -------------------------------------------------------
            振型号       有效质量系数(%)
               1         89.85
               2          0.02
               3          0.45
               4          9.67
               5          0.00
               6          0.00

   各层 X 方向的作用力(CQC)
   Floor    : 层号
   Tower    : 塔号
   Fx       : X 向地震作用下结构的地震反应力
   Vx       : X 向地震作用下结构的楼层剪力
   Mx       : X 向地震作用下结构的弯矩
   Static Fx: 底部剪力法 X 向的地震力
   ------------------------------------------------------------------------------------------
   Floor     Tower        Fx           Vx (分塔剪重比) (整层剪重比)      Mx        Static Fx
                         (kN)         (kN)                             (kN-m)         (kN)

                     (注意:下面分塔输出的剪重比不适合于上连多塔结构)

      2        1        139.78        139.78( 4.81%)      ( 4.81%)        461.28        131.77
      1        1         78.42        209.90( 3.61%)      ( 3.61%)       1148.12         65.88


       抗震规范(5.2.5)条要求的X向楼层最小剪重比 =   0.80%

       X 方向的有效质量系数:   100.00%

   ============================================================

    仅考虑 Y 向地震时的地震力
   Floor : 层号
   Tower : 塔号
   F-y-x : Y 方向的耦联地震力在 X 方向的分量
   F-y-y : Y 方向的耦联地震力在 Y 方向的分量
   F-y-t : Y 方向的耦联地震力的扭矩

   振型   1 的地震力
   -------------------------------------------------------
   Floor     Tower       F-y-x         F-y-y         F-y-t
                         (kN)          (kN)         (kN-m)
      2        1         -4.56          0.15          2.37
      1        1         -2.31          0.07          1.04

   振型   2 的地震力
   -------------------------------------------------------
   Floor     Tower       F-y-x         F-y-y         F-y-t
                         (kN)          (kN)         (kN-m)
      2        1          2.23        130.20       -280.63
      1        1          1.11         67.64       -139.69

   振型   3 的地震力
   -------------------------------------------------------
   Floor     Tower       F-y-x         F-y-y         F-y-t
                         (kN)          (kN)         (kN-m)
      2        1          2.25          8.70        276.71
      1        1          1.51          4.89        148.36

   振型   4 的地震力
   -------------------------------------------------------
   Floor     Tower       F-y-x         F-y-y         F-y-t
                         (kN)          (kN)         (kN-m)
      2        1          0.52         -0.01         -0.06
      1        1         -1.04          0.03          0.27

   振型   5 的地震力
   -------------------------------------------------------
   Floor     Tower       F-y-x         F-y-y         F-y-t
                         (kN)          (kN)         (kN-m)
      2        1         -0.36        -15.83         15.85
      1        1          0.66         30.38        -34.57

   振型   6 的地震力
   -------------------------------------------------------
   Floor     Tower       F-y-x         F-y-y         F-y-t
                         (kN)          (kN)         (kN-m)
      2        1         -0.07         -0.26        -14.43
      1        1          0.10          0.43         26.98

   各振型作用下 Y 方向的基底剪力
   -------------------------------------------------------
            振型号       剪力(kN)
               1          0.23
               2        197.85
               3         13.59
               4          0.02
               5         14.56
               6          0.18

   Y向地震作用参与振型的有效质量系数
   -------------------------------------------------------
            振型号       有效质量系数(%)
               1          0.10
               2         85.08
               3          5.84
               4          0.01
               5          8.86
               6          0.11

   各层 Y 方向的作用力(CQC)
   Floor    : 层号
   Tower    : 塔号
   Fy       : Y 向地震作用下结构的地震反应力
   Vy       : Y 向地震作用下结构的楼层剪力
   My       : Y 向地震作用下结构的弯矩
   Static Fy: 底部剪力法 Y 向的地震力
   ------------------------------------------------------------------------------------------
   Floor     Tower        Fy           Vy (分塔剪重比) (整层剪重比)      My        Static Fy
                         (kN)         (kN)                             (kN-m)         (kN)

                     (注意:下面分塔输出的剪重比不适合于上连多塔结构)

      2        1        137.04        137.04( 4.71%)      ( 4.71%)        452.24        131.77
      1        1         77.61        207.88( 3.58%)      ( 3.58%)       1133.44         65.88


       抗震规范(5.2.5)条要求的Y向楼层最小剪重比 =   0.80%

       Y 方向的有效质量系数:   100.00%

 ==========各楼层地震剪力系数调整情况 [抗震规范(5.2.5)验算]==========

   层号     塔号     X向调整系数      Y向调整系数
    1        1          1.000             1.000
    2        1          1.000             1.000
 
 **本文件结果是在地震外力CQC下的统计结果，内力CQC统计结果见WV02Q.OUT
