 ====================================================
       1 层楼面主梁计算结果文件
 ====================================================
砼等级： 25;   纵筋:HRB(F)335         ;  箍筋:HPB300            间距=100mm
梁总数：   5
荷载基本组合：      永久荷载控制1.35D+1.4ΨcL
活荷载组合值系数Ψc:      0.70
活荷载准永久值系数Ψq:    0.40
弯矩调幅系数:    1.00
  
梁编号   1
B*H(mm)=260*200   L(mm)= 5960
                    -I-     -1-     -2-     -3-     -4-     -5-     -6-     -7-     -J-
基本组合+M(kN.m)     0.00   39.82   72.95   92.67   99.24   92.67   72.95   39.82    0.00
基本组合-M(kN.m)     0.00    0.00    0.00    0.00    0.00    0.00    0.00    0.00    0.00
标准组合+M(kN.m)     0.00   31.90   58.52   74.35   79.63   74.35   58.52   31.90    0.00
标准组合-M(kN.m)     0.00    0.00    0.00    0.00    0.00    0.00    0.00    0.00    0.00
准永久组合+M(kN.m)    0.00   26.63   48.71   61.85   66.23   61.85   48.71   26.63    0.00
准永久组合-M(kN.m)    0.00    0.00    0.00    0.00    0.00    0.00    0.00    0.00    0.00
-As(mm2)                0.      0.      0.      0.      0.      0.      0.      0.      0.
+As(mm2)                0.   1012.  99999.  99999.  99999.  99999.  99999.   1012.      0.
基本组合Q(kN)        57.43   50.29   35.29   17.64    0.00  -17.64  -35.29  -50.29  -57.43
Asv(mm2)               33.     29.     28.     28.     28.     28.     28.     28.     29.
标准恒载M(kN.m)       0.00   23.13   42.18   53.52   57.30   53.52   42.18   23.13    0.00
标准恒载Q(kN)        33.51   29.02   20.30   10.15    0.00  -10.15  -20.30  -29.02  -33.51
  
梁编号   2
B*H(mm)=260*200   L(mm)= 5960
                    -I-     -1-     -2-     -3-     -4-     -5-     -6-     -7-     -J-
基本组合+M(kN.m)     0.00   39.82   72.95   92.67   99.24   92.67   72.95   39.82    0.00
基本组合-M(kN.m)     0.00    0.00    0.00    0.00    0.00    0.00    0.00    0.00    0.00
标准组合+M(kN.m)     0.00   31.90   58.52   74.35   79.63   74.35   58.52   31.90    0.00
标准组合-M(kN.m)     0.00    0.00    0.00    0.00    0.00    0.00    0.00    0.00    0.00
准永久组合+M(kN.m)    0.00   26.63   48.71   61.85   66.23   61.85   48.71   26.63    0.00
准永久组合-M(kN.m)    0.00    0.00    0.00    0.00    0.00    0.00    0.00    0.00    0.00
-As(mm2)                0.      0.      0.      0.      0.      0.      0.      0.      0.
+As(mm2)                0.   1012.  99999.  99999.  99999.  99999.  99999.   1012.      0.
基本组合Q(kN)        57.43   50.29   35.29   17.64    0.00  -17.64  -35.29  -50.29  -57.43
Asv(mm2)               33.     29.     28.     28.     28.     28.     28.     28.     29.
标准恒载M(kN.m)       0.00   23.13   42.18   53.52   57.30   53.52   42.18   23.13    0.00
标准恒载Q(kN)        33.51   29.02   20.30   10.15    0.00  -10.15  -20.30  -29.02  -33.51
  
梁编号   3
B*H(mm)=260*200   L(mm)= 5960
                    -I-     -1-     -2-     -3-     -4-     -5-     -6-     -7-     -J-
基本组合+M(kN.m)     0.00   35.04   64.77   82.44   88.33   82.44   64.77   35.04    0.00
基本组合-M(kN.m)     0.00    0.00    0.00    0.00    0.00    0.00    0.00    0.00    0.00
标准组合+M(kN.m)     0.00   28.36   52.46   66.78   71.55   66.78   52.46   28.36    0.00
标准组合-M(kN.m)     0.00    0.00    0.00    0.00    0.00    0.00    0.00    0.00    0.00
准永久组合+M(kN.m)    0.00   23.10   42.65   54.28   58.15   54.28   42.65   23.10    0.00
准永久组合-M(kN.m)    0.00    0.00    0.00    0.00    0.00    0.00    0.00    0.00    0.00
-As(mm2)                0.      0.      0.      0.      0.      0.      0.      0.      0.
+As(mm2)                0.    837.  99999.  99999.  99999.  99999.  99999.    837.      0.
基本组合Q(kN)        50.11   44.80   31.63   15.81    0.00  -15.81  -31.63  -44.80  -50.11
Asv(mm2)               29.     29.     28.     28.     28.     28.     28.     28.     28.
标准恒载M(kN.m)       0.00   19.59   36.12   45.94   49.22   45.94   36.12   19.59    0.00
标准恒载Q(kN)        28.08   24.96   17.59    8.79    0.00   -8.79  -17.59  -24.96  -28.08
  
梁编号   4
B*H(mm)=260*200   L(mm)= 5960
                    -I-     -1-     -2-     -3-     -4-     -5-     -6-     -7-     -J-
基本组合+M(kN.m)     0.00   38.77   71.16   90.42   96.85   90.42   71.16   38.77    0.00
基本组合-M(kN.m)     0.00    0.00    0.00    0.00    0.00    0.00    0.00    0.00    0.00
标准组合+M(kN.m)     0.00   31.12   57.18   72.69   77.86   72.69   57.18   31.12    0.00
标准组合-M(kN.m)     0.00    0.00    0.00    0.00    0.00    0.00    0.00    0.00    0.00
准永久组合+M(kN.m)    0.00   25.86   47.38   60.19   64.46   60.19   47.38   25.86    0.00
准永久组合-M(kN.m)    0.00    0.00    0.00    0.00    0.00    0.00    0.00    0.00    0.00
-As(mm2)                0.      0.      0.      0.      0.      0.      0.      0.      0.
+As(mm2)                0.    971.  99999.  99999.  99999.  99999.  99999.    971.      0.
基本组合Q(kN)        55.82   49.09   34.48   17.24    0.00  -17.24  -34.48  -49.09  -55.82
Asv(mm2)               29.     29.     28.     28.     28.     28.     28.     28.     29.
标准恒载M(kN.m)       0.00   22.35   40.84   51.85   55.52   51.85   40.84   22.35    0.00
标准恒载Q(kN)        32.32   28.13   19.70    9.85    0.00   -9.85  -19.70  -28.13  -32.32
  
梁编号   5
B*H(mm)=260*200   L(mm)= 3960
                    -I-     -1-     -2-     -3-     -4-     -5-     -6-     -7-     -J-
基本组合+M(kN.m)     0.00   14.35   26.08   35.18   40.57   35.18   26.08   14.35    0.00
基本组合-M(kN.m)     0.00    0.00    0.00    0.00    0.00    0.00    0.00    0.00    0.00
标准组合+M(kN.m)     0.00   11.61   21.10   28.49   32.88   28.49   21.10   11.61    0.00
标准组合-M(kN.m)     0.00    0.00    0.00    0.00    0.00    0.00    0.00    0.00    0.00
准永久组合+M(kN.m)    0.00    9.47   17.19   23.17   26.70   23.17   17.19    9.47    0.00
准永久组合-M(kN.m)    0.00    0.00    0.00    0.00    0.00    0.00    0.00    0.00    0.00
-As(mm2)                0.      0.      0.      0.      0.      0.      0.      0.      0.
+As(mm2)                0.    288.    570.    842.   1034.    842.    570.    288.      0.
基本组合Q(kN)        31.65   29.02   22.85   13.14    0.00  -13.14  -22.85  -29.02  -31.65
Asv(mm2)               28.     28.     28.     28.     28.     28.     28.     28.     28.
标准恒载M(kN.m)       0.00    8.05   14.59   19.63   22.58   19.63   14.59    8.05    0.00
标准恒载Q(kN)        17.77   16.18   12.67    7.26    0.00   -7.26  -12.67  -16.18  -17.77
