2017-05-23 11:03:29 > wxlCmdMngr log system started.
2017-05-23 11:03:31 > Loading plugin list: "D:\PKPM\PM\pmplugin.txt".
2017-05-23 11:03:31 > Loading plugin "PM3J.dll".
2017-05-23 11:03:31 > PM3J.dll Loaded.
2017-05-23 11:03:31 > Loading plugin "PmsrwAddin.dll".
2017-05-23 11:03:31 > PmsrwAddin.dll Loaded.
2017-05-23 11:03:31 > Loading plugin "PM3N.dll".
2017-05-23 11:03:31 > PM3N.dll Loaded.
2017-05-23 11:03:31 > Loading plugin "CranePMBZ.dll".
2017-05-23 11:03:31 > CranePMBZ.dll Loaded.
2017-05-23 11:03:31 > Loading plugin "PMSRWZW.dll".
2017-05-23 11:03:31 > PMSRWZW.dll Loaded.
2017-05-23 11:03:44 > Run Command: RESETALLID(0)
2017-05-23 11:03:44 > Run Command: DELLAYERDEFAULTSUPPORT(0)
2017-05-23 11:03:44 > Run Command: SETLAYERDEFAULTSUPPORT(0)
2017-05-23 11:03:44 > Run Command: CHECKPMERR(0)
2017-05-23 11:03:44 > Run Command: ZWPARACHECK(1)
2017-05-23 11:03:44 > Run Command: ZWARRANGECHECK(1)
2017-05-23 11:03:44 > Run Command: ZWLOADCHECK(1)
2017-05-23 11:03:45 > Run Command:       pm3n(0)
2017-05-23 11:03:45 > Run Command:   pm3jtest(0)
2017-05-23 11:03:45 > PM3N.DLL UnLoaded.
2017-05-23 11:03:45 > PMSRWZW.DLL UnLoaded.
2017-05-23 11:03:45 > CRANEPMBZ.DLL UnLoaded.
2017-05-23 11:03:45 > PMSRWADDIN.DLL UnLoaded.
2017-05-23 11:03:45 > PM3J.DLL UnLoaded.
2017-05-23 11:03:45 > wxlCmdMngr log system stopped.
