*************************************************
               结构计算书

工程名称  ：
工程设计者：

计算日期:    0年   0月   0日
*************************************************
   
   *** 砌体结构计算控制数据 ***
结构类型：  砌体结构
结构总层数：       3
结构总高度：     9.9
地震烈度：       6.0
楼面结构类型：现浇或装配整体式钢筋砼楼面(刚性)
墙体材料的自重 (kN/m3)：     22.
室外嵌固地面到基顶高度(mm) ：      0.
砼墙与砌体弹塑性模量比：      3.
抗震计算考虑结构缝分塔： 否
施工质量控制等级： B级
顶层考虑坡屋顶的计算层高修正值(mm) ：      0.
   
   *** 结构计算总结果 ***
结构等效总重力荷载代表值:    4550.1
墙体总自重荷载：          3631.4
楼面总恒荷载：            1826.7
楼面总活荷载：             885.3
水平多遇地震作用影响系数：    0.040
结构总水平地震作用标准值(kN)：     182.0
地震作用放大系数：       1.0
   
   --- 第  1 层计算结果 ---
本层层高(mm)：                  3300.0
本层重力荷载代表值(kN)：        1926.8
本层墙体自重荷载标准值(kN)：    1095.5
本层楼面恒荷载标准值(kN)：       597.6
本层楼面活荷载标准值(kN)：       295.1
本层多遇地震作用标准值(kN)：      34.5
本层地震剪力标准值(kN)：         182.0
本层块体强度等级MU:       10.0
本层砂浆强度等级 M       5.0
(墙体各项验算结果见计算结果图)
   
   --- 第  2 层计算结果 ---
本层层高(mm)：                  3300.0
本层重力荷载代表值(kN)：        2030.1
本层墙体自重荷载标准值(kN)：    1268.0
本层楼面恒荷载标准值(kN)：       614.5
本层楼面活荷载标准值(kN)：       295.1
本层多遇地震作用标准值(kN)：      72.6
本层地震剪力标准值(kN)：         147.5
本层块体强度等级MU:       10.0
本层砂浆强度等级 M       5.0
(墙体各项验算结果见计算结果图)
   
   --- 第  3 层计算结果 ---
本层层高(mm)：                  3300.0
本层重力荷载代表值(kN)：        1396.1
本层墙体自重荷载标准值(kN)：    1268.0
本层楼面恒荷载标准值(kN)：       614.5
本层楼面活荷载标准值(kN)：       295.1
本层多遇地震作用标准值(kN)：      74.9
本层地震剪力标准值(kN)：          74.9
本层块体强度等级MU:       10.0
本层砂浆强度等级 M       5.0
(墙体各项验算结果见计算结果图)
