 ====================================================
       1 层楼面主梁计算结果文件
 ====================================================
砼等级： 25;   纵筋:HRB(F)335         ;  箍筋:HPB300            间距=100mm
梁总数：  38
荷载基本组合：      永久荷载控制1.35D+1.4ΨcL
活荷载组合值系数Ψc:      0.70
活荷载准永久值系数Ψq:    0.40
弯矩调幅系数:    1.00
  
梁编号   1
B*H(mm)=260*300   L(mm)= 5960
                    -I-     -1-     -2-     -3-     -4-     -5-     -6-     -7-     -J-
基本组合+M(kN.m)     0.00    0.00    3.90   17.60   19.95   10.94    0.00    0.00    0.00
基本组合-M(kN.m)   -70.09  -47.09  -28.98  -19.48  -18.40  -25.74  -41.55  -65.95  -98.92
标准组合+M(kN.m)     0.00    0.00    7.56   18.88   20.96   13.82    0.00    0.00    0.00
标准组合-M(kN.m)   -56.61  -39.39  -25.98  -18.96  -18.17  -23.62  -35.34  -53.44  -79.08
准永久组合+M(kN.m)    0.00    0.00    0.00    6.09    7.42    1.31    0.00    0.00    0.00
准永久组合-M(kN.m)  -46.34  -29.51  -16.09   -9.04   -8.23  -13.66  -25.34  -43.40  -66.36
-As(mm2)             1011.    629.    368.    242.    228.    325.    546.    936.   1618.
+As(mm2)                0.      0.    156.    218.    248.    156.      0.      0.      0.
基本组合Q(kN)        47.46   41.83   29.01   13.76   -7.63  -22.87  -38.12  -50.94  -56.57
Asv(mm2)               28.     28.     28.     28.     28.     28.     28.     28.     28.
标准恒载M(kN.m)     -39.50  -22.92   -9.49   -2.43   -1.61   -7.03  -18.68  -36.70  -57.88
标准恒载Q(kN)        24.14   20.77   13.66    5.29   -3.08  -11.46  -19.83  -26.94  -30.30
  
梁编号   2
B*H(mm)=260*300   L(mm)= 5960
                    -I-     -1-     -2-     -3-     -4-     -5-     -6-     -7-     -J-
基本组合+M(kN.m)     0.00   19.71   48.69   64.75   68.12   58.77   36.74    1.99    0.00
基本组合-M(kN.m)   -31.61   -0.85    0.00    0.00    0.00    0.00    0.00  -15.75  -52.23
标准组合+M(kN.m)     0.00   17.75   41.13   54.11   56.88   49.40   31.72    3.86    0.00
标准组合-M(kN.m)   -26.86   -3.23    0.00    0.00    0.00    0.00    0.00  -14.24  -42.30
准永久组合+M(kN.m)    0.00   10.85   30.05   40.65   42.82   36.55   21.84    0.00    0.00
准永久组合-M(kN.m)  -19.33    0.00    0.00    0.00    0.00    0.00    0.00   -8.60  -34.39
-As(mm2)              405.    156.      0.      0.      0.      0.      0.    194.    708.
+As(mm2)                0.    245.    653.    915.    975.    814.    476.    156.      0.
基本组合Q(kN)        54.75   47.29   32.63   15.56   -5.79  -22.87  -39.94  -54.60  -62.06
Asv(mm2)               28.     28.     28.     28.     28.     28.     28.     28.     28.
标准恒载M(kN.m)     -14.31    6.26   22.66   31.68   33.45   27.98   15.25   -4.85  -29.11
标准恒载Q(kN)        30.16   25.44   16.97    7.24   -2.48  -12.21  -21.94  -30.41  -35.13
  
梁编号   3
B*H(mm)=260*300   L(mm)= 5960
                    -I-     -1-     -2-     -3-     -4-     -5-     -6-     -7-     -J-
基本组合+M(kN.m)     0.00    0.00    0.00    0.00    0.00    0.00    0.00    0.00    0.00
基本组合-M(kN.m)   -40.49  -41.23  -44.09  -48.43  -54.28  -61.63  -70.45  -80.74  -92.73
标准组合+M(kN.m)     0.00    0.00    0.00    0.00    0.00    0.00    0.00    0.00    0.00
标准组合-M(kN.m)   -33.43  -33.97  -36.27  -39.68  -44.21  -49.86  -56.61  -64.45  -73.61
准永久组合+M(kN.m)    0.00    0.00    0.00    0.00    0.00    0.00    0.00    0.00    0.00
准永久组合-M(kN.m)  -25.90  -26.46  -28.36  -31.35  -35.45  -40.64  -46.92  -54.29  -62.83
-As(mm2)              531.    541.    584.    649.    741.    862.   1017.   1217.   1484.
+As(mm2)                0.      0.      0.      0.      0.      0.      0.      0.      0.
基本组合Q(kN)        -2.94   -4.90   -6.86   -8.82  -10.79  -12.75  -14.71  -16.67  -18.63
Asv(mm2)               28.     28.     28.     28.     28.     28.     28.     28.     28.
标准恒载M(kN.m)     -20.89  -21.45  -23.08  -25.81  -29.61  -34.49  -40.46  -47.51  -55.65
标准恒载Q(kN)        -0.02   -1.47   -2.93   -4.38   -5.83   -7.28   -8.74  -10.19  -11.64
  
梁编号   4
B*H(mm)=260*300   L(mm)= 5960
                    -I-     -1-     -2-     -3-     -4-     -5-     -6-     -7-     -J-
基本组合+M(kN.m)     0.00    0.00    0.00    0.00    0.00    0.00    0.00    0.00    0.00
基本组合-M(kN.m)   -42.78  -42.43  -44.21  -47.59  -52.63  -59.16  -67.18  -76.66  -87.84
标准组合+M(kN.m)     0.00    0.00    0.00    0.00    0.00    0.00    0.00    0.00    0.00
标准组合-M(kN.m)   -35.18  -34.85  -36.28  -38.94  -42.88  -47.94  -54.10  -61.34  -69.91
准永久组合+M(kN.m)    0.00    0.00    0.00    0.00    0.00    0.00    0.00    0.00    0.00
准永久组合-M(kN.m)  -27.52  -27.35  -28.54  -30.86  -34.35  -38.93  -44.60  -51.36  -59.30
-As(mm2)              564.    559.    585.    636.    715.    820.    958.   1135.   1369.
+As(mm2)                0.      0.      0.      0.      0.      0.      0.      0.      0.
基本组合Q(kN)         3.44   -3.78   -5.74   -7.70   -9.66  -11.62  -13.59  -15.55  -17.51
Asv(mm2)               28.     28.     28.     28.     28.     28.     28.     28.     28.
标准恒载M(kN.m)     -22.42  -22.36  -23.38  -25.48  -28.66  -32.93  -38.28  -44.71  -52.22
标准恒载Q(kN)         0.81   -0.64   -2.10   -3.55   -5.00   -6.45   -7.91   -9.36  -10.81
  
梁编号   5
B*H(mm)=260*300   L(mm)= 5960
                    -I-     -1-     -2-     -3-     -4-     -5-     -6-     -7-     -J-
基本组合+M(kN.m)    84.09   98.63  110.61  111.04  100.13   77.88   44.31    0.00    0.00
基本组合-M(kN.m)     0.00    0.00    0.00    0.00    0.00    0.00    0.00  -18.26  -63.52
标准组合+M(kN.m)    70.23   81.54   91.44   91.94   83.24   65.32   38.20    1.97    0.00
标准组合-M(kN.m)     0.00    0.00    0.00    0.00    0.00    0.00    0.00  -16.10  -51.55
准永久组合+M(kN.m)   52.84   62.97   70.63   70.72   63.38   48.61   26.42    0.00    0.00
准永久组合-M(kN.m)    0.00    0.00    0.00    0.00    0.00    0.00    0.00  -10.46  -41.70
-As(mm2)                0.      0.      0.      0.      0.      0.      0.    226.    894.
+As(mm2)             1287.   1614.   1768.   1773.   1633.   1159.    587.      0.      0.
基本组合Q(kN)        33.47   27.85   15.02  -12.69  -24.01  -39.25  -54.50  -67.32  -72.95
Asv(mm2)               28.     28.     28.     28.     28.     28.     28.     28.     28.
标准恒载M(kN.m)      41.25   50.58   56.76   56.57   50.14   37.47   18.57   -6.70  -35.13
标准恒载Q(kN)        14.40   11.04    3.93   -4.44  -12.82  -21.19  -29.56  -36.67  -40.04
  
梁编号   6
B*H(mm)=260*300   L(mm)= 5960
                    -I-     -1-     -2-     -3-     -4-     -5-     -6-     -7-     -J-
基本组合+M(kN.m)     0.00    0.00    0.00    0.00    0.00    0.00    0.00    0.00    0.00
基本组合-M(kN.m)  -211.30 -166.02 -126.73  -97.12  -76.99  -66.35  -65.22  -73.77  -94.08
标准组合+M(kN.m)     0.00    0.00    0.00    0.00    0.00    0.00    0.00    0.00    0.00
标准组合-M(kN.m)  -170.47 -135.52 -105.20  -82.06  -65.93  -56.84  -54.80  -59.93  -75.57
准永久组合+M(kN.m)    0.00    0.00    0.00    0.00    0.00    0.00    0.00    0.00    0.00
准永久组合-M(kN.m) -139.92 -108.05  -80.40  -59.90  -46.44  -39.99  -40.59  -48.35  -62.68
-As(mm2)            99999.  99999.  99999.   1595.   1141.    943.    924.   1079.   1517.
+As(mm2)                0.      0.      0.      0.      0.      0.      0.      0.      0.
基本组合Q(kN)        78.30   71.24   56.99   40.32   23.96   11.23  -22.02  -36.28  -43.33
Asv(mm2)               29.     29.     28.     28.     28.     28.     28.     28.     28.
标准恒载M(kN.m)    -119.56  -89.74  -63.86  -45.13  -33.44  -28.76  -31.12  -40.63  -54.08
标准恒载Q(kN)        42.44   38.02   29.85   20.42   10.99    1.56   -7.87  -16.05  -20.47
  
梁编号   7
B*H(mm)=260*300   L(mm)= 3960
                    -I-     -1-     -2-     -3-     -4-     -5-     -6-     -7-     -J-
基本组合+M(kN.m)     0.00   14.02   25.39   34.10   39.17   34.10   25.39   14.02    0.00
基本组合-M(kN.m)     0.00    0.00    0.00    0.00    0.00    0.00    0.00    0.00    0.00
标准组合+M(kN.m)     0.00   11.36   20.59   27.69   31.83   27.69   20.59   11.36    0.00
标准组合-M(kN.m)     0.00    0.00    0.00    0.00    0.00    0.00    0.00    0.00    0.00
准永久组合+M(kN.m)    0.00    9.23   16.68   22.37   25.65   22.37   16.68    9.23    0.00
准永久组合-M(kN.m)    0.00    0.00    0.00    0.00    0.00    0.00    0.00    0.00    0.00
-As(mm2)                0.      0.      0.      0.      0.      0.      0.      0.      0.
+As(mm2)                0.    172.    320.    439.    511.    439.    320.    172.      0.
基本组合Q(kN)        31.02   28.09   21.94   12.54    0.00  -12.54  -21.94  -28.09  -31.02
Asv(mm2)               28.     28.     28.     28.     28.     28.     28.     28.     28.
标准恒载M(kN.m)       0.00    7.80   14.08   18.83   21.54   18.83   14.08    7.80    0.00
标准恒载Q(kN)        17.30   15.49   12.00    6.82    0.00   -6.82  -12.00  -15.49  -17.30
  
梁编号   8
B*H(mm)=260*300   L(mm)= 1750
                    -I-     -1-     -2-     -3-     -4-     -5-     -6-     -7-     -J-
基本组合+M(kN.m)     0.03    0.97    1.70    2.21    2.50    2.20    1.68    0.95    0.00
基本组合-M(kN.m)     0.00    0.00    0.00    0.00    0.00    0.00    0.00    0.00    0.00
标准组合+M(kN.m)     0.02    0.76    1.34    1.74    1.97    1.73    1.32    0.75    0.00
标准组合-M(kN.m)     0.00    0.00    0.00    0.00    0.00    0.00    0.00    0.00    0.00
准永久组合+M(kN.m)    0.02    0.67    1.17    1.51    1.70    1.51    1.16    0.65    0.00
准永久组合-M(kN.m)    0.00    0.00    0.00    0.00    0.00    0.00    0.00    0.00    0.00
-As(mm2)                0.      0.      0.      0.      0.      0.      0.      0.      0.
+As(mm2)              156.    156.    156.    156.    156.    156.    156.    156.      0.
基本组合Q(kN)         4.82    4.09    3.04    1.67   -0.02   -1.70   -3.06   -4.11   -4.85
Asv(mm2)               28.     28.     28.     28.     28.     28.     28.     28.     28.
标准恒载M(kN.m)       0.02    0.60    1.05    1.36    1.52    1.35    1.04    0.59    0.00
标准恒载Q(kN)         3.01    2.51    1.83    0.99   -0.01   -1.01   -1.85   -2.52   -3.03
  
梁编号   9
B*H(mm)=150*150   L(mm)= 2700
                    -I-     -1-     -2-     -3-     -4-     -5-     -6-     -7-     -J-
基本组合+M(kN.m)     0.38    0.00    0.00    0.00    0.00    0.00    0.00    0.00    0.00
基本组合-M(kN.m)     0.00   -1.45   -3.52   -6.07   -9.45  -13.57  -18.53  -23.95  -29.67
标准组合+M(kN.m)     0.30    0.00    0.00    0.00    0.00    0.00    0.00    0.00    0.00
标准组合-M(kN.m)     0.00   -1.14   -2.77   -4.79   -7.48  -10.78  -14.76  -19.11  -23.71
准永久组合+M(kN.m)    0.25    0.00    0.00    0.00    0.00    0.00    0.00    0.00    0.00
准永久组合-M(kN.m)    0.00   -0.99   -2.42   -4.15   -6.42   -9.19  -12.49  -16.10  -19.92
-As(mm2)                0.     45.     96.    175.    300.    472.  99999.  99999.  99999.
+As(mm2)               45.      0.      0.      0.      0.      0.      0.      0.      0.
基本组合Q(kN)        -4.82   -5.45   -6.84   -8.91  -11.12  -13.32  -15.40  -16.78  -17.41
Asv(mm2)               28.     28.     28.     28.     28.     28.     28.     28.     28.
标准恒载M(kN.m)       0.21   -0.89   -2.18   -3.72   -5.72   -8.12  -10.98  -14.10  -17.39
标准恒载Q(kN)        -3.01   -3.40   -4.18   -5.31   -6.52   -7.73   -8.86   -9.64  -10.03
  
梁编号  10
B*H(mm)=260*300   L(mm)= 1750
                    -I-     -1-     -2-     -3-     -4-     -5-     -6-     -7-     -J-
基本组合+M(kN.m)     0.24    1.16    1.86    2.34    2.60    2.28    1.73    0.97    0.00
基本组合-M(kN.m)     0.00    0.00    0.00    0.00    0.00    0.00    0.00    0.00   -0.01
标准组合+M(kN.m)     0.20    0.92    1.47    1.85    2.06    1.79    1.36    0.76    0.00
标准组合-M(kN.m)     0.00    0.00    0.00    0.00    0.00    0.00    0.00    0.00   -0.01
准永久组合+M(kN.m)    0.16    0.79    1.27    1.60    1.77    1.56    1.19    0.67    0.00
准永久组合-M(kN.m)    0.00    0.00    0.00    0.00    0.00    0.00    0.00    0.00    0.00
-As(mm2)                0.      0.      0.      0.      0.      0.      0.      0.    156.
+As(mm2)              156.    156.    156.    156.    156.    156.    156.    156.      0.
基本组合Q(kN)         4.72    3.99    2.94    1.57   -0.14   -1.82   -3.19   -4.24   -4.97
Asv(mm2)               28.     28.     28.     28.     28.     28.     28.     28.     28.
标准恒载M(kN.m)       0.14    0.71    1.14    1.43    1.58    1.40    1.07    0.61    0.00
标准恒载Q(kN)         2.95    2.44    1.76    0.92   -0.08   -1.08   -1.92   -2.59   -3.10
  
梁编号  11
B*H(mm)=260*300   L(mm)= 1500
                    -I-     -1-     -2-     -3-     -4-     -5-     -6-     -7-     -J-
基本组合+M(kN.m)     0.00    0.32    0.55    0.69    0.74    0.69    0.55    0.32    0.00
基本组合-M(kN.m)     0.00    0.00    0.00    0.00    0.00    0.00    0.00    0.00    0.00
标准组合+M(kN.m)     0.00    0.24    0.41    0.51    0.55    0.51    0.41    0.24    0.00
标准组合-M(kN.m)     0.00    0.00    0.00    0.00    0.00    0.00    0.00    0.00    0.00
准永久组合+M(kN.m)    0.00    0.24    0.41    0.51    0.55    0.51    0.41    0.24    0.00
准永久组合-M(kN.m)    0.00    0.00    0.00    0.00    0.00    0.00    0.00    0.00    0.00
-As(mm2)                0.      0.      0.      0.      0.      0.      0.      0.    156.
+As(mm2)                0.    156.    156.    156.    156.    156.    156.    156.      0.
基本组合Q(kN)         1.97    1.48    0.99    0.49    0.00   -0.50   -0.99   -1.48   -1.98
Asv(mm2)               28.     28.     28.     28.     28.     28.     28.     28.     28.
标准恒载M(kN.m)       0.00    0.24    0.41    0.51    0.55    0.51    0.41    0.24    0.00
标准恒载Q(kN)         1.46    1.10    0.73    0.36    0.00   -0.37   -0.73   -1.10   -1.46
  
梁编号  12
B*H(mm)=150*150   L(mm)= 2700
                    -I-     -1-     -2-     -3-     -4-     -5-     -6-     -7-     -J-
基本组合+M(kN.m)     0.00    0.00    0.00    0.00    0.00    0.00    0.00    0.00    0.00
基本组合-M(kN.m)   -29.50  -25.38  -21.57  -18.10  -15.26  -12.96  -11.27   -9.93   -9.49
标准组合+M(kN.m)     0.00    0.00    0.00    0.00    0.00    0.00    0.00    0.00    0.00
标准组合-M(kN.m)   -23.58  -20.38  -17.44  -14.75  -12.52  -10.69   -9.32   -8.21   -7.94
准永久组合+M(kN.m)    0.00    0.00    0.00    0.00    0.00    0.00    0.00    0.00    0.00
准永久组合-M(kN.m)  -19.80  -16.91  -14.24  -11.82   -9.85   -8.30   -7.19   -6.35   -5.94
-As(mm2)            99999.  99999.  99999.  99999.  99999.    454.    384.    321.    302.
+As(mm2)                0.      0.      0.      0.      0.      0.      0.      0.      0.
基本组合Q(kN)        15.31   14.68   13.30   11.22    9.15    7.52    5.98    4.93    4.41
Asv(mm2)               28.     28.     28.     28.     28.     28.     28.     28.     28.
标准恒载M(kN.m)     -17.28  -14.60  -12.10   -9.86   -8.08   -6.70   -5.77   -5.10   -4.62
标准恒载Q(kN)         8.20    7.81    7.03    5.90    4.69    3.49    2.35    1.57    1.18
  
梁编号  13
B*H(mm)=260*300   L(mm)= 1750
                    -I-     -1-     -2-     -3-     -4-     -5-     -6-     -7-     -J-
基本组合+M(kN.m)     0.00    0.00    0.00    0.00    0.00    0.00    0.00    0.00    0.00
基本组合-M(kN.m)    -0.02   -7.32  -14.94  -22.86  -31.10  -40.38  -49.97  -59.88  -70.09
标准组合+M(kN.m)     0.00    0.00    0.00    0.00    0.00    0.00    0.00    0.00    0.00
标准组合-M(kN.m)    -0.02   -5.93  -12.09  -18.49  -25.14  -32.64  -40.38  -48.37  -56.61
准永久组合+M(kN.m)    0.00    0.00    0.00    0.00    0.00    0.00    0.00    0.00    0.00
准永久组合-M(kN.m)   -0.01   -4.83   -9.85  -15.09  -20.54  -26.67  -33.02  -39.57  -46.34
-As(mm2)              156.    156.    184.    286.    397.    529.    673.    832.   1011.
+As(mm2)                0.      0.      0.      0.      0.      0.      0.      0.      0.
基本组合Q(kN)       -32.73  -33.57  -35.10  -37.25  -40.04  -42.83  -44.98  -46.51  -47.40
Asv(mm2)               28.     28.     28.     28.     28.     28.     28.     28.     28.
标准恒载M(kN.m)      -0.01   -4.09   -8.36  -12.82  -17.47  -22.70  -28.11  -33.71  -39.50
标准恒载Q(kN)       -18.22  -18.81  -19.73  -20.98  -22.56  -24.14  -25.39  -26.31  -26.90
  
梁编号  14
B*H(mm)=150*150   L(mm)= 2700
                    -I-     -1-     -2-     -3-     -4-     -5-     -6-     -7-     -J-
基本组合+M(kN.m)     0.00    0.00    0.00    1.23    2.22    2.50    2.19    1.54    0.94
基本组合-M(kN.m)    -9.52   -6.65   -4.38   -2.48   -1.28   -0.66   -0.90   -1.61   -2.91
标准组合+M(kN.m)     0.00    0.00    0.08    1.42    2.17    2.33    2.07    1.57    1.17
标准组合-M(kN.m)    -7.96   -5.64   -3.86   -2.37   -1.41   -0.89   -1.08   -1.65   -2.75
准永久组合+M(kN.m)    0.00    0.00    0.00    0.30    1.03    1.28    1.09    0.64    0.13
准永久组合-M(kN.m)   -5.97   -4.08   -2.51   -1.21   -0.40   -0.01   -0.17   -0.64   -1.44
-As(mm2)              303.    195.    122.     67.     45.     45.     45.     45.     78.
+As(mm2)                0.      0.      0.     45.     59.     67.     58.     45.     45.
基本组合Q(kN)         9.84    9.21    7.82    5.75    3.54    1.91   -3.23   -4.62   -5.25
Asv(mm2)               28.     28.     28.     28.     28.     28.     28.     28.     28.
标准恒载M(kN.m)      -4.64   -3.04   -1.61   -0.44    0.27    0.58    0.43    0.03   -0.56
标准恒载Q(kN)         5.02    4.63    3.85    2.72    1.51    0.31   -0.83   -1.61   -1.99
  
梁编号  15
B*H(mm)=260*300   L(mm)= 1750
                    -I-     -1-     -2-     -3-     -4-     -5-     -6-     -7-     -J-
基本组合+M(kN.m)     0.00    0.00    0.00    0.00    0.00    0.00    0.00    0.00    0.00
基本组合-M(kN.m)    -0.01   -2.53   -5.31   -8.43  -11.85  -16.33  -21.11  -26.21  -31.61
标准组合+M(kN.m)     0.00    0.00    0.00    0.00    0.00    0.00    0.00    0.00    0.00
标准组合-M(kN.m)    -0.01   -2.23   -4.64   -7.33  -10.26  -14.04  -18.07  -22.34  -26.86
准永久组合+M(kN.m)    0.00    0.00    0.00    0.00    0.00    0.00    0.00    0.00    0.00
准永久组合-M(kN.m)   -0.01   -1.45   -3.09   -4.95   -7.03   -9.78  -12.75  -15.93  -19.33
-As(mm2)              156.    156.    156.    156.    156.    201.    263.    331.    405.
+As(mm2)                0.      0.      0.      0.      0.      0.      0.      0.      0.
基本组合Q(kN)       -10.94  -11.74  -13.12  -15.27  -18.06  -20.85  -23.00  -24.53  -25.42
Asv(mm2)               28.     28.     28.     28.     28.     28.     28.     28.     28.
标准恒载M(kN.m)      -0.01   -0.94   -2.06   -3.37   -4.87   -6.95   -9.21  -11.67  -14.31
标准恒载Q(kN)        -3.83   -4.42   -5.34   -6.59   -8.17   -9.75  -11.00  -11.92  -12.51
  
梁编号  16
B*H(mm)=150*150   L(mm)= 3600
                    -I-     -1-     -2-     -3-     -4-     -5-     -6-     -7-     -J-
基本组合+M(kN.m)     0.89    3.97    7.52    9.83   10.89   10.64    9.14    6.36    3.98
基本组合-M(kN.m)    -2.96    0.00    0.00    0.00    0.00    0.00    0.00    0.00   -0.43
标准组合+M(kN.m)     1.13    3.38    6.24    8.10    8.96    8.76    7.56    5.32    3.62
标准组合-M(kN.m)    -2.80    0.00    0.00    0.00    0.00    0.00    0.00    0.00   -0.89
准永久组合+M(kN.m)    0.10    2.41    4.78    6.31    7.00    6.84    5.83    3.98    2.15
准永久组合-M(kN.m)   -1.47    0.00    0.00    0.00    0.00    0.00    0.00    0.00    0.00
-As(mm2)               80.      0.      0.      0.      0.      0.      0.      0.     45.
+As(mm2)               45.    109.    226.    317.    365.    353.    288.    185.    110.
基本组合Q(kN)        10.88    9.87    7.53    4.59    1.64   -3.02   -5.97   -8.31   -9.32
Asv(mm2)               28.     28.     28.     28.     28.     28.     28.     28.     28.
标准恒载M(kN.m)      -0.59    1.77    3.81    5.11    5.69    5.55    4.69    3.09    1.17
标准恒载Q(kN)         5.60    5.00    3.71    2.10    0.49   -1.12   -2.72   -4.02   -4.62
  
梁编号  17
B*H(mm)=260*300   L(mm)= 1750
                    -I-     -1-     -2-     -3-     -4-     -5-     -6-     -7-     -J-
基本组合+M(kN.m)     0.01    0.00    0.00    0.00    0.00    0.00    0.00    0.00    0.00
基本组合-M(kN.m)     0.00   -3.63   -7.52  -11.75  -16.29  -21.87  -27.77  -33.97  -40.49
标准组合+M(kN.m)     0.00    0.00    0.00    0.00    0.00    0.00    0.00    0.00    0.00
标准组合-M(kN.m)     0.00   -3.04   -6.28   -9.78  -13.54  -18.14  -22.99  -28.09  -33.43
准永久组合+M(kN.m)    0.00    0.00    0.00    0.00    0.00    0.00    0.00    0.00    0.00
准永久组合-M(kN.m)    0.00   -2.27   -4.73   -7.41  -10.31  -13.89  -17.68  -21.69  -25.90
-As(mm2)                0.    156.    156.    156.    201.    273.    352.    437.    531.
+As(mm2)              156.      0.      0.      0.      0.      0.      0.      0.      0.
基本组合Q(kN)       -16.01  -16.81  -18.20  -20.35  -23.14  -25.93  -28.08  -29.61  -30.50
Asv(mm2)               28.     28.     28.     28.     28.     28.     28.     28.     28.
标准恒载M(kN.m)       0.00   -1.75   -3.70   -5.84   -8.16  -11.06  -14.15  -17.42  -20.89
标准恒载Q(kN)        -7.60   -8.19   -9.11  -10.36  -11.94  -13.52  -14.77  -15.69  -16.28
  
梁编号  18
B*H(mm)=150*150   L(mm)= 2700
                    -I-     -1-     -2-     -3-     -4-     -5-     -6-     -7-     -J-
基本组合+M(kN.m)     4.05    5.71    7.42    8.79    9.58    9.64    8.96    7.84    6.77
基本组合-M(kN.m)    -0.37    0.00    0.00    0.00    0.00    0.00    0.00    0.00   -0.37
标准组合+M(kN.m)     3.67    4.91    6.26    7.37    8.05    8.15    7.66    6.82    6.10
标准组合-M(kN.m)    -0.84    0.00    0.00    0.00    0.00    0.00    0.00    0.00   -1.19
准永久组合+M(kN.m)    2.20    3.42    4.58    5.49    5.95    5.94    5.42    4.60    3.73
准永久组合-M(kN.m)    0.00    0.00    0.00    0.00    0.00    0.00    0.00    0.00    0.00
-As(mm2)               45.      0.      0.      0.      0.      0.      0.      0.     45.
+As(mm2)              112.    164.    222.    274.    306.    309.    280.    237.    199.
基本组合Q(kN)         8.35    7.72    6.33    4.26    2.05   -3.25   -5.33   -6.71   -7.34
Asv(mm2)               28.     28.     28.     28.     28.     28.     28.     28.     28.
标准恒载M(kN.m)       1.21    2.42    3.46    4.23    4.55    4.46    3.92    3.12    2.15
标准恒载Q(kN)         3.85    3.47    2.69    1.55    0.35   -0.86   -2.00   -2.78   -3.16
  
梁编号  19
B*H(mm)=260*300   L(mm)= 1750
                    -I-     -1-     -2-     -3-     -4-     -5-     -6-     -7-     -J-
基本组合+M(kN.m)     0.01    0.00    0.00    0.00    0.00    0.00    0.00    0.00    0.00
基本组合-M(kN.m)     0.00   -3.91   -8.09  -12.60  -17.43  -23.30  -29.48  -35.97  -42.78
标准组合+M(kN.m)     0.01    0.00    0.00    0.00    0.00    0.00    0.00    0.00    0.00
标准组合-M(kN.m)     0.00   -3.25   -6.71  -10.44  -14.41  -19.24  -24.31  -29.62  -35.18
准永久组合+M(kN.m)    0.01    0.00    0.00    0.00    0.00    0.00    0.00    0.00    0.00
准永久组合-M(kN.m)    0.00   -2.47   -5.13   -8.02  -11.12  -14.90  -18.90  -23.11  -27.52
-As(mm2)                0.    156.    156.    156.    215.    292.    375.    466.    564.
+As(mm2)              156.      0.      0.      0.      0.      0.      0.      0.      0.
基本组合Q(kN)       -17.32  -18.12  -19.50  -21.66  -24.45  -27.24  -29.39  -30.92  -31.81
Asv(mm2)               28.     28.     28.     28.     28.     28.     28.     28.     28.
标准恒载M(kN.m)       0.01   -1.94   -4.08   -6.41   -8.92  -12.01  -15.29  -18.76  -22.42
标准恒载Q(kN)        -8.47   -9.07   -9.99  -11.24  -12.81  -14.39  -15.64  -16.56  -17.15
  
梁编号  20
B*H(mm)=150*150   L(mm)= 2700
                    -I-     -1-     -2-     -3-     -4-     -5-     -6-     -7-     -J-
基本组合+M(kN.m)     6.93    0.00    0.00    0.00    0.00    0.00    0.00    0.00    0.00
基本组合-M(kN.m)    -0.24  -15.95  -35.00  -54.40  -74.41  -94.97 -116.15 -137.67 -159.55
标准组合+M(kN.m)     6.23    0.00    0.00    0.00    0.00    0.00    0.00    0.00    0.00
标准组合-M(kN.m)    -1.09  -13.13  -28.50  -44.14  -60.23  -76.72  -93.67 -110.88 -128.39
准永久组合+M(kN.m)    3.83    0.00    0.00    0.00    0.00    0.00    0.00    0.00    0.00
准永久组合-M(kN.m)    0.00  -10.26  -22.86  -35.72  -49.04  -62.77  -76.94  -91.38 -106.04
-As(mm2)               45.  99999.  99999.  99999.  99999.  99999.  99999.  99999.  99999.
+As(mm2)              205.      0.      0.      0.      0.      0.      0.      0.      0.
基本组合Q(kN)       -56.92  -57.44  -58.49  -60.02  -61.65  -63.73  -65.80  -67.19  -67.82
Asv(mm2)               62.     64.     68.     74.     80.     85.     90.     92.     94.
标准恒载M(kN.m)       2.24   -8.34  -19.10  -30.11  -41.58  -53.46  -65.79  -78.38  -91.15
标准恒载Q(kN)       -31.08  -31.47  -32.25  -33.38  -34.59  -35.79  -36.93  -37.71  -38.09
  
梁编号  21
B*H(mm)=260*300   L(mm)= 1750
                    -I-     -1-     -2-     -3-     -4-     -5-     -6-     -7-     -J-
基本组合+M(kN.m)     0.00   11.67   23.05   34.21   45.11   55.24   65.11   74.73   84.09
基本组合-M(kN.m)    -0.03    0.00    0.00    0.00    0.00    0.00    0.00    0.00    0.00
标准组合+M(kN.m)     0.00    9.64   19.06   28.32   37.39   45.88   54.19   62.30   70.23
标准组合-M(kN.m)    -0.02    0.00    0.00    0.00    0.00    0.00    0.00    0.00    0.00
准永久组合+M(kN.m)    0.00    7.45   14.72   21.80   28.69   35.02   41.15   47.09   52.84
准永久组合-M(kN.m)   -0.02    0.00    0.00    0.00    0.00    0.00    0.00    0.00    0.00
-As(mm2)              156.      0.      0.      0.      0.      0.      0.      0.      0.
+As(mm2)                0.    156.    289.    441.    599.    756.    922.   1097.   1287.
基本组合Q(kN)        54.17   53.28   51.89   50.20   48.07   45.94   44.25   43.01   42.21
Asv(mm2)               28.     28.     28.     28.     28.     28.     28.     28.     28.
标准恒载M(kN.m)      -0.02    6.00   11.82   17.46   22.90   27.77   32.45   36.95   41.25
标准恒载Q(kN)        27.92   27.33   26.41   25.16   23.58   22.00   20.75   19.83   19.24
  
梁编号  22
B*H(mm)=150*150   L(mm)= 2700
                    -I-     -1-     -2-     -3-     -4-     -5-     -6-     -7-     -J-
基本组合+M(kN.m)     0.00    0.00    0.00    0.00    0.00    0.00    0.00    0.00    0.00
基本组合-M(kN.m)  -160.48 -145.26 -130.35 -115.90 -102.28  -89.41  -77.38  -65.86  -54.74
标准组合+M(kN.m)     0.00    0.00    0.00    0.00    0.00    0.00    0.00    0.00    0.00
标准组合-M(kN.m)  -129.13 -116.86 -104.84  -93.19  -82.22  -71.85  -62.17  -52.92  -44.00
准永久组合+M(kN.m)    0.00    0.00    0.00    0.00    0.00    0.00    0.00    0.00    0.00
准永久组合-M(kN.m) -106.67  -96.58  -86.70  -77.12  -68.09  -59.54  -51.54  -43.87  -36.43
-As(mm2)            99999.  99999.  99999.  99999.  99999.  99999.  99999.  99999.  99999.
+As(mm2)                0.      0.      0.      0.      0.      0.      0.      0.      0.
基本组合Q(kN)        45.54   44.90   43.52   41.45   39.24   37.03   34.96   33.57   32.94
Asv(mm2)               80.     79.     75.     69.     62.     56.     50.     46.     44.
标准恒载M(kN.m)     -91.69  -83.06  -74.60  -66.41  -58.67  -51.33  -44.45  -37.83  -31.39
标准恒载Q(kN)        25.84   25.45   24.68   23.54   22.33   21.13   19.99   19.21   18.83
  
梁编号  23
B*H(mm)=260*300   L(mm)= 1750
                    -I-     -1-     -2-     -3-     -4-     -5-     -6-     -7-     -J-
基本组合+M(kN.m)     0.00    0.00    0.00    0.00    0.00    0.00    0.00    0.00    0.00
基本组合-M(kN.m)    -0.14  -25.08  -50.33  -75.89 -101.76 -128.68 -155.91 -183.45 -211.31
标准组合+M(kN.m)     0.00    0.00    0.00    0.00    0.00    0.00    0.00    0.00    0.00
标准组合-M(kN.m)    -0.11  -20.24  -40.62  -61.24  -82.11 -103.84 -125.80 -148.01 -170.47
准永久组合+M(kN.m)    0.00    0.00    0.00    0.00    0.00    0.00    0.00    0.00    0.00
准永久组合-M(kN.m)   -0.09  -16.59  -33.30  -50.23  -67.37  -85.19 -103.22 -121.47 -139.92
-As(mm2)              156.    316.    679.   1120.   1654.  99999.  99999.  99999.  99999.
+As(mm2)                0.      0.      0.      0.      0.      0.      0.      0.      0.
基本组合Q(kN)      -113.36 -114.20 -115.73 -117.88 -120.67 -123.46 -125.61 -127.14 -128.03
Asv(mm2)               29.     29.     30.     32.     35.     38.     40.     42.     43.
标准恒载M(kN.m)      -0.08  -14.16  -28.43  -42.89  -57.53  -72.76  -88.17 -103.77 -119.56
标准恒载Q(kN)       -63.93  -64.53  -65.45  -66.70  -68.27  -69.85  -71.10  -72.02  -72.61
  
梁编号  24
B*H(mm)=150*150   L(mm)= 3960
                    -I-     -1-     -2-     -3-     -4-     -5-     -6-     -7-     -J-
基本组合+M(kN.m)     0.00    0.00    0.00    0.00    0.00    0.00    0.00    0.52    2.92
基本组合-M(kN.m)   -57.11  -44.80  -33.26  -23.37  -15.08   -8.39   -3.46   -0.25    0.00
标准组合+M(kN.m)     0.00    0.00    0.00    0.00    0.00    0.00    0.00    0.53    2.35
标准组合-M(kN.m)   -45.89  -35.95  -26.64  -18.67  -12.01   -6.65   -2.74   -0.26    0.00
准永久组合+M(kN.m)    0.00    0.00    0.00    0.00    0.00    0.00    0.00    0.22    1.94
准永久组合-M(kN.m)  -38.04  -29.89  -22.25  -15.69  -10.18   -5.71   -2.35   -0.10    0.00
-As(mm2)            99999.  99999.  99999.  99999.    518.    258.     94.     45.      0.
+As(mm2)                0.      0.      0.      0.      0.      0.      0.     45.     79.
基本组合Q(kN)        25.54   24.36   21.60   18.36   15.13   11.89    8.66    5.90    4.73
Asv(mm2)               23.     20.     17.     17.     28.     28.     28.     28.     28.
标准恒载M(kN.m)     -32.81  -25.85  -19.32  -13.70   -8.95   -5.08   -2.08    0.02    1.67
标准恒载Q(kN)        14.46   13.76   12.24   10.48    8.71    6.94    5.17    3.65    2.95
  
梁编号  25
B*H(mm)=260*300   L(mm)= 1750
                    -I-     -1-     -2-     -3-     -4-     -5-     -6-     -7-     -J-
基本组合+M(kN.m)     0.00    1.40    2.55    3.39    3.93    3.41    2.58    1.45    0.00
基本组合-M(kN.m)    -0.08    0.00    0.00    0.00    0.00    0.00    0.00    0.00    0.00
标准组合+M(kN.m)     0.00    1.12    2.04    2.72    3.15    2.73    2.07    1.16    0.00
标准组合-M(kN.m)    -0.06    0.00    0.00    0.00    0.00    0.00    0.00    0.00    0.00
准永久组合+M(kN.m)    0.00    0.94    1.71    2.27    2.62    2.28    1.73    0.97    0.00
准永久组合-M(kN.m)   -0.05    0.00    0.00    0.00    0.00    0.00    0.00    0.00    0.00
-As(mm2)              156.      0.      0.      0.      0.      0.      0.      0.    156.
+As(mm2)                0.    156.    156.    156.    156.    156.    156.    156.      0.
基本组合Q(kN)         7.41    6.51    4.99    2.84    0.05   -2.75   -4.91   -6.43   -7.32
Asv(mm2)               28.     28.     28.     28.     28.     28.     28.     28.     28.
标准恒载M(kN.m)      -0.05    0.81    1.49    1.97    2.26    1.98    1.51    0.85    0.00
标准恒载Q(kN)         4.37    3.78    2.86    1.61    0.03   -1.55   -2.80   -3.72   -4.31
  
梁编号  26
B*H(mm)=260*300   L(mm)= 1500
                    -I-     -1-     -2-     -3-     -4-     -5-     -6-     -7-     -J-
基本组合+M(kN.m)     0.00    0.00    0.00    0.00    0.00    0.00    0.00    0.00    0.01
基本组合-M(kN.m)   -98.92  -75.84  -55.76  -38.67  -24.57  -13.94   -6.29   -1.75    0.00
标准组合+M(kN.m)     0.00    0.00    0.00    0.00    0.00    0.00    0.00    0.02    0.01
标准组合-M(kN.m)   -79.08  -60.78  -44.83  -31.23  -19.98  -11.46   -5.29   -1.58    0.00
准永久组合+M(kN.m)    0.00    0.00    0.00    0.00    0.00    0.00    0.00    0.00    0.01
准永久组合-M(kN.m)  -66.36  -50.70  -37.10  -25.56  -16.09   -8.97   -3.92   -0.97    0.00
-As(mm2)             1618.   1119.    765.    504.    309.    171.    156.    156.      0.
+As(mm2)                0.      0.      0.      0.      0.      0.      0.      0.    156.
基本组合Q(kN)       131.07  115.49   99.44   82.93   65.95   48.97   32.46   16.41   -6.95
Asv(mm2)               88.     67.     46.     29.     29.     28.     28.     28.     28.
标准恒载M(kN.m)     -57.88  -43.98  -31.94  -21.78  -13.49   -7.31   -3.00   -0.56    0.00
标准恒载Q(kN)        79.12   69.35   59.34   49.08   38.59   28.09   17.83    7.82   -1.95
  
梁编号  27
B*H(mm)=260*300   L(mm)= 1500
                    -I-     -1-     -2-     -3-     -4-     -5-     -6-     -7-     -J-
基本组合+M(kN.m)     0.00    0.00    0.00    0.00    0.00    0.00    0.00    0.00    0.00
基本组合-M(kN.m)   -52.23  -44.74  -37.46  -30.39  -23.52  -17.33  -11.35   -5.59   -0.01
标准组合+M(kN.m)     0.00    0.00    0.00    0.00    0.00    0.00    0.00    0.00    0.00
标准组合-M(kN.m)   -42.30  -36.25  -30.36  -24.64  -19.08  -14.06   -9.21   -4.55   -0.01
准永久组合+M(kN.m)    0.00    0.00    0.00    0.00    0.00    0.00    0.00    0.00    0.00
准永久组合-M(kN.m)  -34.39  -29.44  -24.64  -19.97  -15.46  -11.38   -7.45   -3.66   -0.01
-As(mm2)              708.    593.    487.    388.    295.    214.    156.    156.    156.
+As(mm2)                0.      0.      0.      0.      0.      0.      0.      0.      0.
基本组合Q(kN)        40.50   39.78   38.59   36.93   34.81   32.69   31.04   29.96   29.30
Asv(mm2)               28.     28.     28.     28.     28.     28.     28.     28.     28.
标准恒载M(kN.m)     -29.11  -24.90  -20.82  -16.87  -13.04   -9.59   -6.27   -3.07   -0.01
标准恒载Q(kN)        22.80   22.31   21.59   20.62   19.40   18.19   17.22   16.49   16.01
  
梁编号  28
B*H(mm)=260*300   L(mm)= 1500
                    -I-     -1-     -2-     -3-     -4-     -5-     -6-     -7-     -J-
基本组合+M(kN.m)     0.00    0.00    0.00    0.00    0.00    0.00    0.00    0.00    0.01
基本组合-M(kN.m)   -92.73  -72.70  -55.01  -39.67  -26.68  -16.49   -8.65   -3.16    0.00
标准组合+M(kN.m)     0.00    0.00    0.00    0.00    0.00    0.00    0.00    0.00    0.01
标准组合-M(kN.m)   -73.61  -57.83  -43.88  -31.75  -21.45  -13.35   -7.08   -2.63    0.00
准永久组合+M(kN.m)    0.00    0.00    0.00    0.00    0.00    0.00    0.00    0.00    0.00
准永久组合-M(kN.m)  -62.83  -49.11  -37.02  -26.57  -17.75  -10.86   -5.61   -1.99    0.00
-As(mm2)             1484.   1059.    753.    519.    337.    203.    156.    156.      0.
+As(mm2)                0.      0.      0.      0.      0.      0.      0.      0.    156.
基本组合Q(kN)       113.08  100.96   88.38   75.33   61.82   48.31   35.27   22.68   11.44
Asv(mm2)               64.     48.     31.     29.     28.     28.     28.     28.     28.
标准恒载M(kN.m)     -55.65  -43.30  -32.45  -23.11  -15.28   -9.20   -4.63   -1.56    0.00
标准恒载Q(kN)        69.89   62.05   53.98   45.66   37.10   28.54   20.22   12.15    4.31
  
梁编号  29
B*H(mm)=260*300   L(mm)= 1500
                    -I-     -1-     -2-     -3-     -4-     -5-     -6-     -7-     -J-
基本组合+M(kN.m)     0.00    0.00    0.00    0.00    0.00    0.00    0.00    0.00    0.01
基本组合-M(kN.m)   -87.84  -68.42  -51.34  -36.61  -24.23  -14.65   -7.42   -2.55    0.00
标准组合+M(kN.m)     0.00    0.00    0.00    0.00    0.00    0.00    0.00    0.00    0.01
标准组合-M(kN.m)   -69.91  -54.60  -41.11  -29.44  -19.60  -11.96   -6.15   -2.17    0.00
准永久组合+M(kN.m)    0.00    0.00    0.00    0.00    0.00    0.00    0.00    0.00    0.00
准永久组合-M(kN.m)  -59.30  -46.02  -34.37  -24.36  -15.98   -9.54   -4.72   -1.55    0.00
-As(mm2)             1369.    980.    694.    475.    304.    180.    156.    156.      0.
+As(mm2)                0.      0.      0.      0.      0.      0.      0.      0.    156.
基本组合Q(kN)       109.82   97.70   85.12   72.07   58.56   45.05   32.00   19.42    8.18
Asv(mm2)               60.     44.     29.     29.     28.     28.     28.     28.     28.
标准恒载M(kN.m)     -52.22  -40.30  -29.88  -20.97  -13.57   -7.92   -3.77   -1.13    0.00
标准恒载Q(kN)        67.61   59.77   51.70   43.38   34.82   26.26   17.94    9.86    2.03
  
梁编号  30
B*H(mm)=260*300   L(mm)= 1500
                    -I-     -1-     -2-     -3-     -4-     -5-     -6-     -7-     -J-
基本组合+M(kN.m)     0.00    0.00    0.00    0.00    0.00    0.00    0.00    0.00    0.00
基本组合-M(kN.m)   -63.52  -54.62  -45.93  -37.45  -29.17  -21.57  -14.17   -7.01   -0.01
标准组合+M(kN.m)     0.00    0.00    0.00    0.00    0.00    0.00    0.00    0.00    0.00
标准组合-M(kN.m)   -51.55  -44.35  -37.30  -30.42  -23.70  -17.53  -11.53   -5.70   -0.01
准永久组合+M(kN.m)    0.00    0.00    0.00    0.00    0.00    0.00    0.00    0.00    0.00
准永久组合-M(kN.m)  -41.70  -35.84  -30.12  -24.55  -19.11  -14.12   -9.27   -4.58   -0.01
-As(mm2)              894.    746.    611.    487.    371.    269.    174.    156.    156.
+As(mm2)                0.      0.      0.      0.      0.      0.      0.      0.      0.
基本组合Q(kN)        48.03   47.30   46.11   44.46   42.34   40.22   38.57   37.49   36.83
Asv(mm2)               28.     28.     28.     28.     28.     28.     28.     28.     28.
标准恒载M(kN.m)     -35.13  -30.17  -25.33  -20.63  -16.05  -11.85   -7.77   -3.83   -0.01
标准恒载Q(kN)        26.81   26.33   25.60   24.63   23.41   22.20   21.23   20.50   20.02
  
梁编号  31
B*H(mm)=260*300   L(mm)= 1500
                    -I-     -1-     -2-     -3-     -4-     -5-     -6-     -7-     -J-
基本组合+M(kN.m)     0.00    0.00    0.00    0.00    0.00    0.00    0.00    0.69    0.01
基本组合-M(kN.m)   -94.08  -71.65  -52.20  -35.73  -22.25  -12.21   -5.15   -1.12    0.00
标准组合+M(kN.m)     0.00    0.00    0.00    0.00    0.00    0.00    0.00    0.75    0.01
标准组合-M(kN.m)   -75.57  -57.74  -42.25  -29.11  -18.30  -10.21   -4.46   -1.09    0.00
准永久组合+M(kN.m)    0.00    0.00    0.00    0.00    0.00    0.00    0.00    0.23    0.01
准永久组合-M(kN.m)  -62.68  -47.51  -34.39  -23.33  -14.32   -7.66   -3.05   -0.51    0.00
-As(mm2)             1517.   1039.    708.    462.    278.    156.    156.    156.      0.
+As(mm2)                0.      0.      0.      0.      0.      0.      0.    156.    156.
基本组合Q(kN)       127.58  112.06   96.08   79.63   62.72   45.81   29.37   13.39  -11.54
Asv(mm2)               83.     63.     41.     29.     28.     28.     28.     28.     28.
标准恒载M(kN.m)     -54.08  -40.69  -29.15  -19.48  -11.67   -5.96   -2.11   -0.12    0.01
标准恒载Q(kN)        76.40   66.67   56.71   46.51   36.06   25.61   15.40    5.44   -4.28
  
梁编号  32
B*H(mm)=150*150   L(mm)= 2700
                    -I-     -1-     -2-     -3-     -4-     -5-     -6-     -7-     -J-
基本组合+M(kN.m)     0.00    0.00    1.81    4.34    6.62    8.27    9.23    9.64    9.99
基本组合-M(kN.m)    -6.06   -2.37    0.00    0.00    0.00    0.00    0.00    0.00    0.00
标准组合+M(kN.m)     0.00    0.00    1.58    3.56    5.45    6.81    7.61    7.97    8.33
标准组合-M(kN.m)    -4.97   -1.97    0.00    0.00    0.00    0.00    0.00    0.00    0.00
准永久组合+M(kN.m)    0.00    0.00    1.05    2.79    4.26    5.31    5.91    6.15    6.29
准永久组合-M(kN.m)   -3.92   -1.49    0.00    0.00    0.00    0.00    0.00    0.00    0.00
-As(mm2)              175.     63.      0.      0.      0.      0.      0.      0.      0.
+As(mm2)                0.      0.     48.    121.    194.    253.    291.    308.    324.
基本组合Q(kN)        11.70   11.07    9.68    7.78    5.85    4.32    2.90   -2.31   -2.94
Asv(mm2)               28.     28.     28.     28.     28.     28.     28.     28.     28.
标准恒载M(kN.m)      -3.22   -1.18    0.70    2.28    3.48    4.32    4.78    4.93    4.93
标准恒载Q(kN)         6.29    5.91    5.13    4.08    3.02    1.96    0.91    0.13   -0.26
  
梁编号  33
B*H(mm)=150*150   L(mm)= 2700
                    -I-     -1-     -2-     -3-     -4-     -5-     -6-     -7-     -J-
基本组合+M(kN.m)    10.01    8.19    6.48    4.28    1.70    0.00    0.00    0.00    0.00
基本组合-M(kN.m)     0.00    0.00    0.00    0.00   -1.29   -4.16   -8.09  -12.64  -17.76
标准组合+M(kN.m)     8.35    6.80    5.43    3.67    1.68    0.00    0.00    0.00    0.00
标准组合-M(kN.m)     0.00    0.00    0.00    0.00   -1.38   -3.54   -6.64  -10.26  -14.40
准永久组合+M(kN.m)    6.31    5.19    4.05    2.57    0.77    0.00    0.00    0.00    0.00
准永久组合-M(kN.m)    0.00    0.00    0.00    0.00   -0.45   -2.54   -5.22   -8.29  -11.68
-As(mm2)                0.      0.      0.      0.     45.    115.    246.    444.  99999.
+As(mm2)              325.    250.    189.    119.     45.      0.      0.      0.      0.
基本组合Q(kN)        -5.67   -6.19   -7.24   -8.66  -10.09  -12.02  -13.93  -15.31  -15.94
Asv(mm2)               28.     28.     28.     28.     28.     28.     28.     28.     28.
标准恒载M(kN.m)       4.94    4.12    3.13    1.83    0.16   -1.87   -4.27   -6.99   -9.86
标准恒载Q(kN)        -2.21   -2.59   -3.37   -4.42   -5.48   -6.54   -7.59   -8.37   -8.76
  
梁编号  34
B*H(mm)=150*150   L(mm)= 2700
                    -I-     -1-     -2-     -3-     -4-     -5-     -6-     -7-     -J-
基本组合+M(kN.m)     0.00    0.00    0.00    0.00    0.00    0.62    1.67    2.35    3.19
基本组合-M(kN.m)   -17.76  -13.63  -10.10   -6.99   -4.56   -2.65   -1.47   -0.88   -0.95
标准组合+M(kN.m)     0.00    0.00    0.00    0.00    0.00    0.90    1.67    2.19    2.93
标准组合-M(kN.m)   -14.39  -11.08   -8.31   -5.85   -3.94   -2.43   -1.52   -1.10   -1.29
准永久组合+M(kN.m)    0.00    0.00    0.00    0.00    0.00    0.00    0.71    1.20    1.69
准永久组合-M(kN.m)  -11.67   -8.93   -6.50   -4.38   -2.70   -1.40   -0.57   -0.11    0.00
-As(mm2)            99999.    474.    329.    207.    127.     71.     45.     45.     45.
+As(mm2)                0.      0.      0.      0.      0.     45.     45.     63.     87.
基本组合Q(kN)        13.43   12.79   11.41    9.50    7.57    6.14    4.72    3.67    3.15
Asv(mm2)               28.     28.     28.     28.     28.     28.     28.     28.     28.
标准恒载M(kN.m)      -9.86   -7.50   -5.29   -3.40   -1.88   -0.71    0.07    0.55    0.87
标准恒载Q(kN)         7.25    6.86    6.08    5.03    3.97    2.91    1.86    1.08    0.70
  
梁编号  35
B*H(mm)=150*150   L(mm)= 3600
                    -I-     -1-     -2-     -3-     -4-     -5-     -6-     -7-     -J-
基本组合+M(kN.m)     3.12    5.73    8.73   10.59   11.43   11.13    9.82    7.35    5.22
基本组合-M(kN.m)    -1.02    0.00    0.00    0.00    0.00    0.00    0.00    0.00    0.00
标准组合+M(kN.m)     2.87    4.74    7.14    8.62    9.30    9.06    8.03    6.07    4.58
标准组合-M(kN.m)    -1.35    0.00    0.00    0.00    0.00    0.00    0.00    0.00   -0.13
准永久组合+M(kN.m)    1.64    3.65    5.67    6.92    7.47    7.27    6.37    4.70    3.01
准永久组合-M(kN.m)   -0.05    0.00    0.00    0.00    0.00    0.00    0.00    0.00    0.00
-As(mm2)               45.      0.      0.      0.      0.      0.      0.      0.      0.
+As(mm2)               85.    164.    271.    351.    392.    377.    316.    220.    148.
基本组合Q(kN)         9.89    8.88    6.61    4.04    1.47   -3.00   -5.57   -7.85   -8.86
Asv(mm2)               28.     28.     28.     28.     28.     28.     28.     28.     28.
标准恒载M(kN.m)       0.82    2.93    4.68    5.78    6.24    6.07    5.26    3.79    1.97
标准恒载Q(kN)         5.01    4.41    3.15    1.73    0.32   -1.09   -2.51   -3.77   -4.37
  
梁编号  36
B*H(mm)=150*150   L(mm)= 2700
                    -I-     -1-     -2-     -3-     -4-     -5-     -6-     -7-     -J-
基本组合+M(kN.m)     5.31    3.42    1.74    0.00    0.00    0.00    0.00    0.00    0.00
基本组合-M(kN.m)     0.00    0.00   -1.36   -3.58   -6.54  -10.01  -14.15  -18.72  -23.89
标准组合+M(kN.m)     4.65    3.06    1.73    0.40    0.00    0.00    0.00    0.00    0.00
标准组合-M(kN.m)    -0.07   -0.43   -1.44   -3.20   -5.56   -8.32  -11.63  -15.25  -19.42
准永久组合+M(kN.m)    3.08    1.92    0.77    0.00    0.00    0.00    0.00    0.00    0.00
准永久组合-M(kN.m)    0.00    0.00   -0.50   -2.01   -3.98   -6.33   -9.12  -12.22  -15.64
-As(mm2)                0.      0.     45.     98.    191.    324.    490.  99999.  99999.
+As(mm2)              151.     93.     46.      0.      0.      0.      0.      0.      0.
基本组合Q(kN)        -6.21   -6.73   -7.78   -9.20  -10.63  -12.56  -14.47  -15.85  -16.49
Asv(mm2)               28.     28.     28.     28.     28.     28.     28.     28.     28.
标准恒载M(kN.m)       2.03    1.16    0.13   -1.21   -2.93   -5.00   -7.45  -10.21  -13.13
标准恒载Q(kN)        -2.34   -2.72   -3.50   -4.55   -5.61   -6.67   -7.73   -8.50   -8.89
  
梁编号  37
B*H(mm)=150*150   L(mm)= 2700
                    -I-     -1-     -2-     -3-     -4-     -5-     -6-     -7-     -J-
基本组合+M(kN.m)     0.00    0.00    0.00    0.00    1.57    5.66    9.36   12.57   15.90
基本组合-M(kN.m)   -23.91  -17.29  -11.24   -5.70   -1.35    0.00    0.00    0.00    0.00
标准组合+M(kN.m)     0.00    0.00    0.00    0.00    1.57    4.81    7.79   10.39   13.18
标准组合-M(kN.m)   -19.44  -14.07   -9.22   -4.78   -1.41    0.00    0.00    0.00    0.00
准永久组合+M(kN.m)    0.00    0.00    0.00    0.00    0.68    3.46    5.91    8.02   10.11
准永久组合-M(kN.m)  -15.66  -11.31   -7.26   -3.56   -0.51    0.00    0.00    0.00    0.00
-As(mm2)            99999.  99999.    383.    163.     45.      0.      0.      0.      0.
+As(mm2)                0.      0.      0.      0.     45.    162.    297.    442.  99999.
基本组合Q(kN)        20.40   19.77   18.39   16.48   14.55   13.12   11.70   10.65   10.13
Asv(mm2)               17.     17.     17.     28.     28.     28.     28.     28.     28.
标准恒载M(kN.m)     -13.14   -9.46   -5.95   -2.75    0.08    2.56    4.65    6.44    8.06
标准恒载Q(kN)        11.13   10.74    9.96    8.91    7.85    6.79    5.74    4.96    4.58
  
梁编号  38
B*H(mm)=150*150   L(mm)= 2700
                    -I-     -1-     -2-     -3-     -4-     -5-     -6-     -7-     -J-
基本组合+M(kN.m)    15.86   15.46   15.07   14.14   12.52   10.25    7.29    3.78    0.00
基本组合-M(kN.m)     0.00    0.00    0.00    0.00    0.00    0.00    0.00    0.00    0.00
标准组合+M(kN.m)    13.15   12.73   12.39   11.61   10.27    8.40    5.97    3.09    0.00
标准组合-M(kN.m)     0.00    0.00    0.00    0.00    0.00    0.00    0.00    0.00    0.00
准永久组合+M(kN.m)   10.08    9.93    9.71    9.12    8.09    6.63    4.73    2.46    0.00
准永久组合-M(kN.m)    0.00    0.00    0.00    0.00    0.00    0.00    0.00    0.00    0.00
-As(mm2)                0.      0.      0.      0.      0.      0.      0.      0.      0.
+As(mm2)            99999.  99999.    518.    490.    441.    335.    217.    104.      0.
基本组合Q(kN)         2.80    2.17   -3.02   -4.44   -5.87   -7.69   -9.60  -10.99  -11.62
Asv(mm2)               28.     28.     28.     28.     28.     28.     28.     28.     28.
标准恒载M(kN.m)       8.04    8.06    7.92    7.47    6.64    5.46    3.90    2.03    0.00
标准恒载Q(kN)         0.30   -0.09   -0.87   -1.92   -2.98   -4.04   -5.09   -5.87   -6.25
