 ====================================================
       2 层楼面主梁计算结果文件
 ====================================================
砼等级： 25;   纵筋:HRB(F)335         ;  箍筋:HPB300            间距=100mm
梁总数：  38
荷载基本组合：      永久荷载控制1.35D+1.4ΨcL
活荷载组合值系数Ψc:      0.70
活荷载准永久值系数Ψq:    0.40
弯矩调幅系数:    1.00
  
梁编号   1
B*H(mm)=260*300   L(mm)= 5960
                    -I-     -1-     -2-     -3-     -4-     -5-     -6-     -7-     -J-
基本组合+M(kN.m)     0.00    0.00   16.99   36.02   42.34   35.93   17.69    0.00    0.00
基本组合-M(kN.m)   -71.70  -35.93   -6.14    0.00    0.00    0.00    0.00  -15.30  -54.20
标准组合+M(kN.m)     0.00    0.00   16.07   30.75   35.19   29.38   14.23    0.00    0.00
标准组合-M(kN.m)   -57.79  -30.39   -7.53    0.00    0.00    0.00    0.00  -13.17  -45.05
准永久组合+M(kN.m)    0.00    0.00    8.43   21.84   26.80   23.32   11.76    0.00    0.00
准永久组合-M(kN.m)  -47.54  -22.12   -1.01    0.00    0.00    0.00    0.00   -9.14  -34.32
-As(mm2)             1040.    465.    156.      0.      0.      0.      0.    188.    740.
+As(mm2)                0.      0.    210.    466.    558.    465.    219.      0.      0.
基本组合Q(kN)        60.40   52.94   38.29   21.21    6.91  -17.14  -34.21  -48.87  -56.33
Asv(mm2)               28.     28.     28.     28.     28.     28.     28.     28.     28.
标准恒载M(kN.m)     -40.71  -16.61    3.33   15.90   21.22   19.28   10.11   -6.45  -27.17
标准恒载Q(kN)        34.92   30.20   21.73   12.00    2.27   -7.46  -17.18  -25.65  -30.37
  
梁编号   2
B*H(mm)=260*300   L(mm)= 5960
                    -I-     -1-     -2-     -3-     -4-     -5-     -6-     -7-     -J-
基本组合+M(kN.m)     0.00   24.38   54.19   71.04   75.16   66.56   45.24   10.95    0.00
基本组合-M(kN.m)   -26.70    0.00    0.00    0.00    0.00    0.00    0.00    0.00  -36.30
标准组合+M(kN.m)     0.00   21.06   45.00   58.48   61.72   54.72   37.48    9.78    0.00
标准组合-M(kN.m)   -23.00    0.00    0.00    0.00    0.00    0.00    0.00   -1.20  -29.56
准永久组合+M(kN.m)    0.00   14.49   34.37   45.64   48.47   42.85   28.79    6.12    0.00
准永久组合-M(kN.m)  -15.94    0.00    0.00    0.00    0.00    0.00    0.00    0.00  -23.70
-As(mm2)              338.      0.      0.      0.      0.      0.      0.      0.    470.
+As(mm2)                0.    306.    740.   1028.   1106.    947.    601.    156.      0.
基本组合Q(kN)        55.90   48.44   33.78   16.70   -4.08  -21.16  -38.23  -52.89  -60.35
Asv(mm2)               28.     28.     28.     28.     28.     28.     28.     28.     28.
标准恒载M(kN.m)     -11.24   10.10   27.28   37.08   39.64   34.94   23.00    3.68  -19.80
标准恒载Q(kN)        31.21   26.49   18.02    8.29   -1.44  -11.16  -20.89  -29.36  -34.08
  
梁编号   3
B*H(mm)=260*300   L(mm)= 5960
                    -I-     -1-     -2-     -3-     -4-     -5-     -6-     -7-     -J-
基本组合+M(kN.m)     0.00    0.00    0.00    0.00    0.00    1.52    3.79    6.51    7.77
基本组合-M(kN.m)   -43.19  -31.71  -21.68  -13.12   -6.02   -0.38    0.00    0.00    0.00
标准组合+M(kN.m)     0.00    0.00    0.00    0.00    0.00    1.22    2.98    5.60    7.13
标准组合-M(kN.m)   -35.44  -26.33  -18.31  -11.36   -5.50   -0.72    0.00    0.00    0.00
准永久组合+M(kN.m)    0.00    0.00    0.00    0.00    0.00    1.01    2.61    3.90    4.11
准永久组合-M(kN.m)  -27.88  -20.09  -13.39   -7.77   -3.23    0.00    0.00    0.00    0.00
-As(mm2)              570.    406.    271.    161.    156.    156.      0.      0.      0.
+As(mm2)                0.      0.      0.      0.      0.    156.    156.    156.    156.
基本组合Q(kN)        16.39   14.43   12.47   10.51    8.55    6.59    4.63    2.67   -2.86
Asv(mm2)               28.     28.     28.     28.     28.     28.     28.     28.     28.
标准恒载M(kN.m)     -22.84  -15.93  -10.11   -5.37   -1.71    0.86    2.36    2.77    2.10
标准恒载Q(kN)         9.99    8.54    7.09    5.64    4.18    2.73    1.28   -0.17   -1.63
  
梁编号   4
B*H(mm)=260*300   L(mm)= 5960
                    -I-     -1-     -2-     -3-     -4-     -5-     -6-     -7-     -J-
基本组合+M(kN.m)     0.00    0.00    0.00    0.00    0.00    1.30    3.88    6.92    8.49
基本组合-M(kN.m)   -45.00  -33.20  -22.86  -13.98   -6.57   -0.61    0.00    0.00    0.00
标准组合+M(kN.m)     0.00    0.00    0.00    0.00    0.00    1.06    3.05    5.91    7.68
标准组合-M(kN.m)   -36.82  -27.47  -19.20  -12.01   -5.91   -0.89    0.00    0.00    0.00
准永久组合+M(kN.m)    0.00    0.00    0.00    0.00    0.00    0.85    2.67    4.19    4.63
准永久组合-M(kN.m)  -29.19  -21.18  -14.24   -8.39   -3.62    0.00    0.00    0.00    0.00
-As(mm2)              597.    427.    286.    172.    156.    156.      0.      0.      0.
+As(mm2)                0.      0.      0.      0.      0.    156.    156.    156.    156.
基本组合Q(kN)        16.82   14.86   12.90   10.94    8.98    7.01    5.05    3.09   -2.46
Asv(mm2)               28.     28.     28.     28.     28.     28.     28.     28.     28.
标准恒载M(kN.m)     -24.11  -16.98  -10.94   -5.97   -2.09    0.70    2.42    3.05    2.60
标准恒载Q(kN)        10.29    8.84    7.39    5.93    4.48    3.03    1.58    0.12   -1.33
  
梁编号   5
B*H(mm)=260*300   L(mm)= 5960
                    -I-     -1-     -2-     -3-     -4-     -5-     -6-     -7-     -J-
基本组合+M(kN.m)    88.27  103.82  117.15  118.87  109.23   88.23   55.88   11.92    0.00
基本组合-M(kN.m)     0.00    0.00    0.00    0.00    0.00    0.00    0.00    0.00  -43.63
标准组合+M(kN.m)    73.34   85.30   96.16   97.59   89.78   72.74   46.46   10.75    0.00
标准组合-M(kN.m)     0.00    0.00    0.00    0.00    0.00    0.00    0.00   -1.17  -35.60
准永久组合+M(kN.m)   55.91   66.93   75.61   76.70   70.36   56.57   35.36    6.54    0.00
准永久组合-M(kN.m)    0.00    0.00    0.00    0.00    0.00    0.00    0.00    0.00  -28.42
-As(mm2)                0.      0.      0.      0.      0.      0.      0.      0.    577.
+As(mm2)             1379.   1681.   1851.   1873.   1750.   1378.    767.    156.      0.
基本组合Q(kN)        35.14   29.51   16.69  -10.16  -21.65  -36.89  -52.14  -64.97  -70.59
Asv(mm2)               28.     28.     28.     28.     28.     28.     28.     28.     28.
标准恒载M(kN.m)      44.29   54.68   61.91   62.78   57.41   45.80   27.95    3.74  -23.63
标准恒载Q(kN)        15.82   12.46    5.35   -3.02  -11.40  -19.77  -28.14  -35.25  -38.62
  
梁编号   6
B*H(mm)=260*300   L(mm)= 5960
                    -I-     -1-     -2-     -3-     -4-     -5-     -6-     -7-     -J-
基本组合+M(kN.m)     0.00    0.00    0.00    0.00    8.44   21.34   24.34   27.32   28.21
基本组合-M(kN.m)  -212.98 -153.30  -99.31  -54.98  -20.13    0.00    0.00    0.00   -9.11
标准组合+M(kN.m)     0.00    0.00    0.00    0.00   10.08   18.57   19.62   23.35   26.43
标准组合-M(kN.m)  -171.72 -124.98  -82.57  -47.31  -19.07    0.00    0.00    0.00  -11.64
准永久组合+M(kN.m)    0.00    0.00    0.00    0.00    1.70   12.51   16.13   16.54   14.31
准永久组合-M(kN.m) -141.16  -99.95  -62.84  -32.89   -9.96    0.00    0.00    0.00   -0.92
-As(mm2)            99999.  99999.   1623.    752.    251.      0.      0.      0.    156.
+As(mm2)                0.      0.      0.      0.    156.    266.    306.    346.    358.
基本组合Q(kN)        92.29   85.23   70.98   54.30   40.41   27.68   14.95  -21.96  -29.02
Asv(mm2)               36.     29.     29.     28.     28.     28.     28.     28.     28.
标准恒载M(kN.m)    -120.78  -83.27  -49.70  -23.28   -3.89    8.47   13.81   11.99    6.23
标准恒载Q(kN)        52.76   48.34   40.17   30.74   21.31   11.88    2.45   -5.72  -10.14
  
梁编号   7
B*H(mm)=260*300   L(mm)= 3960
                    -I-     -1-     -2-     -3-     -4-     -5-     -6-     -7-     -J-
基本组合+M(kN.m)     0.00   14.28   25.91   34.88   39.80   34.88   25.91   14.28    0.00
基本组合-M(kN.m)     0.00    0.00    0.00    0.00    0.00    0.00    0.00    0.00    0.00
标准组合+M(kN.m)     0.00   11.55   20.97   28.26   32.30   28.26   20.97   11.55    0.00
标准组合-M(kN.m)     0.00    0.00    0.00    0.00    0.00    0.00    0.00    0.00    0.00
准永久组合+M(kN.m)    0.00    9.42   17.07   22.95   26.13   22.95   17.07    9.42    0.00
准永久组合-M(kN.m)    0.00    0.00    0.00    0.00    0.00    0.00    0.00    0.00    0.00
-As(mm2)                0.      0.      0.      0.      0.      0.      0.      0.      0.
+As(mm2)                0.    175.    327.    450.    521.    450.    327.    175.      0.
基本组合Q(kN)        31.54   28.58   22.30   12.72    0.00  -12.72  -22.30  -28.58  -31.54
Asv(mm2)               28.     28.     28.     28.     28.     28.     28.     28.     28.
标准恒载M(kN.m)       0.00    8.00   14.46   19.41   22.01   19.41   14.46    8.00    0.00
标准恒载Q(kN)        17.69   15.86   12.28    6.95    0.00   -6.95  -12.28  -15.86  -17.69
  
梁编号   8
B*H(mm)=260*300   L(mm)= 1750
                    -I-     -1-     -2-     -3-     -4-     -5-     -6-     -7-     -J-
基本组合+M(kN.m)     0.03    0.97    1.70    2.20    2.50    2.20    1.68    0.95    0.00
基本组合-M(kN.m)     0.00    0.00    0.00    0.00    0.00    0.00    0.00    0.00    0.00
标准组合+M(kN.m)     0.02    0.76    1.33    1.74    1.97    1.73    1.32    0.75    0.00
标准组合-M(kN.m)     0.00    0.00    0.00    0.00    0.00    0.00    0.00    0.00    0.00
准永久组合+M(kN.m)    0.02    0.67    1.16    1.51    1.70    1.50    1.16    0.65    0.00
准永久组合-M(kN.m)    0.00    0.00    0.00    0.00    0.00    0.00    0.00    0.00    0.00
-As(mm2)                0.      0.      0.      0.      0.      0.      0.      0.      0.
+As(mm2)              156.    156.    156.    156.    156.    156.    156.    156.      0.
基本组合Q(kN)         4.82    4.09    3.04    1.67   -0.01   -1.70   -3.06   -4.11   -4.85
Asv(mm2)               28.     28.     28.     28.     28.     28.     28.     28.     28.
标准恒载M(kN.m)       0.01    0.60    1.05    1.36    1.52    1.35    1.04    0.59    0.00
标准恒载Q(kN)         3.02    2.51    1.83    0.99   -0.01   -1.01   -1.85   -2.52   -3.03
  
梁编号   9
B*H(mm)=150*150   L(mm)= 2700
                    -I-     -1-     -2-     -3-     -4-     -5-     -6-     -7-     -J-
基本组合+M(kN.m)     0.36    0.00    0.00    0.00    0.00    0.00    0.00    0.00    0.00
基本组合-M(kN.m)     0.00   -1.47   -3.54   -6.08   -9.46  -13.58  -18.54  -23.96  -29.69
标准组合+M(kN.m)     0.29    0.00    0.00    0.00    0.00    0.00    0.00    0.00    0.00
标准组合-M(kN.m)     0.00   -1.15   -2.78   -4.80   -7.49  -10.79  -14.77  -19.12  -23.72
准永久组合+M(kN.m)    0.24    0.00    0.00    0.00    0.00    0.00    0.00    0.00    0.00
准永久组合-M(kN.m)    0.00   -1.00   -2.43   -4.16   -6.43   -9.20  -12.50  -16.12  -19.93
-As(mm2)                0.     45.     97.    176.    301.    473.  99999.  99999.  99999.
+As(mm2)               45.      0.      0.      0.      0.      0.      0.      0.      0.
基本组合Q(kN)        -4.82   -5.45   -6.84   -8.91  -11.12  -13.32  -15.40  -16.78  -17.41
Asv(mm2)               28.     28.     28.     28.     28.     28.     28.     28.     28.
标准恒载M(kN.m)       0.20   -0.90   -2.19   -3.73   -5.73   -8.13  -10.99  -14.11  -17.40
标准恒载Q(kN)        -3.02   -3.40   -4.18   -5.32   -6.52   -7.73   -8.86   -9.64  -10.03
  
梁编号  10
B*H(mm)=260*300   L(mm)= 1750
                    -I-     -1-     -2-     -3-     -4-     -5-     -6-     -7-     -J-
基本组合+M(kN.m)     0.25    1.16    1.86    2.34    2.60    2.28    1.73    0.97    0.00
基本组合-M(kN.m)     0.00    0.00    0.00    0.00    0.00    0.00    0.00    0.00   -0.01
标准组合+M(kN.m)     0.20    0.92    1.47    1.85    2.06    1.80    1.36    0.76    0.00
标准组合-M(kN.m)     0.00    0.00    0.00    0.00    0.00    0.00    0.00    0.00   -0.01
准永久组合+M(kN.m)    0.17    0.80    1.27    1.60    1.77    1.56    1.19    0.67    0.00
准永久组合-M(kN.m)    0.00    0.00    0.00    0.00    0.00    0.00    0.00    0.00   -0.01
-As(mm2)                0.      0.      0.      0.      0.      0.      0.      0.    156.
+As(mm2)              156.    156.    156.    156.    156.    156.    156.    156.      0.
基本组合Q(kN)         4.72    3.99    2.94    1.57   -0.14   -1.82   -3.19   -4.24   -4.97
Asv(mm2)               28.     28.     28.     28.     28.     28.     28.     28.     28.
标准恒载M(kN.m)       0.14    0.71    1.14    1.43    1.58    1.40    1.07    0.60   -0.01
标准恒载Q(kN)         2.95    2.44    1.76    0.92   -0.08   -1.08   -1.92   -2.59   -3.10
  
梁编号  11
B*H(mm)=150*150   L(mm)= 2700
                    -I-     -1-     -2-     -3-     -4-     -5-     -6-     -7-     -J-
基本组合+M(kN.m)     0.00    0.44    2.10    3.28    3.78    3.62    2.78    1.50    0.33
基本组合-M(kN.m)    -1.64    0.00    0.00    0.00    0.00    0.00    0.00   -0.31   -2.27
标准组合+M(kN.m)     0.00    0.36    1.72    2.70    3.13    3.03    2.36    1.38    0.55
标准组合-M(kN.m)    -1.36    0.00    0.00    0.00    0.00    0.00    0.00   -0.47   -2.10
准永久组合+M(kN.m)    0.00    0.28    1.36    2.10    2.40    2.27    1.69    0.80    0.00
准永久组合-M(kN.m)   -1.04    0.00    0.00    0.00    0.00    0.00    0.00    0.00   -1.19
-As(mm2)               45.      0.      0.      0.      0.      0.      0.     45.     61.
+As(mm2)                0.     45.     56.     89.    104.     99.     75.     45.     45.
基本组合Q(kN)         6.36    5.72    4.34    2.43    0.61   -2.30   -4.21   -5.59   -6.22
Asv(mm2)               28.     28.     28.     28.     28.     28.     28.     28.     28.
标准恒载M(kN.m)      -0.83    0.22    1.12    1.71    1.92    1.77    1.24    0.41   -0.58
标准恒载Q(kN)         3.37    2.98    2.21    1.15    0.09   -0.97   -2.02   -2.80   -3.18
  
梁编号  12
B*H(mm)=260*300   L(mm)= 1500
                    -I-     -1-     -2-     -3-     -4-     -5-     -6-     -7-     -J-
基本组合+M(kN.m)     0.00    0.32    0.56    0.69    0.74    0.69    0.55    0.32    0.00
基本组合-M(kN.m)     0.00    0.00    0.00    0.00    0.00    0.00    0.00    0.00    0.00
标准组合+M(kN.m)     0.00    0.24    0.41    0.51    0.55    0.51    0.41    0.24    0.00
标准组合-M(kN.m)     0.00    0.00    0.00    0.00    0.00    0.00    0.00    0.00    0.00
准永久组合+M(kN.m)    0.00    0.24    0.41    0.51    0.55    0.51    0.41    0.24    0.00
准永久组合-M(kN.m)    0.00    0.00    0.00    0.00    0.00    0.00    0.00    0.00    0.00
-As(mm2)                0.      0.      0.      0.      0.      0.      0.      0.    156.
+As(mm2)                0.    156.    156.    156.    156.    156.    156.    156.      0.
基本组合Q(kN)         1.97    1.48    0.99    0.49    0.00   -0.49   -0.99   -1.48   -1.98
Asv(mm2)               28.     28.     28.     28.     28.     28.     28.     28.     28.
标准恒载M(kN.m)       0.00    0.24    0.41    0.51    0.55    0.51    0.41    0.24    0.00
标准恒载Q(kN)         1.46    1.10    0.73    0.37    0.00   -0.37   -0.73   -1.10   -1.46
  
梁编号  13
B*H(mm)=150*150   L(mm)= 2700
                    -I-     -1-     -2-     -3-     -4-     -5-     -6-     -7-     -J-
基本组合+M(kN.m)     2.14    2.21    2.27    2.05    1.55    0.63    0.00    0.00    0.00
基本组合-M(kN.m)    -1.29   -0.02    0.00    0.00    0.00   -1.50   -3.54   -6.01   -8.90
标准组合+M(kN.m)     2.06    1.97    1.94    1.74    1.40    0.76    0.00    0.00    0.00
标准组合-M(kN.m)    -1.44   -0.30    0.00    0.00   -0.15   -1.41   -3.06   -5.01   -7.35
准永久组合+M(kN.m)    1.02    1.23    1.37    1.25    0.85    0.12    0.00    0.00    0.00
准永久组合-M(kN.m)   -0.38    0.00    0.00    0.00    0.00   -0.75   -2.11   -3.78   -5.70
-As(mm2)               45.     45.      0.      0.      0.     45.     97.    173.    278.
+As(mm2)               57.     59.     60.     54.     45.     45.      0.      0.      0.
基本组合Q(kN)         4.27    3.63    2.25   -2.57   -4.00   -5.69   -7.60   -8.99   -9.62
Asv(mm2)               28.     28.     28.     28.     28.     28.     28.     28.     28.
标准恒载M(kN.m)       0.33    0.74    0.98    0.93    0.49   -0.30   -1.47   -2.95   -4.59
标准恒载Q(kN)         1.45    1.07    0.29   -0.76   -1.82   -2.88   -3.93   -4.71   -5.10
  
梁编号  14
B*H(mm)=260*300   L(mm)= 1500
                    -I-     -1-     -2-     -3-     -4-     -5-     -6-     -7-     -J-
基本组合+M(kN.m)     0.00    0.00    0.00    0.00    0.00    0.00    0.00    0.00    0.06
基本组合-M(kN.m)   -54.20  -47.10  -40.08  -33.16  -26.33  -19.60  -12.95   -6.40    0.00
标准组合+M(kN.m)     0.00    0.00    0.00    0.00    0.00    0.00    0.00    0.00    0.05
标准组合-M(kN.m)   -45.05  -39.17  -33.36  -27.62  -21.95  -16.35  -10.81   -5.35    0.00
准永久组合+M(kN.m)    0.00    0.00    0.00    0.00    0.00    0.00    0.00    0.00    0.04
准永久组合-M(kN.m)  -34.32  -29.79  -25.32  -20.92  -16.59  -12.33   -8.14   -4.02    0.00
-As(mm2)              740.    629.    525.    426.    333.    244.    159.    156.      0.
+As(mm2)                0.      0.      0.      0.      0.      0.      0.      0.    156.
基本组合Q(kN)        38.15   37.65   37.16   36.67   36.17   35.68   35.19   34.69   34.20
Asv(mm2)               28.     28.     28.     28.     28.     28.     28.     28.     28.
标准恒载M(kN.m)     -27.17  -23.53  -19.96  -16.46  -13.02   -9.66   -6.36   -3.13    0.03
标准恒载Q(kN)        19.60   19.23   18.87   18.50   18.13   17.77   17.40   17.04   16.67
  
梁编号  15
B*H(mm)=150*150   L(mm)= 2700
                    -I-     -1-     -2-     -3-     -4-     -5-     -6-     -7-     -J-
基本组合+M(kN.m)     0.00    0.00    0.00    0.10    0.89    1.18    1.25    1.01    0.79
基本组合-M(kN.m)    -8.90   -6.17   -3.97   -2.21   -0.96   -0.35   -0.72   -1.74   -3.27
标准组合+M(kN.m)     0.00    0.00    0.00    0.37    0.92    1.10    1.21    1.10    1.08
标准组合-M(kN.m)    -7.35   -5.13   -3.40   -1.99   -0.96   -0.46   -0.81   -1.70   -3.06
准永久组合+M(kN.m)    0.00    0.00    0.00    0.00    0.34    0.60    0.60    0.33    0.00
准永久组合-M(kN.m)   -5.69   -3.90   -2.40   -1.22   -0.41   -0.02   -0.21   -0.79   -1.66
-As(mm2)              278.    179.    110.     59.     45.     45.     45.     46.     89.
+As(mm2)                0.      0.      0.     45.     45.     45.     45.     45.     45.
基本组合Q(kN)         9.14    8.50    7.12    5.21    3.50    2.07   -2.99   -4.37   -5.00
Asv(mm2)               28.     28.     28.     28.     28.     28.     28.     28.     28.
标准恒载M(kN.m)      -4.59   -3.08   -1.74   -0.70   -0.04    0.27    0.19   -0.19   -0.73
标准恒载Q(kN)         4.71    4.32    3.54    2.49    1.43    0.37   -0.68   -1.46   -1.84
  
梁编号  16
B*H(mm)=260*300   L(mm)= 1500
                    -I-     -1-     -2-     -3-     -4-     -5-     -6-     -7-     -J-
基本组合+M(kN.m)     0.00    0.00    0.00    0.00    0.00    0.00    0.00    0.00    0.00
基本组合-M(kN.m)   -36.30  -30.80  -25.51  -20.43  -15.55  -11.35   -7.38   -3.61    0.00
标准组合+M(kN.m)     0.00    0.00    0.00    0.00    0.00    0.00    0.00    0.00    0.00
标准组合-M(kN.m)   -29.56  -25.10  -20.80  -16.67  -12.70   -9.28   -6.05   -2.96    0.00
准永久组合+M(kN.m)    0.00    0.00    0.00    0.00    0.00    0.00    0.00    0.00    0.00
准永久组合-M(kN.m)  -23.70  -20.09  -16.62  -13.30  -10.11   -7.37   -4.78   -2.33    0.00
-As(mm2)              470.    393.    321.    254.    191.    156.    156.    156.    156.
+As(mm2)                0.      0.      0.      0.      0.      0.      0.      0.      0.
基本组合Q(kN)        29.89   29.16   27.97   26.31   24.20   22.08   20.42   19.41   18.75
Asv(mm2)               28.     28.     28.     28.     28.     28.     28.     28.     28.
标准恒载M(kN.m)     -19.80  -16.75  -13.84  -11.05   -8.39   -6.10   -3.94   -1.90    0.00
标准恒载Q(kN)        16.60   16.11   15.38   14.41   13.20   11.99   11.02   10.29    9.80
  
梁编号  17
B*H(mm)=150*150   L(mm)= 3600
                    -I-     -1-     -2-     -3-     -4-     -5-     -6-     -7-     -J-
基本组合+M(kN.m)     0.00    0.75    3.36    5.36    6.21    5.90    4.45    2.30    0.21
基本组合-M(kN.m)    -5.41   -1.30    0.00    0.00    0.00    0.00    0.00   -0.07   -3.72
标准组合+M(kN.m)     0.00    0.82    2.82    4.45    5.14    4.90    3.72    2.08    0.64
标准组合-M(kN.m)    -4.67   -1.28    0.00    0.00    0.00    0.00    0.00   -0.34   -3.38
准永久组合+M(kN.m)    0.00    0.24    2.10    3.40    3.96    3.75    2.79    1.26    0.00
准永久组合-M(kN.m)   -3.22   -0.60    0.00    0.00    0.00    0.00    0.00    0.00   -2.02
-As(mm2)              154.     45.      0.      0.      0.      0.      0.     45.    102.
+As(mm2)                0.     45.     92.    152.    180.    170.    124.     62.     45.
基本组合Q(kN)         9.68    8.67    6.39    3.82    1.25   -2.79   -5.36   -7.64   -8.65
Asv(mm2)               28.     28.     28.     28.     28.     28.     28.     28.     28.
标准恒载M(kN.m)      -2.25   -0.14    1.61    2.71    3.17    2.99    2.18    0.71   -1.12
标准恒载Q(kN)         5.00    4.40    3.14    1.73    0.31   -1.10   -2.51   -3.77   -4.37
  
梁编号  18
B*H(mm)=260*300   L(mm)= 1500
                    -I-     -1-     -2-     -3-     -4-     -5-     -6-     -7-     -J-
基本组合+M(kN.m)     7.77    7.12    6.38    5.54    4.62    3.60    2.49    1.29    0.00
基本组合-M(kN.m)     0.00    0.00    0.00    0.00    0.00    0.00    0.00    0.00   -0.01
标准组合+M(kN.m)     7.13    6.48    5.76    4.97    4.11    3.18    2.19    1.13    0.00
标准组合-M(kN.m)     0.00    0.00    0.00    0.00    0.00    0.00    0.00    0.00   -0.01
准永久组合+M(kN.m)    4.11    3.84    3.49    3.08    2.60    2.05    1.44    0.75    0.00
准永久组合-M(kN.m)    0.00    0.00    0.00    0.00    0.00    0.00    0.00    0.00    0.00
-As(mm2)                0.      0.      0.      0.      0.      0.      0.      0.    156.
+As(mm2)              156.    156.    156.    156.    156.    156.    156.    156.      0.
基本组合Q(kN)        -3.21   -3.70   -4.19   -4.69   -5.18   -5.68   -6.17   -6.66   -7.16
Asv(mm2)               28.     28.     28.     28.     28.     28.     28.     28.     28.
标准恒载M(kN.m)       2.10    2.07    1.98    1.82    1.60    1.30    0.93    0.50    0.00
标准恒载Q(kN)         0.06   -0.30   -0.67   -1.03   -1.40   -1.76   -2.13   -2.50   -2.86
  
梁编号  19
B*H(mm)=150*150   L(mm)= 2700
                    -I-     -1-     -2-     -3-     -4-     -5-     -6-     -7-     -J-
基本组合+M(kN.m)     3.71    3.08    2.47    1.55    0.58    0.00    0.00    0.00    0.00
基本组合-M(kN.m)    -1.04   -0.13    0.00    0.00   -1.40   -3.51   -6.14   -9.20  -12.79
标准组合+M(kN.m)     3.47    2.79    2.20    1.40    0.70    0.00    0.00    0.00    0.00
标准组合-M(kN.m)    -1.38   -0.49   -0.06   -0.18   -1.33   -3.07   -5.18   -7.63  -10.55
准永久组合+M(kN.m)    1.89    1.68    1.40    0.85    0.12    0.00    0.00    0.00    0.00
准永久组合-M(kN.m)   -0.05    0.00    0.00    0.00   -0.69   -2.05   -3.79   -5.85   -8.19
-As(mm2)               45.     45.      0.      0.     45.     96.    178.    290.    449.
+As(mm2)              102.     83.     66.     45.     45.      0.      0.      0.      0.
基本组合Q(kN)         3.16    2.53   -3.17   -4.59   -6.02   -7.73   -9.64  -11.02  -11.66
Asv(mm2)               28.     28.     28.     28.     28.     28.     28.     28.     28.
标准恒载M(kN.m)       0.85    0.94    0.87    0.49   -0.26   -1.38   -2.86   -4.66   -6.62
标准恒载Q(kN)         0.51    0.13   -0.65   -1.70   -2.76   -3.82   -4.88   -5.65   -6.04
  
梁编号  20
B*H(mm)=260*300   L(mm)= 1500
                    -I-     -1-     -2-     -3-     -4-     -5-     -6-     -7-     -J-
基本组合+M(kN.m)     8.49    7.75    6.92    6.00    4.98    3.87    2.67    1.38    0.00
基本组合-M(kN.m)     0.00    0.00    0.00    0.00    0.00    0.00    0.00    0.00   -0.01
标准组合+M(kN.m)     7.68    6.96    6.17    5.31    4.39    3.39    2.33    1.19    0.00
标准组合-M(kN.m)     0.00    0.00    0.00    0.00    0.00    0.00    0.00    0.00   -0.01
准永久组合+M(kN.m)    4.63    4.29    3.89    3.41    2.86    2.25    1.57    0.82    0.00
准永久组合-M(kN.m)    0.00    0.00    0.00    0.00    0.00    0.00    0.00    0.00    0.00
-As(mm2)                0.      0.      0.      0.      0.      0.      0.      0.    156.
+As(mm2)              156.    156.    156.    156.    156.    156.    156.    156.      0.
基本组合Q(kN)        -3.69   -4.18   -4.68   -5.17   -5.67   -6.16   -6.65   -7.15   -7.64
Asv(mm2)               28.     28.     28.     28.     28.     28.     28.     28.     28.
标准恒载M(kN.m)       2.60    2.52    2.36    2.14    1.85    1.49    1.06    0.56    0.00
标准恒载Q(kN)        -0.27   -0.64   -1.01   -1.37   -1.74   -2.10   -2.47   -2.83   -3.20
  
梁编号  21
B*H(mm)=150*150   L(mm)= 2700
                    -I-     -1-     -2-     -3-     -4-     -5-     -6-     -7-     -J-
基本组合+M(kN.m)     0.00    0.00    0.00    0.00    1.04    2.15    3.17    3.89    4.62
基本组合-M(kN.m)   -12.79   -9.09   -5.84   -3.01   -0.69    0.00    0.00    0.00    0.00
标准组合+M(kN.m)     0.00    0.00    0.00    0.00    1.02    1.83    2.69    3.37    4.11
标准组合-M(kN.m)   -10.55   -7.55   -4.95   -2.66   -0.74    0.00    0.00    0.00   -0.20
准永久组合+M(kN.m)    0.00    0.00    0.00    0.00    0.48    1.31    1.93    2.30    2.60
准永久组合-M(kN.m)   -8.19   -5.76   -3.59   -1.72   -0.23    0.00    0.00    0.00    0.00
-As(mm2)              449.    286.    168.     81.     45.      0.      0.      0.      0.
+As(mm2)                0.      0.      0.      0.     45.     57.     86.    107.    129.
基本组合Q(kN)        11.99   11.35    9.97    8.06    6.36    4.93    3.51    2.46   -2.63
Asv(mm2)               28.     28.     28.     28.     28.     28.     28.     28.     28.
标准恒载M(kN.m)      -6.62   -4.57   -2.68   -1.10    0.11    0.96    1.43    1.59    1.59
标准恒载Q(kN)         6.32    5.93    5.15    4.10    3.04    1.98    0.93    0.15   -0.23
  
梁编号  22
B*H(mm)=260*300   L(mm)= 1500
                    -I-     -1-     -2-     -3-     -4-     -5-     -6-     -7-     -J-
基本组合+M(kN.m)     0.00    0.00    0.00    0.00    0.00    0.00    0.00    0.00    0.00
基本组合-M(kN.m)   -43.63  -37.22  -31.01  -25.01  -19.22  -14.11   -9.22   -4.53   -0.01
标准组合+M(kN.m)     0.00    0.00    0.00    0.00    0.00    0.00    0.00    0.00    0.00
标准组合-M(kN.m)   -35.60  -30.39  -25.33  -20.45  -15.72  -11.55   -7.56   -3.72   -0.01
准永久组合+M(kN.m)    0.00    0.00    0.00    0.00    0.00    0.00    0.00    0.00    0.00
准永久组合-M(kN.m)  -28.42  -24.22  -20.16  -16.24  -12.47   -9.14   -5.96   -2.92    0.00
-As(mm2)              577.    483.    396.    315.    239.    173.    156.    156.    156.
+As(mm2)                0.      0.      0.      0.      0.      0.      0.      0.      0.
基本组合Q(kN)        34.78   34.05   32.86   31.20   29.09   26.97   25.31   24.30   23.64
Asv(mm2)               28.     28.     28.     28.     28.     28.     28.     28.     28.
标准恒载M(kN.m)     -23.63  -20.11  -16.71  -13.44  -10.30   -7.53   -4.89   -2.38    0.00
标准恒载Q(kN)        19.15   18.66   17.94   16.97   15.75   14.54   13.57   12.84   12.36
  
梁编号  23
B*H(mm)=150*150   L(mm)= 2700
                    -I-     -1-     -2-     -3-     -4-     -5-     -6-     -7-     -J-
基本组合+M(kN.m)     1.65    2.83    4.11    5.00    5.21    4.77    3.64    1.96    0.00
基本组合-M(kN.m)    -1.45    0.00    0.00    0.00    0.00    0.00    0.00    0.00    0.00
标准组合+M(kN.m)     1.66    2.48    3.46    4.17    4.31    3.93    2.99    1.61    0.00
标准组合-M(kN.m)    -1.50    0.00    0.00    0.00    0.00    0.00    0.00    0.00    0.00
准永久组合+M(kN.m)    0.70    1.64    2.55    3.16    3.32    3.05    2.34    1.26    0.00
准永久组合-M(kN.m)   -0.56    0.00    0.00    0.00    0.00    0.00    0.00    0.00    0.00
-As(mm2)               45.      0.      0.      0.      0.      0.      0.      0.      0.
+As(mm2)               45.     76.    114.    141.    148.    134.    100.     52.      0.
基本组合Q(kN)         6.39    5.76    4.37    2.46   -0.61   -2.28   -4.18   -5.57   -6.20
Asv(mm2)               28.     28.     28.     28.     28.     28.     28.     28.     28.
标准恒载M(kN.m)       0.07    1.08    1.94    2.49    2.66    2.47    1.90    1.03    0.00
标准恒载Q(kN)         3.25    2.86    2.09    1.04   -0.03   -1.09   -2.14   -2.91   -3.30
  
梁编号  24
B*H(mm)=260*300   L(mm)= 1500
                    -I-     -1-     -2-     -3-     -4-     -5-     -6-     -7-     -J-
基本组合+M(kN.m)    28.21   25.01   21.71   18.32   14.83   11.26    7.59    3.82    0.01
基本组合-M(kN.m)    -9.11   -7.64   -6.27   -4.99   -3.81   -2.71   -1.71   -0.80   -0.03
标准组合+M(kN.m)    26.43   23.37   20.23   17.02   13.75   10.41    7.00    3.52    0.01
标准组合-M(kN.m)   -11.64   -9.94   -8.32   -6.76   -5.27   -3.84   -2.49   -1.20   -0.03
准永久组合+M(kN.m)   14.31   12.76   11.14    9.45    7.70    5.87    3.98    2.02    0.00
准永久组合-M(kN.m)   -0.92   -0.56   -0.28   -0.06    0.00    0.00    0.00    0.00   -0.01
-As(mm2)              156.    156.    156.    156.    156.    156.    156.    156.    156.
+As(mm2)              358.    315.    271.    227.    182.    156.    156.    156.    156.
基本组合Q(kN)       -16.85  -17.35  -17.84  -18.34  -18.83  -19.32  -19.82  -20.31  -20.80
Asv(mm2)               28.     28.     28.     28.     28.     28.     28.     28.     28.
标准恒载M(kN.m)       6.23    5.69    5.08    4.41    3.66    2.85    1.96    1.01   -0.01
标准恒载Q(kN)        -2.70   -3.06   -3.43   -3.79   -4.16   -4.53   -4.89   -5.26   -5.62
  
梁编号  25
B*H(mm)=150*150   L(mm)= 2700
                    -I-     -1-     -2-     -3-     -4-     -5-     -6-     -7-     -J-
基本组合+M(kN.m)     0.00    0.00    0.00    0.00    0.00    0.00    0.00    0.00    0.00
基本组合-M(kN.m)  -160.37 -145.17 -130.26 -115.82 -102.21  -89.35  -77.32  -65.82  -54.70
标准组合+M(kN.m)     0.00    0.00    0.00    0.00    0.00    0.00    0.00    0.00    0.00
标准组合-M(kN.m)  -129.04 -116.78 -104.77  -93.12  -82.16  -71.80  -62.13  -52.88  -43.97
准永久组合+M(kN.m)    0.00    0.00    0.00    0.00    0.00    0.00    0.00    0.00    0.00
准永久组合-M(kN.m) -106.60  -96.52  -86.64  -77.07  -68.04  -59.50  -51.51  -43.84  -36.41
-As(mm2)            99999.  99999.  99999.  99999.  99999.  99999.  99999.  99999.  99999.
+As(mm2)                0.      0.      0.      0.      0.      0.      0.      0.      0.
基本组合Q(kN)        45.51   44.88   43.50   41.42   39.21   37.01   34.93   33.55   32.92
Asv(mm2)               80.     78.     74.     69.     62.     56.     50.     46.     44.
标准恒载M(kN.m)     -91.64  -83.01  -74.56  -66.37  -58.63  -51.30  -44.43  -37.81  -31.37
标准恒载Q(kN)        25.83   25.44   24.66   23.53   22.32   21.11   19.98   19.20   18.81
  
梁编号  26
B*H(mm)=260*300   L(mm)= 1750
                    -I-     -1-     -2-     -3-     -4-     -5-     -6-     -7-     -J-
基本组合+M(kN.m)     0.00    0.00    0.00    0.00    0.00    0.00    0.00    0.00    0.00
基本组合-M(kN.m)    -0.13  -25.28  -50.75  -76.52 -102.60 -129.73 -157.17 -184.92 -212.98
标准组合+M(kN.m)     0.00    0.00    0.00    0.00    0.00    0.00    0.00    0.00    0.00
标准组合-M(kN.m)    -0.11  -20.40  -40.93  -61.71  -82.74 -104.61 -126.74 -149.10 -171.72
准永久组合+M(kN.m)    0.00    0.00    0.00    0.00    0.00    0.00    0.00    0.00    0.00
准永久组合-M(kN.m)   -0.09  -16.74  -33.61  -50.69  -67.98  -85.96 -104.15 -122.54 -141.16
-As(mm2)              156.    319.    685.   1132.   1665.  99999.  99999.  99999.  99999.
+As(mm2)                0.      0.      0.      0.      0.      0.      0.      0.      0.
基本组合Q(kN)      -114.31 -115.16 -116.68 -118.84 -121.63 -124.41 -126.57 -128.09 -128.99
Asv(mm2)               29.     30.     31.     34.     36.     39.     41.     43.     44.
标准恒载M(kN.m)      -0.08  -14.31  -28.73  -43.34  -58.15  -73.52  -89.08 -104.84 -120.78
标准恒载Q(kN)       -64.63  -65.22  -66.15  -67.39  -68.97  -70.55  -71.80  -72.72  -73.31
  
梁编号  27
B*H(mm)=150*150   L(mm)= 2700
                    -I-     -1-     -2-     -3-     -4-     -5-     -6-     -7-     -J-
基本组合+M(kN.m)     9.64    0.00    0.00    0.00    0.00    0.00    0.00    0.00    0.00
基本组合-M(kN.m)     0.00  -13.02  -32.48  -52.28  -72.71  -93.68 -115.26 -137.19 -159.47
标准组合+M(kN.m)     8.25    0.00    0.00    0.00    0.00    0.00    0.00    0.00    0.00
标准组合-M(kN.m)     0.00  -10.78  -26.49  -42.45  -58.86  -75.69  -92.97 -110.50 -128.32
准永久组合+M(kN.m)    5.82    0.00    0.00    0.00    0.00    0.00    0.00    0.00    0.00
准永久组合-M(kN.m)    0.00   -8.28  -21.16  -34.30  -47.90  -61.90  -76.35  -91.06 -105.99
-As(mm2)                0.    456.  99999.  99999.  99999.  99999.  99999.  99999.  99999.
+As(mm2)              308.      0.      0.      0.      0.      0.      0.      0.      0.
基本组合Q(kN)       -57.89  -58.41  -59.46  -60.99  -62.62  -64.71  -66.78  -68.16  -68.80
Asv(mm2)               65.     67.     71.     77.     83.     88.     93.     96.     97.
标准恒载M(kN.m)       4.20   -6.62  -17.62  -28.87  -40.58  -52.70  -65.27  -78.10  -91.11
标准恒载Q(kN)       -31.80  -32.18  -32.96  -34.10  -35.30  -36.51  -37.64  -38.42  -38.81
  
梁编号  28
B*H(mm)=260*300   L(mm)= 1750
                    -I-     -1-     -2-     -3-     -4-     -5-     -6-     -7-     -J-
基本组合+M(kN.m)     0.00   12.19   24.10   35.78   47.20   57.85   68.25   78.38   88.27
基本组合-M(kN.m)    -0.03    0.00    0.00    0.00    0.00    0.00    0.00    0.00    0.00
标准组合+M(kN.m)     0.00   10.03   19.84   29.49   38.94   47.83   56.52   65.03   73.34
标准组合-M(kN.m)    -0.02    0.00    0.00    0.00    0.00    0.00    0.00    0.00    0.00
准永久组合+M(kN.m)    0.00    7.84   15.49   22.95   30.23   36.93   43.45   49.77   55.91
准永久组合-M(kN.m)   -0.02    0.00    0.00    0.00    0.00    0.00    0.00    0.00    0.00
-As(mm2)              156.      0.      0.      0.      0.      0.      0.      0.      0.
+As(mm2)                0.    156.    303.    463.    631.    799.    977.   1169.   1379.
基本组合Q(kN)        56.56   55.67   54.27   52.58   50.45   48.32   46.63   45.39   44.59
Asv(mm2)               28.     28.     28.     28.     28.     28.     28.     28.     28.
标准恒载M(kN.m)      -0.01    6.38   12.58   18.60   24.42   29.67   34.73   39.61   44.29
标准恒载Q(kN)        29.66   29.07   28.15   26.90   25.32   23.74   22.49   21.57   20.98
  
梁编号  29
B*H(mm)=150*150   L(mm)= 2700
                    -I-     -1-     -2-     -3-     -4-     -5-     -6-     -7-     -J-
基本组合+M(kN.m)     2.71    4.81    7.05    8.92   10.28   10.89   10.72   10.08    9.48
基本组合-M(kN.m)    -1.40    0.00    0.00    0.00    0.00    0.00    0.00    0.00    0.00
标准组合+M(kN.m)     2.60    4.17    5.92    7.41    8.55    9.08    8.97    8.50    8.12
标准组合-M(kN.m)    -1.59    0.00    0.00    0.00    0.00    0.00    0.00    0.00    0.00
准永久组合+M(kN.m)    1.29    2.85    4.38    5.65    6.50    6.87    6.71    6.24    5.71
准永久组合-M(kN.m)   -0.38    0.00    0.00    0.00    0.00    0.00    0.00    0.00    0.00
-As(mm2)               45.      0.      0.      0.      0.      0.      0.      0.      0.
+As(mm2)               73.    135.    209.    279.    336.    365.    357.    328.    301.
基本组合Q(kN)         9.77    9.13    7.75    5.67    3.47    1.82   -3.66   -5.05   -5.68
Asv(mm2)               28.     28.     28.     28.     28.     28.     28.     28.     28.
标准恒载M(kN.m)       0.42    1.98    3.35    4.47    5.14    5.39    5.20    4.74    4.11
标准恒载Q(kN)         4.87    4.49    3.71    2.57    1.37    0.16   -0.98   -1.75   -2.14
  
梁编号  30
B*H(mm)=260*300   L(mm)= 1750
                    -I-     -1-     -2-     -3-     -4-     -5-     -6-     -7-     -J-
基本组合+M(kN.m)     0.01    0.00    0.00    0.00    0.00    0.00    0.00    0.00    0.00
基本组合-M(kN.m)     0.00   -4.18   -8.64  -13.44  -18.54  -24.69  -31.15  -37.92  -45.00
标准组合+M(kN.m)     0.01    0.00    0.00    0.00    0.00    0.00    0.00    0.00    0.00
标准组合-M(kN.m)     0.00   -3.45   -7.12  -11.05  -15.23  -20.26  -25.53  -31.05  -36.82
准永久组合+M(kN.m)    0.01    0.00    0.00    0.00    0.00    0.00    0.00    0.00    0.00
准永久组合-M(kN.m)    0.00   -2.67   -5.55   -8.65  -11.95  -15.95  -20.15  -24.57  -29.19
-As(mm2)                0.    156.    156.    165.    230.    311.    398.    493.    597.
+As(mm2)              156.      0.      0.      0.      0.      0.      0.      0.      0.
基本组合Q(kN)       -18.57  -19.37  -20.78  -22.93  -25.72  -28.51  -30.67  -32.19  -33.08
Asv(mm2)               28.     28.     28.     28.     28.     28.     28.     28.     28.
标准恒载M(kN.m)       0.01   -2.15   -4.50   -7.04   -9.77  -13.07  -16.56  -20.24  -24.11
标准恒载Q(kN)        -9.44  -10.03  -10.95  -12.20  -13.78  -15.36  -16.61  -17.53  -18.12
  
梁编号  31
B*H(mm)=150*150   L(mm)= 3600
                    -I-     -1-     -2-     -3-     -4-     -5-     -6-     -7-     -J-
基本组合+M(kN.m)     0.00    2.30    5.94    8.35    9.47    9.26    7.76    4.95    2.65
基本组合-M(kN.m)    -4.29    0.00    0.00    0.00    0.00    0.00    0.00    0.00   -1.44
标准组合+M(kN.m)     0.00    2.04    4.98    6.94    7.84    7.67    6.46    4.19    2.56
标准组合-M(kN.m)    -3.78   -0.11    0.00    0.00    0.00    0.00    0.00    0.00   -1.62
准永久组合+M(kN.m)    0.00    1.30    3.71    5.29    6.02    5.88    4.89    3.04    1.26
准永久组合-M(kN.m)   -2.46    0.00    0.00    0.00    0.00    0.00    0.00    0.00   -0.42
-As(mm2)              119.      0.      0.      0.      0.      0.      0.      0.     45.
+As(mm2)                0.     61.    171.    256.    301.    292.    234.    139.     71.
基本组合Q(kN)        10.91    9.90    7.55    4.61    1.67   -2.86   -5.80   -8.15   -9.16
Asv(mm2)               28.     28.     28.     28.     28.     28.     28.     28.     28.
标准恒载M(kN.m)      -1.58    0.81    2.87    4.20    4.81    4.69    3.85    2.28    0.39
标准恒载Q(kN)         5.66    5.06    3.76    2.16    0.55   -1.06   -2.67   -3.96   -4.57
  
梁编号  32
B*H(mm)=260*300   L(mm)= 1750
                    -I-     -1-     -2-     -3-     -4-     -5-     -6-     -7-     -J-
基本组合+M(kN.m)     0.00    0.00    0.00    0.00    0.00    0.00    0.00    0.00    0.00
基本组合-M(kN.m)     0.00   -3.96   -8.20  -12.76  -17.64  -23.56  -29.79  -36.33  -43.19
标准组合+M(kN.m)     0.00    0.00    0.00    0.00    0.00    0.00    0.00    0.00    0.00
标准组合-M(kN.m)     0.00   -3.29   -6.78  -10.54  -14.55  -19.40  -24.50  -29.85  -35.44
准永久组合+M(kN.m)    0.00    0.00    0.00    0.00    0.00    0.00    0.00    0.00    0.00
准永久组合-M(kN.m)    0.00   -2.51   -5.23   -8.16  -11.30  -15.13  -19.17  -23.42  -27.88
-As(mm2)                0.    156.    156.    156.    218.    296.    380.    471.    570.
+As(mm2)              156.      0.      0.      0.      0.      0.      0.      0.      0.
基本组合Q(kN)       -17.53  -18.33  -19.74  -21.89  -24.68  -27.47  -29.62  -31.15  -32.04
Asv(mm2)               28.     28.     28.     28.     28.     28.     28.     28.     28.
标准恒载M(kN.m)       0.00   -2.00   -4.19   -6.57   -9.14  -12.28  -15.61  -19.13  -22.84
标准恒载Q(kN)        -8.71   -9.30  -10.22  -11.47  -13.05  -14.63  -15.88  -16.80  -17.39
  
梁编号  33
B*H(mm)=150*150   L(mm)= 2700
                    -I-     -1-     -2-     -3-     -4-     -5-     -6-     -7-     -J-
基本组合+M(kN.m)     0.00    0.00    0.95    2.18    2.61    2.31    1.49    0.31    0.00
基本组合-M(kN.m)    -6.50   -4.22   -2.52   -1.17   -0.47   -0.32   -1.11   -2.35   -4.25
标准组合+M(kN.m)     0.00    0.00    1.14    2.09    2.40    2.11    1.47    0.55    0.00
标准组合-M(kN.m)    -5.58   -3.73   -2.39   -1.32   -0.74   -0.57   -1.19   -2.16   -3.75
准永久组合+M(kN.m)    0.00    0.00    0.18    1.04    1.38    1.23    0.67    0.00    0.00
准永久组合-M(kN.m)   -3.90   -2.41   -1.24   -0.32    0.00    0.00   -0.39   -1.23   -2.44
-As(mm2)              190.    117.     68.     45.     45.     45.     45.     63.    118.
+As(mm2)                0.      0.     45.     58.     70.     62.     45.     45.      0.
基本组合Q(kN)         8.14    7.51    6.12    4.05    1.86   -2.62   -4.70   -6.08   -6.71
Asv(mm2)               28.     28.     28.     28.     28.     28.     28.     28.     28.
标准恒载M(kN.m)      -2.79   -1.54   -0.47    0.34    0.70    0.65    0.15   -0.62   -1.56
标准恒载Q(kN)         3.96    3.58    2.80    1.66    0.45   -0.75   -1.89   -2.67   -3.05
  
梁编号  34
B*H(mm)=260*300   L(mm)= 1750
                    -I-     -1-     -2-     -3-     -4-     -5-     -6-     -7-     -J-
基本组合+M(kN.m)     0.00    0.04    0.00    0.00    0.00    0.00    0.00    0.00    0.00
基本组合-M(kN.m)    -0.01   -1.92   -4.08   -6.58   -9.40  -13.26  -17.43  -21.91  -26.70
标准组合+M(kN.m)     0.00    0.25    0.27    0.12    0.00    0.00    0.00    0.00    0.00
标准组合-M(kN.m)    -0.01   -1.75   -3.67   -5.88   -8.33  -11.63  -15.17  -18.96  -23.00
准永久组合+M(kN.m)    0.00    0.00    0.00    0.00    0.00    0.00    0.00    0.00    0.00
准永久组合-M(kN.m)   -0.01   -1.03   -2.25   -3.68   -5.33   -7.67  -10.22  -12.97  -15.94
-As(mm2)              156.    156.    156.    156.    156.    162.    215.    274.    337.
+As(mm2)                0.    156.      0.      0.      0.      0.      0.      0.      0.
基本组合Q(kN)        -8.14   -8.94  -10.31  -12.47  -15.25  -18.04  -20.20  -21.72  -22.61
Asv(mm2)               28.     28.     28.     28.     28.     28.     28.     28.     28.
标准恒载M(kN.m)       0.00   -0.55   -1.29   -2.22   -3.34   -5.03   -6.91   -8.98  -11.24
标准恒载Q(kN)        -2.08   -2.67   -3.59   -4.84   -6.42   -8.00   -9.25  -10.17  -10.76
  
梁编号  35
B*H(mm)=150*150   L(mm)= 2700
                    -I-     -1-     -2-     -3-     -4-     -5-     -6-     -7-     -J-
基本组合+M(kN.m)     0.00    0.00    0.00    0.00    0.00    0.00    0.00    0.00    0.00
基本组合-M(kN.m)   -29.53  -25.03  -20.84  -16.99  -13.76  -11.07   -9.00   -7.28   -6.47
标准组合+M(kN.m)     0.00    0.00    0.00    0.00    0.00    0.00    0.00    0.00    0.00
标准组合-M(kN.m)   -23.60  -20.11  -16.86  -13.87  -11.33   -9.20   -7.53   -6.11   -5.56
准永久组合+M(kN.m)    0.00    0.00    0.00    0.00    0.00    0.00    0.00    0.00    0.00
准永久组合-M(kN.m)  -19.82  -16.68  -13.74  -11.06   -8.83   -7.01   -5.64   -4.54   -3.88
-As(mm2)            99999.  99999.  99999.  99999.    478.    374.    282.    217.    189.
+As(mm2)                0.      0.      0.      0.      0.      0.      0.      0.      0.
基本组合Q(kN)        16.23   15.60   14.21   12.14   10.06    8.43    6.89    5.84    5.32
Asv(mm2)               28.     28.     28.     28.     28.     28.     28.     28.     28.
标准恒载M(kN.m)     -17.30  -14.39  -11.66   -9.18   -7.16   -5.55   -4.39   -3.49   -2.76
标准恒载Q(kN)         8.89    8.51    7.73    6.59    5.39    4.18    3.04    2.27    1.88
  
梁编号  36
B*H(mm)=260*300   L(mm)= 1750
                    -I-     -1-     -2-     -3-     -4-     -5-     -6-     -7-     -J-
基本组合+M(kN.m)     0.00    0.00    0.00    0.00    0.00    0.00    0.00    0.00    0.00
基本组合-M(kN.m)    -0.02   -7.53  -15.34  -23.47  -31.90  -41.39  -51.18  -61.29  -71.70
标准组合+M(kN.m)     0.00    0.00    0.00    0.00    0.00    0.00    0.00    0.00    0.00
标准组合-M(kN.m)    -0.02   -6.08  -12.38  -18.93  -25.73  -33.38  -41.27  -49.41  -57.79
准永久组合+M(kN.m)    0.00    0.00    0.00    0.00    0.00    0.00    0.00    0.00    0.00
准永久组合-M(kN.m)   -0.01   -4.98  -10.15  -15.54  -21.14  -27.42  -33.92  -40.63  -47.54
-As(mm2)              156.    156.    189.    294.    409.    544.    692.    856.   1040.
+As(mm2)                0.      0.      0.      0.      0.      0.      0.      0.      0.
基本组合Q(kN)       -33.64  -34.49  -36.02  -38.17  -40.96  -43.75  -45.90  -47.43  -48.32
Asv(mm2)               28.     28.     28.     28.     28.     28.     28.     28.     28.
标准恒载M(kN.m)      -0.01   -4.25   -8.67  -13.28  -18.08  -23.46  -29.02  -34.77  -40.71
标准恒载Q(kN)       -18.92  -19.51  -20.43  -21.68  -23.26  -24.84  -26.09  -27.01  -27.60
  
梁编号  37
B*H(mm)=150*150   L(mm)= 3960
                    -I-     -1-     -2-     -3-     -4-     -5-     -6-     -7-     -J-
基本组合+M(kN.m)     0.00    0.00    0.00    0.00    0.00    0.00    0.00    0.50    2.90
基本组合-M(kN.m)   -57.06  -44.75  -33.22  -23.34  -15.06   -8.39   -3.46   -0.26    0.00
标准组合+M(kN.m)     0.00    0.00    0.00    0.00    0.00    0.00    0.00    0.51    2.33
标准组合-M(kN.m)   -45.84  -35.91  -26.61  -18.65  -11.99   -6.64   -2.74   -0.27    0.00
准永久组合+M(kN.m)    0.00    0.00    0.00    0.00    0.00    0.00    0.00    0.21    1.92
准永久组合-M(kN.m)  -38.01  -29.86  -22.23  -15.67  -10.16   -5.70   -2.35   -0.10    0.00
-As(mm2)            99999.  99999.  99999.  99999.    518.    258.     94.     45.      0.
+As(mm2)                0.      0.      0.      0.      0.      0.      0.     45.     78.
基本组合Q(kN)        25.53   24.34   21.58   18.34   15.11   11.87    8.64    5.88    4.71
Asv(mm2)               23.     20.     17.     17.     28.     28.     28.     28.     28.
标准恒载M(kN.m)     -32.78  -25.82  -19.31  -13.69   -8.95   -5.08   -2.09    0.01    1.65
标准恒载Q(kN)        14.45   13.75   12.23   10.46    8.70    6.93    5.16    3.64    2.94
  
梁编号  38
B*H(mm)=260*300   L(mm)= 1750
                    -I-     -1-     -2-     -3-     -4-     -5-     -6-     -7-     -J-
基本组合+M(kN.m)     0.00    1.40    2.55    3.40    3.93    3.41    2.58    1.44    0.00
基本组合-M(kN.m)    -0.07    0.00    0.00    0.00    0.00    0.00    0.00    0.00    0.00
标准组合+M(kN.m)     0.00    1.12    2.04    2.72    3.15    2.73    2.07    1.15    0.00
标准组合-M(kN.m)    -0.06    0.00    0.00    0.00    0.00    0.00    0.00    0.00    0.00
准永久组合+M(kN.m)    0.00    0.94    1.71    2.27    2.62    2.28    1.73    0.97    0.00
准永久组合-M(kN.m)   -0.05    0.00    0.00    0.00    0.00    0.00    0.00    0.00    0.00
-As(mm2)              156.      0.      0.      0.      0.      0.      0.      0.    156.
+As(mm2)                0.    156.    156.    156.    156.    156.    156.    156.      0.
基本组合Q(kN)         7.40    6.51    4.98    2.83    0.04   -2.76   -4.91   -6.44   -7.33
Asv(mm2)               28.     28.     28.     28.     28.     28.     28.     28.     28.
标准恒载M(kN.m)      -0.04    0.82    1.49    1.97    2.26    1.98    1.51    0.85    0.00
标准恒载Q(kN)         4.36    3.77    2.85    1.60    0.02   -1.56   -2.81   -3.73   -4.32
