 ====================================================
       3 层楼面主梁计算结果文件
 ====================================================
砼等级： 25;   纵筋:HRB(F)335         ;  箍筋:HPB300            间距=100mm
梁总数：  39
荷载基本组合：      永久荷载控制1.35D+1.4ΨcL
活荷载组合值系数Ψc:      0.70
活荷载准永久值系数Ψq:    0.40
弯矩调幅系数:    1.00
  
梁编号   1
B*H(mm)=260*300   L(mm)= 5960
                    -I-     -1-     -2-     -3-     -4-     -5-     -6-     -7-     -J-
基本组合+M(kN.m)     0.00    0.00    0.00    1.10    2.96    3.37    2.60    1.09    0.00
基本组合-M(kN.m)   -19.05  -11.79   -5.99   -1.65    0.00    0.00    0.00   -0.21   -4.19
标准组合+M(kN.m)     0.00    0.00    0.00    0.98    2.30    2.54    1.99    1.09    0.00
标准组合-M(kN.m)   -15.38   -9.78   -5.26   -1.83    0.00    0.00    0.00   -0.23   -3.24
准永久组合+M(kN.m)    0.00    0.00    0.00    0.62    2.07    2.44    1.85    0.47    0.00
准永久组合-M(kN.m)  -12.59   -7.48   -3.45   -0.50    0.00    0.00    0.00   -0.06   -2.94
-As(mm2)              236.    156.    156.    156.      0.      0.      0.    156.    156.
+As(mm2)                0.      0.      0.    156.    156.    156.    156.    156.      0.
基本组合Q(kN)        10.73    8.76    6.80    4.84    2.88    0.92   -2.40   -4.36   -6.32
Asv(mm2)               28.     28.     28.     28.     28.     28.     28.     28.     28.
标准恒载M(kN.m)     -10.73   -5.95   -2.24    0.38    1.92    2.38    1.76    0.05   -2.74
标准恒载Q(kN)         7.15    5.70    4.25    2.79    1.34   -0.11   -1.56   -3.02   -4.47
  
梁编号   2
B*H(mm)=260*300   L(mm)= 5960
                    -I-     -1-     -2-     -3-     -4-     -5-     -6-     -7-     -J-
基本组合+M(kN.m)     0.00    3.33   30.41   44.95   47.22   37.22   15.54    0.00    0.00
基本组合-M(kN.m)   -41.43  -11.39    0.00    0.00    0.00    0.00    0.00  -19.86  -60.48
标准组合+M(kN.m)     0.00    4.46   25.96   37.32   38.78   30.32   12.56    0.00    0.00
标准组合-M(kN.m)   -33.79  -10.56    0.00    0.00    0.00    0.00    0.00  -16.53  -49.66
准永久组合+M(kN.m)    0.00    0.10   18.45   28.50   30.45   24.29   10.26    0.00    0.00
准永久组合-M(kN.m)  -27.00   -5.91    0.00    0.00    0.00    0.00    0.00  -12.55  -39.01
-As(mm2)              544.    156.      0.      0.      0.      0.      0.    247.    842.
+As(mm2)                0.    156.    388.    596.    631.    483.    191.      0.      0.
基本组合Q(kN)        50.33   44.36   30.54   14.07   -5.19  -21.66  -38.12  -51.95  -57.91
Asv(mm2)               28.     28.     28.     28.     28.     28.     28.     28.     28.
标准恒载M(kN.m)     -22.48   -2.81   13.44   22.63   24.90   20.27    8.72   -9.89  -31.92
标准恒载Q(kN)        28.44   24.83   16.97    7.69   -1.58  -10.86  -20.14  -27.99  -31.60
  
梁编号   3
B*H(mm)=260*300   L(mm)= 5960
                    -I-     -1-     -2-     -3-     -4-     -5-     -6-     -7-     -J-
基本组合+M(kN.m)     0.00    4.50   35.97   54.90   61.56   55.95   38.08    7.66    0.00
基本组合-M(kN.m)   -43.59  -10.27    0.00    0.00    0.00    0.00    0.00   -2.93  -34.72
标准组合+M(kN.m)     0.00    5.37   30.69   45.87   51.14   46.51   31.97    7.30    0.00
标准组合-M(kN.m)   -35.61   -9.71    0.00    0.00    0.00    0.00    0.00   -3.50  -28.29
准永久组合+M(kN.m)    0.00    0.92   21.84   34.48   39.00   35.42   23.72    3.74    0.00
准永久组合-M(kN.m)  -28.33   -5.11    0.00    0.00    0.00    0.00    0.00   -0.58  -22.67
-As(mm2)              576.    156.      0.      0.      0.      0.      0.    156.    448.
+As(mm2)                0.    156.    466.    751.    861.    768.    496.    156.      0.
基本组合Q(kN)        55.40   49.43   35.60   19.14    2.74  -16.86  -33.32  -47.15  -53.11
Asv(mm2)               28.     28.     28.     28.     28.     28.     28.     28.     28.
标准恒载M(kN.m)     -23.47   -2.05   15.95   26.88   30.91   28.02   18.22    1.37  -18.92
标准恒载Q(kN)        30.78   27.17   19.32   10.04    0.76   -8.51  -17.79  -25.64  -29.26
  
梁编号   4
B*H(mm)=260*300   L(mm)= 5960
                    -I-     -1-     -2-     -3-     -4-     -5-     -6-     -7-     -J-
基本组合+M(kN.m)     0.00    0.00    0.00    0.00    0.00    1.08    3.97    7.31    9.19
基本组合-M(kN.m)   -46.75  -34.64  -24.00  -14.81   -7.09   -0.83    0.00    0.00    0.00
标准组合+M(kN.m)     0.00    0.00    0.00    0.00    0.00    0.90    3.11    6.19    8.18
标准组合-M(kN.m)   -38.08  -28.51  -20.02  -12.61   -6.29   -1.05    0.00    0.00    0.00
准永久组合+M(kN.m)    0.00    0.00    0.00    0.00    0.00    0.68    2.74    4.49    5.16
准永久组合-M(kN.m)  -30.52  -22.27  -15.11   -9.02   -4.02   -0.10    0.00    0.00    0.00
-As(mm2)              624.    447.    301.    182.    156.    156.      0.      0.      0.
+As(mm2)                0.      0.      0.      0.      0.    156.    156.    156.    156.
基本组合Q(kN)        17.23   15.27   13.31   11.35    9.39    7.42    5.46    3.50   -2.03
Asv(mm2)               28.     28.     28.     28.     28.     28.     28.     28.     28.
标准恒载M(kN.m)     -25.48  -18.11  -11.83   -6.63   -2.51    0.53    2.49    3.36    3.15
标准恒载Q(kN)        10.62    9.16    7.71    6.26    4.80    3.35    1.90    0.45   -1.01
  
梁编号   5
B*H(mm)=260*300   L(mm)= 5960
                    -I-     -1-     -2-     -3-     -4-     -5-     -6-     -7-     -J-
基本组合+M(kN.m)     0.00    0.00    0.00    0.00    0.00    1.03    3.98    7.37    9.29
基本组合-M(kN.m)   -47.00  -34.85  -24.16  -14.93   -7.17   -0.86    0.00    0.00    0.00
标准组合+M(kN.m)     0.00    0.00    0.00    0.00    0.00    0.86    3.12    6.23    8.26
标准组合-M(kN.m)   -38.26  -28.66  -20.14  -12.70   -6.34   -1.07    0.00    0.00    0.00
准永久组合+M(kN.m)    0.00    0.00    0.00    0.00    0.00    0.65    2.75    4.54    5.24
准永久组合-M(kN.m)  -30.71  -22.43  -15.23   -9.11   -4.08   -0.12    0.00    0.00    0.00
-As(mm2)              627.    450.    304.    184.    156.    156.      0.      0.      0.
+As(mm2)                0.      0.      0.      0.      0.    156.    156.    156.    156.
基本组合Q(kN)        17.29   15.33   13.37   11.41    9.44    7.48    5.52    3.56   -1.95
Asv(mm2)               28.     28.     28.     28.     28.     28.     28.     28.     28.
标准恒载M(kN.m)     -25.68  -18.28  -11.96   -6.72   -2.57    0.51    2.50    3.41    3.23
标准恒载Q(kN)        10.66    9.21    7.76    6.30    4.85    3.40    1.95    0.49   -0.96
  
梁编号   6
B*H(mm)=260*300   L(mm)= 5960
                    -I-     -1-     -2-     -3-     -4-     -5-     -6-     -7-     -J-
基本组合+M(kN.m)    93.15  110.36  124.98  127.06  116.87   94.41   59.69   12.42    0.00
基本组合-M(kN.m)     0.00    0.00    0.00    0.00    0.00    0.00    0.00    0.00  -46.79
标准组合+M(kN.m)    76.96   90.14  101.96  103.65   95.44   77.31   49.28   11.12    0.00
标准组合-M(kN.m)     0.00    0.00    0.00    0.00    0.00    0.00    0.00   -0.78  -37.94
准永久组合+M(kN.m)   59.53   71.77   81.42   82.77   76.02   61.16   38.18    6.92    0.00
准永久组合-M(kN.m)    0.00    0.00    0.00    0.00    0.00    0.00    0.00    0.00  -30.76
-As(mm2)                0.      0.      0.      0.      0.      0.      0.      0.    624.
+As(mm2)             1494.   1764.  99999.  99999.   1848.   1525.    829.    156.      0.
基本组合Q(kN)        37.57   31.61   17.78  -10.29  -23.00  -39.47  -55.93  -69.76  -75.72
Asv(mm2)               28.     28.     28.     28.     28.     28.     28.     28.     28.
标准恒载M(kN.m)      47.91   59.53   67.72   68.85   63.08   50.38   30.78    4.12  -25.97
标准恒载Q(kN)        17.62   14.01    6.16   -3.12  -12.40  -21.67  -30.95  -38.80  -42.42
  
梁编号   7
B*H(mm)=260*300   L(mm)= 5960
                    -I-     -1-     -2-     -3-     -4-     -5-     -6-     -7-     -J-
基本组合+M(kN.m)     0.00    0.00    0.00    0.00    2.99   18.76   24.79   30.94   35.70
基本组合-M(kN.m)  -227.93 -166.50 -110.07  -63.17  -25.59    0.00    0.00    0.00   -1.63
标准组合+M(kN.m)     0.00    0.00    0.00    0.00    6.04   16.66   19.96   26.03   31.98
标准组合-M(kN.m)  -182.80 -134.77  -90.54  -53.37  -23.12    0.00    0.00    0.00   -6.10
准永久组合+M(kN.m)    0.00    0.00    0.00    0.00    0.00   10.60   16.47   19.22   19.85
准永久组合-M(kN.m) -152.22 -109.73  -70.81  -38.95  -14.01    0.00    0.00    0.00    0.00
-As(mm2)            99999.  99999.   1761.    888.    323.      0.      0.      0.    156.
+As(mm2)                0.      0.      0.      0.    156.    233.    312.    395.    462.
基本组合Q(kN)        94.12   88.16   74.33   57.86   44.17   31.65   19.12  -17.36  -23.33
Asv(mm2)               39.     31.     29.     28.     28.     28.     28.     28.     28.
标准恒载M(kN.m)    -131.84  -93.04  -57.66  -29.34   -7.93    6.56   14.15   14.67   11.77
标准恒载Q(kN)        54.12   50.50   42.65   33.37   24.10   14.82    5.54   -2.31   -5.92
  
梁编号   8
B*H(mm)=260*300   L(mm)= 3960
                    -I-     -1-     -2-     -3-     -4-     -5-     -6-     -7-     -J-
基本组合+M(kN.m)     0.00   15.40   27.96   37.67   43.01   37.67   27.96   15.40    0.00
基本组合-M(kN.m)     0.00    0.00    0.00    0.00    0.00    0.00    0.00    0.00    0.00
标准组合+M(kN.m)     0.00   12.38   22.49   30.33   34.68   30.33   22.49   12.38    0.00
标准组合-M(kN.m)     0.00    0.00    0.00    0.00    0.00    0.00    0.00    0.00    0.00
准永久组合+M(kN.m)    0.00   10.25   18.59   25.02   28.51   25.02   18.59   10.25    0.00
准永久组合-M(kN.m)    0.00    0.00    0.00    0.00    0.00    0.00    0.00    0.00    0.00
-As(mm2)                0.      0.      0.      0.      0.      0.      0.      0.      0.
+As(mm2)                0.    190.    354.    490.    568.    490.    354.    190.      0.
基本组合Q(kN)        33.98   30.87   24.13   13.78    0.00  -13.78  -24.13  -30.87  -33.98
Asv(mm2)               28.     28.     28.     28.     28.     28.     28.     28.     28.
标准恒载M(kN.m)       0.00    8.82   15.98   21.48   24.39   21.48   15.98    8.82    0.00
标准恒载Q(kN)        19.50   17.55   13.63    7.74    0.00   -7.74  -13.63  -17.55  -19.50
  
梁编号   9
B*H(mm)=260*300   L(mm)= 1750
                    -I-     -1-     -2-     -3-     -4-     -5-     -6-     -7-     -J-
基本组合+M(kN.m)     0.00    0.00    0.00    0.00    0.00    0.00    0.00    0.00    0.00
基本组合-M(kN.m)     0.00   -1.39   -3.00   -4.84   -6.91   -9.60  -12.52  -15.67  -19.05
标准组合+M(kN.m)     0.00    0.00    0.00    0.00    0.00    0.00    0.00    0.00    0.00
标准组合-M(kN.m)     0.00   -1.14   -2.46   -3.96   -5.63   -7.81  -10.16  -12.68  -15.38
准永久组合+M(kN.m)    0.00    0.00    0.00    0.00    0.00    0.00    0.00    0.00    0.00
准永久组合-M(kN.m)    0.00   -0.89   -1.93   -3.14   -4.50   -6.29   -8.23  -10.33  -12.59
-As(mm2)                0.    156.    156.    156.    156.    156.    156.    193.    236.
+As(mm2)              156.      0.      0.      0.      0.      0.      0.      0.      0.
基本组合Q(kN)        -5.84   -6.57   -7.66   -9.10  -10.88  -12.67  -14.11  -15.20  -15.95
Asv(mm2)               28.     28.     28.     28.     28.     28.     28.     28.     28.
标准恒载M(kN.m)       0.00   -0.72   -1.58   -2.59   -3.75   -5.28   -6.95   -8.77  -10.73
标准恒载Q(kN)        -2.94   -3.46   -4.16   -5.06   -6.13   -7.21   -8.10   -8.81   -9.33
  
梁编号  10
B*H(mm)=150*150   L(mm)= 2700
                    -I-     -1-     -2-     -3-     -4-     -5-     -6-     -7-     -J-
基本组合+M(kN.m)     0.01    1.80    3.28    4.27    4.35    3.63    2.01    0.00    0.00
基本组合-M(kN.m)    -0.01    0.00    0.00    0.00    0.00    0.00   -0.99   -3.03   -5.72
标准组合+M(kN.m)     0.01    1.50    2.74    3.60    3.72    3.18    1.92    0.26    0.00
标准组合-M(kN.m)    -0.01    0.00    0.00    0.00    0.00    0.00   -1.14   -2.72   -4.89
准永久组合+M(kN.m)    0.00    1.13    2.05    2.65    2.64    2.11    0.97    0.00    0.00
准永久组合-M(kN.m)   -0.01    0.00    0.00    0.00    0.00    0.00   -0.25   -1.68   -3.46
-As(mm2)               45.      0.      0.      0.      0.      0.     45.     82.    164.
+As(mm2)               45.     48.     89.    119.    121.    100.     53.      0.      0.
基本组合Q(kN)         5.84    5.17    3.69    1.44   -2.12   -4.50   -6.75   -8.24   -8.90
Asv(mm2)               28.     28.     28.     28.     28.     28.     28.     28.     28.
标准恒载M(kN.m)       0.00    0.89    1.59    2.01    1.93    1.39    0.34   -0.99   -2.51
标准恒载Q(kN)         2.94    2.53    1.67    0.41   -0.93   -2.27   -3.53   -4.38   -4.79
  
梁编号  11
B*H(mm)=260*300   L(mm)= 1750
                    -I-     -1-     -2-     -3-     -4-     -5-     -6-     -7-     -J-
基本组合+M(kN.m)     0.27    1.23    1.96    2.47    2.75    2.40    1.82    1.02    0.00
基本组合-M(kN.m)     0.00    0.00    0.00    0.00    0.00    0.00    0.00    0.00   -0.01
标准组合+M(kN.m)     0.21    0.97    1.54    1.94    2.16    1.88    1.43    0.80    0.00
标准组合-M(kN.m)     0.00    0.00    0.00    0.00    0.00    0.00    0.00    0.00   -0.01
准永久组合+M(kN.m)    0.18    0.84    1.35    1.69    1.88    1.65    1.25    0.70    0.00
准永久组合-M(kN.m)    0.00    0.00    0.00    0.00    0.00    0.00    0.00    0.00   -0.01
-As(mm2)                0.      0.      0.      0.      0.      0.      0.      0.    156.
+As(mm2)              156.    156.    156.    156.    156.    156.    156.    156.      0.
基本组合Q(kN)         4.94    4.20    3.10    1.66   -0.15   -1.93   -3.37   -4.46   -5.21
Asv(mm2)               28.     28.     28.     28.     28.     28.     28.     28.     28.
标准恒载M(kN.m)       0.15    0.76    1.22    1.53    1.69    1.49    1.14    0.64   -0.01
标准恒载Q(kN)         3.11    2.59    1.88    0.99   -0.09   -1.16   -2.06   -2.76   -3.28
  
梁编号  12
B*H(mm)=150*150   L(mm)= 2700
                    -I-     -1-     -2-     -3-     -4-     -5-     -6-     -7-     -J-
基本组合+M(kN.m)     0.00    0.50    2.14    3.26    3.63    3.30    2.23    0.69    0.00
基本组合-M(kN.m)    -1.57    0.00    0.00    0.00    0.00    0.00    0.00   -1.04   -3.27
标准组合+M(kN.m)     0.00    0.41    1.75    2.68    3.01    2.77    1.94    0.75    0.00
标准组合-M(kN.m)    -1.30    0.00    0.00    0.00    0.00    0.00    0.00   -1.01   -2.84
准永久组合+M(kN.m)    0.00    0.32    1.39    2.10    2.31    2.05    1.31    0.22    0.00
准永久组合-M(kN.m)   -1.00    0.00    0.00    0.00    0.00    0.00    0.00   -0.48   -1.93
-As(mm2)               45.      0.      0.      0.      0.      0.      0.     45.     89.
+As(mm2)                0.     45.     57.     89.     99.     90.     59.     45.      0.
基本组合Q(kN)         6.36    5.70    4.21    2.15   -0.76   -2.84   -4.90   -6.39   -7.06
Asv(mm2)               28.     28.     28.     28.     28.     28.     28.     28.     28.
标准恒载M(kN.m)      -0.79    0.27    1.16    1.71    1.84    1.57    0.89   -0.13   -1.33
标准恒载Q(kN)         3.41    3.00    2.14    0.98   -0.20   -1.37   -2.54   -3.39   -3.80
  
梁编号  13
B*H(mm)=260*300   L(mm)= 1500
                    -I-     -1-     -2-     -3-     -4-     -5-     -6-     -7-     -J-
基本组合+M(kN.m)     0.00    0.00    0.00    0.00    0.00    0.00    0.09    0.09    0.00
基本组合-M(kN.m)    -4.19   -3.34   -2.59   -1.92   -1.35   -0.88   -0.49   -0.20    0.00
标准组合+M(kN.m)     0.00    0.00    0.00    0.00    0.11    0.18    0.19    0.13    0.00
标准组合-M(kN.m)    -3.24   -2.60   -2.02   -1.51   -1.07   -0.70   -0.40   -0.16    0.00
准永久组合+M(kN.m)    0.00    0.00    0.00    0.00    0.00    0.00    0.00    0.00    0.00
准永久组合-M(kN.m)   -2.94   -2.33   -1.79   -1.32   -0.92   -0.59   -0.32   -0.13    0.00
-As(mm2)              156.    156.    156.    156.    156.    156.    156.    156.      0.
+As(mm2)                0.      0.      0.      0.      0.      0.    156.    156.    156.
基本组合Q(kN)         4.77    4.28    3.78    3.29    2.79    2.30    1.81    1.31    0.82
Asv(mm2)               28.     28.     28.     28.     28.     28.     28.     28.     28.
标准恒载M(kN.m)      -2.74   -2.16   -1.64   -1.20   -0.82   -0.51   -0.27   -0.10    0.00
标准恒载Q(kN)         3.29    2.92    2.56    2.19    1.83    1.46    1.10    0.73    0.36
  
梁编号  14
B*H(mm)=150*150   L(mm)= 2700
                    -I-     -1-     -2-     -3-     -4-     -5-     -6-     -7-     -J-
基本组合+M(kN.m)     0.62    1.21    1.77    2.01    1.90    1.29    0.00    0.00    0.00
基本组合-M(kN.m)    -2.65   -0.90    0.00    0.00    0.00   -0.77   -2.51   -4.72   -7.38
标准组合+M(kN.m)     0.89    1.20    1.56    1.71    1.65    1.24    0.23    0.00    0.00
标准组合-M(kN.m)    -2.44   -0.95    0.00    0.00    0.00   -0.85   -2.26   -4.02   -6.17
准永久组合+M(kN.m)    0.00    0.53    1.02    1.23    1.11    0.61    0.00    0.00    0.00
准永久组合-M(kN.m)   -1.39   -0.33    0.00    0.00    0.00   -0.23   -1.38   -2.88   -4.63
-As(mm2)               71.     45.      0.      0.      0.     45.     67.    132.    221.
+As(mm2)               45.     45.     47.     53.     50.     45.      0.      0.      0.
基本组合Q(kN)         5.70    5.03    3.54    1.48   -2.87   -4.72   -6.78   -8.27   -8.94
Asv(mm2)               28.     28.     28.     28.     28.     28.     28.     28.     28.
标准恒载M(kN.m)      -0.69    0.07    0.66    0.91    0.75    0.18   -0.80   -2.12   -3.61
标准恒载Q(kN)         2.52    2.11    1.25    0.09   -1.08   -2.26   -3.42   -4.28   -4.69
  
梁编号  15
B*H(mm)=260*300   L(mm)= 1500
                    -I-     -1-     -2-     -3-     -4-     -5-     -6-     -7-     -J-
基本组合+M(kN.m)     0.00    0.00    0.00    0.00    0.00    0.00    0.00    0.00    0.06
基本组合-M(kN.m)   -60.48  -52.58  -44.79  -37.08  -29.47  -21.94  -14.52   -7.18    0.00
标准组合+M(kN.m)     0.00    0.00    0.00    0.00    0.00    0.00    0.00    0.00    0.05
标准组合-M(kN.m)   -49.66  -43.20  -36.82  -30.50  -24.25  -18.07  -11.96   -5.92    0.00
准永久组合+M(kN.m)    0.00    0.00    0.00    0.00    0.00    0.00    0.00    0.00    0.04
准永久组合-M(kN.m)  -39.01  -33.89  -28.84  -23.85  -18.94  -14.09   -9.31   -4.60    0.00
-As(mm2)              842.    714.    594.    481.    375.    274.    178.    156.      0.
+As(mm2)                0.      0.      0.      0.      0.      0.      0.      0.    156.
基本组合Q(kN)        42.33   41.84   41.35   40.85   40.36   39.87   39.37   38.88   38.39
Asv(mm2)               28.     28.     28.     28.     28.     28.     28.     28.     28.
标准恒载M(kN.m)     -31.92  -27.68  -23.52  -19.42  -15.39  -11.43   -7.54   -3.72    0.03
标准恒载Q(kN)        22.76   22.40   22.03   21.67   21.30   20.94   20.57   20.20   19.84
  
梁编号  16
B*H(mm)=150*150   L(mm)= 2700
                    -I-     -1-     -2-     -3-     -4-     -5-     -6-     -7-     -J-
基本组合+M(kN.m)     0.00    0.00    0.00    0.72    1.19    1.10    0.70    0.00    0.00
基本组合-M(kN.m)    -7.38   -4.89   -2.96   -1.51   -0.62   -0.42   -1.21   -2.69   -4.71
标准组合+M(kN.m)     0.00    0.00    0.00    0.83    1.14    1.04    0.78    0.29    0.00
标准组合-M(kN.m)    -6.17   -4.14   -2.61   -1.45   -0.70   -0.51   -1.17   -2.41   -4.12
准永久组合+M(kN.m)    0.00    0.00    0.00    0.19    0.57    0.55    0.21    0.00    0.00
准永久组合-M(kN.m)   -4.63   -3.01   -1.69   -0.72   -0.17   -0.07   -0.57   -1.50   -2.73
-As(mm2)              221.    138.     80.     45.     45.     45.     45.     72.    132.
+As(mm2)                0.      0.      0.     45.     45.     45.     45.      0.      0.
基本组合Q(kN)         8.43    7.76    6.27    4.21    2.35   -2.25   -4.31   -5.80   -6.46
Asv(mm2)               28.     28.     28.     28.     28.     28.     28.     28.     28.
标准恒载M(kN.m)      -3.61   -2.26   -1.08   -0.23    0.19    0.22   -0.17   -0.90   -1.80
标准恒载Q(kN)         4.27    3.86    3.01    1.84    0.67   -0.51   -1.67   -2.52   -2.93
  
梁编号  17
B*H(mm)=260*300   L(mm)= 1500
                    -I-     -1-     -2-     -3-     -4-     -5-     -6-     -7-     -J-
基本组合+M(kN.m)     0.00    0.00    0.00    0.00    0.00    0.00    0.00    0.00    0.00
基本组合-M(kN.m)   -34.72  -29.36  -24.22  -19.30  -14.59  -10.62   -6.88   -3.35    0.00
标准组合+M(kN.m)     0.00    0.00    0.00    0.00    0.00    0.00    0.00    0.00    0.00
标准组合-M(kN.m)   -28.29  -23.94  -19.77  -15.77  -11.94   -8.70   -5.65   -2.76    0.00
准永久组合+M(kN.m)    0.00    0.00    0.00    0.00    0.00    0.00    0.00    0.00    0.00
准永久组合-M(kN.m)  -22.67  -19.14  -15.76  -12.54   -9.47   -6.87   -4.44   -2.15    0.00
-As(mm2)              448.    374.    304.    240.    179.    156.    156.    156.    156.
+As(mm2)                0.      0.      0.      0.      0.      0.      0.      0.      0.
基本组合Q(kN)        29.18   28.43   27.18   25.42   23.15   20.88   19.12   18.04   17.36
Asv(mm2)               28.     28.     28.     28.     28.     28.     28.     28.     28.
标准恒载M(kN.m)     -18.92  -15.94  -13.09  -10.39   -7.82   -5.66   -3.64   -1.75    0.00
标准恒载Q(kN)        16.26   15.76   14.98   13.93   12.61   11.29   10.24    9.46    8.96
  
梁编号  18
B*H(mm)=150*150   L(mm)= 3600
                    -I-     -1-     -2-     -3-     -4-     -5-     -6-     -7-     -J-
基本组合+M(kN.m)     0.00    0.00    2.99    5.30    6.36    6.18    4.75    2.53    0.32
基本组合-M(kN.m)    -6.55   -2.00    0.00    0.00    0.00    0.00    0.00    0.00   -3.59
标准组合+M(kN.m)     0.00    0.23    2.53    4.39    5.25    5.10    3.94    2.25    0.71
标准组合-M(kN.m)    -5.51   -1.79    0.00    0.00    0.00    0.00    0.00   -0.16   -3.27
准永久组合+M(kN.m)    0.00    0.00    1.84    3.37    4.08    3.96    3.02    1.43    0.00
准永久组合-M(kN.m)   -4.06   -1.12    0.00    0.00    0.00    0.00    0.00    0.00   -1.93
-As(mm2)              191.     53.      0.      0.      0.      0.      0.      0.     98.
+As(mm2)                0.      0.     81.    150.    185.    179.    133.     68.     45.
基本组合Q(kN)        10.67    9.60    7.15    4.37    1.60   -2.62   -5.40   -7.85   -8.92
Asv(mm2)               28.     28.     28.     28.     28.     28.     28.     28.     28.
标准恒载M(kN.m)      -3.09   -0.67    1.38    2.69    3.30    3.20    2.40    0.88   -1.04
标准恒载Q(kN)         5.74    5.09    3.70    2.14    0.57   -0.99   -2.56   -3.95   -4.60
  
梁编号  19
B*H(mm)=260*300   L(mm)= 1500
                    -I-     -1-     -2-     -3-     -4-     -5-     -6-     -7-     -J-
基本组合+M(kN.m)     9.19    8.36    7.44    6.43    5.33    4.13    2.85    1.46    0.00
基本组合-M(kN.m)     0.00    0.00    0.00    0.00    0.00    0.00    0.00    0.00   -0.01
标准组合+M(kN.m)     8.18    7.40    6.55    5.63    4.64    3.58    2.45    1.26    0.00
标准组合-M(kN.m)     0.00    0.00    0.00    0.00    0.00    0.00    0.00    0.00   -0.01
准永久组合+M(kN.m)    5.16    4.76    4.28    3.74    3.13    2.45    1.70    0.88    0.00
准永久组合-M(kN.m)    0.00    0.00    0.00    0.00    0.00    0.00    0.00    0.00   -0.01
-As(mm2)                0.      0.      0.      0.      0.      0.      0.      0.    156.
+As(mm2)              156.    156.    156.    156.    156.    156.    156.    156.      0.
基本组合Q(kN)        -4.16   -4.65   -5.14   -5.64   -6.13   -6.62   -7.12   -7.61   -8.11
Asv(mm2)               28.     28.     28.     28.     28.     28.     28.     28.     28.
标准恒载M(kN.m)       3.15    3.00    2.77    2.48    2.12    1.69    1.20    0.63    0.00
标准恒载Q(kN)        -0.64   -1.01   -1.37   -1.74   -2.10   -2.47   -2.83   -3.20   -3.57
  
梁编号  20
B*H(mm)=150*150   L(mm)= 2700
                    -I-     -1-     -2-     -3-     -4-     -5-     -6-     -7-     -J-
基本组合+M(kN.m)     3.98    3.34    2.71    1.72    0.63    0.00    0.00    0.00    0.00
基本组合-M(kN.m)    -0.75    0.00    0.00    0.00   -1.35   -3.65   -6.51   -9.85  -13.73
标准组合+M(kN.m)     3.67    2.98    2.37    1.52    0.73    0.00    0.00    0.00    0.00
标准组合-M(kN.m)    -1.16   -0.28    0.00   -0.04   -1.29   -3.16   -5.46   -8.11  -11.25
准永久组合+M(kN.m)    2.10    1.87    1.57    0.98    0.15    0.00    0.00    0.00    0.00
准永久组合-M(kN.m)    0.00    0.00    0.00    0.00   -0.65   -2.15   -4.06   -6.33   -8.88
-As(mm2)               45.      0.      0.      0.     45.    100.    190.    317.    477.
+As(mm2)              110.     91.     73.     45.     45.      0.      0.      0.      0.
基本组合Q(kN)         3.15    2.49   -3.31   -4.88   -6.47   -8.33  -10.39  -11.88  -12.55
Asv(mm2)               28.     28.     28.     28.     28.     28.     28.     28.     28.
标准恒载M(kN.m)       1.05    1.13    1.04    0.61   -0.23   -1.48   -3.14   -5.14   -7.31
标准恒载Q(kN)         0.51    0.10   -0.76   -1.92   -3.10   -4.27   -5.43   -6.29   -6.70
  
梁编号  21
B*H(mm)=260*300   L(mm)= 1500
                    -I-     -1-     -2-     -3-     -4-     -5-     -6-     -7-     -J-
基本组合+M(kN.m)     9.29    8.45    7.52    6.50    5.38    4.17    2.87    1.48    0.00
基本组合-M(kN.m)     0.00    0.00    0.00    0.00    0.00    0.00    0.00    0.00   -0.01
标准组合+M(kN.m)     8.26    7.46    6.60    5.67    4.67    3.61    2.47    1.27    0.00
标准组合-M(kN.m)     0.00    0.00    0.00    0.00    0.00    0.00    0.00    0.00   -0.01
准永久组合+M(kN.m)    5.24    4.83    4.34    3.79    3.17    2.48    1.72    0.89    0.00
准永久组合-M(kN.m)    0.00    0.00    0.00    0.00    0.00    0.00    0.00    0.00    0.00
-As(mm2)                0.      0.      0.      0.      0.      0.      0.      0.    156.
+As(mm2)              156.    156.    156.    156.    156.    156.    156.    156.      0.
基本组合Q(kN)        -4.22   -4.72   -5.21   -5.70   -6.20   -6.69   -7.19   -7.68   -8.17
Asv(mm2)               28.     28.     28.     28.     28.     28.     28.     28.     28.
标准恒载M(kN.m)       3.23    3.07    2.83    2.53    2.16    1.72    1.22    0.64    0.00
标准恒载Q(kN)        -0.69   -1.06   -1.42   -1.79   -2.16   -2.52   -2.89   -3.25   -3.62
  
梁编号  22
B*H(mm)=150*150   L(mm)= 2700
                    -I-     -1-     -2-     -3-     -4-     -5-     -6-     -7-     -J-
基本组合+M(kN.m)     0.00    0.00    0.00    0.00    1.05    2.27    3.35    4.09    4.83
基本组合-M(kN.m)   -13.73   -9.75   -6.22   -3.17   -0.68    0.00    0.00    0.00    0.00
标准组合+M(kN.m)     0.00    0.00    0.00    0.00    1.03    1.92    2.83    3.52    4.27
标准组合-M(kN.m)   -11.25   -8.04   -5.23   -2.78   -0.74    0.00    0.00    0.00   -0.05
准永久组合+M(kN.m)    0.00    0.00    0.00    0.00    0.48    1.40    2.07    2.45    2.75
准永久组合-M(kN.m)   -8.89   -6.25   -3.87   -1.84   -0.23    0.00    0.00    0.00    0.00
-As(mm2)              477.    313.    181.     86.     45.      0.      0.      0.      0.
+As(mm2)                0.      0.      0.      0.     45.     61.     91.    113.    136.
基本组合Q(kN)        12.85   12.19   10.70    8.64    6.78    5.20    3.63    2.47   -2.65
Asv(mm2)               28.     28.     28.     28.     28.     28.     28.     28.     28.
标准恒载M(kN.m)      -7.31   -5.05   -2.96   -1.21    0.12    1.05    1.57    1.74    1.75
标准恒载Q(kN)         6.96    6.55    5.69    4.53    3.36    2.18    1.02    0.16   -0.25
  
梁编号  23
B*H(mm)=260*300   L(mm)= 1500
                    -I-     -1-     -2-     -3-     -4-     -5-     -6-     -7-     -J-
基本组合+M(kN.m)     0.00    0.00    0.00    0.00    0.00    0.00    0.00    0.00    0.00
基本组合-M(kN.m)   -46.79  -39.92  -33.27  -26.84  -20.63  -15.14   -9.90   -4.86   -0.01
标准组合+M(kN.m)     0.00    0.00    0.00    0.00    0.00    0.00    0.00    0.00    0.00
标准组合-M(kN.m)   -37.94  -32.39  -27.01  -21.80  -16.77  -12.32   -8.06   -3.97   -0.01
准永久组合+M(kN.m)    0.00    0.00    0.00    0.00    0.00    0.00    0.00    0.00    0.00
准永久组合-M(kN.m)  -30.76  -26.22  -21.83  -17.60  -13.51   -9.91   -6.47   -3.17    0.00
-As(mm2)              624.    522.    428.    339.    257.    186.    156.    156.    156.
+As(mm2)                0.      0.      0.      0.      0.      0.      0.      0.      0.
基本组合Q(kN)        37.22   36.47   35.22   33.46   31.19   28.92   27.16   26.08   25.40
Asv(mm2)               28.     28.     28.     28.     28.     28.     28.     28.     28.
标准恒载M(kN.m)     -25.97  -22.11  -18.38  -14.79  -11.34   -8.30   -5.40   -2.63    0.00
标准恒载Q(kN)        20.96   20.46   19.68   18.63   17.31   15.99   14.94   14.16   13.66
  
梁编号  24
B*H(mm)=150*150   L(mm)= 2700
                    -I-     -1-     -2-     -3-     -4-     -5-     -6-     -7-     -J-
基本组合+M(kN.m)     1.65    2.97    4.37    5.35    5.58    5.11    3.90    2.10    0.00
基本组合-M(kN.m)    -1.45    0.00    0.00    0.00    0.00    0.00    0.00    0.00    0.00
标准组合+M(kN.m)     1.66    2.58    3.65    4.42    4.59    4.19    3.19    1.71    0.00
标准组合-M(kN.m)    -1.50    0.00    0.00    0.00    0.00    0.00    0.00    0.00    0.00
准永久组合+M(kN.m)    0.70    1.74    2.74    3.41    3.59    3.31    2.54    1.37    0.00
准永久组合-M(kN.m)   -0.56    0.00    0.00    0.00    0.00    0.00    0.00    0.00    0.00
-As(mm2)               45.      0.      0.      0.      0.      0.      0.      0.      0.
+As(mm2)               45.     80.    122.    152.    160.    145.    107.     56.      0.
基本组合Q(kN)         6.84    6.17    4.68    2.62   -0.61   -2.43   -4.49   -5.98   -6.65
Asv(mm2)               28.     28.     28.     28.     28.     28.     28.     28.     28.
标准恒载M(kN.m)       0.07    1.19    2.13    2.74    2.93    2.72    2.10    1.14    0.00
标准恒载Q(kN)         3.58    3.17    2.31    1.15   -0.02   -1.20   -2.36   -3.22   -3.63
  
梁编号  25
B*H(mm)=260*300   L(mm)= 1500
                    -I-     -1-     -2-     -3-     -4-     -5-     -6-     -7-     -J-
基本组合+M(kN.m)    35.70   31.55   27.32   22.99   18.57   14.06    9.45    4.75    0.00
基本组合-M(kN.m)    -1.63   -1.10   -0.66   -0.32   -0.07    0.00    0.00    0.00   -0.04
标准组合+M(kN.m)    31.98   28.22   24.39   20.49   16.52   12.49    8.38    4.21    0.01
标准组合-M(kN.m)    -6.10   -5.10   -4.16   -3.30   -2.50   -1.77   -1.11   -0.52   -0.03
准永久组合+M(kN.m)   19.85   17.61   15.30   12.92   10.47    7.95    5.36    2.70    0.00
准永久组合-M(kN.m)    0.00    0.00    0.00    0.00    0.00    0.00    0.00    0.00   -0.02
-As(mm2)              156.    156.    156.    156.    156.      0.      0.      0.    156.
+As(mm2)              462.    404.    346.    288.    230.    172.    156.    156.    156.
基本组合Q(kN)       -21.85  -22.34  -22.84  -23.33  -23.82  -24.32  -24.81  -25.30  -25.80
Asv(mm2)               28.     28.     28.     28.     28.     28.     28.     28.     28.
标准恒载M(kN.m)      11.77   10.54    9.24    7.87    6.43    4.92    3.35    1.70   -0.01
标准恒载Q(kN)        -6.39   -6.76   -7.12   -7.49   -7.86   -8.22   -8.59   -8.95   -9.32
  
梁编号  26
B*H(mm)=150*150   L(mm)= 2700
                    -I-     -1-     -2-     -3-     -4-     -5-     -6-     -7-     -J-
基本组合+M(kN.m)     0.00    0.00    0.15    0.95    1.19    0.62    0.00    0.00    0.00
基本组合-M(kN.m)    -5.71   -3.60   -2.14   -1.17   -1.23   -1.90   -3.48   -5.48   -8.07
标准组合+M(kN.m)     0.00    0.00    0.38    0.99    1.20    0.77    0.00    0.00    0.00
标准组合-M(kN.m)    -4.89   -3.12   -1.95   -1.18   -1.26   -1.80   -3.07   -4.66   -6.79
准永久组合+M(kN.m)    0.00    0.00    0.00    0.37    0.49    0.08    0.00    0.00    0.00
准永久组合-M(kN.m)   -3.45   -2.12   -1.15   -0.50   -0.50   -0.95   -2.00   -3.34   -5.02
-As(mm2)              164.     98.     57.     45.     45.     50.     95.    156.    246.
+As(mm2)                0.      0.     45.     45.     45.     45.      0.      0.      0.
基本组合Q(kN)         7.21    6.54    5.05    2.81   -2.00   -4.36   -6.60   -8.09   -8.76
Asv(mm2)               28.     28.     28.     28.     28.     28.     28.     28.     28.
标准恒载M(kN.m)      -2.50   -1.46   -0.61   -0.05    0.01   -0.38   -1.28   -2.46   -3.84
标准恒载Q(kN)         3.37    2.96    2.10    0.84   -0.50   -1.84   -3.10   -3.95   -4.36
  
梁编号  27
B*H(mm)=260*300   L(mm)= 1750
                    -I-     -1-     -2-     -3-     -4-     -5-     -6-     -7-     -J-
基本组合+M(kN.m)     0.00    0.00    0.00    0.00    0.00    0.00    0.00    0.00    0.00
基本组合-M(kN.m)     0.00   -3.65   -7.59  -11.88  -16.49  -22.23  -28.31  -34.71  -41.43
标准组合+M(kN.m)     0.00    0.00    0.00    0.00    0.00    0.00    0.00    0.00    0.00
标准组合-M(kN.m)     0.00   -3.01   -6.24   -9.75  -13.52  -18.20  -23.14  -28.33  -33.79
准永久组合+M(kN.m)    0.00    0.00    0.00    0.00    0.00    0.00    0.00    0.00    0.00
准永久组合-M(kN.m)    0.00   -2.34   -4.88   -7.66  -10.66  -14.41  -18.38  -22.58  -27.00
-As(mm2)              156.    156.    156.    156.    203.    278.    359.    448.    544.
+As(mm2)                0.      0.      0.      0.      0.      0.      0.      0.      0.
基本组合Q(kN)       -16.07  -16.90  -18.38  -20.68  -23.68  -26.67  -28.97  -30.58  -31.50
Asv(mm2)               28.     28.     28.     28.     28.     28.     28.     28.     28.
标准恒载M(kN.m)       0.00   -1.89   -3.97   -6.26   -8.76  -11.88  -15.21  -18.75  -22.48
标准恒载Q(kN)        -8.16   -8.77   -9.76  -11.12  -12.85  -14.58  -15.93  -16.92  -17.53
  
梁编号  28
B*H(mm)=150*150   L(mm)= 3600
                    -I-     -1-     -2-     -3-     -4-     -5-     -6-     -7-     -J-
基本组合+M(kN.m)     0.00    1.38    5.51    8.30    9.69    9.65    8.20    5.33    2.91
基本组合-M(kN.m)    -5.51   -0.53    0.00    0.00    0.00    0.00    0.00    0.00   -1.15
标准组合+M(kN.m)     0.00    1.32    4.63    6.87    7.99    7.95    6.79    4.47    2.75
标准组合-M(kN.m)    -4.67   -0.64    0.00    0.00    0.00    0.00    0.00    0.00   -1.39
准永久组合+M(kN.m)    0.00    0.67    3.44    5.29    6.21    6.19    5.23    3.33    1.45
准永久组合-M(kN.m)   -3.38   -0.11    0.00    0.00    0.00    0.00    0.00    0.00   -0.21
-As(mm2)              157.     45.      0.      0.      0.      0.      0.      0.     45.
+As(mm2)                0.     45.    157.    255.    311.    309.    251.    152.     79.
基本组合Q(kN)        12.04   10.97    8.44    5.26    2.07   -2.61   -5.80   -8.33   -9.40
Asv(mm2)               28.     28.     28.     28.     28.     28.     28.     28.     28.
标准恒载M(kN.m)      -2.52    0.24    2.64    4.23    5.02    5.01    4.19    2.57    0.58
标准恒载Q(kN)         6.51    5.86    4.43    2.65    0.86   -0.92   -2.71   -4.14   -4.79
  
梁编号  29
B*H(mm)=260*300   L(mm)= 1750
                    -I-     -1-     -2-     -3-     -4-     -5-     -6-     -7-     -J-
基本组合+M(kN.m)     0.00    0.00    0.00    0.00    0.00    0.00    0.00    0.00    0.00
基本组合-M(kN.m)     0.00   -4.31   -8.92  -13.87  -19.14  -25.55  -32.29  -39.36  -46.75
标准组合+M(kN.m)     0.00    0.00    0.00    0.00    0.00    0.00    0.00    0.00    0.00
标准组合-M(kN.m)     0.00   -3.55   -7.31  -11.36  -15.66  -20.88  -26.36  -32.09  -38.08
准永久组合+M(kN.m)    0.00    0.00    0.00    0.00    0.00    0.00    0.00    0.00    0.00
准永久组合-M(kN.m)    0.00   -2.77   -5.76   -8.98  -12.42  -16.61  -21.02  -25.66  -30.52
-As(mm2)                0.    156.    156.    170.    238.    322.    414.    514.    624.
+As(mm2)              156.      0.      0.      0.      0.      0.      0.      0.      0.
基本组合Q(kN)       -19.10  -19.93  -21.42  -23.72  -26.71  -29.71  -32.01  -33.62  -34.54
Asv(mm2)               28.     28.     28.     28.     28.     28.     28.     28.     28.
标准恒载M(kN.m)       0.00   -2.26   -4.72   -7.39  -10.26  -13.76  -17.46  -21.37  -25.48
标准恒载Q(kN)        -9.88  -10.49  -11.47  -12.83  -14.56  -16.29  -17.65  -18.63  -19.25
  
梁编号  30
B*H(mm)=150*150   L(mm)= 2700
                    -I-     -1-     -2-     -3-     -4-     -5-     -6-     -7-     -J-
基本组合+M(kN.m)     2.97    5.22    7.58    9.53   10.91   11.48   11.20   10.42    9.65
基本组合-M(kN.m)    -1.10    0.00    0.00    0.00    0.00    0.00    0.00    0.00    0.00
标准组合+M(kN.m)     2.80    4.47    6.32    7.86    9.02    9.52    9.33    8.74    8.24
标准组合-M(kN.m)    -1.35    0.00    0.00    0.00    0.00    0.00    0.00    0.00    0.00
准永久组合+M(kN.m)    1.49    3.15    4.77    6.10    6.97    7.31    7.06    6.49    5.84
准永久组合-M(kN.m)   -0.17    0.00    0.00    0.00    0.00    0.00    0.00    0.00    0.00
-As(mm2)               45.      0.      0.      0.      0.      0.      0.      0.      0.
+As(mm2)               80.    148.    228.    304.    366.    395.    380.    343.    309.
基本组合Q(kN)        10.20    9.54    8.05    5.81    3.42   -1.80   -4.05   -5.53   -6.20
Asv(mm2)               28.     28.     28.     28.     28.     28.     28.     28.     28.
标准恒载M(kN.m)       0.62    2.28    3.74    4.93    5.61    5.83    5.55    4.99    4.24
标准恒载Q(kN)         5.21    4.79    3.94    2.68    1.34    0.00   -1.26   -2.11   -2.52
  
梁编号  31
B*H(mm)=260*300   L(mm)= 1750
                    -I-     -1-     -2-     -3-     -4-     -5-     -6-     -7-     -J-
基本组合+M(kN.m)     0.01    0.00    0.00    0.00    0.00    0.00    0.00    0.00    0.00
基本组合-M(kN.m)     0.00   -4.34   -8.97  -13.96  -19.27  -25.71  -32.48  -39.58  -47.00
标准组合+M(kN.m)     0.01    0.00    0.00    0.00    0.00    0.00    0.00    0.00    0.00
标准组合-M(kN.m)     0.00   -3.56   -7.36  -11.42  -15.75  -20.99  -26.49  -32.25  -38.26
准永久组合+M(kN.m)    0.01    0.00    0.00    0.00    0.00    0.00    0.00    0.00    0.00
准永久组合-M(kN.m)    0.00   -2.79   -5.80   -9.05  -12.51  -16.73  -21.17  -25.83  -30.71
-As(mm2)                0.    156.    156.    171.    239.    324.    417.    517.    627.
+As(mm2)              156.      0.      0.      0.      0.      0.      0.      0.      0.
基本组合Q(kN)       -19.25  -20.08  -21.57  -23.87  -26.86  -29.86  -32.16  -33.77  -34.69
Asv(mm2)               28.     28.     28.     28.     28.     28.     28.     28.     28.
标准恒载M(kN.m)       0.01   -2.28   -4.77   -7.46  -10.35  -13.88  -17.61  -21.55  -25.68
标准恒载Q(kN)        -9.99  -10.61  -11.59  -12.95  -14.68  -16.41  -17.77  -18.75  -19.36
  
梁编号  32
B*H(mm)=150*150   L(mm)= 2700
                    -I-     -1-     -2-     -3-     -4-     -5-     -6-     -7-     -J-
基本组合+M(kN.m)     9.82    0.00    0.00    0.00    0.00    0.00    0.00    0.00    0.00
基本组合-M(kN.m)     0.00  -14.12  -34.89  -56.04  -77.88 -100.32 -123.45 -146.95 -170.82
标准组合+M(kN.m)     8.38    0.00    0.00    0.00    0.00    0.00    0.00    0.00    0.00
标准组合-M(kN.m)     0.00  -11.60  -28.28  -45.23  -62.70  -80.61  -99.03 -117.73 -136.73
准永久组合+M(kN.m)    5.95    0.00    0.00    0.00    0.00    0.00    0.00    0.00    0.00
准永久组合-M(kN.m)    0.00   -9.10  -22.95  -37.08  -51.72  -66.81  -82.41  -98.29 -114.40
-As(mm2)                0.    489.  99999.  99999.  99999.  99999.  99999.  99999.  99999.
+As(mm2)              316.      0.      0.      0.      0.      0.      0.      0.      0.
基本组合Q(kN)       -61.68  -62.23  -63.39  -65.09  -66.89  -69.16  -71.40  -72.89  -73.55
Asv(mm2)               76.     78.     82.     89.     96.    101.    106.    109.    111.
标准恒载M(kN.m)       4.34   -7.44  -19.40  -31.65  -44.41  -57.61  -71.33  -85.32  -99.51
标准恒载Q(kN)       -34.60  -35.01  -35.86  -37.12  -38.46  -39.80  -41.06  -41.92  -42.33
  
梁编号  33
B*H(mm)=260*300   L(mm)= 1750
                    -I-     -1-     -2-     -3-     -4-     -5-     -6-     -7-     -J-
基本组合+M(kN.m)     0.00   12.89   25.49   37.84   49.91   61.13   72.08   82.75   93.15
基本组合-M(kN.m)    -0.03    0.00    0.00    0.00    0.00    0.00    0.00    0.00    0.00
标准组合+M(kN.m)     0.00   10.55   20.87   31.01   40.95   50.25   59.36   68.26   76.96
标准组合-M(kN.m)    -0.02    0.00    0.00    0.00    0.00    0.00    0.00    0.00    0.00
准永久组合+M(kN.m)    0.00    8.36   16.51   24.48   32.24   39.36   46.29   53.01   59.53
准永久组合-M(kN.m)   -0.02    0.00    0.00    0.00    0.00    0.00    0.00    0.00    0.00
-As(mm2)              156.      0.      0.      0.      0.      0.      0.      0.      0.
+As(mm2)                0.    158.    321.    492.    672.    853.   1047.   1258.   1494.
基本组合Q(kN)        59.82   58.90   57.41   55.58   53.24   50.91   49.08   47.75   46.92
Asv(mm2)               28.     28.     28.     28.     28.     28.     28.     28.     28.
标准恒载M(kN.m)      -0.02    6.90   13.61   20.12   26.43   32.10   37.58   42.84   47.91
标准恒载Q(kN)        32.07   31.46   30.47   29.12   27.39   25.66   24.30   23.32   22.70
  
梁编号  34
B*H(mm)=150*150   L(mm)= 3960
                    -I-     -1-     -2-     -3-     -4-     -5-     -6-     -7-     -J-
基本组合+M(kN.m)     0.00    0.00    0.00    0.00    0.00    0.00    0.00    0.57    3.10
基本组合-M(kN.m)   -61.02  -47.81  -35.43  -24.83  -15.97   -8.83   -3.58   -0.19    0.00
标准组合+M(kN.m)     0.00    0.00    0.00    0.00    0.00    0.00    0.00    0.56    2.48
标准组合-M(kN.m)   -48.78  -38.18  -28.25  -19.75  -12.66   -6.97   -2.83   -0.22    0.00
准永久组合+M(kN.m)    0.00    0.00    0.00    0.00    0.00    0.00    0.00    0.26    2.08
准永久组合-M(kN.m)  -40.94  -32.12  -23.86  -16.77  -10.83   -6.03   -2.44   -0.05    0.00
-As(mm2)            99999.  99999.  99999.  99999.  99999.    275.     98.     45.      0.
+As(mm2)                0.      0.      0.      0.      0.      0.      0.     45.     84.
基本组合Q(kN)        27.40   26.14   23.16   19.66   16.16   12.66    9.16    6.18    4.94
Asv(mm2)               29.     25.     17.     17.     28.     28.     28.     28.     28.
标准恒载M(kN.m)     -35.71  -28.08  -20.94  -14.79   -9.61   -5.41   -2.18    0.06    1.81
标准恒载Q(kN)        15.84   15.08   13.40   11.44    9.47    7.51    5.55    3.86    3.11
  
梁编号  35
B*H(mm)=260*300   L(mm)= 1750
                    -I-     -1-     -2-     -3-     -4-     -5-     -6-     -7-     -J-
基本组合+M(kN.m)     0.00    1.49    2.72    3.62    4.19    3.64    2.75    1.54    0.00
基本组合-M(kN.m)    -0.08    0.00    0.00    0.00    0.00    0.00    0.00    0.00    0.00
标准组合+M(kN.m)     0.00    1.19    2.17    2.89    3.35    2.90    2.19    1.22    0.00
标准组合-M(kN.m)    -0.07    0.00    0.00    0.00    0.00    0.00    0.00    0.00    0.00
准永久组合+M(kN.m)    0.00    1.00    1.83    2.44    2.82    2.45    1.85    1.04    0.00
准永久组合-M(kN.m)   -0.06    0.00    0.00    0.00    0.00    0.00    0.00    0.00    0.00
-As(mm2)              156.      0.      0.      0.      0.      0.      0.      0.    156.
+As(mm2)                0.    156.    156.    156.    156.    156.    156.    156.      0.
基本组合Q(kN)         7.87    6.95    5.34    3.04    0.05   -2.96   -5.26   -6.87   -7.79
Asv(mm2)               28.     28.     28.     28.     28.     28.     28.     28.     28.
标准恒载M(kN.m)      -0.05    0.88    1.61    2.13    2.46    2.15    1.63    0.92    0.00
标准恒载Q(kN)         4.71    4.10    3.11    1.76    0.03   -1.70   -3.06   -4.05   -4.66
  
梁编号  36
B*H(mm)=150*150   L(mm)= 2700
                    -I-     -1-     -2-     -3-     -4-     -5-     -6-     -7-     -J-
基本组合+M(kN.m)     0.00    0.00    0.00    0.00    0.00    0.00    0.00    0.00    0.00
基本组合-M(kN.m)  -171.80 -155.48 -139.49 -123.99 -109.40  -95.61  -82.73  -70.40  -58.48
标准组合+M(kN.m)     0.00    0.00    0.00    0.00    0.00    0.00    0.00    0.00    0.00
标准组合-M(kN.m)  -137.51 -124.43 -111.61  -99.18  -87.49  -76.44  -66.13  -56.28  -46.77
准永久组合+M(kN.m)    0.00    0.00    0.00    0.00    0.00    0.00    0.00    0.00    0.00
准永久组合-M(kN.m) -115.06 -104.15  -93.47  -83.12  -73.36  -64.14  -55.51  -47.23  -39.21
-As(mm2)            99999.  99999.  99999.  99999.  99999.  99999.  99999.  99999.  99999.
+As(mm2)                0.      0.      0.      0.      0.      0.      0.      0.      0.
基本组合Q(kN)        48.83   48.16   46.67   44.43   42.04   39.66   37.42   35.93   35.26
Asv(mm2)               90.     88.     84.     77.     70.     64.     57.     53.     51.
标准恒载M(kN.m)    -100.09  -90.64  -81.39  -72.41  -63.95  -55.94  -48.43  -41.20  -34.17
标准恒载Q(kN)        28.28   27.87   27.01   25.75   24.41   23.07   21.81   20.96   20.55
  
梁编号  37
B*H(mm)=260*300   L(mm)= 1750
                    -I-     -1-     -2-     -3-     -4-     -5-     -6-     -7-     -J-
基本组合+M(kN.m)     0.00    0.00    0.00    0.00    0.00    0.00    0.00    0.00    0.00
基本组合-M(kN.m)    -0.14  -27.07  -54.32  -81.90 -109.81 -138.85 -168.21 -197.91 -227.93
标准组合+M(kN.m)     0.00    0.00    0.00    0.00    0.00    0.00    0.00    0.00    0.00
标准组合-M(kN.m)    -0.12  -21.72  -43.58  -65.70  -88.08 -111.37 -134.92 -158.73 -182.80
准永久组合+M(kN.m)    0.00    0.00    0.00    0.00    0.00    0.00    0.00    0.00    0.00
准永久组合-M(kN.m)   -0.10  -18.07  -36.26  -54.68  -73.32  -92.71 -112.32 -132.16 -152.22
-As(mm2)              156.    342.    742.   1240.   1757.  99999.  99999.  99999.  99999.
+As(mm2)                0.      0.      0.      0.      0.      0.      0.      0.      0.
基本组合Q(kN)      -122.38 -123.26 -124.87 -127.17 -130.16 -133.15 -135.46 -137.07 -137.99
Asv(mm2)               39.     40.     42.     45.     48.     51.     53.     55.     56.
标准恒载M(kN.m)      -0.08  -15.63  -31.38  -47.33  -63.48  -80.27  -97.26 -114.45 -131.84
标准恒载Q(kN)       -70.61  -71.22  -72.20  -73.56  -75.29  -77.02  -78.38  -79.36  -79.98
  
梁编号  38
B*H(mm)=150*150   L(mm)= 2700
                    -I-     -1-     -2-     -3-     -4-     -5-     -6-     -7-     -J-
基本组合+M(kN.m)     0.00    0.00    0.00    1.01    1.51    1.21    0.28    0.00    0.00
基本组合-M(kN.m)    -8.08   -5.62   -3.74   -2.25   -1.48   -1.32   -2.13   -3.47   -5.47
标准组合+M(kN.m)     0.00    0.00    0.13    1.18    1.54    1.25    0.51    0.00    0.00
标准组合-M(kN.m)    -6.79   -4.80   -3.33   -2.15   -1.51   -1.33   -1.94   -2.99   -4.64
准永久组合+M(kN.m)    0.00    0.00    0.00    0.24    0.62    0.47    0.00    0.00    0.00
准永久组合-M(kN.m)   -5.02   -3.40   -2.10   -1.09   -0.60   -0.56   -1.14   -2.07   -3.35
-As(mm2)              246.    161.    103.     60.     45.     45.     57.     95.    156.
+As(mm2)                0.      0.      0.     45.     45.     45.     45.      0.      0.
基本组合Q(kN)         8.74    8.07    6.58    4.34    1.98   -2.71   -4.95   -6.44   -7.11
Asv(mm2)               28.     28.     28.     28.     28.     28.     28.     28.     28.
标准恒载M(kN.m)      -3.84   -2.47   -1.28   -0.38    0.01   -0.05   -0.61   -1.46   -2.49
标准恒载Q(kN)         4.37    3.95    3.10    1.84    0.50   -0.84   -2.10   -2.95   -3.37
  
梁编号  39
B*H(mm)=260*300   L(mm)= 1750
                    -I-     -1-     -2-     -3-     -4-     -5-     -6-     -7-     -J-
基本组合+M(kN.m)     0.00    0.00    0.00    0.00    0.00    0.00    0.00    0.00    0.00
基本组合-M(kN.m)     0.00   -3.94   -8.16  -12.68  -17.57  -23.58  -29.92  -36.59  -43.59
标准组合+M(kN.m)     0.00    0.00    0.00    0.00    0.00    0.00    0.00    0.00    0.00
标准组合-M(kN.m)     0.00   -3.26   -6.73  -10.44  -14.43  -19.34  -24.51  -29.93  -35.61
准永久组合+M(kN.m)    0.00    0.00    0.00    0.00    0.00    0.00    0.00    0.00    0.00
准永久组合-M(kN.m)    0.00   -2.51   -5.22   -8.16  -11.32  -15.24  -19.38  -23.74  -28.33
-As(mm2)              156.    156.    156.    156.    217.    296.    381.    474.    576.
+As(mm2)                0.      0.      0.      0.      0.      0.      0.      0.      0.
基本组合Q(kN)       -17.39  -18.21  -19.61  -21.91  -24.91  -27.90  -30.20  -31.81  -32.73
Asv(mm2)               28.     28.     28.     28.     28.     28.     28.     28.     28.
标准恒载M(kN.m)       0.00   -2.01   -4.22   -6.64   -9.25  -12.51  -15.96  -19.61  -23.47
标准恒载Q(kN)        -8.73   -9.34  -10.33  -11.68  -13.41  -15.14  -16.50  -17.48  -18.10
