 =====按照抗震规范5.2.5计算的三段剪重比调整系数=====

 层号  塔号  累计质量     加速度调整系数  位移调整系数
    1   1         739.4  X      1.000         1.000
                         Y      1.000         1.000
    2   1         505.7  X      1.000         1.000
                         Y      1.000         1.000
    3   1         256.2  X      1.000         1.000
                         Y      1.000         1.000
 =====按照抗震规范5.2.5计算的三段剪重比调整系数=====

 层号  塔号  累计质量     加速度调整系数  位移调整系数
    1   1         739.4  X      1.000         1.000
                         Y      1.000         1.000
    2   1         505.7  X      1.000         1.000
                         Y      1.000         1.000
    3   1         256.2  X      1.000         1.000
                         Y      1.000         1.000
 =====按照抗震规范5.2.5计算的三段剪重比调整系数=====

 层号  塔号  累计质量     加速度调整系数  位移调整系数
    1   1         739.4  X      1.000         1.000
                         Y      1.000         1.000
    2   1         505.7  X      1.000         1.000
                         Y      1.000         1.000
    3   1         256.2  X      1.000         1.000
                         Y      1.000         1.000
