
           ----------------------------------------------------------
           |                   第  3 层配筋、验算                   |
           ----------------------------------------------------------
 N-WC=  1 (I= 764 J= 772) B*H*Lwc(m)= 0.22*  7.46*  3.30
           RMOR=  5.00 RB= 10.00
     砌体墙 蒸压砖                                                                                                                                                                                           
 ** (  1) V=     1.8 V_bear=     0.0  抗剪承载力与效应比  Ratio1=   0.000
 ** (  1) N=  -245.8 M=    -1.7 N_bear=     0.0  面外抗压承载力与效应比  Ratio2=   0.000
 ** (  1) N=  -245.8 N_bear=     0.0  面内抗压承载力与效应比  Ratio3=   0.000
 ----------------------------------------------------------------------------
 N-WC=  2 (I= 824 J= 832) B*H*Lwc(m)= 0.22*  7.46*  3.30
           RMOR=  5.00 RB= 10.00
     砌体墙 蒸压砖                                                                                                                                                                                           
 ** (  1) V=    16.2 V_bear=     0.0  抗剪承载力与效应比  Ratio1=   0.000
 ----------------------------------------------------------------------------
 N-WC=  3 (I= 845 J= 853) B*H*Lwc(m)= 0.22*  7.46*  3.30
           RMOR=  5.00 RB= 10.00
     砌体墙 蒸压砖                                                                                                                                                                                           
 ** (  1) V=    14.7 V_bear=     0.0  抗剪承载力与效应比  Ratio1=   0.000
 ----------------------------------------------------------------------------
 N-WC=  4 (I= 906 J= 915) B*H*Lwc(m)= 0.24*  6.24*  3.30
           RMOR=  5.00 RB= 10.00
     砌体墙 蒸压砖                                                                                                                                                                                           
 ** (  1) V=    11.2 V_bear=     0.0  抗剪承载力与效应比  Ratio1=   0.000
 ----------------------------------------------------------------------------
 N-WC=  5 (I= 918 J= 919) B*H*Lwc(m)= 0.24*  0.32*  3.30
           RMOR=  5.00 RB= 10.00
     砌体墙 蒸压砖                                                                                                                                                                                           
 ** (  1) V=     0.0 V_bear=     0.0  抗剪承载力与效应比  Ratio1=   0.000
 ----------------------------------------------------------------------------
 N-WC=  6 (I= 929 J= 930) B*H*Lwc(m)= 0.24*  0.93*  3.30
           RMOR=  5.00 RB= 10.00
     砌体墙 蒸压砖                                                                                                                                                                                           
 ** (  1) V=     4.3 V_bear=     0.0  抗剪承载力与效应比  Ratio1=   0.000
 ----------------------------------------------------------------------------
 N-WC=  7 (I= 934 J= 938) B*H*Lwc(m)= 0.24*  2.84*  3.30
           RMOR=  5.00 RB= 10.00
     砌体墙 蒸压砖                                                                                                                                                                                           
 ** (  1) V=     6.4 V_bear=     0.0  抗剪承载力与效应比  Ratio1=   0.000
 ----------------------------------------------------------------------------
 N-WC=  8 (I= 942 J= 943) B*H*Lwc(m)= 0.24*  0.69*  3.30
           RMOR=  5.00 RB= 10.00
     砌体墙 蒸压砖                                                                                                                                                                                           
 ** (  1) V=    -4.9 V_bear=     0.0  抗剪承载力与效应比  Ratio1=   0.000
 ----------------------------------------------------------------------------
 N-WC=  9 (I= 764 J= 775) B*H*Lwc(m)= 0.24*  0.89*  3.30
           RMOR=  5.00 RB= 10.00
     砌体墙 蒸压砖                                                                                                                                                                                           
 ** (  1) V=    10.5 V_bear=     0.0  抗剪承载力与效应比  Ratio1=   0.000
 ----------------------------------------------------------------------------
 N-WC= 10 (I= 779 J= 788) B*H*Lwc(m)= 0.24*  1.51*  3.30
           RMOR=  5.00 RB= 10.00
     砌体墙 蒸压砖                                                                                                                                                                                           
 ** (  1) V=    12.8 V_bear=     0.0  抗剪承载力与效应比  Ratio1=   0.000
 ----------------------------------------------------------------------------
 N-WC= 11 (I= 799 J= 810) B*H*Lwc(m)= 0.24*  1.41*  3.30
           RMOR=  5.00 RB= 10.00
     砌体墙 蒸压砖                                                                                                                                                                                           
 ** (  1) V=    -6.7 V_bear=     0.0  抗剪承载力与效应比  Ratio1=   0.000
 ----------------------------------------------------------------------------
 N-WC= 12 (I= 818 J= 839) B*H*Lwc(m)= 0.24*  3.31*  3.30
           RMOR=  5.00 RB= 10.00
     砌体墙 蒸压砖                                                                                                                                                                                           
 ** (  1) V=   -10.2 V_bear=     0.0  抗剪承载力与效应比  Ratio1=   0.000
 ----------------------------------------------------------------------------
 N-WC= 13 (I= 843 J= 858) B*H*Lwc(m)= 0.24*  1.17*  3.30
           RMOR=  5.00 RB= 10.00
     砌体墙 蒸压砖                                                                                                                                                                                           
 ** (  1) V=     6.2 V_bear=     0.0  抗剪承载力与效应比  Ratio1=   0.000
 ----------------------------------------------------------------------------
 N-WC= 14 (I= 865 J= 875) B*H*Lwc(m)= 0.24*  1.41*  3.30
           RMOR=  5.00 RB= 10.00
     砌体墙 蒸压砖                                                                                                                                                                                           
 ** (  1) V=    10.6 V_bear=     0.0  抗剪承载力与效应比  Ratio1=   0.000
 ----------------------------------------------------------------------------
 N-WC= 15 (I= 883 J= 892) B*H*Lwc(m)= 0.24*  1.41*  3.30
           RMOR=  5.00 RB= 10.00
     砌体墙 蒸压砖                                                                                                                                                                                           
 ** (  1) V=   -16.0 V_bear=     0.0  抗剪承载力与效应比  Ratio1=   0.000
 ----------------------------------------------------------------------------
 N-WC= 16 (I= 900 J= 929) B*H*Lwc(m)= 0.24*  4.85*  3.30
           RMOR=  5.00 RB= 10.00
     砌体墙 蒸压砖                                                                                                                                                                                           
 ** (  1) V=   -23.8 V_bear=     0.0  抗剪承载力与效应比  Ratio1=   0.000
 ----------------------------------------------------------------------------
 N-WC= 17 (I= 770 J= 773) B*H*Lwc(m)= 0.24*  0.23*  3.30
           RMOR=  5.00 RB= 10.00
     砌体墙 蒸压砖                                                                                                                                                                                           
 ** (  1) V=     1.3 V_bear=     0.0  抗剪承载力与效应比  Ratio1=   0.000
 ----------------------------------------------------------------------------
 N-WC= 18 (I= 776 J= 787) B*H*Lwc(m)= 0.24*  1.90*  3.30
           RMOR=  5.00 RB= 10.00
     砌体墙 蒸压砖                                                                                                                                                                                           
 ** (  1) V=    22.3 V_bear=     0.0  抗剪承载力与效应比  Ratio1=   0.000
 ----------------------------------------------------------------------------
 N-WC= 19 (I= 790 J= 796) B*H*Lwc(m)= 0.24*  0.77*  3.30
           RMOR=  5.00 RB= 10.00
     砌体墙 蒸压砖                                                                                                                                                                                           
 ** (  1) V=     4.8 V_bear=     0.0  抗剪承载力与效应比  Ratio1=   0.000
 ----------------------------------------------------------------------------
 N-WC= 20 (I= 800 J= 809) B*H*Lwc(m)= 0.24*  1.17*  3.30
           RMOR=  5.00 RB= 10.00
     砌体墙 蒸压砖                                                                                                                                                                                           
 ** (  1) V=    -9.7 V_bear=     0.0  抗剪承载力与效应比  Ratio1=   0.000
 ----------------------------------------------------------------------------
 N-WC= 21 (I= 813 J= 817) B*H*Lwc(m)= 0.24*  0.50*  3.30
           RMOR=  5.00 RB= 10.00
     砌体墙 蒸压砖                                                                                                                                                                                           
 ** (  1) V=    -5.8 V_bear=     0.0  抗剪承载力与效应比  Ratio1=   0.000
 ----------------------------------------------------------------------------
 N-WC= 22 (I= 822 J= 830) B*H*Lwc(m)= 0.24*  0.23*  3.30
           RMOR=  5.00 RB= 10.00
     砌体墙 蒸压砖                                                                                                                                                                                           
 ** (  1) V=    -0.1 V_bear=     0.0  抗剪承载力与效应比  Ratio1=   0.000
 ----------------------------------------------------------------------------
 N-WC= 23 (I= 838 J= 854) B*H*Lwc(m)= 0.24*  2.03*  3.30
           RMOR=  5.00 RB= 10.00
     砌体墙 蒸压砖                                                                                                                                                                                           
 ** (  1) V=     7.0 V_bear=     0.0  抗剪承载力与效应比  Ratio1=   0.000
 ----------------------------------------------------------------------------
 N-WC= 24 (I= 860 J= 864) B*H*Lwc(m)= 0.24*  0.50*  3.30
           RMOR=  5.00 RB= 10.00
     砌体墙 蒸压砖                                                                                                                                                                                           
 ** (  1) V=     7.5 V_bear=     0.0  抗剪承载力与效应比  Ratio1=   0.000
 ----------------------------------------------------------------------------
 N-WC= 25 (I= 867 J= 876) B*H*Lwc(m)= 0.24*  1.17*  3.30
           RMOR=  5.00 RB= 10.00
     砌体墙 蒸压砖                                                                                                                                                                                           
 ** (  1) V=    11.0 V_bear=     0.0  抗剪承载力与效应比  Ratio1=   0.000
 ----------------------------------------------------------------------------
 N-WC= 26 (I= 884 J= 891) B*H*Lwc(m)= 0.24*  1.17*  3.30
           RMOR=  5.00 RB= 10.00
     砌体墙 蒸压砖                                                                                                                                                                                           
 ** (  1) V=   -12.0 V_bear=     0.0  抗剪承载力与效应比  Ratio1=   0.000
 ----------------------------------------------------------------------------
 N-WC= 27 (I= 895 J= 899) B*H*Lwc(m)= 0.24*  0.50*  3.30
           RMOR=  5.00 RB= 10.00
     砌体墙 蒸压砖                                                                                                                                                                                           
 ** (  1) V=    -8.3 V_bear=     0.0  抗剪承载力与效应比  Ratio1=   0.000
 ----------------------------------------------------------------------------
 N-WC= 28 (I= 904 J= 914) B*H*Lwc(m)= 0.24*  0.23*  3.30
           RMOR=  5.00 RB= 10.00
     砌体墙 蒸压砖                                                                                                                                                                                           
 ** (  1) V=    -0.8 V_bear=     0.0  抗剪承载力与效应比  Ratio1=   0.000
 ----------------------------------------------------------------------------
 N-WC= 29 (I= 919 J= 921) B*H*Lwc(m)= 0.24*  1.23*  3.30
           RMOR=  5.00 RB= 10.00
     砌体墙 蒸压砖                                                                                                                                                                                           
 ** (  1) V=     4.3 V_bear=     0.0  抗剪承载力与效应比  Ratio1=   0.000
 ----------------------------------------------------------------------------
 N-WC= 30 (I= 926 J= 943) B*H*Lwc(m)= 0.24*  1.23*  3.30
           RMOR=  5.00 RB= 10.00
     砌体墙 蒸压砖                                                                                                                                                                                           
 ** (  1) V=    -5.3 V_bear=     0.0  抗剪承载力与效应比  Ratio1=   0.000
 ----------------------------------------------------------------------------
 N-WC= 31 (I= 784 J= 786) B*H*Lwc(m)= 0.12*  1.50*  3.30
           RMOR=  5.00 RB= 10.00
     砌体墙 蒸压砖                                                                                                                                                                                           
 ** (  1) V=    -9.7 V_bear=     0.0  抗剪承载力与效应比  Ratio1=   0.000
 ----------------------------------------------------------------------------
 N-WC= 32 (I= 804 J= 806) B*H*Lwc(m)= 0.12*  1.50*  3.30
           RMOR=  5.00 RB= 10.00
     砌体墙 蒸压砖                                                                                                                                                                                           
 ** (  1) V=   -10.4 V_bear=     0.0  抗剪承载力与效应比  Ratio1=   0.000
 ----------------------------------------------------------------------------
 N-WC= 33 (I= 872 J= 874) B*H*Lwc(m)= 0.12*  1.50*  3.30
           RMOR=  5.00 RB= 10.00
     砌体墙 蒸压砖                                                                                                                                                                                           
 ** (  1) V=   -11.5 V_bear=     0.0  抗剪承载力与效应比  Ratio1=   0.000
 ----------------------------------------------------------------------------
 N-WC= 34 (I= 887 J= 889) B*H*Lwc(m)= 0.12*  1.50*  3.30
           RMOR=  5.00 RB= 10.00
     砌体墙 蒸压砖                                                                                                                                                                                           
 ** (  1) V=   -11.4 V_bear=     0.0  抗剪承载力与效应比  Ratio1=   0.000
 ----------------------------------------------------------------------------

           ----------------------------------------------------------
           |                   第  2 层配筋、验算                   |
           ----------------------------------------------------------
 N-WC=  1 (I= 493 J= 501) B*H*Lwc(m)= 0.22*  7.46*  3.30
           RMOR=  5.00 RB= 10.00
     砌体墙 蒸压砖                                                                                                                                                                                           
 ** (  1) V=   -30.4 V_bear=     0.0  抗剪承载力与效应比  Ratio1=   0.000
 ----------------------------------------------------------------------------
 N-WC=  2 (I= 545 J= 553) B*H*Lwc(m)= 0.22*  7.46*  3.30
           RMOR=  5.00 RB= 10.00
     砌体墙 蒸压砖                                                                                                                                                                                           
 ** (  1) V=     1.4 V_bear=     0.0  抗剪承载力与效应比  Ratio1=   0.000
 ----------------------------------------------------------------------------
 N-WC=  3 (I= 564 J= 572) B*H*Lwc(m)= 0.22*  7.46*  3.30
           RMOR=  5.00 RB= 10.00
     砌体墙 蒸压砖                                                                                                                                                                                           
 ** (  1) V=    11.5 V_bear=     0.0  抗剪承载力与效应比  Ratio1=   0.000
 ----------------------------------------------------------------------------
 N-WC=  4 (I= 617 J= 624) B*H*Lwc(m)= 0.24*  6.24*  3.30
           RMOR=  5.00 RB= 10.00
     砌体墙 蒸压砖                                                                                                                                                                                           
 ** (  1) V=    -9.1 V_bear=     0.0  抗剪承载力与效应比  Ratio1=   0.000
 ----------------------------------------------------------------------------
 N-WC=  5 (I= 626 J= 627) B*H*Lwc(m)= 0.24*  0.32*  3.30
           RMOR=  5.00 RB= 10.00
     砌体墙 蒸压砖                                                                                                                                                                                           
 ** (  1) V=     0.1 V_bear=     0.0  抗剪承载力与效应比  Ratio1=   0.000
 ----------------------------------------------------------------------------
 N-WC=  6 (I= 636 J= 637) B*H*Lwc(m)= 0.24*  0.93*  3.30
           RMOR=  5.00 RB= 10.00
     砌体墙 蒸压砖                                                                                                                                                                                           
 ** (  1) V=     1.1 V_bear=     0.0  抗剪承载力与效应比  Ratio1=   0.000
 ----------------------------------------------------------------------------
 N-WC=  7 (I= 640 J= 644) B*H*Lwc(m)= 0.24*  2.72*  3.30
           RMOR=  5.00 RB= 10.00
     砌体墙 蒸压砖                                                                                                                                                                                           
 ** (  1) V=    -1.0 V_bear=     0.0  抗剪承载力与效应比  Ratio1=   0.000
 ----------------------------------------------------------------------------
 N-WC=  8 (I= 647 J= 648) B*H*Lwc(m)= 0.24*  0.81*  3.30
           RMOR=  5.00 RB= 10.00
     砌体墙 蒸压砖                                                                                                                                                                                           
 ** (  1) V=   -11.2 V_bear=     0.0  抗剪承载力与效应比  Ratio1=   0.000
 ----------------------------------------------------------------------------
 N-WC=  9 (I= 493 J= 504) B*H*Lwc(m)= 0.24*  0.89*  3.30
           RMOR=  5.00 RB= 10.00
     砌体墙 蒸压砖                                                                                                                                                                                           
 ** (  1) V=     5.5 V_bear=     0.0  抗剪承载力与效应比  Ratio1=   0.000
 ----------------------------------------------------------------------------
 N-WC= 10 (I= 507 J= 515) B*H*Lwc(m)= 0.24*  1.51*  3.30
           RMOR=  5.00 RB= 10.00
     砌体墙 蒸压砖                                                                                                                                                                                           
 ** (  1) V=     7.2 V_bear=     0.0  抗剪承载力与效应比  Ratio1=   0.000
 ----------------------------------------------------------------------------
 N-WC= 11 (I= 525 J= 533) B*H*Lwc(m)= 0.24*  1.41*  3.30
           RMOR=  5.00 RB= 10.00
     砌体墙 蒸压砖                                                                                                                                                                                           
 ** (  1) V=    -3.4 V_bear=     0.0  抗剪承载力与效应比  Ratio1=   0.000
 ----------------------------------------------------------------------------
 N-WC= 12 (I= 541 J= 559) B*H*Lwc(m)= 0.24*  3.31*  3.30
           RMOR=  5.00 RB= 10.00
     砌体墙 蒸压砖                                                                                                                                                                                           
 ** (  1) V=     2.8 V_bear=     0.0  抗剪承载力与效应比  Ratio1=   0.000
 ----------------------------------------------------------------------------
 N-WC= 13 (I= 562 J= 575) B*H*Lwc(m)= 0.24*  1.17*  3.30
           RMOR=  5.00 RB= 10.00
     砌体墙 蒸压砖                                                                                                                                                                                           
 ** (  1) V=     3.5 V_bear=     0.0  抗剪承载力与效应比  Ratio1=   0.000
 ----------------------------------------------------------------------------
 N-WC= 14 (I= 582 J= 590) B*H*Lwc(m)= 0.24*  1.41*  3.30
           RMOR=  5.00 RB= 10.00
     砌体墙 蒸压砖                                                                                                                                                                                           
 ** (  1) V=    12.7 V_bear=     0.0  抗剪承载力与效应比  Ratio1=   0.000
 ----------------------------------------------------------------------------
 N-WC= 15 (I= 596 J= 605) B*H*Lwc(m)= 0.24*  1.41*  3.30
           RMOR=  5.00 RB= 10.00
     砌体墙 蒸压砖                                                                                                                                                                                           
 ** (  1) V=   -14.2 V_bear=     0.0  抗剪承载力与效应比  Ratio1=   0.000
 ----------------------------------------------------------------------------
 N-WC= 16 (I= 613 J= 636) B*H*Lwc(m)= 0.24*  4.85*  3.30
           RMOR=  5.00 RB= 10.00
     砌体墙 蒸压砖                                                                                                                                                                                           
 ** (  1) V=   -19.4 V_bear=     0.0  抗剪承载力与效应比  Ratio1=   0.000
 ----------------------------------------------------------------------------
 N-WC= 17 (I= 499 J= 502) B*H*Lwc(m)= 0.24*  0.23*  3.30
           RMOR=  5.00 RB= 10.00
     砌体墙 蒸压砖                                                                                                                                                                                           
 ** (  1) V=     0.4 V_bear=     0.0  抗剪承载力与效应比  Ratio1=   0.000
 ----------------------------------------------------------------------------
 N-WC= 18 (I= 505 J= 514) B*H*Lwc(m)= 0.24*  1.90*  3.30
           RMOR=  5.00 RB= 10.00
     砌体墙 蒸压砖                                                                                                                                                                                           
 ** (  1) V=    29.2 V_bear=     0.0  抗剪承载力与效应比  Ratio1=   0.000
 ----------------------------------------------------------------------------
 N-WC= 19 (I= 518 J= 522) B*H*Lwc(m)= 0.24*  0.77*  3.30
           RMOR=  5.00 RB= 10.00
     砌体墙 蒸压砖                                                                                                                                                                                           
 ** (  1) V=     5.5 V_bear=     0.0  抗剪承载力与效应比  Ratio1=   0.000
 ----------------------------------------------------------------------------
 N-WC= 20 (I= 526 J= 532) B*H*Lwc(m)= 0.24*  1.17*  3.30
           RMOR=  5.00 RB= 10.00
     砌体墙 蒸压砖                                                                                                                                                                                           
 ** (  1) V=   -19.1 V_bear=     0.0  抗剪承载力与效应比  Ratio1=   0.000
 ----------------------------------------------------------------------------
 N-WC= 21 (I= 536 J= 540) B*H*Lwc(m)= 0.24*  0.50*  3.30
           RMOR=  5.00 RB= 10.00
     砌体墙 蒸压砖                                                                                                                                                                                           
 ** (  1) V=    -9.9 V_bear=     0.0  抗剪承载力与效应比  Ratio1=   0.000
 ----------------------------------------------------------------------------
 N-WC= 22 (I= 543 J= 551) B*H*Lwc(m)= 0.24*  0.23*  3.30
           RMOR=  5.00 RB= 10.00
     砌体墙 蒸压砖                                                                                                                                                                                           
 ** (  1) V=     2.2 V_bear=     0.0  抗剪承载力与效应比  Ratio1=   0.000
 ----------------------------------------------------------------------------
 N-WC= 23 (I= 558 J= 573) B*H*Lwc(m)= 0.24*  2.03*  3.30
           RMOR=  5.00 RB= 10.00
     砌体墙 蒸压砖                                                                                                                                                                                           
 ** (  1) V=    -5.5 V_bear=     0.0  抗剪承载力与效应比  Ratio1=   0.000
 ----------------------------------------------------------------------------
 N-WC= 24 (I= 577 J= 581) B*H*Lwc(m)= 0.24*  0.50*  3.30
           RMOR=  5.00 RB= 10.00
     砌体墙 蒸压砖                                                                                                                                                                                           
 ** (  1) V=    10.8 V_bear=     0.0  抗剪承载力与效应比  Ratio1=   0.000
 ----------------------------------------------------------------------------
 N-WC= 25 (I= 584 J= 591) B*H*Lwc(m)= 0.24*  1.17*  3.30
           RMOR=  5.00 RB= 10.00
     砌体墙 蒸压砖                                                                                                                                                                                           
 ** (  1) V=    13.3 V_bear=     0.0  抗剪承载力与效应比  Ratio1=   0.000
 ----------------------------------------------------------------------------
 N-WC= 26 (I= 597 J= 604) B*H*Lwc(m)= 0.24*  1.17*  3.30
           RMOR=  5.00 RB= 10.00
     砌体墙 蒸压砖                                                                                                                                                                                           
 ** (  1) V=   -13.8 V_bear=     0.0  抗剪承载力与效应比  Ratio1=   0.000
 ----------------------------------------------------------------------------
 N-WC= 27 (I= 608 J= 612) B*H*Lwc(m)= 0.24*  0.50*  3.30
           RMOR=  5.00 RB= 10.00
     砌体墙 蒸压砖                                                                                                                                                                                           
 ** (  1) V=   -11.6 V_bear=     0.0  抗剪承载力与效应比  Ratio1=   0.000
 ----------------------------------------------------------------------------
 N-WC= 28 (I= 615 J= 623) B*H*Lwc(m)= 0.24*  0.23*  3.30
           RMOR=  5.00 RB= 10.00
     砌体墙 蒸压砖                                                                                                                                                                                           
 ** (  1) V=    -0.1 V_bear=     0.0  抗剪承载力与效应比  Ratio1=   0.000
 ----------------------------------------------------------------------------
 N-WC= 29 (I= 627 J= 629) B*H*Lwc(m)= 0.24*  1.23*  3.30
           RMOR=  5.00 RB= 10.00
     砌体墙 蒸压砖                                                                                                                                                                                           
 ** (  1) V=     6.2 V_bear=     0.0  抗剪承载力与效应比  Ratio1=   0.000
 ----------------------------------------------------------------------------
 N-WC= 30 (I= 633 J= 648) B*H*Lwc(m)= 0.24*  1.23*  3.30
           RMOR=  5.00 RB= 10.00
     砌体墙 蒸压砖                                                                                                                                                                                           
 ** (  1) V=    -4.6 V_bear=     0.0  抗剪承载力与效应比  Ratio1=   0.000
 ----------------------------------------------------------------------------
 N-WC= 31 (I= 511 J= 513) B*H*Lwc(m)= 0.12*  1.50*  3.30
           RMOR=  5.00 RB= 10.00
     砌体墙 蒸压砖                                                                                                                                                                                           
 ** (  1) V=     9.2 V_bear=     0.0  抗剪承载力与效应比  Ratio1=   0.000
 ----------------------------------------------------------------------------
 N-WC= 32 (I= 529 J= 531) B*H*Lwc(m)= 0.12*  1.50*  3.30
           RMOR=  5.00 RB= 10.00
     砌体墙 蒸压砖                                                                                                                                                                                           
 ** (  1) V=     9.5 V_bear=     0.0  抗剪承载力与效应比  Ratio1=   0.000
 ----------------------------------------------------------------------------
 N-WC= 33 (I= 587 J= 589) B*H*Lwc(m)= 0.12*  1.50*  3.30
           RMOR=  5.00 RB= 10.00
     砌体墙 蒸压砖                                                                                                                                                                                           
 ** (  1) V=    11.7 V_bear=     0.0  抗剪承载力与效应比  Ratio1=   0.000
 ----------------------------------------------------------------------------
 N-WC= 34 (I= 600 J= 602) B*H*Lwc(m)= 0.12*  1.50*  3.30
           RMOR=  5.00 RB= 10.00
     砌体墙 蒸压砖                                                                                                                                                                                           
 ** (  1) V=    10.9 V_bear=     0.0  抗剪承载力与效应比  Ratio1=   0.000
 ----------------------------------------------------------------------------

           ----------------------------------------------------------
           |                   第  1 层配筋、验算                   |
           ----------------------------------------------------------
 N-WC=  1 (I= 212 J= 214) B*H*Lwc(m)= 0.24*  1.93*  3.30
           RMOR=  5.00 RB= 10.00
     砌体墙 蒸压砖                                                                                                                                                                                           
 ** (  1) V=    12.6 V_bear=     0.0  抗剪承载力与效应比  Ratio1=   0.000
 ----------------------------------------------------------------------------
 N-WC=  2 (I= 217 J= 221) B*H*Lwc(m)= 0.19*  3.73*  3.30
           RMOR=  5.00 RB= 10.00
     砌体墙 蒸压砖                                                                                                                                                                                           
 ** (  1) V=   -20.4 V_bear=     0.0  抗剪承载力与效应比  Ratio1=   0.000
 ----------------------------------------------------------------------------
 N-WC=  3 (I= 263 J= 269) B*H*Lwc(m)= 0.24*  5.96*  3.30
           RMOR=  5.00 RB= 10.00
     砌体墙 蒸压砖                                                                                                                                                                                           
 ** (  1) V=    -5.3 V_bear=     0.0  抗剪承载力与效应比  Ratio1=   0.000
 ----------------------------------------------------------------------------
 N-WC=  4 (I= 282 J= 288) B*H*Lwc(m)= 0.24*  5.96*  3.30
           RMOR=  5.00 RB= 10.00
     砌体墙 蒸压砖                                                                                                                                                                                           
 ** (  1) V=     7.9 V_bear=     0.0  抗剪承载力与效应比  Ratio1=   0.000
 ----------------------------------------------------------------------------
 N-WC=  5 (I= 330 J= 337) B*H*Lwc(m)= 0.24*  6.24*  3.30
           RMOR=  5.00 RB= 10.00
     砌体墙 蒸压砖                                                                                                                                                                                           
 ** (  1) V=     0.0 V_bear=     0.0  抗剪承载力与效应比  Ratio1=   0.000
 ----------------------------------------------------------------------------
 N-WC=  6 (I= 339 J= 340) B*H*Lwc(m)= 0.24*  0.32*  3.30
           RMOR=  5.00 RB= 10.00
     砌体墙 蒸压砖                                                                                                                                                                                           
 ** (  1) V=    -0.1 V_bear=     0.0  抗剪承载力与效应比  Ratio1=   0.000
 ----------------------------------------------------------------------------
 N-WC=  7 (I= 349 J= 350) B*H*Lwc(m)= 0.24*  0.93*  3.30
           RMOR=  5.00 RB= 10.00
     砌体墙 蒸压砖                                                                                                                                                                                           
 ** (  1) V=     0.9 V_bear=     0.0  抗剪承载力与效应比  Ratio1=   0.000
 ----------------------------------------------------------------------------
 N-WC=  8 (I= 353 J= 356) B*H*Lwc(m)= 0.24*  2.60*  3.30
           RMOR=  5.00 RB= 10.00
     砌体墙 蒸压砖                                                                                                                                                                                           
 ** (  1) V=     4.9 V_bear=     0.0  抗剪承载力与效应比  Ratio1=   0.000
 ----------------------------------------------------------------------------
 N-WC=  9 (I= 359 J= 360) B*H*Lwc(m)= 0.24*  0.93*  3.30
           RMOR=  5.00 RB= 10.00
     砌体墙 蒸压砖                                                                                                                                                                                           
 ** (  1) V=   -13.7 V_bear=     0.0  抗剪承载力与效应比  Ratio1=   0.000
 ----------------------------------------------------------------------------
 N-WC= 10 (I= 212 J= 224) B*H*Lwc(m)= 0.24*  0.89*  3.30
           RMOR=  5.00 RB= 10.00
     砌体墙 蒸压砖                                                                                                                                                                                           
 ** (  1) V=     5.2 V_bear=     0.0  抗剪承载力与效应比  Ratio1=   0.000
 ----------------------------------------------------------------------------
 N-WC= 11 (I= 229 J= 238) B*H*Lwc(m)= 0.24*  1.41*  3.30
           RMOR=  5.00 RB= 10.00
     砌体墙 蒸压砖                                                                                                                                                                                           
 ** (  1) V=     5.3 V_bear=     0.0  抗剪承载力与效应比  Ratio1=   0.000
 ----------------------------------------------------------------------------
 N-WC= 12 (I= 244 J= 253) B*H*Lwc(m)= 0.24*  1.41*  3.30
           RMOR=  5.00 RB= 10.00
     砌体墙 蒸压砖                                                                                                                                                                                           
 ** (  1) V=    -2.2 V_bear=     0.0  抗剪承载力与效应比  Ratio1=   0.000
 ----------------------------------------------------------------------------
 N-WC= 13 (I= 259 J= 272) B*H*Lwc(m)= 0.24*  1.94*  3.30
           RMOR=  5.00 RB= 10.00
     砌体墙 蒸压砖                                                                                                                                                                                           
 ** (  1) V=     5.5 V_bear=     0.0  抗剪承载力与效应比  Ratio1=   0.000
 ----------------------------------------------------------------------------
 N-WC= 14 (I= 278 J= 293) B*H*Lwc(m)= 0.24*  1.94*  3.30
           RMOR=  5.00 RB= 10.00
     砌体墙 蒸压砖                                                                                                                                                                                           
 ** (  1) V=     2.6 V_bear=     0.0  抗剪承载力与效应比  Ratio1=   0.000
 ----------------------------------------------------------------------------
 N-WC= 15 (I= 298 J= 306) B*H*Lwc(m)= 0.24*  1.41*  3.30
           RMOR=  5.00 RB= 10.00
     砌体墙 蒸压砖                                                                                                                                                                                           
 ** (  1) V=     6.7 V_bear=     0.0  抗剪承载力与效应比  Ratio1=   0.000
 ----------------------------------------------------------------------------
 N-WC= 16 (I= 312 J= 320) B*H*Lwc(m)= 0.24*  1.41*  3.30
           RMOR=  5.00 RB= 10.00
     砌体墙 蒸压砖                                                                                                                                                                                           
 ** (  1) V=    -6.1 V_bear=     0.0  抗剪承载力与效应比  Ratio1=   0.000
 ----------------------------------------------------------------------------
 N-WC= 17 (I= 326 J= 349) B*H*Lwc(m)= 0.24*  4.85*  3.30
           RMOR=  5.00 RB= 10.00
     砌体墙 蒸压砖                                                                                                                                                                                           
 ** (  1) V=   -14.0 V_bear=     0.0  抗剪承载力与效应比  Ratio1=   0.000
 ----------------------------------------------------------------------------
 N-WC= 18 (I= 219 J= 222) B*H*Lwc(m)= 0.24*  0.23*  3.30
           RMOR=  5.00 RB= 10.00
     砌体墙 蒸压砖                                                                                                                                                                                           
 ** (  1) V=     0.6 V_bear=     0.0  抗剪承载力与效应比  Ratio1=   0.000
 ----------------------------------------------------------------------------
 N-WC= 19 (I= 225 J= 228) B*H*Lwc(m)= 0.24*  0.50*  3.30
           RMOR=  5.00 RB= 10.00
     砌体墙 蒸压砖                                                                                                                                                                                           
 ** (  1) V=     7.1 V_bear=     0.0  抗剪承载力与效应比  Ratio1=   0.000
 ----------------------------------------------------------------------------
 N-WC= 20 (I= 231 J= 239) B*H*Lwc(m)= 0.24*  1.17*  3.30
           RMOR=  5.00 RB= 10.00
     砌体墙 蒸压砖                                                                                                                                                                                           
 ** (  1) V=     7.5 V_bear=     0.0  抗剪承载力与效应比  Ratio1=   0.000
 ----------------------------------------------------------------------------
 N-WC= 21 (I= 245 J= 252) B*H*Lwc(m)= 0.24*  1.17*  3.30
           RMOR=  5.00 RB= 10.00
     砌体墙 蒸压砖                                                                                                                                                                                           
 ** (  1) V=    -6.6 V_bear=     0.0  抗剪承载力与效应比  Ratio1=   0.000
 ----------------------------------------------------------------------------
 N-WC= 22 (I= 255 J= 258) B*H*Lwc(m)= 0.24*  0.50*  3.30
           RMOR=  5.00 RB= 10.00
     砌体墙 蒸压砖                                                                                                                                                                                           
 ** (  1) V=    -7.2 V_bear=     0.0  抗剪承载力与效应比  Ratio1=   0.000
 ----------------------------------------------------------------------------
 N-WC= 23 (I= 261 J= 273) B*H*Lwc(m)= 0.24*  1.28*  3.30
           RMOR=  5.00 RB= 10.00
     砌体墙 蒸压砖                                                                                                                                                                                           
 ** (  1) V=    -2.6 V_bear=     0.0  抗剪承载力与效应比  Ratio1=   0.000
 ----------------------------------------------------------------------------
 N-WC= 24 (I= 279 J= 291) B*H*Lwc(m)= 0.24*  1.28*  3.30
           RMOR=  5.00 RB= 10.00
     砌体墙 蒸压砖                                                                                                                                                                                           
 ** (  1) V=    -3.0 V_bear=     0.0  抗剪承载力与效应比  Ratio1=   0.000
 ----------------------------------------------------------------------------
 N-WC= 25 (I= 294 J= 297) B*H*Lwc(m)= 0.24*  0.50*  3.30
           RMOR=  5.00 RB= 10.00
     砌体墙 蒸压砖                                                                                                                                                                                           
 ** (  1) V=     7.1 V_bear=     0.0  抗剪承载力与效应比  Ratio1=   0.000
 ----------------------------------------------------------------------------
 N-WC= 26 (I= 300 J= 307) B*H*Lwc(m)= 0.24*  1.17*  3.30
           RMOR=  5.00 RB= 10.00
     砌体墙 蒸压砖                                                                                                                                                                                           
 ** (  1) V=     5.3 V_bear=     0.0  抗剪承载力与效应比  Ratio1=   0.000
 ----------------------------------------------------------------------------
 N-WC= 27 (I= 313 J= 319) B*H*Lwc(m)= 0.24*  1.17*  3.30
           RMOR=  5.00 RB= 10.00
     砌体墙 蒸压砖                                                                                                                                                                                           
 ** (  1) V=    -5.8 V_bear=     0.0  抗剪承载力与效应比  Ratio1=   0.000
 ----------------------------------------------------------------------------
 N-WC= 28 (I= 322 J= 325) B*H*Lwc(m)= 0.24*  0.50*  3.30
           RMOR=  5.00 RB= 10.00
     砌体墙 蒸压砖                                                                                                                                                                                           
 ** (  1) V=    -7.3 V_bear=     0.0  抗剪承载力与效应比  Ratio1=   0.000
 ----------------------------------------------------------------------------
 N-WC= 29 (I= 328 J= 336) B*H*Lwc(m)= 0.24*  0.23*  3.30
           RMOR=  5.00 RB= 10.00
     砌体墙 蒸压砖                                                                                                                                                                                           
 ** (  1) V=    -0.3 V_bear=     0.0  抗剪承载力与效应比  Ratio1=   0.000
 ----------------------------------------------------------------------------
 N-WC= 30 (I= 340 J= 342) B*H*Lwc(m)= 0.24*  1.23*  3.30
           RMOR=  5.00 RB= 10.00
     砌体墙 蒸压砖                                                                                                                                                                                           
 ** (  1) V=     5.4 V_bear=     0.0  抗剪承载力与效应比  Ratio1=   0.000
 ----------------------------------------------------------------------------
 N-WC= 31 (I= 346 J= 360) B*H*Lwc(m)= 0.24*  1.23*  3.30
           RMOR=  5.00 RB= 10.00
     砌体墙 蒸压砖                                                                                                                                                                                           
 ** (  1) V=    -3.6 V_bear=     0.0  抗剪承载力与效应比  Ratio1=   0.000
 ----------------------------------------------------------------------------
