
  ///////////////////////////////////////////////////////////////////////////
  | ˾:                                                               |
  |                                                                         |
  |                            ṹϢ                             |
  |                          SATWE2010_V2.2 İ                          |
  |                         (20149239ʱ52)                          |
  |                            ļ: WMASS.OUT                            |
  |                                                                         |
  | :                      :              :2017/05/23 |
  |̴ :                     У :              ʱ:14:57:19   |
  ///////////////////////////////////////////////////////////////////////////

     Ϣ ..............................................
     ṹϢ:                         ṹ                                                                                           
      (kN/m3):                   Gc     =  25.00
     ֲ (kN/m3):                     Gs     =  78.00
     ˮƽļн(Degree):                 ARF    =   0.00
     Ҳ:                           MBASE  =      0
     ؼϢ:                     ģʩ1Ӻɼ                                                                                
     ؼϢ:                       X,Yķ                                                                            
     Ϣ:                       X,Yĵ                                                                            
     涨ˮƽ㷽:               ¥(淶)                                                                           
     ṹ:                             ṹ                                                                                           
     ȹ:                             MANNEX =      0
     תڲ:                       MCHANGE=      0
     Ƕ̶ڲ:                       MQIANGU=      1
     ǽԪϸƳ(m):              DMAX   =   1.00
     ԰ϸƳ(m):            DMAX_S =   1.00
     ԰ǷЭ:                                                                                                                
     ǽԪ:                             ڽ                                                                                       
     Ƿȫ¥ǿƲø¥ٶ:                                                                                                        
     ǷǿƲø¥ٶ:                                                                                                        
     ǽнڵΪ¥Ĵӽڵ:                                                                                                      
     ǽ㸲ʱֻǸЧԵ:                                                                                                  
     ṹڵ:                         ȫ                                                                                               

     Ϣ ..........................................
     Ļѹ (kN/m2):             WO     =   0.30
     ʶѹ(kN/m2):    WOC    =   0.30
     ֲڳ̶:                         B                                                                                                
     ṹXڣ룩:                Tx     =   0.20
     ṹYڣ룩:                Ty     =   0.20
     Ƿ˳:                                                                                                                    
     ½ṹ(%):          WDAMP  =   5.00
     ʶ(%):      WDAMPC =   2.00
     Ƿ:                                                                                                                    
     ǷŤת:                                                                                                                      
     ʱЧӦŴϵ:       WENL   =   1.00
     ṹײײȻ߶():     DBOT   =   0.00
     α仯ֶ:                       MPART  =      1
     ߲:                         NSTI   =      3
     ϵ(X):                      USIX   =   1.30
     ϵ(Y):                      USIY   =   1.30
     ϵ:               USB    =   0.50

     Ϣ ............................................
     ṹϢ:                                                                                                                    
     Ϸ(CQC;SRSS):     CQC                                                                                                
     :                           NMODE  =      9
     Ҷ:                             NAF    =   6.00
     :                             KD     =II                                                                                                 
     Ƶ:                         һ                                                                                               
     :                             TG     =   0.35
     Ӱϵֵ:                   Rmax1  =   0.04
     12¹ſܽṹ
     Ӱϵֵ:                   Rmax2  =   0.28
     ܵĿȼ:                       NF     =      2
     ǽĿȼ:                     NW     =      2
     ֿܵĿȼ:                     NS     =      2
     ʩĿȼ:               NGZDJ  =ı                                                                                             
     (6.1.3-3)Ƕ̶¿
     ʩĿȼ:                                                                                                                        
     شֵĻֵϵ:       RMC    =   0.50
     ۼϵ:                         TC     =   1.00
     ṹ (%):                     DAMP   =   5.00
     ():                     MID    =                                                                                             
     ǷżȻƫ:                                                                                                                      
     Ƿ˫ŤתЧӦ:                                                                                                              
     Ƿˮƽ:                                                                                                        
     ȷ:                                                                                                              
     бĸӵ:       NADDDIR=      0

     Ϣ ..........................................
     ǻɲõĲ:               ӵ 1 3                                                                                       
     ǽǷۼ:                 ۼ                                                                                             
     ĻǷۼ:             ۼ                                                                                               
     ǽṹʹ޵Ļصϵ:     FACLD  =   1.00
     ǽۼϵ:
           ϵĲ              ۼϵ
                 1                           1.00
                 2---3                       0.85
                 4---5                       0.70
                 6---8                       0.65
                 9---20                      0.60
                   > 20                      0.55
     ¥ۼ:                 ۼ                                                                                             

     Ϣ ........................................
     ¥ΪԵնȵӰ췽ʽ:       նȷŴϵ2010淶ȡֵ                                                                       
     ǽնȷŴϵ:                   BK_TQL =   1.00
     ˸صϵ:                   BT     =   0.85
     Ŵϵ:                 BM     =   1.00
     նۼϵ:                     BLZ    =   0.60
     Ťۼϵ:                       TB     =   0.40
     ȫ¥Ŵϵ:                   RSF    =   1.00
     0.2Vo ʽ:                       alpha*Vobeta*VmaxȡС                                                                        
     0.2Vo Voϵ:                 alpha  =   0.20
     0.2Vo Vmaxϵ:               beta   =   1.50
     0.2Vo ֶ:                     VSEG   =      0
     0.2Vo :                       KQ_L   =   2.00
     Ƿ֧:     IREGU_KZZB =      0
     ֧:                       KZZ_L  =   5.00
     ֧ǽṹײǿǽȼ
     Զһ:                                                                                                                          
     ʵֽϵ:                 CPCOEF91 =   1.15
     ǽʵֽϵ:               CPCOEF91_W =   1.15
     Ƿ񰴿淶5.2.5¥:  IAUTO525 =      1
     ᷽ĶλƱ:             XI1    =   0.00
     ǿ᷽ĶλƱ:             XI2    =   0.00
     жϷʽ:                       ߹Ϳж                                                                               
     жϱõ¥ն㷨:       ȵλ                                                                           
     ǿָı:                  NWEAK =      0
     Ŵϵ:             WEAKCOEF =   1.25
     ǿָļǿ:                 NSTREN =      0

     Ϣ ........................................
     ǿ (N/mm2):                   IB     =    300
     ǿ (N/mm2):                   JB     =    270
     ǿ (N/mm2):                   IC     =    300
     ǿ (N/mm2):                   JC     =    270
     ǽǿ (N/mm2):                   IW     =    300
     ǽˮƽֲǿ (N/mm2):             FYH    =    210
     ǽֲǿ (N/mm2):             FYW    =    300
     Եǿ (N/mm2):             JWB    =    270
      (mm):                  SB     = 100.00
      (mm):                  SC     = 100.00
     ǽˮƽֲ (mm):            SWH    = 150.00
     ǽֲ (%):               RWV    =   0.30
     ǽСˮƽֲ (%):           RWHMIN =   0.00
     ýбʱԽб
     ǿȱ:                       RGX    =   1.00

     Ϣ ........................................
     ṹҪϵ:                       RWO    =   1.00
     㳤ȼԭ(X/Y):        в/в                                                                                      
     صּ:               Ϊ                                                                                         
     صּ:               Ϊ                                                                                         
     Ƿ P-Delt ЧӦ:                                                                                                                  
     ԭ:                       ƫѹ                                                                                       
     ˫ƫѹʱǷеŻ:                                                                                                        
     ߹߸ֹй:                                                                                                            
     ֹ澻ë:                 RN     =   0.85
     ѹСѹ:             UcMinB =   0.15
      (mm):                    BCB    =  20.00
      (mm):                    ACA    =  20.00
     ǽԵִи߹7.2.16-4:                                                                                                    
     ѹֽ:                                                                                                               
     ṹеĿܲѹֵܽṹ
     Ĺ涨:                                                                                                                            
     ԵѹСڿ6.4.5涨
     ֵʱһùԵ:                                                                                                            
     Ƿ񰴻淶B.0.4ЧӦ:                                                                                                   
     Ƿִи߹5.2.3-4:                                                                                                         
     ȼԭ:                     򻯷ʽ                                                                                           
     ֧ŰٽǶ(Deg):            ABr2Col=  20.00

     Ϣ ........................................
     طϵ:                         CDEAD  =   1.20
     طϵ:                         CLIVE  =   1.40
     طϵ:                       CWIND  =   1.40
     ˮƽϵ:                   CEA_H  =   1.30
     ϵ:                   CEA_V  =   0.50
     ¶Ⱥطϵ:                     CTEMP  =   1.40
     طϵ:                     CCRAN  =   1.40
     طϵ:                   CSPW   =   1.40
     صֵϵ:                   CD_L   =   0.70
     صֵϵ:                   CD_W   =   0.60
     شֵЧӦĻֵϵ:   CEA_L  =   0.50
     شֵЧӦĵֵϵ:CEA_C =   0.50
     ֵϵ:                   CD_C   =   0.70
     ¶õֵϵ:
         Ǻءز:         CD_TDL =   0.60
         Ƿز:               CD_TW  =   0.00
         ǵò:             CD_TE  =   0.00
     Ź¶ЧӦۼϵ:               CC_T   =   0.30

     ṹϢ ........................................
     :                             С                                                                                           
     ׿ṹռ:                 Ԫ㷨                                                                                     
     ײܲ:                         Nfst   =      0
     ǿȱ仯ʼ:               Mfst   =      0
      (kN/m3):                     Gblk   =  22.00
     նۼϵ:                   Rcon   =   0.30
     һĵģ (N/mm2):         Eblk1  =  2550.
     һĿѹǿ (N/mm2):         Rblk1  =   7.50
     һɳǿ (N/mm2):               Rmor1  =   5.00
     ڶĵģ (N/mm2):         Eblk2  =  2550.
     ڶĿѹǿ (N/mm2):         Rblk2  =   7.50
     ڶɳǿ (N/mm2):               Rmor2  =   5.00
 

     ǽײǿĲϢ.......................
          

     ûָĲϢ.........................
          

     ûָǿĲϢ.........................
          

     ԼԵɲĲϢ...................
               
       1        1   ԼԵ

     *********************************************************
     *                  Ϣ             *
     *********************************************************

          X       Y       Z                        
                               (m)         (m)          (t)          (t)
   3       1     11.925       3.103       9.900        234.3         21.9          0.0         1.03
   2       1     11.920       3.113       6.600        227.7         21.9          0.0         1.07
   1       1     12.136       2.983       3.300        211.8         21.9          0.0         1.00

     ز (t):                         65.649
     ز (t):                        673.742
      (t):                                0.000
     ṹ (t):                            739.391
     زṹغӺ
     ṹزͻز͸
     زͽṹǻۼĽ (1t = 1000kg)


     *********************************************************
     *             㹹ϺͲ              *
     *********************************************************

 (׼)               Ԫ                Ԫ                   ǽԪ                     ۼƸ߶
                            (//)    (//)  (//ˮƽ/)    (m)           (m)    

   1(  1)           1        55(25/ 300/ 270)      19(25/ 300/ 270)      30(25/ 300/ 210/ 300)      3.300         3.300
   2(  2)           1        55(25/ 300/ 270)      20(25/ 300/ 270)      41(25/ 300/ 210/ 300)      3.300         6.600
   3(  3)           1        61(25/ 300/ 270)      12(25/ 300/ 270)      41(25/ 300/ 210/ 300)      3.300         9.900
 

     *********************************************************
     *                    Ϣ                         *
     *********************************************************

      X      X    㸲X   Y      Y    㸲Y

   3     1      20.07       20.1        66.2      51.08       51.1       168.6
   2     1      17.37       37.4       189.8      44.35       95.4       483.5
   1     1      14.98       52.4       362.8      38.38      133.8       925.0

===========================================================================
             ¥Чߴ(λ:m,m**2)
===========================================================================

              X      Y   ЧB   ЧH   BMAX   СBMIN
   1      1    218.83     11.88      2.86     23.76      9.21       23.76        9.21
   2      1    218.83     11.88      2.85     23.76      9.21       23.76        9.21
   3      1    218.83     11.88      2.85     23.76      9.21       23.76        9.21

===========================================================================
             ¥ĵλֲ(λ:kg/m**2)
===========================================================================

        λ g[i]       max(g[i]/g[i-1],g[i]/g[i+1])
   1      1         1067.77                        1.00
   2      1         1140.49                        1.07
   3      1         1170.58                        1.03
 
===========================================================================
                 Ϣ               
===========================================================================
      ļ :        20175221454                                  
 
                : 2017. 5.23                                            
      ʼʱ          :   14:57:19                                            
 
      ڴ          :   8029.0MB                                            
      ڴ          :   2907.0MB                                            
 
      ṹܳɶΪ:       3411                                            
      ṹɶΪ:       8751                                            
 
 һ: Ԥ                                                             
 
 ڶ: ÿնġɶȡϢ                                   
 
 : ÷
 
 Ĳ: 缰ط
 
 岽: ˼                                                           
 
                : 2017. 5.23
      ʱ          :   15: 1:31
 
      ʱ            :    0: 4:12

 ===========================================================================
           ġƫʡڲƸնȱȵȼϢ
  Floor No        : 
  Tower No        : 
  XstifYstif    : ĵ XY ֵ
  Alf             : ķ
  XmassYmass    : ĵ XY ֵ
  Gmass           : 
  EexEey        : XY ƫ
  RatxRaty      : XY 򱾲ƸնһӦƸնȵıֵ(иն)
  Ratx1Raty1 : XY 򱾲ƸնһӦƸն70%ıֵ
                 ƽƸն80%ıֵ֮С
  Ratx2Raty2    : XY 򱾲ƸնһӦƸն90%110%150%ֵ
                    110%ָߴϲ1.5ʱ150%ָǶ̲
  RJX1RJY1RJZ1: ṹϵĲƸնȺŤתն(иն)
  RJX3RJY3RJZ3: ṹϵĲƸնȺŤתն(λƵı)
 ===========================================================================
  Floor No.   1     Tower No.   1
  Xstif=    12.2133(m)     Ystif=     2.7996(m)     Alf  =     0.0000(Degree)
  Xmass=    12.1360(m)     Ymass=     2.9830(m)     Gmass(ۼ)=   255.5433(   233.6604)(t)
  Eex  =     0.0087        Eey  =     0.0221
  Ratx =     1.0000        Raty =     1.0000
  Ratx1=     1.7835        Raty1=     1.8850
  Ratx2=     0.8323        Raty2=     0.8796  Ŵϵ= 1.25
  RJX1 = 1.5964E+06(kN/m)  RJY1 = 1.6207E+06(kN/m)  RJZ1 = 0.0000E+00(kN/m)
  RJX3 = 6.5648E+05(kN/m)  RJY3 = 9.5174E+05(kN/m)  RJZ3 = 0.0000E+00(kN/m)
  RJX3*H = 2.1664E+06(kN)  RJY3*H = 3.1408E+06(kN)  RJZ3*H = 0.0000E+00(kN)
 ---------------------------------------------------------------------------
  Floor No.   2     Tower No.   1
  Xstif=    11.5377(m)     Ystif=     3.0784(m)     Alf  =     0.0000(Degree)
  Xmass=    11.9202(m)     Ymass=     3.1127(m)     Gmass(ۼ)=   271.4560(   249.5730)(t)
  Eex  =     0.0392        Eey  =     0.0041
  Ratx =     1.0511        Raty =     1.2210
  Ratx1=     1.8149        Raty1=     2.0058
  Ratx2=     1.4116        Raty2=     1.5601  Ŵϵ= 1.00
  RJX1 = 1.6780E+06(kN/m)  RJY1 = 1.9788E+06(kN/m)  RJZ1 = 0.0000E+00(kN/m)
  RJX3 = 5.2585E+05(kN/m)  RJY3 = 7.2131E+05(kN/m)  RJZ3 = 0.0000E+00(kN/m)
  RJX3*H = 1.7353E+06(kN)  RJY3*H = 2.3803E+06(kN)  RJZ3*H = 0.0000E+00(kN)
 ---------------------------------------------------------------------------
  Floor No.   3     Tower No.   1
  Xstif=    11.7679(m)     Ystif=     3.0287(m)     Alf  =     0.0000(Degree)
  Xmass=    11.9253(m)     Ymass=     3.1026(m)     Gmass(ۼ)=   278.0403(   256.1574)(t)
  Eex  =     0.0166        Eey  =     0.0088
  Ratx =     0.9877        Raty =     0.9895
  Ratx1=     1.0000        Raty1=     1.0000
  Ratx2=     1.0000        Raty2=     1.0000  Ŵϵ= 1.00
  RJX1 = 1.6573E+06(kN/m)  RJY1 = 1.9581E+06(kN/m)  RJZ1 = 0.0000E+00(kN/m)
  RJX3 = 4.1391E+05(kN/m)  RJY3 = 5.1373E+05(kN/m)  RJZ3 = 0.0000E+00(kN/m)
  RJX3*H = 1.3659E+06(kN)  RJY3*H = 1.6953E+06(kN)  RJZ3*H = 0.0000E+00(kN)
 ---------------------------------------------------------------------------
 XСնȱ:  0.8323(  1 1)
 YСնȱ:  0.8796(  1 1)

============================================================================
ṹ忹㸲
============================================================================

             㸲Mr     㸲Mov    ֵMr/Mov    Ӧ(%)

 X        90959.3          346.0         262.89           0.00
 Y        35258.2          883.1          39.93           0.00
 X          87839.6         1687.1          52.07           0.00
 Y          34048.9         1684.6          20.21           0.00


============================================================================
 ṹ(淶ʱЧ)
============================================================================
 ߸ֹX˳򶥵ٶ(m/s2) =  0.031
 ߸ֹX򶥵ٶ(m/s2) =  0.004
 ع淶X˳򶥵ٶ(m/s2) =  0.024
 ع淶X򶥵ٶ(m/s2) =  0.004
 ߸ֹY˳򶥵ٶ(m/s2) =  0.076
 ߸ֹY򶥵ٶ(m/s2) =  0.004
 ع淶Y˳򶥵ٶ(m/s2) =  0.059
 ع淶Y򶥵ٶ(m/s2) =  0.023


============================================================================
 ṹȶ
============================================================================
 Xر EJd/GH**2=       42.45
 Yر EJd/GH**2=       57.03
 ýṹرEJd/GH**21.4,ܹͨ߹(5.4.4)ȶ
 ýṹرEJd/GH**22.7,ԲЧӦ

     **********************************************************************
     *                    ¥㿹ֵ                    *
     **********************************************************************

          Ratio_Bu: ʾһĳ֮

     ----------------------------------------------------------------------
            X    Y   Ratio_Bu:X,Y
     ----------------------------------------------------------------------
       3      1     0.1516E+03  0.1631E+03   1.00   1.00 
       2      1     0.2884E+03  0.3103E+03   1.90   1.90 
       1      1     0.3164E+03  0.3425E+03   1.10   1.10 
     XС¥㿹֮:   1.00 :  3 :  1
     YС¥㿹֮:   1.00 :  3 :  1
