
  ///////////////////////////////////////////////////////////////////////////
  | 公司名称:                                                               |
  |                                                                         |
  |                         SATWE 0.2V0调整信息输出                         |
  |                          SATWE2010_V2.2 中文版                          |
  |                         (2014年9月23日9时52分)                          |
  |                            文件名: WV02Q.OUT                            |
  |                                                                         |
  |工程名称 :                     设计人 :              计算日期:2017/05/23 |
  |工程代号 :                     校核人 :              计算时间:14:57:30   |
  ///////////////////////////////////////////////////////////////////////////

   **********************************************************************
               各层各塔的规定水平力
   **********************************************************************

      层号 塔号            X向(KN)            Y向(KN)

       3    1               128.9               132.1
       2    1                84.5                82.3
       1    1                42.2                40.9

   **********************************************************************
               规定水平力框架柱及短肢墙地震倾覆力矩(抗规)
   **********************************************************************

      层号 塔号               框架柱            短肢墙                墙              斜撑

       3    1    X               0.0             510.0             831.9               0.0
                 Y               0.0              34.5            1363.3               0.0
       2    1    X               0.0            1251.1            2318.8               0.0
                 Y               0.0              99.0            3565.0               0.0
       1    1    X               0.0            2439.3            3751.8               0.0
                 Y               0.0             184.9            6152.7               0.0

   **********************************************************************
               规定水平力框架柱及短肢墙地震倾覆力矩百分比(抗规)
   **********************************************************************

      层号 塔号               框架柱            短肢墙                墙              斜撑

       3    1    X             0.00%            38.00%            62.00%             0.00%
                 Y             0.00%             2.47%            97.53%             0.00%
       2    1    X             0.00%            35.05%            64.95%             0.00%
                 Y             0.00%             2.70%            97.30%             0.00%
       1    1    X             0.00%            39.40%            60.60%             0.00%
                 Y             0.00%             2.92%            97.08%             0.00%

   **********************************************************************
               规定水平力框架柱及短肢墙地震倾覆力矩(轴力方式)
   **********************************************************************

      层号 塔号               合力点            框架柱            短肢墙                墙              斜撑

       3    1    X             12.28               0.0             217.8            1142.4               0.0
                 Y              3.19               0.0             315.8            1116.1               0.0
       2    1    X             13.17               0.0             525.1            3106.0               0.0
                 Y              3.03               0.0             764.2            3022.2               0.0
       1    1    X             13.69               0.0            1207.8            5162.9               0.0
                 Y              3.10               0.0            1438.7            5133.8               0.0

   **********************************************************************
               规定水平力框架柱及短肢墙地震倾覆力矩百分比(轴力方式)
   **********************************************************************

      层号 塔号               框架柱            短肢墙                墙              斜撑

       3    1    X             0.00%            16.01%            83.99%             0.00%
                 Y             0.00%            22.05%            77.95%             0.00%
       2    1    X             0.00%            14.46%            85.54%             0.00%
                 Y             0.00%            20.18%            79.82%             0.00%
       1    1    X             0.00%            18.96%            81.04%             0.00%
                 Y             0.00%            21.89%            78.11%             0.00%

   **********************************************************************
               内力CQC的框架柱及短肢墙地震倾覆力矩
   **********************************************************************

      层号 塔号               框架柱            短肢墙                墙              斜撑

       3    1    X               0.0             160.3             269.8               0.0
                 Y               0.0              13.1             427.9               0.0
       2    1    X               0.0             397.6             749.2               0.0
                 Y               0.0              36.4            1119.3               0.0
       1    1    X               0.0             778.9            1214.7               0.0
                 Y               0.0              68.1            1932.8               0.0

   **********************************************************************
               内力CQC的框架柱及短肢墙地震倾覆力矩百分比
   **********************************************************************

      层号 塔号               框架柱            短肢墙                墙              斜撑

       3    1    X             0.00%            37.27%            62.73%             0.00%
                 Y             0.00%             2.97%            97.03%             0.00%
       2    1    X             0.00%            34.67%            65.33%             0.00%
                 Y             0.00%             3.15%            96.85%             0.00%
       1    1    X             0.00%            39.07%            60.93%             0.00%
                 Y             0.00%             3.40%            96.60%             0.00%
