
     **********************************************************************
     *  Output of Combined Force of COLUMN, WALL and BRACE on 1st Floor   *
     * Special Wind, Transverse/Torsional Wind Vibration are unconsidered *
     *            (All the Forces here are the Design Values)             *
     *                             WDCNL.OUT                              *
     *  ----------------------------------------------------------------  *
     *          Symbols:                                                  *
     *  Rlive --- Reduction factor of live loads                          *
     *  N-C,N-WC,N-G --- Element number of COLUMN, SHEAR WALL and BRACE   *
     *  Load Case --- Combination number controled objective Combined     *
     *  NODE No--- Nodal Number of COLUMN  and BRACE                      *
     *  Shear-X,Shear-Y --- Shear force in X,Y direction(kN)              *
     *  Axial --- Axial force(kN)                                         *
     *  Moment-X,Moment-Y --- Moment in X,Y direction(kN-m)               *
     *  Vxmax,Vymax --- Combination of maximum shear in X,Y direction(kN) *
     *  Nmin --- Combination of absolute minimum axial force(kN)          *
     *  Nmax --- Combination of absolute maximum axial force(kN)          *
     *  Mxmax --- Combination of maximum moment in X direction(kN-m)      *
     *  Mymax --- Combination of maximum moment in Y direction(kN-m)      *
     *  D+L --- Combination of 1.2*(dead load)+1.4*(live load)            *
     *  NE --- Combination mark of seismic force (1-Yes, 0-No)            *
     *  J1,J2 --- Nodal number of WALL-COLUMN at the left and ritht end   *
     *  Shear,Axial,Moment --- Shear, axial and moment of each WALL_COLUMN*
     *  Xod,Yod --- Center coordinates of Combination Force (Mx,My=0)     *
     *  Sum of Axial --- sum of vertical forces(kN)                       *
     **********************************************************************

     Total-Columns =    0   Total-Wall-Columns =   19   Total-Brace =    0

         Rlive     =    0.85

     N-WC     NODE No                                      Critical
  (LoadCase)  J1   J2     Shear     Axial    Moment   NE   Condition
 --------------------------------------------------------------------
     1(30)  158   164     -47.4    -473.9    -125.7    1    Vmax 
     1(32)  158   164       2.3    -355.0     -19.2    1    Nmin 
     1( 1)  158   164      -1.9    -540.5     -13.2    0    Nmax 
     1(30)  158   164     -47.4    -473.9    -125.7    1    Mmax 
     1( 1)  158   164      -1.8    -496.0     -12.4    0     D+L 
 --------------------------------------------------------------------
     2(31)  187   193      47.5    -506.5      63.8    1    Vmax 
     2(33)  187   193       5.7    -406.7     -30.6    1    Nmin 
     2( 1)  187   193       3.3    -585.3     -22.6    0    Nmax 
     2(30)  187   193     -41.8    -511.5    -102.9    1    Mmax 
     2( 1)  187   193       3.2    -542.4     -21.0    0     D+L 
 --------------------------------------------------------------------
     3(30)  202   208     -42.7    -525.8     -84.9    1    Vmax 
     3(32)  202   208       1.4    -435.6       1.1    1    Nmin 
     3( 1)  202   208      -0.1    -604.7      -3.7    0    Nmax 
     3(30)  202   208     -42.7    -525.8     -84.9    1    Mmax 
     3( 1)  202   208       0.0    -560.5      -3.3    0     D+L 
 --------------------------------------------------------------------
     4(30)  232   240     -56.7    -603.1     -74.6    1    Vmax 
     4(32)  232   240      -7.4    -455.9      84.6    1    Nmin 
     4( 1)  232   240      -4.6    -694.9      41.5    0    Nmax 
     4(31)  232   240      49.0    -607.2     142.1    1    Mmax 
     4( 1)  232   240      -4.5    -642.0      42.8    0     D+L 
 --------------------------------------------------------------------
     5(31)  250   258      51.7    -541.6     137.0    1    Vmax 
     5(33)  250   258      -9.7    -350.4      31.1    1    Nmin 
     5( 1)  250   258       1.3    -614.2      15.7    0    Nmax 
     5(31)  250   258      51.7    -541.6     137.0    1    Mmax 
     5( 1)  250   258       1.2    -562.0      16.8    0     D+L 
 --------------------------------------------------------------------
     6(29)  158   165      21.8    -108.7      15.4    1    Vmax 
     6(34)  158   165      12.8     -68.2       6.8    1    Nmin 
     6( 1)  158   165      14.9    -121.7      10.5    0    Nmax 
     6(29)  158   165      21.8    -108.7      15.4    1    Mmax 
     6( 1)  158   165      13.8    -111.7       9.6    0     D+L 
 --------------------------------------------------------------------
     7(29)  171   194      70.3    -547.8     143.8    1    Vmax 
     7(34)  171   194       1.7    -386.8     -10.4    1    Nmin 
     7( 1)  171   194       9.1    -623.0      -4.8    0    Nmax 
     7(28)  171   194     -54.6    -538.6    -152.1    1    Mmax 
     7( 1)  171   194       8.6    -574.5      -4.4    0     D+L 
 --------------------------------------------------------------------
     8(29)  200   209      20.2    -219.4      22.7    1    Vmax 
     8(34)  200   209      -0.2    -158.7       0.2    1    Nmin 
     8( 1)  200   209       2.0    -255.3       2.2    0    Nmax 
     8(29)  200   209      20.2    -219.4      22.7    1    Mmax 
     8( 1)  200   209       1.9    -235.8       2.1    0     D+L 
 --------------------------------------------------------------------
     9(28)  215   224     -20.4    -242.8     -24.6    1    Vmax 
     9(34)  215   224      -1.6    -177.0      -1.0    1    Nmin 
     9( 1)  215   224       0.0    -280.6       1.0    0    Nmax 
     9(29)  215   224      20.4    -245.9      26.3    1    Mmax 
     9( 1)  215   224       0.0    -259.3       0.9    0     D+L 
 --------------------------------------------------------------------
    10(28)  230   250     -68.5    -426.5     -63.1    1    Vmax 
    10(34)  230   250     -20.7    -299.4      29.3    1    Nmin 
    10( 1)  230   250     -22.8    -479.3      48.0    0    Nmax 
    10(29)  230   250      28.9    -410.0     145.4    1    Mmax 
    10( 1)  230   250     -21.1    -441.1      45.7    0     D+L 
 --------------------------------------------------------------------
    11(29)  164   166      21.5    -109.4      15.7    1    Vmax 
    11(35)  164   166      12.8     -72.3       7.2    1    Nmin 
    11( 1)  164   166      15.0    -127.7      10.9    0    Nmax 
    11(29)  164   166      21.5    -109.4      15.7    1    Mmax 
    11( 1)  164   166      13.9    -117.3      10.0    0     D+L 
 --------------------------------------------------------------------
    12(29)  172   181      25.9    -245.2      25.1    1    Vmax 
    12(35)  172   181       6.6    -171.6      -0.1    1    Nmin 
    12( 1)  172   181       7.3    -279.8      -2.0    0    Nmax 
    12(28)  172   181     -13.2    -242.4     -28.5    1    Mmax 
    12( 1)  172   181       6.9    -258.3      -1.8    0     D+L 
 --------------------------------------------------------------------
    13(28)  185   195     -18.6    -226.1     -22.7    1    Vmax 
    13(35)  185   195       0.6    -159.9       0.7    1    Nmin 
    13( 1)  185   195      -0.5    -259.0      -1.1    0    Nmax 
    13(28)  185   195     -18.6    -226.1     -22.7    1    Mmax 
    13( 1)  185   195      -0.4    -239.2      -1.1    0     D+L 
 --------------------------------------------------------------------
    14(29)  201   210      18.9    -224.9      23.2    1    Vmax 
    14(35)  201   210       1.9    -161.2       2.2    1    Nmin 
    14( 1)  201   210       0.7    -258.8       1.8    0    Nmax 
    14(29)  201   210      18.9    -224.9      23.2    1    Mmax 
    14( 1)  201   210       0.6    -238.9       1.7    0     D+L 
 --------------------------------------------------------------------
    15(28)  216   225     -22.2    -239.6     -25.8    1    Vmax 
    15(35)  216   225       1.0    -177.6       1.7    1    Nmin 
    15( 1)  216   225      -1.0    -279.5       0.6    0    Nmax 
    15(29)  216   225      20.5    -247.5      26.9    1    Mmax 
    15( 1)  216   225      -1.0    -258.0       0.6    0     D+L 
 --------------------------------------------------------------------
    16(28)  231   256     -69.0    -396.6     -73.7    1    Vmax 
    16(35)  231   256     -12.4    -323.4      32.4    1    Nmin 
    16( 1)  231   256     -21.4    -466.1      38.4    0    Nmax 
    16(29)  231   256      31.9    -418.1     139.9    1    Mmax 
    16( 1)  231   256     -19.9    -427.8      36.2    0     D+L 
 --------------------------------------------------------------------
    17(28)  240   258     -36.8    -269.6     -61.5    1    Vmax 
    17(35)  240   258       1.0    -183.6       7.3    1    Nmin 
    17( 1)  240   258      -2.8    -302.7       4.8    0    Nmax 
    17(29)  240   258      31.9    -262.2      69.7    1    Mmax 
    17( 1)  240   258      -2.7    -275.3       4.7    0     D+L 
 --------------------------------------------------------------------
    18(31)  173   179      48.9    -508.4      66.6    1    Vmax 
    18(32)  173   179       4.0    -411.1     -33.8    1    Nmin 
    18( 1)  173   179       2.0    -588.6     -22.4    0    Nmax 
    18(30)  173   179     -45.5    -514.9    -105.4    1    Mmax 
    18( 1)  173   179       1.8    -545.7     -20.8    0     D+L 
 --------------------------------------------------------------------
    19(31)  217   223      41.5    -524.1      76.9    1    Vmax 
    19(32)  217   223       3.4    -435.0       7.7    1    Nmin 
    19( 1)  217   223       0.1    -602.5       1.2    0    Nmax 
    19(31)  217   223      41.5    -524.1      76.9    1    Mmax 
    19( 1)  217   223       0.1    -558.8       1.5    0     D+L 
 --------------------------------------------------------------------

  The coordinates of Combined force (Mx=0 and My=0)

           Xod          Yod         Sum of Axial     Load Case

         12.648        3.219          -7623.7          Vxmax
         12.646        3.237          -6940.3          Vymax
         12.564        3.225          -5189.3          Nmin 
         12.630        3.226          -7964.3          Nmax 
         12.635        3.209          -6952.2          Mxmax
         12.725        3.235          -7478.1          Mymax
         12.619        3.223          -7344.7           D+L 
