
           ----------------------------------------------------------
           |                   第  2 层配筋、验算                   |
           ----------------------------------------------------------
 N-WC=  1 (I= 304 J= 310) B*H*Lwc(m)= 0.26*  5.96*  3.30
           RMOR=  5.00 RB= 10.00
     砌体墙 蒸压砖                                                                                                                                                                                           
 ** (  1) V=    -3.7 V_bear=     0.0  抗剪承载力与效应比  Ratio1=   0.000
 ** (  1) N=  -272.1 M=     2.5 N_bear=     0.0  面外抗压承载力与效应比  Ratio2=   0.000
 ** (  1) N=  -272.1 N_bear=     0.0  面内抗压承载力与效应比  Ratio3=   0.000
 ----------------------------------------------------------------------------
 N-WC=  2 (I= 336 J= 342) B*H*Lwc(m)= 0.26*  5.96*  3.30
           RMOR=  5.00 RB= 10.00
     砌体墙 蒸压砖                                                                                                                                                                                           
 ** (  1) V=     5.9 V_bear=     0.0  抗剪承载力与效应比  Ratio1=   0.000
 ----------------------------------------------------------------------------
 N-WC=  3 (I= 353 J= 359) B*H*Lwc(m)= 0.26*  5.96*  3.30
           RMOR=  5.00 RB= 10.00
     砌体墙 蒸压砖                                                                                                                                                                                           
 ** (  1) V=     0.0 V_bear=     0.0  抗剪承载力与效应比  Ratio1=   0.000
 ----------------------------------------------------------------------------
 N-WC=  4 (I= 387 J= 396) B*H*Lwc(m)= 0.26*  7.46*  3.30
           RMOR=  5.00 RB= 10.00
     砌体墙 蒸压砖                                                                                                                                                                                           
 ** (  1) V=    -7.7 V_bear=     0.0  抗剪承载力与效应比  Ratio1=   0.000
 ----------------------------------------------------------------------------
 N-WC=  5 (I= 408 J= 416) B*H*Lwc(m)= 0.26*  7.46*  3.30
           RMOR=  5.00 RB= 10.00
     砌体墙 蒸压砖                                                                                                                                                                                           
 ** (  1) V=     1.8 V_bear=     0.0  抗剪承载力与效应比  Ratio1=   0.000
 ----------------------------------------------------------------------------
 N-WC=  6 (I= 304 J= 311) B*H*Lwc(m)= 0.26*  1.27*  3.30
           RMOR=  5.00 RB= 10.00
     砌体墙 蒸压砖                                                                                                                                                                                           
 ** (  1) V=    12.1 V_bear=     0.0  抗剪承载力与效应比  Ratio1=   0.000
 ----------------------------------------------------------------------------
 N-WC=  7 (I= 319 J= 343) B*H*Lwc(m)= 0.26*  6.38*  3.30
           RMOR=  5.00 RB= 10.00
     砌体墙 蒸压砖                                                                                                                                                                                           
 ** (  1) V=     9.2 V_bear=     0.0  抗剪承载力与效应比  Ratio1=   0.000
 ----------------------------------------------------------------------------
 N-WC=  8 (I= 351 J= 360) B*H*Lwc(m)= 0.26*  2.32*  3.30
           RMOR=  5.00 RB= 10.00
     砌体墙 蒸压砖                                                                                                                                                                                           
 ** (  1) V=     3.6 V_bear=     0.0  抗剪承载力与效应比  Ratio1=   0.000
 ----------------------------------------------------------------------------
 N-WC=  9 (I= 368 J= 377) B*H*Lwc(m)= 0.26*  2.55*  3.30
           RMOR=  5.00 RB= 10.00
     砌体墙 蒸压砖                                                                                                                                                                                           
 ** (  1) V=     0.0 V_bear=     0.0  抗剪承载力与效应比  Ratio1=   0.000
 ----------------------------------------------------------------------------
 N-WC= 10 (I= 385 J= 408) B*H*Lwc(m)= 0.26*  5.24*  3.30
           RMOR=  5.00 RB= 10.00
     砌体墙 蒸压砖                                                                                                                                                                                           
 ** (  1) V=   -18.5 V_bear=     0.0  抗剪承载力与效应比  Ratio1=   0.000
 ----------------------------------------------------------------------------
 N-WC= 11 (I= 310 J= 312) B*H*Lwc(m)= 0.26*  1.27*  3.30
           RMOR=  5.00 RB= 10.00
     砌体墙 蒸压砖                                                                                                                                                                                           
 ** (  1) V=    12.2 V_bear=     0.0  抗剪承载力与效应比  Ratio1=   0.000
 ----------------------------------------------------------------------------
 N-WC= 12 (I= 320 J= 329) B*H*Lwc(m)= 0.26*  2.55*  3.30
           RMOR=  5.00 RB= 10.00
     砌体墙 蒸压砖                                                                                                                                                                                           
 ** (  1) V=     5.2 V_bear=     0.0  抗剪承载力与效应比  Ratio1=   0.000
 ----------------------------------------------------------------------------
 N-WC= 13 (I= 334 J= 344) B*H*Lwc(m)= 0.26*  2.33*  3.30
           RMOR=  5.00 RB= 10.00
     砌体墙 蒸压砖                                                                                                                                                                                           
 ** (  1) V=    -0.2 V_bear=     0.0  抗剪承载力与效应比  Ratio1=   0.000
 ----------------------------------------------------------------------------
 N-WC= 14 (I= 352 J= 361) B*H*Lwc(m)= 0.26*  2.32*  3.30
           RMOR=  5.00 RB= 10.00
     砌体墙 蒸压砖                                                                                                                                                                                           
 ** (  1) V=     1.0 V_bear=     0.0  抗剪承载力与效应比  Ratio1=   0.000
 ----------------------------------------------------------------------------
 N-WC= 15 (I= 369 J= 378) B*H*Lwc(m)= 0.26*  2.55*  3.30
           RMOR=  5.00 RB= 10.00
     砌体墙 蒸压砖                                                                                                                                                                                           
 ** (  1) V=    -1.6 V_bear=     0.0  抗剪承载力与效应比  Ratio1=   0.000
 ----------------------------------------------------------------------------
 N-WC= 16 (I= 386 J= 414) B*H*Lwc(m)= 0.26*  5.24*  3.30
           RMOR=  5.00 RB= 10.00
     砌体墙 蒸压砖                                                                                                                                                                                           
 ** (  1) V=   -19.0 V_bear=     0.0  抗剪承载力与效应比  Ratio1=   0.000
 ----------------------------------------------------------------------------
 N-WC= 17 (I= 396 J= 416) B*H*Lwc(m)= 0.26*  3.96*  3.30
           RMOR=  5.00 RB= 10.00
     砌体墙 蒸压砖                                                                                                                                                                                           
 ** (  1) V=    -3.6 V_bear=     0.0  抗剪承载力与效应比  Ratio1=   0.000
 ----------------------------------------------------------------------------
 N-WC= 18 (I= 321 J= 327) B*H*Lwc(m)= 0.26*  5.96*  3.30
           RMOR=  5.00 RB= 10.00
     砌体墙 蒸压砖                                                                                                                                                                                           
 ** (  1) V=     3.3 V_bear=     0.0  抗剪承载力与效应比  Ratio1=   0.000
 ----------------------------------------------------------------------------
 N-WC= 19 (I= 370 J= 376) B*H*Lwc(m)= 0.26*  5.96*  3.30
           RMOR=  5.00 RB= 10.00
     砌体墙 蒸压砖                                                                                                                                                                                           
 ** (  1) V=     0.6 V_bear=     0.0  抗剪承载力与效应比  Ratio1=   0.000
 ----------------------------------------------------------------------------

           ----------------------------------------------------------
           |                   第  1 层配筋、验算                   |
           ----------------------------------------------------------
 N-WC=  1 (I= 158 J= 164) B*H*Lwc(m)= 0.26*  5.96*  3.30
           RMOR=  5.00 RB= 10.00
     砌体墙 蒸压砖                                                                                                                                                                                           
 ** (  1) V=    -2.0 V_bear=     0.0  抗剪承载力与效应比  Ratio1=   0.000
 ----------------------------------------------------------------------------
 N-WC=  2 (I= 187 J= 193) B*H*Lwc(m)= 0.26*  5.96*  3.30
           RMOR=  5.00 RB= 10.00
     砌体墙 蒸压砖                                                                                                                                                                                           
 ** (  1) V=     3.4 V_bear=     0.0  抗剪承载力与效应比  Ratio1=   0.000
 ----------------------------------------------------------------------------
 N-WC=  3 (I= 202 J= 208) B*H*Lwc(m)= 0.26*  5.96*  3.30
           RMOR=  5.00 RB= 10.00
     砌体墙 蒸压砖                                                                                                                                                                                           
 ** (  1) V=    -0.1 V_bear=     0.0  抗剪承载力与效应比  Ratio1=   0.000
 ----------------------------------------------------------------------------
 N-WC=  4 (I= 232 J= 240) B*H*Lwc(m)= 0.26*  7.46*  3.30
           RMOR=  5.00 RB= 10.00
     砌体墙 蒸压砖                                                                                                                                                                                           
 ** (  1) V=    -4.7 V_bear=     0.0  抗剪承载力与效应比  Ratio1=   0.000
 ----------------------------------------------------------------------------
 N-WC=  5 (I= 250 J= 258) B*H*Lwc(m)= 0.26*  7.46*  3.30
           RMOR=  5.00 RB= 10.00
     砌体墙 蒸压砖                                                                                                                                                                                           
 ** (  1) V=     1.3 V_bear=     0.0  抗剪承载力与效应比  Ratio1=   0.000
 ----------------------------------------------------------------------------
 N-WC=  6 (I= 158 J= 165) B*H*Lwc(m)= 0.26*  1.27*  3.30
           RMOR=  5.00 RB= 10.00
     砌体墙 蒸压砖                                                                                                                                                                                           
 ** (  1) V=    15.1 V_bear=     0.0  抗剪承载力与效应比  Ratio1=   0.000
 ----------------------------------------------------------------------------
 N-WC=  7 (I= 171 J= 194) B*H*Lwc(m)= 0.26*  6.38*  3.30
           RMOR=  5.00 RB= 10.00
     砌体墙 蒸压砖                                                                                                                                                                                           
 ** (  1) V=     9.3 V_bear=     0.0  抗剪承载力与效应比  Ratio1=   0.000
 ----------------------------------------------------------------------------
 N-WC=  8 (I= 200 J= 209) B*H*Lwc(m)= 0.26*  2.32*  3.30
           RMOR=  5.00 RB= 10.00
     砌体墙 蒸压砖                                                                                                                                                                                           
 ** (  1) V=     2.0 V_bear=     0.0  抗剪承载力与效应比  Ratio1=   0.000
 ----------------------------------------------------------------------------
 N-WC=  9 (I= 215 J= 224) B*H*Lwc(m)= 0.26*  2.55*  3.30
           RMOR=  5.00 RB= 10.00
     砌体墙 蒸压砖                                                                                                                                                                                           
 ** (  1) V=     0.0 V_bear=     0.0  抗剪承载力与效应比  Ratio1=   0.000
 ----------------------------------------------------------------------------
 N-WC= 10 (I= 230 J= 250) B*H*Lwc(m)= 0.26*  5.24*  3.30
           RMOR=  5.00 RB= 10.00
     砌体墙 蒸压砖                                                                                                                                                                                           
 ** (  1) V=   -23.1 V_bear=     0.0  抗剪承载力与效应比  Ratio1=   0.000
 ----------------------------------------------------------------------------
 N-WC= 11 (I= 164 J= 166) B*H*Lwc(m)= 0.26*  1.27*  3.30
           RMOR=  5.00 RB= 10.00
     砌体墙 蒸压砖                                                                                                                                                                                           
 ** (  1) V=    15.2 V_bear=     0.0  抗剪承载力与效应比  Ratio1=   0.000
 ----------------------------------------------------------------------------
 N-WC= 12 (I= 172 J= 181) B*H*Lwc(m)= 0.26*  2.55*  3.30
           RMOR=  5.00 RB= 10.00
     砌体墙 蒸压砖                                                                                                                                                                                           
 ** (  1) V=     7.4 V_bear=     0.0  抗剪承载力与效应比  Ratio1=   0.000
 ----------------------------------------------------------------------------
 N-WC= 13 (I= 185 J= 195) B*H*Lwc(m)= 0.26*  2.33*  3.30
           RMOR=  5.00 RB= 10.00
     砌体墙 蒸压砖                                                                                                                                                                                           
 ** (  1) V=    -0.5 V_bear=     0.0  抗剪承载力与效应比  Ratio1=   0.000
 ----------------------------------------------------------------------------
 N-WC= 14 (I= 201 J= 210) B*H*Lwc(m)= 0.26*  2.32*  3.30
           RMOR=  5.00 RB= 10.00
     砌体墙 蒸压砖                                                                                                                                                                                           
 ** (  1) V=     0.7 V_bear=     0.0  抗剪承载力与效应比  Ratio1=   0.000
 ----------------------------------------------------------------------------
 N-WC= 15 (I= 216 J= 225) B*H*Lwc(m)= 0.26*  2.55*  3.30
           RMOR=  5.00 RB= 10.00
     砌体墙 蒸压砖                                                                                                                                                                                           
 ** (  1) V=    -1.1 V_bear=     0.0  抗剪承载力与效应比  Ratio1=   0.000
 ----------------------------------------------------------------------------
 N-WC= 16 (I= 231 J= 256) B*H*Lwc(m)= 0.26*  5.24*  3.30
           RMOR=  5.00 RB= 10.00
     砌体墙 蒸压砖                                                                                                                                                                                           
 ** (  1) V=   -21.7 V_bear=     0.0  抗剪承载力与效应比  Ratio1=   0.000
 ----------------------------------------------------------------------------
 N-WC= 17 (I= 240 J= 258) B*H*Lwc(m)= 0.26*  3.96*  3.30
           RMOR=  5.00 RB= 10.00
     砌体墙 蒸压砖                                                                                                                                                                                           
 ** (  1) V=    -2.9 V_bear=     0.0  抗剪承载力与效应比  Ratio1=   0.000
 ----------------------------------------------------------------------------
 N-WC= 18 (I= 173 J= 179) B*H*Lwc(m)= 0.26*  5.96*  3.30
           RMOR=  5.00 RB= 10.00
     砌体墙 蒸压砖                                                                                                                                                                                           
 ** (  1) V=     2.0 V_bear=     0.0  抗剪承载力与效应比  Ratio1=   0.000
 ----------------------------------------------------------------------------
 N-WC= 19 (I= 217 J= 223) B*H*Lwc(m)= 0.26*  5.96*  3.30
           RMOR=  5.00 RB= 10.00
     砌体墙 蒸压砖                                                                                                                                                                                           
 ** (  1) V=     0.1 V_bear=     0.0  抗剪承载力与效应比  Ratio1=   0.000
 ----------------------------------------------------------------------------
