 shear and bending moment of walls
    JE       Vx         Vy         Mx         My
     1       0.10      12.34       0.16      29.15
     2       0.10      12.11       7.06      22.48
     3       0.08      11.58      -1.42      20.76
     4       0.19      13.90     -50.94      27.64
     5       0.23      12.90     152.00      27.73
     6       0.81       0.23       0.14       0.20
     7       4.97       0.82       5.63       0.42
     8       1.76       0.37       2.76       0.01
     9       1.91       0.35       1.80       0.00
    10       3.82       0.54      25.30       0.21
    11       0.80       0.23       0.35      30.88
    12       1.84       0.40       1.40      48.15
    13       1.75       0.38       1.83      43.09
    14       1.77       0.37       1.35      40.83
    15       2.02       0.35      -2.07      37.93
    16       3.99       0.45       0.96      24.43
    17       2.60       0.34       7.11      69.43
    18       0.10      12.72      -3.14      23.87
    19       0.09      11.18      -1.45      18.61

   *Shear Force and Bending Moment of Wind Load(Column & Wall)
         Vcx =       0.0   Vwx =      28.9   Vcx+Vwx =      28.9
         Vcy =       0.0   Vwy =      91.5   Vcy+Vwy =      91.5
         Mcx =       0.0   Mwx =     148.8   Mcx+Mwx =     148.8
         Mcy =       0.0   Mwy =     465.8   Mcy+Mwy =     465.8

   **Shear Force of Wind & Seismic(Total)
         Vxw=      28.9   Vyw=     114.8
         Vxe=     209.9   Vye=     207.9
