 ******************************
 ******舒适度验算测试信息******
 ******************************
 
      X向舒适度计算信息
 
  层号  塔号  脉动增大系数  脉动影响系数  体型系数  重现期调整系数  迎风面积  风压
     1     1    1.32           0.50         1.30        1.00          24.62    0.30
     2     1    1.32           0.50         1.30        1.00          24.62    0.30
 
 总质量(扣地下室)  =   581.3366    
 总体积(扣地下室)  =   973.8273    
 单位体积重量      =   5.969607    
 建筑物宽度        =   7.460000    
 建筑物长度        =   23.76000    
 风压高度变化系数  =   1.000000    
 基本周期          =  0.2580306    
 顺风向加速度      =  2.1758359E-02
 横风向加速度      =  4.4324845E-03
 -----------------------------------------------
 
      Y向舒适度计算信息
 
  层号  塔号  脉动增大系数  脉动影响系数  体型系数  重现期调整系数  迎风面积  风压
     1     1    1.32           0.48         1.30        1.00          78.41    0.30
     2     1    1.32           0.48         1.30        1.00          78.41    0.30
 
 总质量(扣地下室)  =   581.3366    
 总体积(扣地下室)  =   973.8273    
 单位体积重量      =   5.969607    
 建筑物宽度        =   7.460000    
 建筑物长度        =   23.76000    
 风压高度变化系数  =   1.000000    
 基本周期          =  0.2580306    
 顺风向加速度      =  6.6528074E-02
 横风向加速度      =  4.4324845E-03
 -----------------------------------------------
