
     ----------------------------------------------------------------------
     |                                                                    |
     |                      SATWE 配筋、验算输出文件                      |
     |                       2014年9月19日14时59分                        |
     |                             WPJ1.OUT                               |
     |                                                                    |
     ----------------------------------------------------------------------
     |                                                                    |
     | 工程项目：                              设计人：                   |
     | 项目编号：          审核人：                  计算日期：2017/ 5/22 |
     ----------------------------------------------------------------------

     **********************************************************************
     *                                                                    *
     *          符号说明：                                                *
     *                                                                    *
     *  B,H --- 矩形截面宽、高(mm)                                        *
     *  Dr --- 圆柱直径(mm)                                               *
     *  B,H,U,T,D,F --- 异型截面参数(mm)                                  *
     *  U1,T1,D1,F1 --- 另一方向工字钢截面参数(mm)                        *
     *  Hr --- 变截面时梁右端（柱为上端）高度(mm)                         *
     *  Ac --- 截面面积(mm)                                               *
     *  Lc,Lg,Lwc,Lwb,Lb --- 分别为柱、支撑、墙柱、墙梁和梁的长度(m)      *
     *  N-C,N-G,N-WC,N-WB,N-B --- 分别为柱、支撑、墙柱、墙梁和梁的单元号  *
     *  Nfc,Nfg,Nfw,Nfwb,Nfb --- 分别为柱、支撑、墙柱、墙梁和梁的抗震等级 *
     *  Nfc_kzgz,Nfg_kzgz,Nfw_kzgz,Nfwb_kzgz,Nfb_kzgz --- 分别为柱、支撑、
     *  墙柱、墙梁和梁的抗震构造措施采用的抗震等级                        *
     *  Rcc,Rcg,Rcw,Rcwb,Rcb --- 分别为柱、支撑、墙柱、墙梁和梁的材料强度 *
     *  Rsc,Rsg,Rsb --- 分别为柱、支撑和梁的钢号或复合截面的钢号          *
     *  Cover --- 保护层厚度(mm)                                          *
     *  Fy,Fyv --- 为构件的主筋、箍筋（墙柱为水平分布筋）强度设计值       *
     *  (Icn) --- 控制内力的内力组合号                                    *
     *  LoadCase --- 控制梁内力包络的组合号                               *
     *                                                                    *
     *     混凝土、型钢混凝土，矩形、圆形、异型柱、支撑配筋输出符号说明： *
     *  Cx,Cy --- 分别为X、Y向计算长度系数                                *
     *  Cmax --- 圆柱或异型柱最大计算长度系数                             *
     *  Rs --- 全截面配筋率,上下端取大值(As/Ac)                           *
     *  Rsv --- 体积配箍率(Vs/Vc)                                         *
     *  Rmd --- H/2h0算法计计算的剪跨比                                   *
     *  Myt,Myb,Vx,Rmdx --- M/Vh0算法计算的x向最小剪跨比Rmdx对应组合的    *
     *                      柱顶、柱底弯矩和剪力                          *
     *  Mxt,Mxb,Vy,Rmdy --- M/Vh0算法计算的y向最小剪跨比Rmdy对应组合的    *
     *                      柱顶、柱底弯矩和剪力                          *
     *  Uc --- 轴压比(N/Ac/fc)                                            *
     *  (Icn)Nu --- 控制轴压比的轴力(kN)                                  *
     *  Asc --- 矩形截面单根角筋面积(mm)                                  *
     *  Asxt,Asxb --- 矩形截面B边上下端单边配筋面积(含两根角筋)(mm)       *
     *  Asyt,Asyb --- 矩形截面H边上下端单边配筋面积(含两根角筋)(mm)       *
     *  Asxt0,Asxb0 --- 矩形截面B边上下端单边计算配筋面积(含两根角筋)(mm) *
     *  Asyt0,Asyb0 --- 矩形截面H边上下端单边计算配筋面积(含两根角筋)(mm) *
     *  Asvx,Asvx0 --- 矩形截面B边加密区配箍面积和非加密区配箍面积(mm)    *
     *  Asvy,Asvy0 --- 矩形截面H边加密区配箍面积和非加密区配箍面积(mm)    *
     *  Ast,Asb --- 圆截面上下端全截面配筋面积(mm)                        *
     *  Aszt,Aszb --- 异型截面柱角部上下端的固定配筋面积之和(mm)          *
     *  Asft,Asfb --- 异型截面柱上下端分布配筋面积之和(mm)                *
     *  Asv,Asv0 --- 圆截面或异型截面柱加密区和非加密区配箍面积(mm)       *
     *  (Icn)N,Mx,My --- 矩形柱、圆柱、异型柱纵向钢筋配筋控制内力(kN,kN-m)*
     *  (Icn)N,Vx,Vy --- 矩形柱、圆柱、异型柱箍筋的配筋控制内力(kN)       *
     *  Asvjx,Asvjy --- 柱节点域B、H边的配箍面积(mm)                      *
     *  (Icn)Nj,Vjx,y --- 节点域箍筋Asvjx、Asvjy的控制内力(kN)            *
     *  注：柱箍筋是指间距Sc范围内的箍筋面积                              *
     *                                                                    *
     *     矩形钢管混凝土柱、钢柱、钢支撑验算输出符号说明：               *
     *  F1 --- 强度验算                                                   *
     *  F2,F3 --- 分别为X,Y向的稳定验算                                   *
     *  Px,Py --- 分别为X,Y向梁、柱全塑性承载力之比                       *
     *  Rmdx,Rmdy --- 分别为X,Y向的长细比                                 *
     *  (Icn)N,Mx,My --- 钢柱验算的验算控制内力(kN,kN-m)                  *
     *                                                                    *
     *     圆钢管混凝土柱验算输出符号说明：                               *
     *  (Icn)M,N --- 钢管混凝土柱验算的验算控制内力(kN,kN-m)              *
     *  Nu,Rre --- 钢管混凝土单肢柱的承载力设计值(kN)和抗震调整系数       *
     *                                                                    *
     *     剪力墙配筋输出符号说明：                                       *
     *  B,H,Lwc --- 墙厚度、长度、高度(m)                                 *
     *  aa --- 墙一端钢筋合力点到边缘的距离(mm)                           *
     *  As --- 墙一端暗柱配筋面积(mm)                                     *
     *  (Icn)M,N --- 暗柱配筋As的控制内力(kN,kN-m)                        *
     *  Fyw --- 墙竖向分布筋强度设计值                                    *
     *  Rwv --- 墙竖向分布筋配筋率                                        *
     *  Ash --- 墙水平分布筋配筋面积(mm)                                  *
     *  Rsh --- 墙水平分布筋配筋率                                        *
     *  (Icn)V,N --- 水平筋Ash的控制内力(kN)                              *
     *  Nu,Uc --- 墙轴压比的控制轴力，墙轴压比                            *
     *  Rmdw --- 墙剪跨比                                                 *
     *  注：如果一字形剪力墙的墙肢长度小于4倍墙厚,则该墙按柱配筋          *
     *      墙水平筋是指间距Swh范围内的配筋面积                           *
     *                                                                    *
     *     矩形(型钢)混凝土梁配筋输出符号说明：                           *
     *  I,J --- 代表梁左、右端支座截面                                    *
     *  1,2,3,4,5,6,7 --- 代表梁跨中从左到右7个等分截面                   *
     *  -M,+M --- 负、正弯矩包络(kN-m)                                    *
     *  Top_Ast,Btm_Ast --- 负、正弯矩的配筋包络(mm)                      *
     *  %_Steel --- 负、正弯矩配筋的配筋率                                *
     *  Shear --- 剪力包络(kN)                                            *
     *  Asv --- 抗剪之最小箍筋包络(mm)                                    *
     *  Rsv --- 抗剪箍筋的配筋率                                          *
     *  (Icn)Tmax&Shear --- 最大剪扭配筋的控制扭矩和剪力(kN-m,kN)         *
     *  Astt --- 剪扭配筋之纵筋面积(mm)                                   *
     *  Astv --- 剪扭配筋之箍筋面积(mm)                                   *
     *  Ast1 --- 剪扭配筋之纯扭双肢箍的单根箍筋面积(mm)                   *
     *  Nmax --- 最大轴力(受拉为正)(kN)                                   *
     *  注：梁箍筋是指间距Sb范围内的箍筋面积                              *
     *                                                                    *
     *     钢梁验算输出符号说明：                                         *
     *  -Mmax,+Mmax --- 负、正弯矩包络(kN-m)                              *
     *  Vmax --- 剪力包络(kN)                                             *
     *  F1 --- 正应力强度验算                                             *
     *  F2 --- 整体稳定验算                                               *
     *  F3 --- 剪应力强度验算                                             *
     *  对有楼板的钢梁可不计算整体稳定                                    *
     *                                                                    *
     *     组合梁验算输出符号说明：                                       *
     *  M_left,M_mid,M_right --- 梁左端、右端与跨中控制弯矩               *
     *  R_UpL,R_UpR,R_DownM --- 梁左端、右端与跨中正应力强度比           *
     *  Shear_m,R_Tao --- 梁控制剪力,剪应力强度比                         *
     **********************************************************************
     *                                                                    *
     *     砌体墙输出符号说明：                                           *
     *  RMOR --- 砂浆等级                                                 *
     *  RB --- 块体等级                                                   *
     **********************************************************************
     *                                                                    *
     *     单片剪力墙占该方向地震剪力百分比输出符号说明：                 *
     *  VWCX_X --- X向地震作用下 墙柱X 向剪力占X向结构底部剪力的百分比    *
     *  VWCX_X --- X向地震作用下 墙柱X 向剪力占X向结构底部剪力的百分比    *
     *   VWC_X --- X向地震作用下 墙柱面内剪力占X向结构底部剪力的百分比    *
     *  VWCX_Y --- Y向地震作用下 墙柱X 向剪力占Y向结构底部剪力的百分比    *
     *  VWCY_Y --- Y向地震作用下 墙柱Y 向剪力占Y向结构底部剪力的百分比    *
     *   VWC_Y --- Y向地震作用下 墙柱面内剪力占Y向结构底部剪力的百分比    *
     **********************************************************************
 ---------------------------------------------------------------------------

          荷载组合分项系数说明，其中：
          Ncm --- 组合号
          V-D,V-L --- 分别为恒载、活载分项系数
          X-W,Y-W --- 分别为X向、Y向水平风荷载分项系数
          X-E,Y-E --- 分别为X向、Y向水平地震荷载分项系数
          Z-E --- 为竖向地震荷载分项系数
          R-F --- 为人防荷载分项系数
          TEM --- 为温度荷载分项系数
          CRN --- 为吊车荷载分项系数
          SW1～SW5 --- 分别为第1组到第5组特殊风荷载分项系数

 Ncm   V-D   V-L   X-W   Y-W   X-E   Y-E   Z-E
   1  1.35  0.98  0.00  0.00  0.00  0.00  0.00
   2  1.20  1.40  0.00  0.00  0.00  0.00  0.00
   3  1.00  1.40  0.00  0.00  0.00  0.00  0.00
   4  1.20  0.00  1.40  0.00  0.00  0.00  0.00
   5  1.20  0.00 -1.40  0.00  0.00  0.00  0.00
   6  1.20  0.00  0.00  1.40  0.00  0.00  0.00
   7  1.20  0.00  0.00 -1.40  0.00  0.00  0.00
   8  1.20  1.40  0.84  0.00  0.00  0.00  0.00
   9  1.20  1.40 -0.84  0.00  0.00  0.00  0.00
  10  1.20  1.40  0.00  0.84  0.00  0.00  0.00
  11  1.20  1.40  0.00 -0.84  0.00  0.00  0.00
  12  1.20  0.98  1.40  0.00  0.00  0.00  0.00
  13  1.20  0.98 -1.40  0.00  0.00  0.00  0.00
  14  1.20  0.98  0.00  1.40  0.00  0.00  0.00
  15  1.20  0.98  0.00 -1.40  0.00  0.00  0.00
  16  1.00  0.00  1.40  0.00  0.00  0.00  0.00
  17  1.00  0.00 -1.40  0.00  0.00  0.00  0.00
  18  1.00  0.00  0.00  1.40  0.00  0.00  0.00
  19  1.00  0.00  0.00 -1.40  0.00  0.00  0.00
  20  1.00  1.40  0.84  0.00  0.00  0.00  0.00
  21  1.00  1.40 -0.84  0.00  0.00  0.00  0.00
  22  1.00  1.40  0.00  0.84  0.00  0.00  0.00
  23  1.00  1.40  0.00 -0.84  0.00  0.00  0.00
  24  1.00  0.98  1.40  0.00  0.00  0.00  0.00
  25  1.00  0.98 -1.40  0.00  0.00  0.00  0.00
  26  1.00  0.98  0.00  1.40  0.00  0.00  0.00
  27  1.00  0.98  0.00 -1.40  0.00  0.00  0.00
  28  1.20  0.60  0.00  0.00  1.30  0.00  0.00
  29  1.20  0.60  0.00  0.00 -1.30  0.00  0.00
  30  1.20  0.60  0.00  0.00  0.00  1.30  0.00
  31  1.20  0.60  0.00  0.00  0.00 -1.30  0.00
  32  1.00  0.50  0.00  0.00  1.30  0.00  0.00
  33  1.00  0.50  0.00  0.00 -1.30  0.00  0.00
  34  1.00  0.50  0.00  0.00  0.00  1.30  0.00
  35  1.00  0.50  0.00  0.00  0.00 -1.30  0.00


 ---------------------------------------------------------------------------

           ----------------------------------------------------------
           |                   第  1 层配筋、验算                   |
           ----------------------------------------------------------

 ==============================================================================
 |                              墙配筋和验算输出                              |
 ==============================================================================
 N-WC=  1 (I= 158 J= 164) B*H*Lwc(m)= 0.26*  5.96*  3.30
           RMOR=  5.00 RB= 10.00
     砌体墙 蒸压砖                                                                                                                                                                                           
 (  1) V=    -2.0 V_bear=     0.0  抗剪承载力与效应比  Ratio1=   0.000
 (  0) N=     0.6 M=     0.0 N_bear=     0.0  面外抗压承载力与效应比  Ratio2=********
 ( -2) N=     0.0 N_bear=     0.2  面内抗压承载力与效应比  Ratio3=********
 
  ** (  1) V=    -2.0 V_bear=     0.0  抗剪承载力与效应比  Ratio1=   0.000
 ----------------------------------------------------------------------------
 N-WC=  2 (I= 187 J= 193) B*H*Lwc(m)= 0.26*  5.96*  3.30
           RMOR=  5.00 RB= 10.00
     砌体墙 蒸压砖                                                                                                                                                                                           
 (  1) V=     3.4 V_bear=     0.0  抗剪承载力与效应比  Ratio1=   0.000
 (  0) N=     0.6 M=     0.0 N_bear=     0.0  面外抗压承载力与效应比  Ratio2=********
 ( -2) N=     0.0 N_bear=     0.2  面内抗压承载力与效应比  Ratio3=********
 
  ** (  1) V=     3.4 V_bear=     0.0  抗剪承载力与效应比  Ratio1=   0.000
 ----------------------------------------------------------------------------
 N-WC=  3 (I= 202 J= 208) B*H*Lwc(m)= 0.26*  5.96*  3.30
           RMOR=  5.00 RB= 10.00
     砌体墙 蒸压砖                                                                                                                                                                                           
 (  1) V=    -0.1 V_bear=     0.0  抗剪承载力与效应比  Ratio1=   0.000
 (  0) N=     0.6 M=     0.0 N_bear=     0.0  面外抗压承载力与效应比  Ratio2=********
 ( -2) N=     0.0 N_bear=     0.2  面内抗压承载力与效应比  Ratio3=********
 
  ** (  1) V=    -0.1 V_bear=     0.0  抗剪承载力与效应比  Ratio1=   0.000
 ----------------------------------------------------------------------------
 N-WC=  4 (I= 232 J= 240) B*H*Lwc(m)= 0.26*  7.46*  3.30
           RMOR=  5.00 RB= 10.00
     砌体墙 蒸压砖                                                                                                                                                                                           
 (  1) V=    -4.7 V_bear=     0.0  抗剪承载力与效应比  Ratio1=   0.000
 (  0) N=     0.6 M=     0.0 N_bear=     0.0  面外抗压承载力与效应比  Ratio2=********
 ( -2) N=     0.0 N_bear=     0.2  面内抗压承载力与效应比  Ratio3=********
 
  ** (  1) V=    -4.7 V_bear=     0.0  抗剪承载力与效应比  Ratio1=   0.000
 ----------------------------------------------------------------------------
 N-WC=  5 (I= 250 J= 258) B*H*Lwc(m)= 0.26*  7.46*  3.30
           RMOR=  5.00 RB= 10.00
     砌体墙 蒸压砖                                                                                                                                                                                           
 (  1) V=     1.3 V_bear=     0.0  抗剪承载力与效应比  Ratio1=   0.000
 (  0) N=     0.6 M=     0.0 N_bear=     0.0  面外抗压承载力与效应比  Ratio2=********
 ( -2) N=     0.0 N_bear=     0.2  面内抗压承载力与效应比  Ratio3=********
 
  ** (  1) V=     1.3 V_bear=     0.0  抗剪承载力与效应比  Ratio1=   0.000
 ----------------------------------------------------------------------------
 N-WC=  6 (I= 158 J= 165) B*H*Lwc(m)= 0.26*  1.27*  3.30
           RMOR=  5.00 RB= 10.00
     砌体墙 蒸压砖                                                                                                                                                                                           
 (  1) V=    15.1 V_bear=     0.0  抗剪承载力与效应比  Ratio1=   0.000
 (  0) N=     0.6 M=     0.0 N_bear=     0.0  面外抗压承载力与效应比  Ratio2=********
 ( -2) N=     0.0 N_bear=     0.2  面内抗压承载力与效应比  Ratio3=********
 
  ** (  1) V=    15.1 V_bear=     0.0  抗剪承载力与效应比  Ratio1=   0.000
 ----------------------------------------------------------------------------
 N-WC=  7 (I= 171 J= 194) B*H*Lwc(m)= 0.26*  6.38*  3.30
           RMOR=  5.00 RB= 10.00
     砌体墙 蒸压砖                                                                                                                                                                                           
 (  1) V=     9.3 V_bear=     0.0  抗剪承载力与效应比  Ratio1=   0.000
 (  0) N=     0.6 M=     0.0 N_bear=     0.0  面外抗压承载力与效应比  Ratio2=********
 ( -2) N=     0.0 N_bear=     0.2  面内抗压承载力与效应比  Ratio3=********
 
  ** (  1) V=     9.3 V_bear=     0.0  抗剪承载力与效应比  Ratio1=   0.000
 ----------------------------------------------------------------------------
 N-WC=  8 (I= 200 J= 209) B*H*Lwc(m)= 0.26*  2.32*  3.30
           RMOR=  5.00 RB= 10.00
     砌体墙 蒸压砖                                                                                                                                                                                           
 (  1) V=     2.0 V_bear=     0.0  抗剪承载力与效应比  Ratio1=   0.000
 (  0) N=     0.6 M=     0.0 N_bear=     0.0  面外抗压承载力与效应比  Ratio2=********
 ( -2) N=     0.0 N_bear=     0.2  面内抗压承载力与效应比  Ratio3=********
 
  ** (  1) V=     2.0 V_bear=     0.0  抗剪承载力与效应比  Ratio1=   0.000
 ----------------------------------------------------------------------------
 N-WC=  9 (I= 215 J= 224) B*H*Lwc(m)= 0.26*  2.55*  3.30
           RMOR=  5.00 RB= 10.00
     砌体墙 蒸压砖                                                                                                                                                                                           
 (  1) V=     0.0 V_bear=     0.0  抗剪承载力与效应比  Ratio1=   0.000
 (  0) N=     0.6 M=     0.0 N_bear=     0.0  面外抗压承载力与效应比  Ratio2=********
 ( -2) N=     0.0 N_bear=     0.2  面内抗压承载力与效应比  Ratio3=********
 
  ** (  1) V=     0.0 V_bear=     0.0  抗剪承载力与效应比  Ratio1=   0.000
 ----------------------------------------------------------------------------
 N-WC= 10 (I= 230 J= 250) B*H*Lwc(m)= 0.26*  5.24*  3.30
           RMOR=  5.00 RB= 10.00
     砌体墙 蒸压砖                                                                                                                                                                                           
 (  1) V=   -23.1 V_bear=     0.0  抗剪承载力与效应比  Ratio1=   0.000
 (  0) N=     0.6 M=     0.0 N_bear=     0.0  面外抗压承载力与效应比  Ratio2=********
 ( -2) N=     0.0 N_bear=     0.2  面内抗压承载力与效应比  Ratio3=********
 
  ** (  1) V=   -23.1 V_bear=     0.0  抗剪承载力与效应比  Ratio1=   0.000
 ----------------------------------------------------------------------------
 N-WC= 11 (I= 164 J= 166) B*H*Lwc(m)= 0.26*  1.27*  3.30
           RMOR=  5.00 RB= 10.00
     砌体墙 蒸压砖                                                                                                                                                                                           
 (  1) V=    15.2 V_bear=     0.0  抗剪承载力与效应比  Ratio1=   0.000
 (  0) N=     0.6 M=     0.0 N_bear=     0.0  面外抗压承载力与效应比  Ratio2=********
 ( -2) N=     0.0 N_bear=     0.2  面内抗压承载力与效应比  Ratio3=********
 
  ** (  1) V=    15.2 V_bear=     0.0  抗剪承载力与效应比  Ratio1=   0.000
 ----------------------------------------------------------------------------
 N-WC= 12 (I= 172 J= 181) B*H*Lwc(m)= 0.26*  2.55*  3.30
           RMOR=  5.00 RB= 10.00
     砌体墙 蒸压砖                                                                                                                                                                                           
 (  1) V=     7.4 V_bear=     0.0  抗剪承载力与效应比  Ratio1=   0.000
 (  0) N=     0.6 M=     0.0 N_bear=     0.0  面外抗压承载力与效应比  Ratio2=********
 ( -2) N=     0.0 N_bear=     0.2  面内抗压承载力与效应比  Ratio3=********
 
  ** (  1) V=     7.4 V_bear=     0.0  抗剪承载力与效应比  Ratio1=   0.000
 ----------------------------------------------------------------------------
 N-WC= 13 (I= 185 J= 195) B*H*Lwc(m)= 0.26*  2.33*  3.30
           RMOR=  5.00 RB= 10.00
     砌体墙 蒸压砖                                                                                                                                                                                           
 (  1) V=    -0.5 V_bear=     0.0  抗剪承载力与效应比  Ratio1=   0.000
 (  0) N=     0.6 M=     0.0 N_bear=     0.0  面外抗压承载力与效应比  Ratio2=********
 ( -2) N=     0.0 N_bear=     0.2  面内抗压承载力与效应比  Ratio3=********
 
  ** (  1) V=    -0.5 V_bear=     0.0  抗剪承载力与效应比  Ratio1=   0.000
 ----------------------------------------------------------------------------
 N-WC= 14 (I= 201 J= 210) B*H*Lwc(m)= 0.26*  2.32*  3.30
           RMOR=  5.00 RB= 10.00
     砌体墙 蒸压砖                                                                                                                                                                                           
 (  1) V=     0.7 V_bear=     0.0  抗剪承载力与效应比  Ratio1=   0.000
 (  0) N=     0.6 M=     0.0 N_bear=     0.0  面外抗压承载力与效应比  Ratio2=********
 ( -2) N=     0.0 N_bear=     0.2  面内抗压承载力与效应比  Ratio3=********
 
  ** (  1) V=     0.7 V_bear=     0.0  抗剪承载力与效应比  Ratio1=   0.000
 ----------------------------------------------------------------------------
 N-WC= 15 (I= 216 J= 225) B*H*Lwc(m)= 0.26*  2.55*  3.30
           RMOR=  5.00 RB= 10.00
     砌体墙 蒸压砖                                                                                                                                                                                           
 (  1) V=    -1.1 V_bear=     0.0  抗剪承载力与效应比  Ratio1=   0.000
 (  0) N=     0.6 M=     0.0 N_bear=     0.0  面外抗压承载力与效应比  Ratio2=********
 ( -2) N=     0.0 N_bear=     0.2  面内抗压承载力与效应比  Ratio3=********
 
  ** (  1) V=    -1.1 V_bear=     0.0  抗剪承载力与效应比  Ratio1=   0.000
 ----------------------------------------------------------------------------
 N-WC= 16 (I= 231 J= 256) B*H*Lwc(m)= 0.26*  5.24*  3.30
           RMOR=  5.00 RB= 10.00
     砌体墙 蒸压砖                                                                                                                                                                                           
 (  1) V=   -21.7 V_bear=     0.0  抗剪承载力与效应比  Ratio1=   0.000
 (  0) N=     0.6 M=     0.0 N_bear=     0.0  面外抗压承载力与效应比  Ratio2=********
 ( -2) N=     0.0 N_bear=     0.2  面内抗压承载力与效应比  Ratio3=********
 
  ** (  1) V=   -21.7 V_bear=     0.0  抗剪承载力与效应比  Ratio1=   0.000
 ----------------------------------------------------------------------------
 N-WC= 17 (I= 240 J= 258) B*H*Lwc(m)= 0.26*  3.96*  3.30
           RMOR=  5.00 RB= 10.00
     砌体墙 蒸压砖                                                                                                                                                                                           
 (  1) V=    -2.9 V_bear=     0.0  抗剪承载力与效应比  Ratio1=   0.000
 (  0) N=     0.6 M=     0.0 N_bear=     0.0  面外抗压承载力与效应比  Ratio2=********
 ( -2) N=     0.0 N_bear=     0.2  面内抗压承载力与效应比  Ratio3=********
 
  ** (  1) V=    -2.9 V_bear=     0.0  抗剪承载力与效应比  Ratio1=   0.000
 ----------------------------------------------------------------------------
 N-WC= 18 (I= 173 J= 179) B*H*Lwc(m)= 0.26*  5.96*  3.30
           RMOR=  5.00 RB= 10.00
     砌体墙 蒸压砖                                                                                                                                                                                           
 (  1) V=     2.0 V_bear=     0.0  抗剪承载力与效应比  Ratio1=   0.000
 (  0) N=     0.6 M=     0.0 N_bear=     0.0  面外抗压承载力与效应比  Ratio2=********
 ( -2) N=     0.0 N_bear=     0.2  面内抗压承载力与效应比  Ratio3=********
 
  ** (  1) V=     2.0 V_bear=     0.0  抗剪承载力与效应比  Ratio1=   0.000
 ----------------------------------------------------------------------------
 N-WC= 19 (I= 217 J= 223) B*H*Lwc(m)= 0.26*  5.96*  3.30
           RMOR=  5.00 RB= 10.00
     砌体墙 蒸压砖                                                                                                                                                                                           
 (  1) V=     0.1 V_bear=     0.0  抗剪承载力与效应比  Ratio1=   0.000
 (  0) N=     0.6 M=     0.0 N_bear=     0.0  面外抗压承载力与效应比  Ratio2=********
 ( -2) N=     0.0 N_bear=     0.2  面内抗压承载力与效应比  Ratio3=********
 
  ** (  1) V=     0.1 V_bear=     0.0  抗剪承载力与效应比  Ratio1=   0.000
 ----------------------------------------------------------------------------

 ==============================================================================
 |                             墙梁配筋和验算输出                             |
 ==============================================================================
 N-WB=   1 (I=   165, J=   171) ( 1)B*H(mm)=  260* 1500
 Lwb=  1.50 Cover= 20 Nfwb= 2 Rcwb= 25.0 Fy=  300. Fyv=  270.
  梁属性：混凝土梁 不调幅梁 连梁
  梁地震组合剪力调整系数： 1.20
            -I-     -1-     -2-     -3-     -4-     -5-     -6-     -7-     -J-
-M(kNm)    -14.    -10.     -6.     -3.      0.     -3.     -6.    -10.    -15.
LoadCase  ( 29)   ( 29)   ( 29)   ( 29)   ( 31)   ( 28)   ( 28)   ( 28)   ( 28)
Top Ast    975.    975.    975.    975.    975.    975.    975.    975.    975.
% Steel    0.25    0.25    0.25    0.25    0.25    0.25    0.25    0.25    0.25
+M(kNm)      3.      3.      3.      2.      0.      2.      2.      3.      2.
LoadCase  ( 32)   ( 32)   ( 32)   ( 32)   ( 22)   ( 33)   ( 33)   ( 33)   ( 33)
Btm Ast    975.    975.    975.    975.    975.    975.    975.    975.    975.
% Steel    0.25    0.25    0.25    0.25    0.25    0.25    0.25    0.25    0.25
Shear       33.     26.     21.     16.     11.    -16.    -21.    -26.    -33.
LoadCase  ( 29)   ( 29)   ( 29)   ( 29)   ( 29)   ( 28)   ( 28)   ( 28)   ( 28)
 Asv        34.     34.     34.     34.     34.     34.     34.     34.     34.
 Rsv       0.13    0.13    0.13    0.13    0.13    0.13    0.13    0.13    0.13
剪压比    0.007   0.006   0.005   0.004   0.003   0.003   0.005   0.006   0.007
LoadCase  ( 29)   ( 29)   ( 29)   ( 29)   ( 29)   ( 28)   ( 28)   ( 28)   ( 28)
Tmax/Shear(  1)=    0.0/    23.  Astt=    0.  Astv=  34.3  Ast1=   0.0
  非加密区箍筋面积(1.5H处) Asvm=     34.
 ----------------------------------------------------------------------------
 N-WB=   2 (I=   194, J=   200) ( 1)B*H(mm)=  260* 1500
 Lwb=  1.50 Cover= 20 Nfwb= 2 Rcwb= 25.0 Fy=  300. Fyv=  270.
  梁属性：混凝土梁 不调幅梁 连梁
  梁地震组合剪力调整系数： 1.20
            -I-     -1-     -2-     -3-     -4-     -5-     -6-     -7-     -J-
-M(kNm)    -19.    -13.     -8.     -4.     -1.     -3.     -6.    -10.    -14.
LoadCase  ( 29)   ( 29)   ( 29)   ( 29)   (  1)   ( 28)   ( 28)   ( 28)   ( 28)
Top Ast    975.    975.    975.    975.    975.    975.    975.    975.    975.
% Steel    0.25    0.25    0.25    0.25    0.25    0.25    0.25    0.25    0.25
+M(kNm)      1.      2.      1.      1.      0.      1.      3.      4.      5.
LoadCase  ( 32)   ( 32)   ( 32)   ( 32)   (  0)   ( 33)   ( 33)   ( 33)   ( 33)
Btm Ast    975.    975.    975.    975.    975.    975.    975.    975.    975.
% Steel    0.25    0.25    0.25    0.25    0.25    0.25    0.25    0.25    0.25
Shear       37.     30.     25.     20.     15.    -14.    -19.    -24.    -32.
LoadCase  ( 29)   ( 29)   ( 29)   ( 29)   ( 29)   ( 28)   ( 28)   ( 28)   ( 28)
 Asv        34.     34.     34.     34.     34.     34.     34.     34.     34.
 Rsv       0.13    0.13    0.13    0.13    0.13    0.13    0.13    0.13    0.13
剪压比    0.008   0.007   0.006   0.004   0.003   0.003   0.004   0.005   0.007
LoadCase  ( 29)   ( 29)   ( 29)   ( 29)   ( 29)   ( 28)   ( 28)   ( 28)   ( 28)
Tmax/Shear(  1)=    0.0/    26.  Astt=    0.  Astv=  34.3  Ast1=   0.0
  非加密区箍筋面积(1.5H处) Asvm=     34.
 ----------------------------------------------------------------------------
 N-WB=   3 (I=   209, J=   215) ( 1)B*H(mm)=  260* 1500
 Lwb=  1.50 Cover= 20 Nfwb= 2 Rcwb= 25.0 Fy=  300. Fyv=  270.
  梁属性：混凝土梁 不调幅梁 连梁
  梁地震组合剪力调整系数： 1.20
            -I-     -1-     -2-     -3-     -4-     -5-     -6-     -7-     -J-
-M(kNm)    -16.    -11.     -6.     -3.     -1.     -3.     -6.    -10.    -15.
LoadCase  ( 29)   ( 29)   ( 29)   ( 29)   ( 31)   ( 28)   ( 28)   ( 28)   ( 28)
Top Ast    975.    975.    975.    975.    975.    975.    975.    975.    975.
% Steel    0.25    0.25    0.25    0.25    0.25    0.25    0.25    0.25    0.25
+M(kNm)      2.      3.      2.      1.      0.      2.      3.      3.      3.
LoadCase  ( 32)   ( 32)   ( 32)   ( 32)   ( 34)   ( 33)   ( 33)   ( 33)   ( 33)
Btm Ast    975.    975.    975.    975.    975.    975.    975.    975.    975.
% Steel    0.25    0.25    0.25    0.25    0.25    0.25    0.25    0.25    0.25
Shear       35.     27.     22.     17.     12.    -16.    -21.    -26.    -34.
LoadCase  ( 29)   ( 29)   ( 29)   ( 29)   ( 29)   ( 28)   ( 28)   ( 28)   ( 28)
 Asv        34.     34.     34.     34.     34.     34.     34.     34.     34.
 Rsv       0.13    0.13    0.13    0.13    0.13    0.13    0.13    0.13    0.13
剪压比    0.008   0.006   0.005   0.004   0.003   0.004   0.005   0.006   0.007
LoadCase  ( 29)   ( 29)   ( 29)   ( 29)   ( 29)   ( 28)   ( 28)   ( 28)   ( 28)
Tmax/Shear(  1)=    0.0/    24.  Astt=    0.  Astv=  34.3  Ast1=   0.0
  非加密区箍筋面积(1.5H处) Asvm=     34.
 ----------------------------------------------------------------------------
 N-WB=   4 (I=   166, J=   172) ( 1)B*H(mm)=  260* 1500
 Lwb=  1.50 Cover= 20 Nfwb= 2 Rcwb= 25.0 Fy=  300. Fyv=  270.
  梁属性：混凝土梁 不调幅梁 连梁
  梁地震组合剪力调整系数： 1.20
            -I-     -1-     -2-     -3-     -4-     -5-     -6-     -7-     -J-
-M(kNm)    -15.    -10.     -6.     -3.      0.     -3.     -6.    -10.    -15.
LoadCase  ( 29)   ( 29)   ( 29)   ( 29)   (  6)   ( 28)   ( 28)   ( 28)   ( 28)
Top Ast    975.    975.    975.    975.    975.    975.    975.    975.    975.
% Steel    0.25    0.25    0.25    0.25    0.25    0.25    0.25    0.25    0.25
+M(kNm)      3.      3.      2.      1.      0.      2.      3.      3.      3.
LoadCase  ( 32)   ( 32)   ( 32)   ( 32)   ( 23)   ( 33)   ( 33)   ( 33)   ( 33)
Btm Ast    975.    975.    975.    975.    975.    975.    975.    975.    975.
% Steel    0.25    0.25    0.25    0.25    0.25    0.25    0.25    0.25    0.25
Shear       34.     27.     22.     17.     12.    -15.    -20.    -25.    -32.
LoadCase  ( 29)   ( 29)   ( 29)   ( 29)   ( 29)   ( 28)   ( 28)   ( 28)   ( 28)
 Asv        34.     34.     34.     34.     34.     34.     34.     34.     34.
 Rsv       0.13    0.13    0.13    0.13    0.13    0.13    0.13    0.13    0.13
剪压比    0.008   0.006   0.005   0.004   0.003   0.003   0.004   0.005   0.007
LoadCase  ( 29)   ( 29)   ( 29)   ( 29)   ( 29)   ( 28)   ( 28)   ( 28)   ( 28)
Tmax/Shear(  1)=    0.0/    24.  Astt=    0.  Astv=  34.3  Ast1=   0.0
  非加密区箍筋面积(1.5H处) Asvm=     34.
 ----------------------------------------------------------------------------
 N-WB=   5 (I=   195, J=   201) ( 1)B*H(mm)=  260* 1500
 Lwb=  1.50 Cover= 20 Nfwb= 2 Rcwb= 25.0 Fy=  300. Fyv=  270.
  梁属性：混凝土梁 不调幅梁 连梁
  梁地震组合剪力调整系数： 1.20
            -I-     -1-     -2-     -3-     -4-     -5-     -6-     -7-     -J-
-M(kNm)    -16.    -11.     -7.     -4.     -1.     -4.     -7.    -11.    -16.
LoadCase  ( 29)   ( 29)   ( 29)   ( 29)   (  1)   ( 28)   ( 28)   ( 28)   ( 28)
Top Ast    975.    975.    975.    975.    975.    975.    975.    975.    975.
% Steel    0.25    0.25    0.25    0.25    0.25    0.25    0.25    0.25    0.25
+M(kNm)      2.      2.      2.      1.      0.      1.      2.      3.      3.
LoadCase  ( 32)   ( 32)   ( 32)   ( 32)   (  0)   ( 33)   ( 33)   ( 33)   ( 33)
Btm Ast    975.    975.    975.    975.    975.    975.    975.    975.    975.
% Steel    0.25    0.25    0.25    0.25    0.25    0.25    0.25    0.25    0.25
Shear       34.     27.     22.     17.     12.    -16.    -21.    -26.    -33.
LoadCase  ( 29)   ( 29)   ( 29)   ( 29)   ( 29)   ( 28)   ( 28)   ( 28)   ( 28)
 Asv        34.     34.     34.     34.     34.     34.     34.     34.     34.
 Rsv       0.13    0.13    0.13    0.13    0.13    0.13    0.13    0.13    0.13
剪压比    0.008   0.006   0.005   0.004   0.003   0.004   0.005   0.006   0.007
LoadCase  ( 29)   ( 29)   ( 29)   ( 29)   ( 29)   ( 28)   ( 28)   ( 28)   ( 28)
Tmax/Shear(  1)=    0.0/    23.  Astt=    0.  Astv=  34.3  Ast1=   0.0
  非加密区箍筋面积(1.5H处) Asvm=     34.
 ----------------------------------------------------------------------------
 N-WB=   6 (I=   210, J=   216) ( 1)B*H(mm)=  260* 1500
 Lwb=  1.50 Cover= 20 Nfwb= 2 Rcwb= 25.0 Fy=  300. Fyv=  270.
  梁属性：混凝土梁 不调幅梁 连梁
  梁地震组合剪力调整系数： 1.20
            -I-     -1-     -2-     -3-     -4-     -5-     -6-     -7-     -J-
-M(kNm)    -16.    -11.     -7.     -3.     -1.     -3.     -7.    -11.    -16.
LoadCase  ( 29)   ( 29)   ( 29)   ( 29)   ( 30)   ( 28)   ( 28)   ( 28)   ( 28)
Top Ast    975.    975.    975.    975.    975.    975.    975.    975.    975.
% Steel    0.25    0.25    0.25    0.25    0.25    0.25    0.25    0.25    0.25
+M(kNm)      3.      3.      3.      2.      0.      2.      3.      3.      3.
LoadCase  ( 32)   ( 32)   ( 32)   ( 32)   (  0)   ( 33)   ( 33)   ( 33)   ( 33)
Btm Ast    975.    975.    975.    975.    975.    975.    975.    975.    975.
% Steel    0.25    0.25    0.25    0.25    0.25    0.25    0.25    0.25    0.25
Shear       35.     27.     22.     17.    -12.    -17.    -22.    -27.    -35.
LoadCase  ( 29)   ( 29)   ( 29)   ( 29)   ( 28)   ( 28)   ( 28)   ( 28)   ( 28)
 Asv        34.     34.     34.     34.     34.     34.     34.     34.     34.
 Rsv       0.13    0.13    0.13    0.13    0.13    0.13    0.13    0.13    0.13
剪压比    0.008   0.006   0.005   0.004   0.003   0.004   0.005   0.006   0.008
LoadCase  ( 29)   ( 29)   ( 29)   ( 29)   ( 28)   ( 28)   ( 28)   ( 28)   ( 28)
Tmax/Shear(  1)=    0.0/   -24.  Astt=    0.  Astv=  34.3  Ast1=   0.0
  非加密区箍筋面积(1.5H处) Asvm=     34.
 ----------------------------------------------------------------------------
 N-WB=   7 (I=   181, J=   185) ( 1)B*H(mm)=  260* 1500
 Lwb=  1.50 Cover= 20 Nfwb= 2 Rcwb= 25.0 Fy=  300. Fyv=  270.
  梁属性：混凝土梁 不调幅梁 连梁
  梁地震组合剪力调整系数： 1.20
            -I-     -1-     -2-     -3-     -4-     -5-     -6-     -7-     -J-
-M(kNm)    -16.    -11.     -7.     -3.     -1.     -3.     -6.    -10.    -15.
LoadCase  ( 29)   ( 29)   ( 29)   ( 29)   ( 30)   ( 28)   ( 28)   ( 28)   ( 28)
Top Ast    975.    975.    975.    975.    975.    975.    975.    975.    975.
% Steel    0.25    0.25    0.25    0.25    0.25    0.25    0.25    0.25    0.25
+M(kNm)      3.      3.      3.      2.      0.      1.      3.      3.      3.
LoadCase  ( 32)   ( 32)   ( 32)   ( 32)   (  0)   ( 33)   ( 33)   ( 33)   ( 33)
Btm Ast    975.    975.    975.    975.    975.    975.    975.    975.    975.
% Steel    0.25    0.25    0.25    0.25    0.25    0.25    0.25    0.25    0.25
Shear       35.     28.     22.     17.     12.    -17.    -22.    -27.    -34.
LoadCase  ( 29)   ( 29)   ( 29)   ( 29)   ( 29)   ( 28)   ( 28)   ( 28)   ( 28)
 Asv        34.     34.     34.     34.     34.     34.     34.     34.     34.
 Rsv       0.13    0.13    0.13    0.13    0.13    0.13    0.13    0.13    0.13
剪压比    0.008   0.006   0.005   0.004   0.003   0.004   0.005   0.006   0.008
LoadCase  ( 29)   ( 29)   ( 29)   ( 29)   ( 29)   ( 28)   ( 28)   ( 28)   ( 28)
Tmax/Shear(  1)=    0.0/    24.  Astt=    0.  Astv=  34.3  Ast1=   0.0
  非加密区箍筋面积(1.5H处) Asvm=     34.
 ----------------------------------------------------------------------------
 N-WB=   8 (I=   224, J=   230) ( 1)B*H(mm)=  260* 1500
 Lwb=  1.50 Cover= 20 Nfwb= 2 Rcwb= 25.0 Fy=  300. Fyv=  270.
  梁属性：混凝土梁 不调幅梁 连梁
  梁地震组合剪力调整系数： 1.20
            -I-     -1-     -2-     -3-     -4-     -5-     -6-     -7-     -J-
-M(kNm)    -15.    -10.     -6.     -3.     -1.     -3.     -7.    -11.    -17.
LoadCase  ( 29)   ( 29)   ( 29)   ( 29)   ( 31)   ( 28)   ( 28)   ( 28)   ( 28)
Top Ast    975.    975.    975.    975.    975.    975.    975.    975.    975.
% Steel    0.25    0.25    0.25    0.25    0.25    0.25    0.25    0.25    0.25
+M(kNm)      4.      4.      3.      2.      0.      2.      3.      3.      3.
LoadCase  ( 32)   ( 32)   ( 32)   ( 32)   ( 34)   ( 33)   ( 33)   ( 33)   ( 33)
Btm Ast    975.    975.    975.    975.    975.    975.    975.    975.    975.
% Steel    0.25    0.25    0.25    0.25    0.25    0.25    0.25    0.25    0.25
Shear       35.     27.     22.     17.    -13.    -18.    -23.    -29.    -36.
LoadCase  ( 29)   ( 29)   ( 29)   ( 29)   ( 28)   ( 28)   ( 28)   ( 28)   ( 28)
 Asv        34.     34.     34.     34.     34.     34.     34.     34.     34.
 Rsv       0.13    0.13    0.13    0.13    0.13    0.13    0.13    0.13    0.13
剪压比    0.008   0.006   0.005   0.004   0.003   0.004   0.005   0.006   0.008
LoadCase  ( 29)   ( 29)   ( 29)   ( 29)   ( 28)   ( 28)   ( 28)   ( 28)   ( 28)
Tmax/Shear(  1)=    0.0/   -25.  Astt=    0.  Astv=  34.3  Ast1=   0.0
  非加密区箍筋面积(1.5H处) Asvm=     34.
 ----------------------------------------------------------------------------
 N-WB=   9 (I=   225, J=   231) ( 1)B*H(mm)=  260* 1500
 Lwb=  1.50 Cover= 20 Nfwb= 2 Rcwb= 25.0 Fy=  300. Fyv=  270.
  梁属性：混凝土梁 不调幅梁 连梁
  梁地震组合剪力调整系数： 1.20
            -I-     -1-     -2-     -3-     -4-     -5-     -6-     -7-     -J-
-M(kNm)    -15.    -10.     -6.     -3.      0.     -4.     -8.    -13.    -18.
LoadCase  ( 29)   ( 29)   ( 29)   ( 29)   ( 30)   ( 28)   ( 28)   ( 28)   ( 28)
Top Ast    975.    975.    975.    975.    975.    975.    975.    975.    975.
% Steel    0.25    0.25    0.25    0.25    0.25    0.25    0.25    0.25    0.25
+M(kNm)      5.      5.      4.      2.      0.      2.      3.      3.      3.
LoadCase  ( 32)   ( 32)   ( 32)   ( 32)   (  0)   ( 33)   ( 33)   ( 33)   ( 33)
Btm Ast    975.    975.    975.    975.    975.    975.    975.    975.    975.
% Steel    0.25    0.25    0.25    0.25    0.25    0.25    0.25    0.25    0.25
Shear       35.     27.     22.     17.    -15.    -20.    -25.    -31.    -38.
LoadCase  ( 29)   ( 29)   ( 29)   ( 29)   ( 28)   ( 28)   ( 28)   ( 28)   ( 28)
 Asv        34.     34.     34.     34.     34.     34.     34.     34.     34.
 Rsv       0.13    0.13    0.13    0.13    0.13    0.13    0.13    0.13    0.13
剪压比    0.008   0.006   0.005   0.004   0.003   0.005   0.006   0.007   0.009
LoadCase  ( 29)   ( 29)   ( 29)   ( 29)   ( 28)   ( 28)   ( 28)   ( 28)   ( 28)
Tmax/Shear(  1)=    0.0/   -26.  Astt=    0.  Astv=  34.3  Ast1=   0.0
  非加密区箍筋面积(1.5H处) Asvm=     34.
 ----------------------------------------------------------------------------
