
     ----------------------------------------------------------------------
     |                                                                    |
     |                      SATWE 配筋、验算输出文件                      |
     |                       2014年9月19日14时59分                        |
     |                             WPJ2.OUT                               |
     |                                                                    |
     ----------------------------------------------------------------------
     |                                                                    |
     | 工程项目：                              设计人：                   |
     | 项目编号：          审核人：                  计算日期：2017/ 5/22 |
     ----------------------------------------------------------------------

          有关符号说明见第1层配筋、验算输出文件WPJ1.OUT

           ----------------------------------------------------------
           |                   第  2 层配筋、验算                   |
           ----------------------------------------------------------

 ==============================================================================
 |                              墙配筋和验算输出                              |
 ==============================================================================
 N-WC=  1 (I= 304 J= 310) B*H*Lwc(m)= 0.26*  5.96*  3.30
           RMOR=  5.00 RB= 10.00
     砌体墙 蒸压砖                                                                                                                                                                                           
 (  1) V=    -3.7 V_bear=     0.0  抗剪承载力与效应比  Ratio1=   0.000
 (  1) N=  -272.1 M=     2.5 N_bear=     0.0  面外抗压承载力与效应比  Ratio2=   0.000
 (  1) N=  -272.1 N_bear=     0.0  面内抗压承载力与效应比  Ratio3=   0.000
 
  ** (  1) V=    -3.7 V_bear=     0.0  抗剪承载力与效应比  Ratio1=   0.000
  ** (  1) N=  -272.1 M=     2.5 N_bear=     0.0  面外抗压承载力与效应比  Ratio2
 =   0.000
  ** (  1) N=  -272.1 N_bear=     0.0  面内抗压承载力与效应比  Ratio3=   0.000
 ----------------------------------------------------------------------------
 N-WC=  2 (I= 336 J= 342) B*H*Lwc(m)= 0.26*  5.96*  3.30
           RMOR=  5.00 RB= 10.00
     砌体墙 蒸压砖                                                                                                                                                                                           
 (  1) V=     5.9 V_bear=     0.0  抗剪承载力与效应比  Ratio1=   0.000
 (  1) N=  -272.1 M=     2.5 N_bear=     0.0  面外抗压承载力与效应比  Ratio2=********
 (  1) N=  -272.1 N_bear=     0.0  面内抗压承载力与效应比  Ratio3=********
 
  ** (  1) V=     5.9 V_bear=     0.0  抗剪承载力与效应比  Ratio1=   0.000
 ----------------------------------------------------------------------------
 N-WC=  3 (I= 353 J= 359) B*H*Lwc(m)= 0.26*  5.96*  3.30
           RMOR=  5.00 RB= 10.00
     砌体墙 蒸压砖                                                                                                                                                                                           
 (  1) V=     0.0 V_bear=     0.0  抗剪承载力与效应比  Ratio1=   0.000
 (  1) N=  -272.1 M=     2.5 N_bear=     0.0  面外抗压承载力与效应比  Ratio2=********
 (  1) N=  -272.1 N_bear=     0.0  面内抗压承载力与效应比  Ratio3=********
 
  ** (  1) V=     0.0 V_bear=     0.0  抗剪承载力与效应比  Ratio1=   0.000
 ----------------------------------------------------------------------------
 N-WC=  4 (I= 387 J= 396) B*H*Lwc(m)= 0.26*  7.46*  3.30
           RMOR=  5.00 RB= 10.00
     砌体墙 蒸压砖                                                                                                                                                                                           
 (  1) V=    -7.7 V_bear=     0.0  抗剪承载力与效应比  Ratio1=   0.000
 (  1) N=  -272.1 M=     2.5 N_bear=     0.0  面外抗压承载力与效应比  Ratio2=********
 (  1) N=  -272.1 N_bear=     0.0  面内抗压承载力与效应比  Ratio3=********
 
  ** (  1) V=    -7.7 V_bear=     0.0  抗剪承载力与效应比  Ratio1=   0.000
 ----------------------------------------------------------------------------
 N-WC=  5 (I= 408 J= 416) B*H*Lwc(m)= 0.26*  7.46*  3.30
           RMOR=  5.00 RB= 10.00
     砌体墙 蒸压砖                                                                                                                                                                                           
 (  1) V=     1.8 V_bear=     0.0  抗剪承载力与效应比  Ratio1=   0.000
 (  1) N=  -272.1 M=     2.5 N_bear=     0.0  面外抗压承载力与效应比  Ratio2=********
 (  1) N=  -272.1 N_bear=     0.0  面内抗压承载力与效应比  Ratio3=********
 
  ** (  1) V=     1.8 V_bear=     0.0  抗剪承载力与效应比  Ratio1=   0.000
 ----------------------------------------------------------------------------
 N-WC=  6 (I= 304 J= 311) B*H*Lwc(m)= 0.26*  1.27*  3.30
           RMOR=  5.00 RB= 10.00
     砌体墙 蒸压砖                                                                                                                                                                                           
 (  1) V=    12.1 V_bear=     0.0  抗剪承载力与效应比  Ratio1=   0.000
 (  1) N=  -272.1 M=     2.5 N_bear=     0.0  面外抗压承载力与效应比  Ratio2=********
 (  1) N=  -272.1 N_bear=     0.0  面内抗压承载力与效应比  Ratio3=********
 
  ** (  1) V=    12.1 V_bear=     0.0  抗剪承载力与效应比  Ratio1=   0.000
 ----------------------------------------------------------------------------
 N-WC=  7 (I= 319 J= 343) B*H*Lwc(m)= 0.26*  6.38*  3.30
           RMOR=  5.00 RB= 10.00
     砌体墙 蒸压砖                                                                                                                                                                                           
 (  1) V=     9.2 V_bear=     0.0  抗剪承载力与效应比  Ratio1=   0.000
 (  1) N=  -272.1 M=     2.5 N_bear=     0.0  面外抗压承载力与效应比  Ratio2=********
 (  1) N=  -272.1 N_bear=     0.0  面内抗压承载力与效应比  Ratio3=********
 
  ** (  1) V=     9.2 V_bear=     0.0  抗剪承载力与效应比  Ratio1=   0.000
 ----------------------------------------------------------------------------
 N-WC=  8 (I= 351 J= 360) B*H*Lwc(m)= 0.26*  2.32*  3.30
           RMOR=  5.00 RB= 10.00
     砌体墙 蒸压砖                                                                                                                                                                                           
 (  1) V=     3.6 V_bear=     0.0  抗剪承载力与效应比  Ratio1=   0.000
 (  1) N=  -272.1 M=     2.5 N_bear=     0.0  面外抗压承载力与效应比  Ratio2=********
 (  1) N=  -272.1 N_bear=     0.0  面内抗压承载力与效应比  Ratio3=********
 
  ** (  1) V=     3.6 V_bear=     0.0  抗剪承载力与效应比  Ratio1=   0.000
 ----------------------------------------------------------------------------
 N-WC=  9 (I= 368 J= 377) B*H*Lwc(m)= 0.26*  2.55*  3.30
           RMOR=  5.00 RB= 10.00
     砌体墙 蒸压砖                                                                                                                                                                                           
 (  1) V=     0.0 V_bear=     0.0  抗剪承载力与效应比  Ratio1=   0.000
 (  1) N=  -272.1 M=     2.5 N_bear=     0.0  面外抗压承载力与效应比  Ratio2=********
 (  1) N=  -272.1 N_bear=     0.0  面内抗压承载力与效应比  Ratio3=********
 
  ** (  1) V=     0.0 V_bear=     0.0  抗剪承载力与效应比  Ratio1=   0.000
 ----------------------------------------------------------------------------
 N-WC= 10 (I= 385 J= 408) B*H*Lwc(m)= 0.26*  5.24*  3.30
           RMOR=  5.00 RB= 10.00
     砌体墙 蒸压砖                                                                                                                                                                                           
 (  1) V=   -18.5 V_bear=     0.0  抗剪承载力与效应比  Ratio1=   0.000
 (  1) N=  -272.1 M=     2.5 N_bear=     0.0  面外抗压承载力与效应比  Ratio2=********
 (  1) N=  -272.1 N_bear=     0.0  面内抗压承载力与效应比  Ratio3=********
 
  ** (  1) V=   -18.5 V_bear=     0.0  抗剪承载力与效应比  Ratio1=   0.000
 ----------------------------------------------------------------------------
 N-WC= 11 (I= 310 J= 312) B*H*Lwc(m)= 0.26*  1.27*  3.30
           RMOR=  5.00 RB= 10.00
     砌体墙 蒸压砖                                                                                                                                                                                           
 (  1) V=    12.2 V_bear=     0.0  抗剪承载力与效应比  Ratio1=   0.000
 (  1) N=  -272.1 M=     2.5 N_bear=     0.0  面外抗压承载力与效应比  Ratio2=********
 (  1) N=  -272.1 N_bear=     0.0  面内抗压承载力与效应比  Ratio3=********
 
  ** (  1) V=    12.2 V_bear=     0.0  抗剪承载力与效应比  Ratio1=   0.000
 ----------------------------------------------------------------------------
 N-WC= 12 (I= 320 J= 329) B*H*Lwc(m)= 0.26*  2.55*  3.30
           RMOR=  5.00 RB= 10.00
     砌体墙 蒸压砖                                                                                                                                                                                           
 (  1) V=     5.2 V_bear=     0.0  抗剪承载力与效应比  Ratio1=   0.000
 (  1) N=  -272.1 M=     2.5 N_bear=     0.0  面外抗压承载力与效应比  Ratio2=********
 (  1) N=  -272.1 N_bear=     0.0  面内抗压承载力与效应比  Ratio3=********
 
  ** (  1) V=     5.2 V_bear=     0.0  抗剪承载力与效应比  Ratio1=   0.000
 ----------------------------------------------------------------------------
 N-WC= 13 (I= 334 J= 344) B*H*Lwc(m)= 0.26*  2.33*  3.30
           RMOR=  5.00 RB= 10.00
     砌体墙 蒸压砖                                                                                                                                                                                           
 (  1) V=    -0.2 V_bear=     0.0  抗剪承载力与效应比  Ratio1=   0.000
 (  1) N=  -272.1 M=     2.5 N_bear=     0.0  面外抗压承载力与效应比  Ratio2=********
 (  1) N=  -272.1 N_bear=     0.0  面内抗压承载力与效应比  Ratio3=********
 
  ** (  1) V=    -0.2 V_bear=     0.0  抗剪承载力与效应比  Ratio1=   0.000
 ----------------------------------------------------------------------------
 N-WC= 14 (I= 352 J= 361) B*H*Lwc(m)= 0.26*  2.32*  3.30
           RMOR=  5.00 RB= 10.00
     砌体墙 蒸压砖                                                                                                                                                                                           
 (  1) V=     1.0 V_bear=     0.0  抗剪承载力与效应比  Ratio1=   0.000
 (  1) N=  -272.1 M=     2.5 N_bear=     0.0  面外抗压承载力与效应比  Ratio2=********
 (  1) N=  -272.1 N_bear=     0.0  面内抗压承载力与效应比  Ratio3=********
 
  ** (  1) V=     1.0 V_bear=     0.0  抗剪承载力与效应比  Ratio1=   0.000
 ----------------------------------------------------------------------------
 N-WC= 15 (I= 369 J= 378) B*H*Lwc(m)= 0.26*  2.55*  3.30
           RMOR=  5.00 RB= 10.00
     砌体墙 蒸压砖                                                                                                                                                                                           
 (  1) V=    -1.6 V_bear=     0.0  抗剪承载力与效应比  Ratio1=   0.000
 (  1) N=  -272.1 M=     2.5 N_bear=     0.0  面外抗压承载力与效应比  Ratio2=********
 (  1) N=  -272.1 N_bear=     0.0  面内抗压承载力与效应比  Ratio3=********
 
  ** (  1) V=    -1.6 V_bear=     0.0  抗剪承载力与效应比  Ratio1=   0.000
 ----------------------------------------------------------------------------
 N-WC= 16 (I= 386 J= 414) B*H*Lwc(m)= 0.26*  5.24*  3.30
           RMOR=  5.00 RB= 10.00
     砌体墙 蒸压砖                                                                                                                                                                                           
 (  1) V=   -19.0 V_bear=     0.0  抗剪承载力与效应比  Ratio1=   0.000
 (  1) N=  -272.1 M=     2.5 N_bear=     0.0  面外抗压承载力与效应比  Ratio2=********
 (  1) N=  -272.1 N_bear=     0.0  面内抗压承载力与效应比  Ratio3=********
 
  ** (  1) V=   -19.0 V_bear=     0.0  抗剪承载力与效应比  Ratio1=   0.000
 ----------------------------------------------------------------------------
 N-WC= 17 (I= 396 J= 416) B*H*Lwc(m)= 0.26*  3.96*  3.30
           RMOR=  5.00 RB= 10.00
     砌体墙 蒸压砖                                                                                                                                                                                           
 (  1) V=    -3.6 V_bear=     0.0  抗剪承载力与效应比  Ratio1=   0.000
 (  1) N=  -272.1 M=     2.5 N_bear=     0.0  面外抗压承载力与效应比  Ratio2=********
 (  1) N=  -272.1 N_bear=     0.0  面内抗压承载力与效应比  Ratio3=********
 
  ** (  1) V=    -3.6 V_bear=     0.0  抗剪承载力与效应比  Ratio1=   0.000
 ----------------------------------------------------------------------------
 N-WC= 18 (I= 321 J= 327) B*H*Lwc(m)= 0.26*  5.96*  3.30
           RMOR=  5.00 RB= 10.00
     砌体墙 蒸压砖                                                                                                                                                                                           
 (  1) V=     3.3 V_bear=     0.0  抗剪承载力与效应比  Ratio1=   0.000
 (  1) N=  -272.1 M=     2.5 N_bear=     0.0  面外抗压承载力与效应比  Ratio2=********
 (  1) N=  -272.1 N_bear=     0.0  面内抗压承载力与效应比  Ratio3=********
 
  ** (  1) V=     3.3 V_bear=     0.0  抗剪承载力与效应比  Ratio1=   0.000
 ----------------------------------------------------------------------------
 N-WC= 19 (I= 370 J= 376) B*H*Lwc(m)= 0.26*  5.96*  3.30
           RMOR=  5.00 RB= 10.00
     砌体墙 蒸压砖                                                                                                                                                                                           
 (  1) V=     0.6 V_bear=     0.0  抗剪承载力与效应比  Ratio1=   0.000
 (  1) N=  -272.1 M=     2.5 N_bear=     0.0  面外抗压承载力与效应比  Ratio2=********
 (  1) N=  -272.1 N_bear=     0.0  面内抗压承载力与效应比  Ratio3=********
 
  ** (  1) V=     0.6 V_bear=     0.0  抗剪承载力与效应比  Ratio1=   0.000
 ----------------------------------------------------------------------------

 ==============================================================================
 |                             墙梁配筋和验算输出                             |
 ==============================================================================
 N-WB=   1 (I=   311, J=   319) ( 1)B*H(mm)=  260*  600
 Lwb=  1.50 Cover= 20 Nfwb= 2 Rcwb= 25.0 Fy=  300. Fyv=  270.
  梁属性：混凝土梁 不调幅梁 连梁
  梁地震组合剪力调整系数： 1.20
            -I-     -1-     -2-     -3-     -4-     -5-     -6-     -7-     -J-
-M(kNm)     -3.     -1.      0.      0.      0.      0.      0.     -2.     -4.
LoadCase  ( 29)   ( 33)   (  0)   (  0)   (  0)   (  0)   ( 32)   ( 28)   (  1)
Top Ast    468.    390.      0.      0.      0.      0.    390.    390.    468.
% Steel    0.30    0.25    0.00    0.00    0.00    0.00    0.25    0.25    0.30
+M(kNm)      0.      1.      2.      2.      2.      2.      1.      0.      0.
LoadCase  (  0)   ( 28)   ( 28)   (  1)   (  1)   (  1)   ( 29)   (  0)   (  0)
Btm Ast    468.    390.    390.    390.    390.    390.    390.    390.    468.
% Steel    0.30    0.25    0.25    0.25    0.25    0.25    0.25    0.25    0.30
Shear       14.     10.      7.      4.     -5.     -8.    -11.    -14.    -18.
LoadCase  ( 29)   ( 29)   ( 29)   ( 29)   ( 28)   ( 28)   ( 28)   ( 28)   ( 28)
 Asv        34.     34.     34.     34.     34.     34.     34.     34.     34.
 Rsv       0.13    0.13    0.13    0.13    0.13    0.13    0.13    0.13    0.13
剪压比    0.008   0.006   0.004   0.002   0.003   0.005   0.007   0.008   0.011
LoadCase  ( 29)   ( 29)   ( 29)   ( 29)   ( 28)   ( 28)   ( 28)   ( 28)   ( 28)
Tmax/Shear(  1)=    0.0/   -17.  Astt=    0.  Astv=  34.3  Ast1=   0.0
  非加密区箍筋面积(1.5H处) Asvm=     34.
 ----------------------------------------------------------------------------
 N-WB=   2 (I=   343, J=   351) ( 1)B*H(mm)=  260*  600
 Lwb=  1.50 Cover= 20 Nfwb= 2 Rcwb= 25.0 Fy=  300. Fyv=  270.
  梁属性：混凝土梁 不调幅梁 连梁
  梁地震组合剪力调整系数： 1.20
            -I-     -1-     -2-     -3-     -4-     -5-     -6-     -7-     -J-
-M(kNm)     -5.     -2.     -1.      0.      0.      0.     -1.     -2.     -4.
LoadCase  (  1)   (  1)   ( 29)   (  0)   (  0)   (  0)   ( 32)   ( 28)   ( 28)
Top Ast    468.    390.    390.      0.      0.      0.    390.    390.    468.
% Steel    0.30    0.25    0.25    0.00    0.00    0.00    0.25    0.25    0.30
+M(kNm)      0.      0.      0.      1.      1.      1.      1.      0.      0.
LoadCase  (  0)   (  0)   ( 32)   ( 28)   (  1)   (  1)   ( 29)   ( 33)   (  0)
Btm Ast    468.    390.    390.    390.    390.    390.    390.    390.    468.
% Steel    0.30    0.25    0.25    0.25    0.25    0.25    0.25    0.25    0.30
Shear       17.     14.     11.      8.      5.     -5.     -8.    -11.    -15.
LoadCase  ( 29)   ( 29)   ( 29)   ( 29)   ( 29)   ( 28)   ( 28)   ( 28)   ( 28)
 Asv        34.     34.     34.     34.     34.     34.     34.     34.     34.
 Rsv       0.13    0.13    0.13    0.13    0.13    0.13    0.13    0.13    0.13
剪压比    0.010   0.008   0.006   0.005   0.003   0.003   0.005   0.006   0.008
LoadCase  ( 29)   ( 29)   ( 29)   ( 29)   ( 29)   ( 28)   ( 28)   ( 28)   ( 28)
Tmax/Shear(  1)=    0.0/    15.  Astt=    0.  Astv=  34.3  Ast1=   0.0
  非加密区箍筋面积(1.5H处) Asvm=     34.
 ----------------------------------------------------------------------------
 N-WB=   3 (I=   360, J=   368) ( 1)B*H(mm)=  260*  600
 Lwb=  1.50 Cover= 20 Nfwb= 2 Rcwb= 25.0 Fy=  300. Fyv=  270.
  梁属性：混凝土梁 不调幅梁 连梁
  梁地震组合剪力调整系数： 1.20
            -I-     -1-     -2-     -3-     -4-     -5-     -6-     -7-     -J-
-M(kNm)     -4.     -2.      0.      0.      0.      0.      0.     -2.     -4.
LoadCase  (  1)   ( 29)   ( 33)   (  0)   (  0)   (  0)   ( 32)   ( 28)   (  1)
Top Ast    468.    390.    390.      0.      0.      0.    390.    390.    468.
% Steel    0.30    0.25    0.25    0.00    0.00    0.00    0.25    0.25    0.30
+M(kNm)      0.      0.      1.      1.      2.      1.      1.      0.      0.
LoadCase  (  0)   ( 32)   ( 28)   (  1)   (  1)   (  1)   ( 29)   ( 33)   (  0)
Btm Ast    468.    390.    390.    390.    390.    390.    390.    390.    468.
% Steel    0.30    0.25    0.25    0.25    0.25    0.25    0.25    0.25    0.30
Shear       17.     13.     10.      7.      4.     -6.     -9.    -12.    -16.
LoadCase  ( 29)   ( 29)   ( 29)   ( 29)   ( 29)   ( 28)   ( 28)   ( 28)   ( 28)
 Asv        34.     34.     34.     34.     34.     34.     34.     34.     34.
 Rsv       0.13    0.13    0.13    0.13    0.13    0.13    0.13    0.13    0.13
剪压比    0.010   0.008   0.006   0.004   0.002   0.003   0.005   0.007   0.009
LoadCase  ( 29)   ( 29)   ( 29)   ( 29)   ( 29)   ( 28)   ( 28)   ( 28)   ( 28)
Tmax/Shear(  1)=    0.0/    15.  Astt=    0.  Astv=  34.3  Ast1=   0.0
  非加密区箍筋面积(1.5H处) Asvm=     34.
 ----------------------------------------------------------------------------
 N-WB=   4 (I=   312, J=   320) ( 1)B*H(mm)=  260*  600
 Lwb=  1.50 Cover= 20 Nfwb= 2 Rcwb= 25.0 Fy=  300. Fyv=  270.
  梁属性：混凝土梁 不调幅梁 连梁
  梁地震组合剪力调整系数： 1.20
            -I-     -1-     -2-     -3-     -4-     -5-     -6-     -7-     -J-
-M(kNm)     -3.     -1.      0.      0.      0.      0.      0.     -2.     -4.
LoadCase  ( 29)   ( 33)   (  0)   (  0)   (  0)   (  0)   ( 32)   ( 28)   (  1)
Top Ast    468.    390.      0.      0.      0.      0.    390.    390.    468.
% Steel    0.30    0.25    0.00    0.00    0.00    0.00    0.25    0.25    0.30
+M(kNm)      0.      1.      1.      2.      2.      2.      1.      0.      0.
LoadCase  (  0)   ( 28)   (  1)   (  1)   (  1)   (  1)   ( 29)   (  0)   (  0)
Btm Ast    468.    390.    390.    390.    390.    390.    390.    390.    468.
% Steel    0.30    0.25    0.25    0.25    0.25    0.25    0.25    0.25    0.30
Shear       14.     11.      8.      4.     -5.     -8.    -11.    -14.    -18.
LoadCase  ( 29)   ( 29)   ( 29)   ( 29)   ( 28)   ( 28)   ( 28)   ( 28)   ( 28)
 Asv        34.     34.     34.     34.     34.     34.     34.     34.     34.
 Rsv       0.13    0.13    0.13    0.13    0.13    0.13    0.13    0.13    0.13
剪压比    0.008   0.006   0.004   0.003   0.003   0.005   0.006   0.008   0.010
LoadCase  ( 29)   ( 29)   ( 29)   ( 29)   ( 28)   ( 28)   ( 28)   ( 28)   ( 28)
Tmax/Shear(  1)=    0.0/   -16.  Astt=    0.  Astv=  34.3  Ast1=   0.0
  非加密区箍筋面积(1.5H处) Asvm=     34.
 ----------------------------------------------------------------------------
 N-WB=   5 (I=   344, J=   352) ( 1)B*H(mm)=  260*  600
 Lwb=  1.50 Cover= 20 Nfwb= 2 Rcwb= 25.0 Fy=  300. Fyv=  270.
  梁属性：混凝土梁 不调幅梁 连梁
  梁地震组合剪力调整系数： 1.20
            -I-     -1-     -2-     -3-     -4-     -5-     -6-     -7-     -J-
-M(kNm)     -4.     -3.     -1.      0.      0.      0.     -1.     -3.     -4.
LoadCase  (  1)   ( 29)   ( 29)   (  0)   (  0)   (  0)   ( 28)   ( 28)   (  1)
Top Ast    468.    390.    390.      0.      0.      0.    390.    390.    468.
% Steel    0.30    0.25    0.25    0.00    0.00    0.00    0.25    0.25    0.30
+M(kNm)      0.      0.      0.      1.      1.      1.      1.      0.      0.
LoadCase  (  0)   (  0)   ( 32)   ( 28)   (  1)   ( 29)   ( 33)   (  0)   (  0)
Btm Ast    468.    390.    390.    390.    390.    390.    390.    390.    468.
% Steel    0.30    0.25    0.25    0.25    0.25    0.25    0.25    0.25    0.30
Shear       16.     12.      9.      6.      3.     -6.     -9.    -12.    -16.
LoadCase  ( 29)   ( 29)   ( 29)   ( 29)   ( 29)   ( 28)   ( 28)   ( 28)   ( 28)
 Asv        34.     34.     34.     34.     34.     34.     34.     34.     34.
 Rsv       0.13    0.13    0.13    0.13    0.13    0.13    0.13    0.13    0.13
剪压比    0.009   0.007   0.005   0.004   0.002   0.004   0.005   0.007   0.009
LoadCase  ( 29)   ( 29)   ( 29)   ( 29)   ( 29)   ( 28)   ( 28)   ( 28)   ( 28)
Tmax/Shear(  1)=    0.0/    14.  Astt=    0.  Astv=  34.3  Ast1=   0.0
  非加密区箍筋面积(1.5H处) Asvm=     34.
 ----------------------------------------------------------------------------
 N-WB=   6 (I=   361, J=   369) ( 1)B*H(mm)=  260*  600
 Lwb=  1.50 Cover= 20 Nfwb= 2 Rcwb= 25.0 Fy=  300. Fyv=  270.
  梁属性：混凝土梁 不调幅梁 连梁
  梁地震组合剪力调整系数： 1.20
            -I-     -1-     -2-     -3-     -4-     -5-     -6-     -7-     -J-
-M(kNm)     -4.     -2.      0.      0.      0.      0.      0.     -2.     -4.
LoadCase  (  1)   ( 29)   ( 33)   (  0)   (  0)   (  0)   ( 32)   ( 28)   (  1)
Top Ast    468.    390.    390.      0.      0.      0.    390.    390.    468.
% Steel    0.30    0.25    0.25    0.00    0.00    0.00    0.25    0.25    0.30
+M(kNm)      0.      0.      1.      1.      2.      1.      1.      0.      0.
LoadCase  (  0)   ( 32)   ( 28)   (  1)   (  1)   (  1)   ( 29)   ( 33)   (  0)
Btm Ast    468.    390.    390.    390.    390.    390.    390.    390.    468.
% Steel    0.30    0.25    0.25    0.25    0.25    0.25    0.25    0.25    0.30
Shear       17.     13.     10.      7.      4.     -6.    -10.    -13.    -16.
LoadCase  ( 29)   ( 29)   ( 29)   ( 29)   ( 29)   ( 28)   ( 28)   ( 28)   ( 28)
 Asv        34.     34.     34.     34.     34.     34.     34.     34.     34.
 Rsv       0.13    0.13    0.13    0.13    0.13    0.13    0.13    0.13    0.13
剪压比    0.010   0.007   0.006   0.004   0.002   0.004   0.006   0.007   0.009
LoadCase  ( 29)   ( 29)   ( 29)   ( 29)   ( 29)   ( 28)   ( 28)   ( 28)   ( 28)
Tmax/Shear(  1)=    0.0/    14.  Astt=    0.  Astv=  34.3  Ast1=   0.0
  非加密区箍筋面积(1.5H处) Asvm=     34.
 ----------------------------------------------------------------------------
 N-WB=   7 (I=   329, J=   334) ( 1)B*H(mm)=  260*  600
 Lwb=  1.50 Cover= 20 Nfwb= 2 Rcwb= 25.0 Fy=  300. Fyv=  270.
  梁属性：混凝土梁 不调幅梁 连梁
  梁地震组合剪力调整系数： 1.20
            -I-     -1-     -2-     -3-     -4-     -5-     -6-     -7-     -J-
-M(kNm)     -4.     -2.      0.      0.      0.      0.      0.     -2.     -3.
LoadCase  (  1)   ( 29)   ( 33)   (  0)   (  0)   (  0)   ( 32)   ( 28)   (  1)
Top Ast    468.    390.    390.      0.      0.      0.    390.    390.    468.
% Steel    0.30    0.25    0.25    0.00    0.00    0.00    0.25    0.25    0.30
+M(kNm)      0.      0.      1.      1.      2.      1.      1.      0.      0.
LoadCase  (  0)   (  0)   ( 28)   (  1)   (  1)   (  1)   ( 29)   ( 33)   (  0)
Btm Ast    468.    390.    390.    390.    390.    390.    390.    390.    468.
% Steel    0.30    0.25    0.25    0.25    0.25    0.25    0.25    0.25    0.30
Shear       17.     13.     10.      7.      4.     -6.     -9.    -12.    -16.
LoadCase  ( 29)   ( 29)   ( 29)   ( 29)   ( 29)   ( 28)   ( 28)   ( 28)   ( 28)
 Asv        34.     34.     34.     34.     34.     34.     34.     34.     34.
 Rsv       0.13    0.13    0.13    0.13    0.13    0.13    0.13    0.13    0.13
剪压比    0.010   0.007   0.006   0.004   0.002   0.004   0.005   0.007   0.009
LoadCase  ( 29)   ( 29)   ( 29)   ( 29)   ( 29)   ( 28)   ( 28)   ( 28)   ( 28)
Tmax/Shear(  1)=    0.0/    14.  Astt=    0.  Astv=  34.3  Ast1=   0.0
  非加密区箍筋面积(1.5H处) Asvm=     34.
 ----------------------------------------------------------------------------
 N-WB=   8 (I=   377, J=   385) ( 1)B*H(mm)=  260*  600
 Lwb=  1.50 Cover= 20 Nfwb= 2 Rcwb= 25.0 Fy=  300. Fyv=  270.
  梁属性：混凝土梁 不调幅梁 连梁
  梁地震组合剪力调整系数： 1.20
            -I-     -1-     -2-     -3-     -4-     -5-     -6-     -7-     -J-
-M(kNm)     -4.     -2.      0.      0.      0.      0.      0.     -2.     -4.
LoadCase  (  1)   ( 29)   ( 33)   (  0)   (  0)   (  0)   ( 32)   ( 28)   (  1)
Top Ast    468.    390.    390.      0.      0.      0.    390.    390.    468.
% Steel    0.30    0.25    0.25    0.00    0.00    0.00    0.25    0.25    0.30
+M(kNm)      0.      0.      1.      1.      2.      1.      1.      0.      0.
LoadCase  (  0)   ( 32)   ( 28)   (  1)   (  1)   (  1)   ( 29)   ( 33)   (  0)
Btm Ast    468.    390.    390.    390.    390.    390.    390.    390.    468.
% Steel    0.30    0.25    0.25    0.25    0.25    0.25    0.25    0.25    0.30
Shear       16.     12.      9.      6.     -4.     -7.    -10.    -13.    -17.
LoadCase  ( 29)   ( 29)   ( 29)   ( 29)   ( 28)   ( 28)   ( 28)   ( 28)   ( 28)
 Asv        34.     34.     34.     34.     34.     34.     34.     34.     34.
 Rsv       0.13    0.13    0.13    0.13    0.13    0.13    0.13    0.13    0.13
剪压比    0.009   0.007   0.005   0.004   0.002   0.004   0.006   0.008   0.010
LoadCase  ( 29)   ( 29)   ( 29)   ( 29)   ( 28)   ( 28)   ( 28)   ( 28)   ( 28)
Tmax/Shear(  1)=    0.0/   -15.  Astt=    0.  Astv=  34.3  Ast1=   0.0
  非加密区箍筋面积(1.5H处) Asvm=     34.
 ----------------------------------------------------------------------------
 N-WB=   9 (I=   378, J=   386) ( 1)B*H(mm)=  260*  600
 Lwb=  1.50 Cover= 20 Nfwb= 2 Rcwb= 25.0 Fy=  300. Fyv=  270.
  梁属性：混凝土梁 不调幅梁 连梁
  梁地震组合剪力调整系数： 1.20
            -I-     -1-     -2-     -3-     -4-     -5-     -6-     -7-     -J-
-M(kNm)     -4.     -2.      0.      0.      0.      0.     -1.     -3.     -4.
LoadCase  ( 29)   ( 29)   ( 33)   (  0)   (  0)   (  0)   ( 32)   ( 28)   (  1)
Top Ast    468.    390.    390.      0.      0.      0.    390.    390.    468.
% Steel    0.30    0.25    0.25    0.00    0.00    0.00    0.25    0.25    0.30
+M(kNm)      0.      0.      1.      1.      2.      1.      1.      0.      0.
LoadCase  (  0)   ( 32)   ( 28)   (  1)   (  1)   (  1)   ( 29)   ( 33)   (  0)
Btm Ast    468.    390.    390.    390.    390.    390.    390.    390.    468.
% Steel    0.30    0.25    0.25    0.25    0.25    0.25    0.25    0.25    0.30
Shear       16.     12.      9.      6.     -5.     -8.    -11.    -14.    -18.
LoadCase  ( 29)   ( 29)   ( 29)   ( 29)   ( 28)   ( 28)   ( 28)   ( 28)   ( 28)
 Asv        34.     34.     34.     34.     34.     34.     34.     34.     34.
 Rsv       0.13    0.13    0.13    0.13    0.13    0.13    0.13    0.13    0.13
剪压比    0.009   0.007   0.005   0.003   0.003   0.005   0.006   0.008   0.010
LoadCase  ( 29)   ( 29)   ( 29)   ( 29)   ( 28)   ( 28)   ( 28)   ( 28)   ( 28)
Tmax/Shear(  1)=    0.0/   -15.  Astt=    0.  Astv=  34.3  Ast1=   0.0
  非加密区箍筋面积(1.5H处) Asvm=     34.
 ----------------------------------------------------------------------------
