
  ///////////////////////////////////////////////////////////////////////////
  | 公司名称:                                                               |
  |                                                                         |
  |                         SATWE 0.2V0调整信息输出                         |
  |                          SATWE2010_V2.2 中文版                          |
  |                         (2014年9月23日9时52分)                          |
  |                            文件名: WV02Q.OUT                            |
  |                                                                         |
  |工程名称 :                     设计人 :              计算日期:2017/05/22 |
  |工程代号 :                     校核人 :              计算时间:14:22:54   |
  ///////////////////////////////////////////////////////////////////////////

   **********************************************************************
               各层各塔的规定水平力
   **********************************************************************

      层号 塔号            X向(KN)            Y向(KN)

       2    1               139.8               137.0
       1    1                70.1                70.8

   **********************************************************************
               规定水平力框架柱及短肢墙地震倾覆力矩(抗规)
   **********************************************************************

      层号 塔号               框架柱            短肢墙                墙              斜撑

       2    1    X               0.0               0.0            1417.3               0.0
                 Y               0.0               0.0            1370.9               0.0
       1    1    X               0.0               0.0            3463.4               0.0
                 Y               0.0               0.0            3373.5               0.0

   **********************************************************************
               规定水平力框架柱及短肢墙地震倾覆力矩百分比(抗规)
   **********************************************************************

      层号 塔号               框架柱            短肢墙                墙              斜撑

       2    1    X             0.00%             0.00%           100.00%             0.00%
                 Y             0.00%             0.00%           100.00%             0.00%
       1    1    X             0.00%             0.00%           100.00%             0.00%
                 Y             0.00%             0.00%           100.00%             0.00%

   **********************************************************************
               规定水平力框架柱及短肢墙地震倾覆力矩(轴力方式)
   **********************************************************************

      层号 塔号               合力点            框架柱            短肢墙                墙              斜撑

       2    1    X             15.45               0.0               0.0            1335.6               0.0
                 Y              3.15               0.0               0.0            1369.1               0.0
       1    1    X             15.82               0.0               0.0            3484.0               0.0
                 Y              3.14               0.0               0.0            3414.6               0.0

   **********************************************************************
               规定水平力框架柱及短肢墙地震倾覆力矩百分比(轴力方式)
   **********************************************************************

      层号 塔号               框架柱            短肢墙                墙              斜撑

       2    1    X             0.00%             0.00%           100.00%             0.00%
                 Y             0.00%             0.00%           100.00%             0.00%
       1    1    X             0.00%             0.00%           100.00%             0.00%
                 Y             0.00%             0.00%           100.00%             0.00%

   **********************************************************************
               内力CQC的框架柱及短肢墙地震倾覆力矩
   **********************************************************************

      层号 塔号               框架柱            短肢墙                墙              斜撑

       2    1    X               0.0               0.0             484.0               0.0
                 Y               0.0               0.0             463.5               0.0
       1    1    X               0.0               0.0            1176.8               0.0
                 Y               0.0               0.0            1159.4               0.0

   **********************************************************************
               内力CQC的框架柱及短肢墙地震倾覆力矩百分比
   **********************************************************************

      层号 塔号               框架柱            短肢墙                墙              斜撑

       2    1    X             0.00%             0.00%           100.00%             0.00%
                 Y             0.00%             0.00%           100.00%             0.00%
       1    1    X             0.00%             0.00%           100.00%             0.00%
                 Y             0.00%             0.00%           100.00%             0.00%

   **********************************************************************
                            框架柱地震剪力百分比
   **********************************************************************

      层号 塔号               柱剪力            总剪力      柱剪力百分比  分段后底部剪力V0         柱剪力/V0

       2    1    X               0.0             139.8             0.00%             209.9             0.00%
                 Y               0.0             137.0             0.00%             207.9             0.00%
       1    1    X               0.0             209.9             0.00%             209.9             0.00%
                 Y               0.0             207.9             0.00%             207.9             0.00%

   **********************************************************************
                            二道防线调整系数
   以下为程序自动计算的系数，如用户自己定义了系数，则以自定义系数为准
   **********************************************************************

     第  1层, 第  1塔

       0.20*Vx0 =     41.98     1.50*Vxmax =      0.00     Vcx =       0.000     Coef_x(Col) =       1.000
       0.20*Vy0 =     41.58     1.50*Vymax =      0.00     Vcy =       0.000     Coef_y(Col) =       1.000

   ======================================================================
     第  2层, 第  1塔

       0.20*Vx0 =     41.98     1.50*Vxmax =      0.00     Vcx =       0.000     Coef_x(Col) =       1.000
       0.20*Vy0 =     41.58     1.50*Vymax =      0.00     Vcy =       0.000     Coef_y(Col) =       1.000

   ======================================================================
