
  ///////////////////////////////////////////////////////////////////////////
  | 公司名称:                                                               |
  |                                                                         |
  |                           SATWE 内力输出文件                            |
  |                          SATWE2010_V2.2 中文版                          |
  |                         (2014年9月23日9时52分)                          |
  |                            文件名: WWNL2.OUT                            |
  |                                                                         |
  |工程名称 :                     设计人 :              计算日期:2017/05/22 |
  |工程代号 :                     校核人 :              计算时间:14:23:33   |
  ///////////////////////////////////////////////////////////////////////////
 
   层号:   2

   工况号:  1*-- X方向地震作用下的标准内力(调整前)
   工况号:  1 -- X方向地震作用下的标准内力
   工况号:  2*-- Y方向地震作用下的标准内力(调整前)
   工况号:  2 -- Y方向地震作用下的标准内力
   工况号:  3 -- X方向风荷载作用下的标准内力
   工况号:  4 -- Y方向风荷载作用下的标准内力
   工况号:  5 -- 恒载作用下的标准内力
   工况号:  6 -- 活载作用下的标准内力
   工况号:  7 -- 考虑活载随机作用时梁负弯矩包络的标准内力
   工况号:  8 -- 考虑活载随机作用时梁正弯矩包络的标准内力



   单位:  m, kN, Kn.m 和 Rad（弧度）


   地震作用调整系数:
       C_VGX , C_VGY,   : X,Y方向的剪重比调整系数
       C_02VX, C_02VY   : X,Y方向的0.2V0调整系数
       C_WKX , C_WKY    : X,Y方向的薄弱层调整系数
       C_EQX , C_EQY    : X,Y方向的地震作用放大系数
       C_KZZX, C_KZZY   : X,Y方向的框支柱调整系数(仅对框支柱有效)
       C_PLCX, C_PLCY   : X,Y方向的板柱体系调整系数(仅对板柱体系有效)
       C_DKX,  C_DKX,   : X,Y方向的底框结构调整系数(仅对底框结构有效)

 墙-柱内力输出：
 iCase           : 工况号
 Shear-X，Shear-Y: X，Y 方向的底部剪力
 Axial           : 轴力
 Mx-Btm，My-Btm  : X，Y 方向的底部弯矩
 Mx-Top，My-Top  : X，Y 方向的顶部弯矩
 N-Wc            : 墙-柱单元号
 Node-i，Node-j  : 上，下节点号
 DL，Angle       : 墙-柱水平长度和方向角

 (iCase)  Shear-X   Shear-Y   Axial    Mx-Btm    My-Btm    Mx-Top    My-Top
 ---------------------------------------------------------------------------
 N-Wc =   1  (Node-i=   304,  Node-j=   310)   DL=   5.960(m)   Angle=   1.571
 ( 1*)       0.4      -2.0       8.7      -3.3      -0.3      -0.5       0.0
 ( 1 )       0.4      -2.0       8.7      -3.3      -0.3      -0.5       0.0
 ( 2*)       0.0     -17.9      -0.3     -27.8       0.0      -4.2       0.0
 ( 2 )       0.0     -17.9      -0.3     -27.8       0.0      -4.2       0.0
 ( 3 )       0.1      -0.2       1.1      -0.4       0.0      -0.1       0.0
 ( 4 )       0.0      -6.5      -0.1      -9.7       0.0      -1.5       0.0
 ( 5 )       2.2      -2.3    -188.6      -4.4      -1.4      -0.6       1.7
 ( 6 )       0.1      -0.7     -17.8      -1.2      -0.1      -0.2       0.1
 ---------------------------------------------------------------------------
 N-Wc =   2  (Node-i=   336,  Node-j=   342)   DL=   5.960(m)   Angle=   1.571
 ( 1*)       0.5      -4.6      -5.4       1.9      -0.3      -1.9       0.0
 ( 1 )       0.5      -4.6      -5.4       1.9      -0.3      -1.9       0.0
 ( 2*)       0.0     -19.7      -0.8     -22.9       0.0      -4.5       0.0
 ( 2 )       0.0     -19.7      -0.8     -22.9       0.0      -4.5       0.0
 ( 3 )       0.1      -0.4      -0.4       0.0      -0.1      -0.2       0.0
 ( 4 )       0.0      -7.3      -0.2      -8.3       0.0      -1.6       0.0
 ( 5 )      -0.1       3.6    -204.2      -7.0       0.1      12.6      -1.3
 ( 6 )       0.1       1.1     -23.0      -0.9       0.0       1.4      -0.1
 ---------------------------------------------------------------------------
 N-Wc =   3  (Node-i=   353,  Node-j=   359)   DL=   5.960(m)   Angle=   1.571
 ( 1*)       0.6       0.5       0.4       1.1      -0.4       0.1       0.0
 ( 1 )       0.6       0.5       0.4       1.1      -0.4       0.1       0.0
 ( 2*)       0.0     -18.1      -0.1     -22.0       0.0      -4.3       0.0
 ( 2 )       0.0     -18.1      -0.1     -22.0       0.0      -4.3       0.0
 ( 3 )       0.1       0.0       0.0       0.1      -0.1       0.0       0.0
 ( 4 )       0.0      -6.8       0.0      -8.0       0.0      -1.6       0.0
 ( 5 )       0.1      -0.3    -210.0      -1.2      -0.1      -0.1       0.6
 ( 6 )       0.0       0.3     -24.3       0.2       0.0       0.1       0.0
 ---------------------------------------------------------------------------
 N-Wc =   4  (Node-i=   387,  Node-j=   396)   DL=   7.460(m)   Angle=   1.571
 ( 1*)       0.6      -2.2      12.3       6.6      -0.4      -3.6       0.0
 ( 1 )       0.6      -2.2      12.3       6.6      -0.4      -3.6       0.0
 ( 2*)       0.1     -23.9       0.9     -29.3       0.0      -7.2       0.0
 ( 2 )       0.1     -23.9       0.9     -29.3       0.0      -7.2       0.0
 ( 3 )       0.1      -0.2       0.8       0.3      -0.1      -0.4       0.0
 ( 4 )       0.0      -8.8       0.2     -10.6       0.0      -2.6       0.0
 ( 5 )       0.5      -4.2    -243.5      13.3      -0.4     -37.3       1.1
 ( 6 )      -0.1      -2.1     -25.7       1.9       0.0     -18.1       0.1
 ---------------------------------------------------------------------------
 N-Wc =   5  (Node-i=   408,  Node-j=   416)   DL=   7.460(m)   Angle=   1.571
 ( 1*)       0.2       7.1     -23.3       6.3      -0.3       3.4       0.0
 ( 1 )       0.2       7.1     -23.3       6.3      -0.3       3.4       0.0
 ( 2*)       0.0     -20.7       1.2     -30.7       0.0      -7.8       0.0
 ( 2 )       0.0     -20.7       1.2     -30.7       0.0      -7.8       0.0
 ( 3 )       0.0       0.6      -2.1       0.7      -0.1       0.3       0.0
 ( 4 )       0.0      -7.2       0.5     -10.8       0.0      -2.7       0.0
 ( 5 )      -3.0       1.1    -215.9       5.2       1.9     -11.4      -2.1
 ( 6 )      -0.2       0.3     -18.1       2.0       0.1      -5.9      -0.2
 ---------------------------------------------------------------------------
 N-Wc =   6  (Node-i=   304,  Node-j=   311)   DL=   1.275(m)   Angle=   0.000
 ( 1*)       0.0      -3.7       1.3      -0.5       0.0      -0.6       0.0
 ( 1 )       0.0      -3.7       1.3      -0.5       0.0      -0.6       0.0
 ( 2*)       0.0       1.5       4.6       0.5       0.0       0.5       0.0
 ( 2 )       0.0       1.5       4.6       0.5       0.0       0.5       0.0
 ( 3 )       0.0      -0.5       0.2       0.0       0.0      -0.1       0.0
 ( 4 )       0.0       0.6       1.6       0.2       0.0       0.2       0.0
 ( 5 )      -1.0       7.9     -42.9       4.7       0.5       7.6      -1.8
 ( 6 )       0.0       1.5      -3.7       0.9       0.0       0.7      -0.2
 ---------------------------------------------------------------------------
 N-Wc =   7  (Node-i=   319,  Node-j=   343)   DL=   6.375(m)   Angle=   0.000
 ( 1*)       0.0     -30.1       1.2     -33.8       0.0      -6.4       0.0
 ( 1 )       0.0     -30.1       1.2     -33.8       0.0      -6.4       0.0
 ( 2*)      -0.1      -2.4      16.4      -1.6       0.1       0.8       0.0
 ( 2 )      -0.1      -2.4      16.4      -1.6       0.1       0.8       0.0
 ( 3 )       0.0      -3.1       0.2      -2.6       0.0      -0.7       0.0
 ( 4 )      -0.1       0.7       6.1       0.3       0.1       0.3       0.0
 ( 5 )      -4.1       5.5    -213.7       2.9       1.3      -0.4      -4.3
 ( 6 )      -0.4       1.8     -24.9       0.3       0.2      -0.2      -0.6
 ---------------------------------------------------------------------------
 N-Wc =   8  (Node-i=   351,  Node-j=   360)   DL=   2.325(m)   Angle=   0.000
 ( 1*)       0.0      -8.0      -0.7      -2.1       0.0      -1.5       0.0
 ( 1 )       0.0      -8.0      -0.7      -2.1       0.0      -1.5       0.0
 ( 2*)      -0.1       0.8       6.2       0.3       0.0       0.1       0.0
 ( 2 )      -0.1       0.8       6.2       0.3       0.0       0.1       0.0
 ( 3 )       0.0      -1.1       0.0      -0.1       0.0      -0.2       0.0
 ( 4 )       0.0       0.4       2.3       0.1       0.0       0.0       0.0
 ( 5 )      -2.0       2.1     -87.9       0.4       0.0       1.1      -2.3
 ( 6 )      -0.2       0.7     -10.5       0.3       0.0       0.3      -0.3
 ---------------------------------------------------------------------------
 N-Wc =   9  (Node-i=   368,  Node-j=   377)   DL=   2.550(m)   Angle=   0.000
 ( 1*)       0.0      -8.6      -0.4      -2.7       0.0      -1.6       0.0
 ( 1 )       0.0      -8.6      -0.4      -2.7       0.0      -1.6       0.0
 ( 2*)      -0.1       0.7       6.2       0.2       0.0       0.1       0.0
 ( 2 )      -0.1       0.7       6.2       0.2       0.0       0.1       0.0
 ( 3 )       0.0      -1.2       0.0      -0.2       0.0      -0.2       0.0
 ( 4 )       0.0       0.3       2.3       0.1       0.0       0.0       0.0
 ( 5 )      -2.0      -0.2     -96.9       0.3       0.0       0.1      -2.3
 ( 6 )      -0.2       0.2     -11.7       0.2       0.0       0.0      -0.3
 ---------------------------------------------------------------------------
 N-Wc =  10  (Node-i=   385,  Node-j=   408)   DL=   5.235(m)   Angle=   0.000
 ( 1*)       0.0     -21.4      -3.0     -23.3       0.0      -6.5       0.0
 ( 1 )       0.0     -21.4      -3.0     -23.3       0.0      -6.5       0.0
 ( 2*)      -0.1      -2.2      11.8      -1.6       0.1      -1.7       0.0
 ( 2 )      -0.1      -2.2      11.8      -1.6       0.1      -1.7       0.0
 ( 3 )       0.0      -2.1      -0.4      -1.8       0.0      -0.6       0.0
 ( 4 )      -0.1      -0.1       4.4      -0.3       0.0      -0.4       0.0
 ( 5 )      -3.0     -11.9    -165.5      15.0       0.7      -8.6      -3.1
 ( 6 )      -0.2      -2.5     -18.1       2.5       0.1      -2.2      -0.4
 ---------------------------------------------------------------------------
 N-Wc =  11  (Node-i=   310,  Node-j=   312)   DL=   1.275(m)   Angle=   0.000
 ( 1*)       0.0      -3.6       0.3      -0.5       0.0      -0.7       0.0
 ( 1 )       0.0      -3.6       0.3      -0.5       0.0      -0.7       0.0
 ( 2*)       0.0      -1.4      -4.6      -0.5       0.0      -0.5       0.0
 ( 2 )       0.0      -1.4      -4.6      -0.5       0.0      -0.5       0.0
 ( 3 )       0.0      -0.5       0.1       0.0       0.0      -0.1       0.0
 ( 4 )       0.0      -0.5      -1.6      -0.2       0.0      -0.2       0.0
 ( 5 )       1.0       8.0     -44.4       4.7      -0.6       7.5       1.8
 ( 6 )       0.0       1.4      -4.1       0.9       0.0       0.6       0.2
 ---------------------------------------------------------------------------
 N-Wc =  12  (Node-i=   320,  Node-j=   329)   DL=   2.550(m)   Angle=   0.000
 ( 1*)       0.0      -8.0       0.4      -2.8       0.0      -1.5       0.0
 ( 1 )       0.0      -8.0       0.4      -2.8       0.0      -1.5       0.0
 ( 2*)      -0.1      -0.7      -7.6      -0.2       0.0      -0.2       0.0
 ( 2 )      -0.1      -0.7      -7.6      -0.2       0.0      -0.2       0.0
 ( 3 )       0.0      -1.1       0.0      -0.2       0.0      -0.2       0.0
 ( 4 )       0.0      -0.2      -2.9      -0.1       0.0      -0.1       0.0
 ( 5 )       2.1       3.3     -97.0      -0.2       0.0      -0.7       2.3
 ( 6 )       0.2       0.7     -11.3       0.0       0.0       0.0       0.3
 ---------------------------------------------------------------------------
 N-Wc =  13  (Node-i=   334,  Node-j=   344)   DL=   2.325(m)   Angle=   0.000
 ( 1*)       0.0      -7.7      -0.3      -2.2       0.0      -1.5       0.0
 ( 1 )       0.0      -7.7      -0.3      -2.2       0.0      -1.5       0.0
 ( 2*)      -0.1       0.4      -6.6       0.1       0.0       0.1       0.0
 ( 2 )      -0.1       0.4      -6.6       0.1       0.0       0.1       0.0
 ( 3 )       0.0      -1.1       0.0      -0.1       0.0      -0.2       0.0
 ( 4 )       0.0       0.0      -2.5       0.1       0.0       0.0       0.0
 ( 5 )       2.0      -0.2     -89.0       0.3       0.0      -0.8       2.2
 ( 6 )       0.2       0.1     -10.5      -0.1       0.0      -0.1       0.3
 ---------------------------------------------------------------------------
 N-Wc =  14  (Node-i=   352,  Node-j=   361)   DL=   2.325(m)   Angle=   0.000
 ( 1*)       0.0      -7.9       0.2      -2.2       0.0      -1.5       0.0
 ( 1 )       0.0      -7.9       0.2      -2.2       0.0      -1.5       0.0
 ( 2*)      -0.1      -0.8      -6.2      -0.3       0.0      -0.1       0.0
 ( 2 )      -0.1      -0.8      -6.2      -0.3       0.0      -0.1       0.0
 ( 3 )       0.0      -1.1       0.0      -0.1       0.0      -0.2       0.0
 ( 4 )       0.0      -0.3      -2.3      -0.1       0.0       0.0       0.0
 ( 5 )       2.0       0.6     -88.9       0.0       0.0       0.9       2.3
 ( 6 )       0.2       0.2     -10.5       0.2       0.0       0.2       0.3
 ---------------------------------------------------------------------------
 N-Wc =  15  (Node-i=   369,  Node-j=   378)   DL=   2.550(m)   Angle=   0.000
 ( 1*)       0.0      -9.4       1.1      -3.0       0.0      -1.8       0.0
 ( 1 )       0.0      -9.4       1.1      -3.0       0.0      -1.8       0.0
 ( 2*)      -0.1      -1.0      -5.9      -0.2       0.0      -0.2       0.0
 ( 2 )      -0.1      -1.0      -5.9      -0.2       0.0      -0.2       0.0
 ( 3 )       0.0      -1.3       0.1      -0.2       0.0      -0.2       0.0
 ( 4 )       0.0      -0.4      -2.2      -0.1       0.0      -0.1       0.0
 ( 5 )       2.1      -1.0     -96.7       0.0       0.0      -0.1       2.3
 ( 6 )       0.2      -0.3     -11.2       0.1       0.0       0.0       0.3
 ---------------------------------------------------------------------------
 N-Wc =  16  (Node-i=   386,  Node-j=   414)   DL=   5.235(m)   Angle=   0.000
 ( 1*)       0.0     -22.6       2.2     -26.4       0.0      -6.6       0.0
 ( 1 )       0.0     -22.6       2.2     -26.4       0.0      -6.6       0.0
 ( 2*)      -0.2      -1.4      -5.6      -1.2       0.1       0.5       0.0
 ( 2 )      -0.2      -1.4      -5.6      -1.2       0.1       0.5       0.0
 ( 3 )       0.0      -2.3       0.1      -2.2       0.0      -0.6       0.0
 ( 4 )      -0.1      -0.3      -2.2       0.2       0.0       0.1       0.0
 ( 5 )       1.3     -11.9    -163.6      10.6      -0.3      -1.9       2.2
 ( 6 )       0.1      -2.9     -14.5       1.7       0.0      -0.5       0.3
 ---------------------------------------------------------------------------
 N-Wc =  17  (Node-i=   396,  Node-j=   416)   DL=   3.960(m)   Angle=   0.000
 ( 1*)       0.0     -12.3      -1.0     -13.7       0.0      -5.6       0.0
 ( 1 )       0.0     -12.3      -1.0     -13.7       0.0      -5.6       0.0
 ( 2*)      -0.1      -1.5      -8.5      -1.2       0.1      -0.7       0.0
 ( 2 )      -0.1      -1.5      -8.5      -1.2       0.1      -0.7       0.0
 ( 3 )       0.0      -1.1      -0.1      -1.0       0.0      -0.5       0.0
 ( 4 )       0.0      -0.2      -3.0      -0.2       0.1      -0.1       0.0
 ( 5 )       1.9      -2.0    -106.5       0.6      -1.2      -1.1       0.7
 ( 6 )       0.2      -0.9      -7.5       0.3      -0.1      -0.5       0.0
 ---------------------------------------------------------------------------
 N-Wc =  18  (Node-i=   321,  Node-j=   327)   DL=   5.960(m)   Angle=   1.571
 ( 1*)       0.5       3.2       5.1      -3.6      -0.4       1.5       0.0
 ( 1 )       0.5       3.2       5.1      -3.6      -0.4       1.5       0.0
 ( 2*)       0.0     -21.6      -1.1     -24.4       0.0      -5.4       0.0
 ( 2 )       0.0     -21.6      -1.1     -24.4       0.0      -5.4       0.0
 ( 3 )       0.1       0.1       0.4      -0.3      -0.1       0.1       0.0
 ( 4 )       0.0      -7.9      -0.4      -8.9       0.0      -2.0       0.0
 ( 5 )       0.0       2.1    -204.0      -7.4       0.0      11.0       0.4
 ( 6 )       0.0       0.5     -23.3      -1.2       0.0       1.0       0.0
 ---------------------------------------------------------------------------
 N-Wc =  19  (Node-i=   370,  Node-j=   376)   DL=   5.960(m)   Angle=   1.571
 ( 1*)       0.6       1.8       0.6       2.2      -0.4       0.4       0.0
 ( 1 )       0.6       1.8       0.6       2.2      -0.4       0.4       0.0
 ( 2*)       0.0     -17.7       0.2     -20.4       0.0      -4.5       0.0
 ( 2 )       0.0     -17.7       0.2     -20.4       0.0      -4.5       0.0
 ( 3 )       0.1       0.1       0.1       0.2      -0.1       0.0       0.0
 ( 4 )       0.0      -6.6       0.1      -7.4       0.0      -1.7       0.0
 ( 5 )       0.0       0.1    -208.5       0.2       0.0       0.0       0.0
 ( 6 )       0.0       0.5     -24.4       0.8       0.0       0.1       0.0
 ---------------------------------------------------------------------------

 墙-梁内力输出：
 iCase            : 工况号
 Shear-i,Shear-j  : 左，右两端的剪力
 Axial-i,Axial-j  : 轴力
 Moment-i,Moment-i: 左，右两端的弯矩
 N-Wb             : 墙-梁单元号
 Node-i，Node-j   : 左，右节点号
 DL,HW            : 墙-梁跨度,高度

 (iCase)  Axial-i   Shear-i  Moment-i   Axial-j   Shear-j   Moment-j
 ---------------------------------------------------------------------------
 N-Wb =   1  (Node-i=   311,  Node-j=   319)   HW=   0.600   DL=   1.500(m)
 ( 1*)       2.9      -2.4       1.0      -2.9      -2.4      -1.0       0.0
 ( 1 )       2.9      -2.4       1.0      -2.9      -2.4      -1.0
 ( 2*)      -0.5       0.4      -0.2       0.5       0.4       0.2       0.0
 ( 2 )      -0.5       0.4      -0.2       0.5       0.4       0.2
 ( 3 )       0.4      -0.3       0.1      -0.4      -0.3      -0.1
 ( 4 )      -0.3       0.2      -0.1       0.3       0.2       0.1
 ( 5 )       2.7       7.7      -1.1      -0.5     -11.3      -2.9
            -1.1       0.2       1.1       1.6       1.6       1.1       0.2      -1.1      -2.9
             7.7       5.3       2.9       0.6      -1.8      -4.2      -6.6      -8.9     -11.3
 ( 6 )      -0.2       1.7      -0.4       0.3      -1.4      -0.3
            -0.4      -0.1       0.0       0.2       0.2       0.2       0.1      -0.1      -0.3
             1.7       1.3       0.9       0.5       0.2      -0.2      -0.6      -1.0      -1.4
 ---------------------------------------------------------------------------
 N-Wb =   2  (Node-i=   343,  Node-j=   351)   HW=   0.600   DL=   1.500(m)
 ( 1*)       3.1      -2.7       1.1      -3.2      -2.7      -1.1       0.0
 ( 1 )       3.1      -2.7       1.1      -3.2      -2.7      -1.1
 ( 2*)       0.2      -0.2       0.1      -0.2      -0.2      -0.1       0.0
 ( 2 )       0.2      -0.2       0.1      -0.2      -0.2      -0.1
 ( 3 )       0.4      -0.4       0.2      -0.5      -0.4      -0.2
 ( 4 )       0.0       0.0       0.0       0.1       0.0       0.0
 ( 5 )      -0.7      10.1      -3.1       1.7      -8.2      -2.3
            -3.1      -1.5      -0.3       0.4       0.7       0.6       0.0      -0.9      -2.3
            10.1       7.9       5.6       3.3       1.0      -1.3      -3.6      -5.9      -8.2
 ( 6 )      -0.4       1.7      -0.5       0.4      -1.0      -0.3
            -0.5      -0.3      -0.1       0.1       0.1       0.1       0.1      -0.1      -0.3
             1.7       1.3       1.0       0.6       0.3       0.0      -0.4      -0.7      -1.0
 ---------------------------------------------------------------------------
 N-Wb =   3  (Node-i=   360,  Node-j=   368)   HW=   0.600   DL=   1.500(m)
 ( 1*)       3.0      -2.5       1.0      -3.0      -2.5      -1.0       0.0
 ( 1 )       3.0      -2.5       1.0      -3.0      -2.5      -1.0
 ( 2*)       0.2       0.2      -0.1       0.3       0.2       0.1       0.0
 ( 2 )       0.2       0.2      -0.1       0.3       0.2       0.1
 ( 3 )       0.4      -0.4       0.2      -0.4      -0.4      -0.1
 ( 4 )      -0.1       0.1       0.0       0.1       0.1       0.0
 ( 5 )      -1.4       9.8      -2.4       0.2      -9.1      -2.4
            -2.4      -0.9       0.2       0.9       1.1       0.9       0.3      -0.8      -2.4
             9.8       7.5       5.1       2.7       0.3      -2.0      -4.4      -6.8      -9.1
 ( 6 )      -0.3       1.7      -0.4       0.1      -1.4      -0.3
            -0.4      -0.2       0.0       0.1       0.2       0.2       0.1      -0.1      -0.3
             1.7       1.3       0.9       0.5       0.2      -0.2      -0.6      -1.0      -1.4
 ---------------------------------------------------------------------------
 N-Wb =   4  (Node-i=   312,  Node-j=   320)   HW=   0.600   DL=   1.500(m)
 ( 1*)       2.8      -2.4       0.9      -2.9      -2.4      -0.9       0.0
 ( 1 )       2.8      -2.4       0.9      -2.9      -2.4      -0.9
 ( 2*)       0.4      -0.3       0.1      -0.4      -0.3      -0.1       0.0
 ( 2 )       0.4      -0.3       0.1      -0.4      -0.3      -0.1
 ( 3 )       0.4      -0.3       0.1      -0.4      -0.3      -0.1
 ( 4 )       0.2      -0.2       0.1      -0.2      -0.2      -0.1
 ( 5 )       2.6       8.0      -1.2       0.5     -11.0      -2.8
            -1.2       0.1       1.1       1.5       1.5       1.1       0.2      -1.1      -2.8
             8.0       5.6       3.3       0.9      -1.5      -3.9      -6.2      -8.6     -11.0
 ( 6 )      -0.2       1.7      -0.4       0.4      -1.3      -0.3
            -0.4      -0.2       0.0       0.2       0.2       0.2       0.1      -0.1      -0.3
             1.7       1.3       0.9       0.6       0.2      -0.2      -0.6      -1.0      -1.3
 ---------------------------------------------------------------------------
 N-Wb =   5  (Node-i=   344,  Node-j=   352)   HW=   0.600   DL=   1.500(m)
 ( 1*)       3.0      -2.6       1.0      -3.0      -2.6      -1.0       0.0
 ( 1 )       3.0      -2.6       1.0      -3.0      -2.6      -1.0
 ( 2*)       0.2      -0.2       0.1      -0.3      -0.2      -0.1       0.0
 ( 2 )       0.2      -0.2       0.1      -0.3      -0.2      -0.1
 ( 3 )       0.5      -0.4       0.2      -0.5      -0.4      -0.2
 ( 4 )       0.0       0.0       0.0      -0.1       0.0       0.0
 ( 5 )       0.4       9.3      -2.8       0.6      -9.1      -2.7
            -2.8      -1.3      -0.2       0.5       0.7       0.5      -0.2      -1.2      -2.7
             9.3       7.0       4.7       2.4       0.1      -2.2      -4.5      -6.8      -9.1
 ( 6 )       0.0       1.4      -0.4       0.1      -1.3      -0.4
            -0.4      -0.2       0.0       0.1       0.1       0.1       0.0      -0.1      -0.4
             1.4       1.1       0.7       0.4       0.0      -0.3      -0.6      -1.0      -1.3
 ---------------------------------------------------------------------------
 N-Wb =   6  (Node-i=   361,  Node-j=   369)   HW=   0.600   DL=   1.500(m)
 ( 1*)       3.2      -2.7       1.1      -3.2      -2.7      -1.1       0.0
 ( 1 )       3.2      -2.7       1.1      -3.2      -2.7      -1.1
 ( 2*)       0.2      -0.2       0.1      -0.3      -0.2      -0.1       0.0
 ( 2 )       0.2      -0.2       0.1      -0.3      -0.2      -0.1
 ( 3 )       0.5      -0.4       0.2      -0.5      -0.4      -0.2
 ( 4 )       0.0      -0.1       0.0      -0.1      -0.1       0.0
 ( 5 )      -1.1       9.6      -2.3      -0.1      -9.4      -2.5
            -2.3      -0.8       0.3       0.9       1.1       0.9       0.2      -0.9      -2.5
             9.6       7.2       4.8       2.5       0.1      -2.3      -4.6      -7.0      -9.4
 ( 6 )      -0.2       1.6      -0.4       0.0      -1.5      -0.4
            -0.4      -0.1       0.0       0.1       0.2       0.1       0.0      -0.1      -0.4
             1.6       1.2       0.8       0.4       0.0      -0.3      -0.7      -1.1      -1.5
 ---------------------------------------------------------------------------
 N-Wb =   7  (Node-i=   329,  Node-j=   334)   HW=   0.600   DL=   1.500(m)
 ( 1*)       3.1      -2.6       1.0      -3.1      -2.6      -1.0       0.0
 ( 1 )       3.1      -2.6       1.0      -3.1      -2.6      -1.0
 ( 2*)       0.2      -0.2       0.1      -0.2      -0.2      -0.1       0.0
 ( 2 )       0.2      -0.2       0.1      -0.2      -0.2      -0.1
 ( 3 )       0.5      -0.4       0.2      -0.5      -0.4      -0.2
 ( 4 )       0.0       0.0       0.0      -0.1       0.0       0.0
 ( 5 )      -0.5       9.6      -2.6      -1.0      -9.4      -2.3
            -2.6      -1.0       0.2       0.9       1.1       0.9       0.3      -0.8      -2.3
             9.6       7.2       4.9       2.5       0.1      -2.3      -4.6      -7.0      -9.4
 ( 6 )      -0.1       1.6      -0.4      -0.1      -1.5      -0.4
            -0.4      -0.2       0.0       0.1       0.2       0.2       0.1      -0.1      -0.4
             1.6       1.2       0.8       0.4       0.0      -0.3      -0.7      -1.1      -1.5
 ---------------------------------------------------------------------------
 N-Wb =   8  (Node-i=   377,  Node-j=   385)   HW=   0.600   DL=   1.500(m)
 ( 1*)       3.4      -2.8       1.1      -3.3      -2.8      -1.1       0.0
 ( 1 )       3.4      -2.8       1.1      -3.3      -2.8      -1.1
 ( 2*)       0.3       0.2      -0.1       0.3       0.2       0.1       0.0
 ( 2 )       0.3       0.2      -0.1       0.3       0.2       0.1
 ( 3 )       0.5      -0.4       0.2      -0.5      -0.4      -0.2
 ( 4 )      -0.1       0.1       0.0       0.1       0.1       0.0
 ( 5 )       0.4       9.2      -2.4      -0.7      -9.8      -2.5
            -2.4      -0.8       0.3       0.9       1.1       0.9       0.2      -0.9      -2.5
             9.2       6.8       4.5       2.1      -0.3      -2.7      -5.0      -7.4      -9.8
 ( 6 )       0.0       1.5      -0.4      -0.1      -1.6      -0.4
            -0.4      -0.1       0.0       0.1       0.2       0.1       0.0      -0.1      -0.4
             1.5       1.1       0.7       0.3       0.0      -0.4      -0.8      -1.2      -1.6
 ---------------------------------------------------------------------------
 N-Wb =   9  (Node-i=   378,  Node-j=   386)   HW=   0.600   DL=   1.500(m)
 ( 1*)       3.7      -3.0       1.2      -3.5      -3.0      -1.2       0.0
 ( 1 )       3.7      -3.0       1.2      -3.5      -3.0      -1.2
 ( 2*)       0.5      -0.4       0.2      -0.5      -0.4      -0.2       0.0
 ( 2 )       0.5      -0.4       0.2      -0.5      -0.4      -0.2
 ( 3 )       0.5      -0.4       0.2      -0.5      -0.4      -0.2
 ( 4 )       0.2      -0.2       0.1      -0.3      -0.2      -0.1
 ( 5 )       0.7       8.8      -2.2      -1.4     -10.2      -2.6
            -2.2      -0.7       0.3       1.0       1.1       0.8       0.1      -1.0      -2.6
             8.8       6.4       4.0       1.7      -0.7      -3.1      -5.5      -7.8     -10.2
 ( 6 )       0.2       1.3      -0.3      -0.4      -1.8      -0.5
            -0.3      -0.1       0.1       0.2       0.2       0.1       0.0      -0.2      -0.5
             1.3       0.9       0.5       0.1      -0.2      -0.6      -1.0      -1.4      -1.8
 ---------------------------------------------------------------------------
   柱、墙、支撑在竖向力作用下的轴力之和 (kN):        -3062.8
   柱、墙、支撑在恒荷载作用下的轴力之和 (kN):        -2767.7
   柱、墙、支撑在活荷载作用下的轴力之和 (kN):         -295.1
